INFO: cmd_ln.c(696): Parsing command line:
/usr/local/libexec/sphinxtrain/bldtree \
	-treefn /home/sumu/aammango/trees/aammango.unpruned/k-1.dtree \
	-moddeffn /home/sumu/aammango/model_architecture/aammango.untied.mdef \
	-mixwfn /home/sumu/aammango/model_parameters/aammango.cd_cont_untied/mixture_weights \
	-ts2cbfn .cont. \
	-mwfloor 1e-08 \
	-psetfn /home/sumu/aammango/model_architecture/aammango.tree_questions \
	-phone k \
	-state 1 \
	-stwt 1.0,0.05,0.0 \
	-meanfn /home/sumu/aammango/model_parameters/aammango.cd_cont_untied/means \
	-varfn /home/sumu/aammango/model_parameters/aammango.cd_cont_untied/variances \
	-fullvar no \
	-ssplitmin 1 \
	-ssplitmax 7 \
	-ssplitthr 0 \
	-csplitmin 1 \
	-csplitmax 2000 \
	-csplitthr 0 

Current configuration:
[NAME]		[DEFLT]	[VALUE]
-allphones	no	no
-cntthresh	0.00001	1.000000e-05
-csplitmax	100	2000
-csplitmin	1	1
-csplitthr	8e-4	0.000000e+00
-example	no	no
-fullvar	no	no
-help		no	no
-meanfn			/home/sumu/aammango/model_parameters/aammango.cd_cont_untied/means
-mixwfn			/home/sumu/aammango/model_parameters/aammango.cd_cont_untied/mixture_weights
-moddeffn		/home/sumu/aammango/model_architecture/aammango.untied.mdef
-mwfloor	1e-4	1.000000e-08
-phone			k
-psetfn			/home/sumu/aammango/model_architecture/aammango.tree_questions
-ssplitmax	5	7
-ssplitmin	1	1
-ssplitthr	8e-4	0.000000e+00
-state			1
-stwt			1.0,0.05,0.0,
-treefn			/home/sumu/aammango/trees/aammango.unpruned/k-1.dtree
-ts2cbfn	.semi.	.cont.
-varfloor	0.00001	1.000000e-05
-varfn			/home/sumu/aammango/model_parameters/aammango.cd_cont_untied/variances

INFO: main.c(223): Reading: /home/sumu/aammango/model_architecture/aammango.untied.mdef
INFO: model_def_io.c(573): Model definition info:
INFO: model_def_io.c(574): 435 total models defined (69 base, 366 tri)
INFO: model_def_io.c(575): 1740 total states
INFO: model_def_io.c(576): 1305 total tied states
INFO: model_def_io.c(577): 207 total tied CI states
INFO: model_def_io.c(578): 69 total tied transition matrices
INFO: model_def_io.c(579): 4 max state/model
INFO: model_def_io.c(580): 4 min state/model
INFO: main.c(242): Building trees for [k SIL a b] through [k ik aa i]
INFO: main.c(269): Covering states |[744 776]| == 33
INFO: main.c(275): Reading: /home/sumu/aammango/model_parameters/aammango.cd_cont_untied/mixture_weights
INFO: s3mixw_io.c(173): Read /home/sumu/aammango/model_parameters/aammango.cd_cont_untied/mixture_weights [33x1x1 array]
INFO: main.c(311): 11 of 11 models have observation count greater than 0.000010
INFO: main.c(95): nrm stwt: 0.045 0.909 0.045 
INFO: s3gau_io.c(169): Read /home/sumu/aammango/model_parameters/aammango.cd_cont_untied/means [1305x1x1 array]
INFO: s3gau_io.c(169): Read /home/sumu/aammango/model_parameters/aammango.cd_cont_untied/variances [1305x1x1 array]
INFO: main.c(549): Reading: /home/sumu/aammango/model_architecture/aammango.tree_questions
INFO: main.c(588): 176 total simple questions (168 phone; 8 word bndry)
INFO: main.c(590): 42 Left Only questions, and 42 Right Only questions
INFO: dtree.c(1478): Final simple tree
|( QUESTION2 1 -3.256e+05 4.481e+03 1.432e+03
|    ( QUESTION0_10_R 1 -2.042e+05 1.907e+03 9.455e+02
|        ( - -7.673e+04 1 0)
|        ( QUESTION3 1 -1.256e+05 1.015e+03 6.005e+02
|            ( - -4.801e+04 1 0)
|            ( WDBNDRY_B 0 -7.653e+04 1.005e+03 3.757e+02
|                ( - -3.329e+04 1 0)
|                ( - -4.224e+04 1 0))))
|    ( QUESTION0_1_R 1 -1.169e+05 2.064e+03 4.868e+02
|        ( - -3.284e+04 2 0 QUESTION11 -1 3.334e+02 1.390e+02)
|        ( QUESTION0_3_R 1 -8.204e+04 1.593e+03 3.479e+02
|            ( - -2.636e+04 1 0)
|            ( QUESTION0_0_R 1 -5.408e+04 6.759e+02 2.318e+02
|                ( - -3.837e+04 3 0 QUESTION2 -1 6.992e+02 1.658e+02)
|                ( - -1.504e+04 1 0)))))
s>    ( QUESTION2 1 -3.256e+05 4.481e+03 1.432e+03
s>        ( QUESTION0_10_R 1 -2.042e+05 1.907e+03 9.455e+02
s>            ( - -7.673e+04 1 0)
s>            ( QUESTION3 1 -1.256e+05 1.015e+03 6.005e+02
s>                ( - -4.801e+04 1 0)
s>                ( WDBNDRY_B 0 -7.653e+04 1.005e+03 3.757e+02
s>                    ( - -3.329e+04 1 0)
s>                    ( - -4.224e+04 1 0))))
s>        ( QUESTION0_1_R 1 -1.169e+05 2.064e+03 4.868e+02
s>            ( - -3.284e+04 2 0 QUESTION11 -1 3.334e+02 1.390e+02)
s>            ( QUESTION0_3_R 1 -8.204e+04 1.593e+03 3.479e+02
s>                ( - -2.636e+04 1 0)
s>                ( QUESTION0_0_R 1 -5.408e+04 6.759e+02 2.318e+02
s>                    ( - -3.837e+04 3 0 QUESTION2 -1 6.992e+02 1.658e+02)
s>                    ( - -1.504e+04 1 0)))))INFO: dtree.c(1315): Comp split 0
INFO: dtree.c(1439): stop. leaf nodes are specific
INFO: dtree.c(1478): Final simple tree
|( QUESTION0_1_R 1 -1.169e+05 2.064e+03 4.868e+02
|    ( QUESTION11 -1 -3.284e+04 3.334e+02 1.390e+02
|        ( - -2.149e+04 1 0)
|        ( - -1.102e+04 1 0))
|    ( QUESTION0_3_R 1 -8.204e+04 1.593e+03 3.479e+02
|        ( - -2.636e+04 1 0)
|        ( QUESTION0_0_R 1 -5.408e+04 6.759e+02 2.318e+02
|            ( QUESTION2 -1 -3.837e+04 6.992e+02 1.658e+02
|                ( - -9.868e+03 1 0)
|                ( WDBNDRY_B 0 -2.780e+04 4.661e+02 1.204e+02
|                    ( - -1.276e+04 1 0)
|                    ( - -1.458e+04 1 0)))
|            ( - -1.504e+04 1 0))))
s>    ( QUESTION0_1_R 1 -1.169e+05 2.064e+03 4.868e+02
s>        ( QUESTION11 -1 -3.284e+04 3.334e+02 1.390e+02
s>            ( - -2.149e+04 1 0)
s>            ( - -1.102e+04 1 0))
s>        ( QUESTION0_3_R 1 -8.204e+04 1.593e+03 3.479e+02
s>            ( - -2.636e+04 1 0)
s>            ( QUESTION0_0_R 1 -5.408e+04 6.759e+02 2.318e+02
s>                ( QUESTION2 -1 -3.837e+04 6.992e+02 1.658e+02
s>                    ( - -9.868e+03 1 0)
s>                    ( WDBNDRY_B 0 -2.780e+04 4.661e+02 1.204e+02
s>                        ( - -1.276e+04 1 0)
s>                        ( - -1.458e+04 1 0)))
s>                ( - -1.504e+04 1 0))))INFO: dtree.c(1439): stop. leaf nodes are specific
INFO: dtree.c(1478): Final simple tree
|( QUESTION0_10_R 1 -2.042e+05 1.907e+03 9.455e+02
|    ( - -7.673e+04 1 0)
|    ( QUESTION3 1 -1.256e+05 1.015e+03 6.005e+02
|        ( - -4.801e+04 1 0)
|        ( WDBNDRY_B 0 -7.653e+04 1.005e+03 3.757e+02
|            ( - -3.329e+04 1 0)
|            ( - -4.224e+04 1 0))))
s>    ( QUESTION0_10_R 1 -2.042e+05 1.907e+03 9.455e+02
s>        ( - -7.673e+04 1 0)
s>        ( QUESTION3 1 -1.256e+05 1.015e+03 6.005e+02
s>            ( - -4.801e+04 1 0)
s>            ( WDBNDRY_B 0 -7.653e+04 1.005e+03 3.757e+02
s>                ( - -3.329e+04 1 0)
s>                ( - -4.224e+04 1 0))))INFO: dtree.c(1315): Comp split 1
INFO: dtree.c(1439): stop. leaf nodes are specific
INFO: dtree.c(1478): Final simple tree
|( QUESTION11 -1 -3.284e+04 3.334e+02 1.390e+02
|    ( - -2.149e+04 1 0)
|    ( - -1.102e+04 1 0))
s>    ( QUESTION11 -1 -3.284e+04 3.334e+02 1.390e+02
s>        ( - -2.149e+04 1 0)
s>        ( - -1.102e+04 1 0))INFO: dtree.c(1439): stop. leaf nodes are specific
INFO: dtree.c(1478): Final simple tree
|( QUESTION0_3_R 1 -8.204e+04 1.593e+03 3.479e+02
|    ( - -2.636e+04 1 0)
|    ( QUESTION0_0_R 1 -5.408e+04 6.759e+02 2.318e+02
|        ( QUESTION2 -1 -3.837e+04 6.992e+02 1.658e+02
|            ( - -9.868e+03 1 0)
|            ( WDBNDRY_B 0 -2.780e+04 4.661e+02 1.204e+02
|                ( - -1.276e+04 1 0)
|                ( - -1.458e+04 1 0)))
|        ( - -1.504e+04 1 0)))
s>    ( QUESTION0_3_R 1 -8.204e+04 1.593e+03 3.479e+02
s>        ( - -2.636e+04 1 0)
s>        ( QUESTION0_0_R 1 -5.408e+04 6.759e+02 2.318e+02
s>            ( QUESTION2 -1 -3.837e+04 6.992e+02 1.658e+02
s>                ( - -9.868e+03 1 0)
s>                ( WDBNDRY_B 0 -2.780e+04 4.661e+02 1.204e+02
s>                    ( - -1.276e+04 1 0)
s>                    ( - -1.458e+04 1 0)))
s>            ( - -1.504e+04 1 0)))INFO: dtree.c(1315): Comp split 2
INFO: dtree.c(1439): stop. leaf nodes are specific
INFO: dtree.c(1478): Final simple tree
|( QUESTION3 1 -1.256e+05 1.015e+03 6.005e+02
|    ( - -4.801e+04 1 0)
|    ( WDBNDRY_B 0 -7.653e+04 1.005e+03 3.757e+02
|        ( - -3.329e+04 1 0)
|        ( - -4.224e+04 1 0)))
s>    ( QUESTION3 1 -1.256e+05 1.015e+03 6.005e+02
s>        ( - -4.801e+04 1 0)
s>        ( WDBNDRY_B 0 -7.653e+04 1.005e+03 3.757e+02
s>            ( - -3.329e+04 1 0)
s>            ( - -4.224e+04 1 0)))INFO: dtree.c(1315): Comp split 3
INFO: dtree.c(1439): stop. leaf nodes are specific
INFO: dtree.c(1478): Final simple tree
|( QUESTION0_0_R 1 -5.408e+04 6.759e+02 2.318e+02
|    ( QUESTION2 -1 -3.837e+04 6.992e+02 1.658e+02
|        ( - -9.868e+03 1 0)
|        ( WDBNDRY_B 0 -2.780e+04 4.661e+02 1.204e+02
|            ( - -1.276e+04 1 0)
|            ( - -1.458e+04 1 0)))
|    ( - -1.504e+04 1 0))
s>    ( QUESTION0_0_R 1 -5.408e+04 6.759e+02 2.318e+02
s>        ( QUESTION2 -1 -3.837e+04 6.992e+02 1.658e+02
s>            ( - -9.868e+03 1 0)
s>            ( WDBNDRY_B 0 -2.780e+04 4.661e+02 1.204e+02
s>                ( - -1.276e+04 1 0)
s>                ( - -1.458e+04 1 0)))
s>        ( - -1.504e+04 1 0))INFO: dtree.c(1315): Comp split 4
INFO: dtree.c(1439): stop. leaf nodes are specific
INFO: dtree.c(1478): Final simple tree
|( WDBNDRY_B 0 -9.124e+04 9.938e+02 4.316e+02
|    ( - -4.801e+04 1 0)
|    ( - -4.224e+04 1 0))
s>    ( WDBNDRY_B 0 -9.124e+04 9.938e+02 4.316e+02
s>        ( - -4.801e+04 1 0)
s>        ( - -4.224e+04 1 0))INFO: dtree.c(1315): Comp split 5
INFO: dtree.c(1315): Comp split 6
INFO: dtree.c(1439): stop. leaf nodes are specific
INFO: dtree.c(1478): Final simple tree
|( WDBNDRY_B 0 -2.780e+04 4.661e+02 1.204e+02
|    ( - -1.276e+04 1 0)
|    ( - -1.458e+04 1 0))
s>    ( WDBNDRY_B 0 -2.780e+04 4.661e+02 1.204e+02
s>        ( - -1.276e+04 1 0)
s>        ( - -1.458e+04 1 0))INFO: dtree.c(1439): stop. leaf nodes are specific
INFO: dtree.c(1478): Final simple tree
|( WDBNDRY_B 0 -2.549e+04 5.793e+02 1.114e+02
|    ( - -1.504e+04 1 0)
|    ( - -9.868e+03 1 0))
s>    ( WDBNDRY_B 0 -2.549e+04 5.793e+02 1.114e+02
s>        ( - -1.504e+04 1 0)
s>        ( - -9.868e+03 1 0))INFO: dtree.c(1315): Comp split 7
INFO: dtree.c(1315): Comp split 8
INFO: dtree.c(1315): Comp split 9
INFO: dtree.c(1315): Comp split 10
INFO: dtree.c(1318): stop. leaf nodes are specific
!!!!!!!!Allocated 67 lines
Mon Nov  3 11:36:32 2014
