INFO: cmd_ln.c(696): Parsing command line:
/usr/local/libexec/sphinxtrain/bldtree \
	-treefn /home/sumu/aammango/trees/aammango.unpruned/d-1.dtree \
	-moddeffn /home/sumu/aammango/model_architecture/aammango.untied.mdef \
	-mixwfn /home/sumu/aammango/model_parameters/aammango.cd_cont_untied/mixture_weights \
	-ts2cbfn .cont. \
	-mwfloor 1e-08 \
	-psetfn /home/sumu/aammango/model_architecture/aammango.tree_questions \
	-phone d \
	-state 1 \
	-stwt 1.0,0.05,0.0 \
	-meanfn /home/sumu/aammango/model_parameters/aammango.cd_cont_untied/means \
	-varfn /home/sumu/aammango/model_parameters/aammango.cd_cont_untied/variances \
	-fullvar no \
	-ssplitmin 1 \
	-ssplitmax 7 \
	-ssplitthr 0 \
	-csplitmin 1 \
	-csplitmax 2000 \
	-csplitthr 0 

Current configuration:
[NAME]		[DEFLT]	[VALUE]
-allphones	no	no
-cntthresh	0.00001	1.000000e-05
-csplitmax	100	2000
-csplitmin	1	1
-csplitthr	8e-4	0.000000e+00
-example	no	no
-fullvar	no	no
-help		no	no
-meanfn			/home/sumu/aammango/model_parameters/aammango.cd_cont_untied/means
-mixwfn			/home/sumu/aammango/model_parameters/aammango.cd_cont_untied/mixture_weights
-moddeffn		/home/sumu/aammango/model_architecture/aammango.untied.mdef
-mwfloor	1e-4	1.000000e-08
-phone			d
-psetfn			/home/sumu/aammango/model_architecture/aammango.tree_questions
-ssplitmax	5	7
-ssplitmin	1	1
-ssplitthr	8e-4	0.000000e+00
-state			1
-stwt			1.0,0.05,0.0,
-treefn			/home/sumu/aammango/trees/aammango.unpruned/d-1.dtree
-ts2cbfn	.semi.	.cont.
-varfloor	0.00001	1.000000e-05
-varfn			/home/sumu/aammango/model_parameters/aammango.cd_cont_untied/variances

INFO: main.c(223): Reading: /home/sumu/aammango/model_architecture/aammango.untied.mdef
INFO: model_def_io.c(573): Model definition info:
INFO: model_def_io.c(574): 435 total models defined (69 base, 366 tri)
INFO: model_def_io.c(575): 1740 total states
INFO: model_def_io.c(576): 1305 total tied states
INFO: model_def_io.c(577): 207 total tied CI states
INFO: model_def_io.c(578): 69 total tied transition matrices
INFO: model_def_io.c(579): 4 max state/model
INFO: model_def_io.c(580): 4 min state/model
INFO: main.c(242): Building trees for [d SIL a b] through [d u ii i]
INFO: main.c(269): Covering states |[576 593]| == 18
INFO: main.c(275): Reading: /home/sumu/aammango/model_parameters/aammango.cd_cont_untied/mixture_weights
INFO: s3mixw_io.c(173): Read /home/sumu/aammango/model_parameters/aammango.cd_cont_untied/mixture_weights [18x1x1 array]
INFO: main.c(311): 6 of 6 models have observation count greater than 0.000010
INFO: main.c(95): nrm stwt: 0.045 0.909 0.045 
INFO: s3gau_io.c(169): Read /home/sumu/aammango/model_parameters/aammango.cd_cont_untied/means [1305x1x1 array]
INFO: s3gau_io.c(169): Read /home/sumu/aammango/model_parameters/aammango.cd_cont_untied/variances [1305x1x1 array]
INFO: main.c(549): Reading: /home/sumu/aammango/model_architecture/aammango.tree_questions
INFO: main.c(588): 176 total simple questions (168 phone; 8 word bndry)
INFO: main.c(590): 42 Left Only questions, and 42 Right Only questions
INFO: dtree.c(1439): stop. leaf nodes are specific
INFO: dtree.c(1478): Final simple tree
|( QUESTION2 1 -2.725e+05 2.818e+03 1.360e+03
|    ( - -9.273e+04 1 0)
|    ( QUESTION0_5_R 1 -1.769e+05 1.684e+03 8.905e+02
|        ( - -5.625e+04 1 0)
|        ( QUESTION0_0_R 1 -1.190e+05 1.129e+03 5.912e+02
|            ( WDBNDRY_B 0 -5.500e+04 8.750e+02 2.667e+02
|                ( - -3.258e+04 1 0)
|                ( QUESTION0_3_R 1 -2.155e+04 3.429e+02 1.001e+02
|                    ( - -1.265e+04 1 0)
|                    ( - -8.563e+03 1 0)))
|            ( - -6.288e+04 1 0))))
s>    ( QUESTION2 1 -2.725e+05 2.818e+03 1.360e+03
s>        ( - -9.273e+04 1 0)
s>        ( QUESTION0_5_R 1 -1.769e+05 1.684e+03 8.905e+02
s>            ( - -5.625e+04 1 0)
s>            ( QUESTION0_0_R 1 -1.190e+05 1.129e+03 5.912e+02
s>                ( WDBNDRY_B 0 -5.500e+04 8.750e+02 2.667e+02
s>                    ( - -3.258e+04 1 0)
s>                    ( QUESTION0_3_R 1 -2.155e+04 3.429e+02 1.001e+02
s>                        ( - -1.265e+04 1 0)
s>                        ( - -8.563e+03 1 0)))
s>                ( - -6.288e+04 1 0))))INFO: dtree.c(1315): Comp split 0
INFO: dtree.c(1439): stop. leaf nodes are specific
INFO: dtree.c(1478): Final simple tree
|( QUESTION0_5_R 1 -1.769e+05 1.684e+03 8.905e+02
|    ( - -5.625e+04 1 0)
|    ( QUESTION0_0_R 1 -1.190e+05 1.129e+03 5.912e+02
|        ( WDBNDRY_B 0 -5.500e+04 8.750e+02 2.667e+02
|            ( - -3.258e+04 1 0)
|            ( QUESTION0_3_R 1 -2.155e+04 3.429e+02 1.001e+02
|                ( - -1.265e+04 1 0)
|                ( - -8.563e+03 1 0)))
|        ( - -6.288e+04 1 0)))
s>    ( QUESTION0_5_R 1 -1.769e+05 1.684e+03 8.905e+02
s>        ( - -5.625e+04 1 0)
s>        ( QUESTION0_0_R 1 -1.190e+05 1.129e+03 5.912e+02
s>            ( WDBNDRY_B 0 -5.500e+04 8.750e+02 2.667e+02
s>                ( - -3.258e+04 1 0)
s>                ( QUESTION0_3_R 1 -2.155e+04 3.429e+02 1.001e+02
s>                    ( - -1.265e+04 1 0)
s>                    ( - -8.563e+03 1 0)))
s>            ( - -6.288e+04 1 0)))INFO: dtree.c(1315): Comp split 1
INFO: dtree.c(1439): stop. leaf nodes are specific
INFO: dtree.c(1478): Final simple tree
|( QUESTION0_0_R 1 -1.190e+05 1.129e+03 5.912e+02
|    ( WDBNDRY_B 0 -5.500e+04 8.750e+02 2.667e+02
|        ( - -3.258e+04 1 0)
|        ( QUESTION0_3_R 1 -2.155e+04 3.429e+02 1.001e+02
|            ( - -1.265e+04 1 0)
|            ( - -8.563e+03 1 0)))
|    ( - -6.288e+04 1 0))
s>    ( QUESTION0_0_R 1 -1.190e+05 1.129e+03 5.912e+02
s>        ( WDBNDRY_B 0 -5.500e+04 8.750e+02 2.667e+02
s>            ( - -3.258e+04 1 0)
s>            ( QUESTION0_3_R 1 -2.155e+04 3.429e+02 1.001e+02
s>                ( - -1.265e+04 1 0)
s>                ( - -8.563e+03 1 0)))
s>        ( - -6.288e+04 1 0))INFO: dtree.c(1315): Comp split 2
INFO: dtree.c(1439): stop. leaf nodes are specific
INFO: dtree.c(1478): Final simple tree
|( WDBNDRY_B 0 -5.500e+04 8.750e+02 2.667e+02
|    ( - -3.258e+04 1 0)
|    ( QUESTION0_3_R 1 -2.155e+04 3.429e+02 1.001e+02
|        ( - -1.265e+04 1 0)
|        ( - -8.563e+03 1 0)))
s>    ( WDBNDRY_B 0 -5.500e+04 8.750e+02 2.667e+02
s>        ( - -3.258e+04 1 0)
s>        ( QUESTION0_3_R 1 -2.155e+04 3.429e+02 1.001e+02
s>            ( - -1.265e+04 1 0)
s>            ( - -8.563e+03 1 0)))INFO: dtree.c(1315): Comp split 3
INFO: dtree.c(1439): stop. leaf nodes are specific
INFO: dtree.c(1478): Final simple tree
|( QUESTION0_3_R 1 -2.155e+04 3.429e+02 1.001e+02
|    ( - -1.265e+04 1 0)
|    ( - -8.563e+03 1 0))
s>    ( QUESTION0_3_R 1 -2.155e+04 3.429e+02 1.001e+02
s>        ( - -1.265e+04 1 0)
s>        ( - -8.563e+03 1 0))INFO: dtree.c(1315): Comp split 4
INFO: dtree.c(1315): Comp split 5
INFO: dtree.c(1318): stop. leaf nodes are specific
!!!!!!!!Allocated 67 lines
Mon Nov  3 11:36:27 2014
