INFO: cmd_ln.c(696): Parsing command line:
/usr/local/libexec/sphinxtrain/bldtree \
	-treefn /home/sumu/aammango/trees/aammango.unpruned/aa-1.dtree \
	-moddeffn /home/sumu/aammango/model_architecture/aammango.untied.mdef \
	-mixwfn /home/sumu/aammango/model_parameters/aammango.cd_cont_untied/mixture_weights \
	-ts2cbfn .cont. \
	-mwfloor 1e-08 \
	-psetfn /home/sumu/aammango/model_architecture/aammango.tree_questions \
	-phone aa \
	-state 1 \
	-stwt 1.0,0.05,0.0 \
	-meanfn /home/sumu/aammango/model_parameters/aammango.cd_cont_untied/means \
	-varfn /home/sumu/aammango/model_parameters/aammango.cd_cont_untied/variances \
	-fullvar no \
	-ssplitmin 1 \
	-ssplitmax 7 \
	-ssplitthr 0 \
	-csplitmin 1 \
	-csplitmax 2000 \
	-csplitthr 0 

Current configuration:
[NAME]		[DEFLT]	[VALUE]
-allphones	no	no
-cntthresh	0.00001	1.000000e-05
-csplitmax	100	2000
-csplitmin	1	1
-csplitthr	8e-4	0.000000e+00
-example	no	no
-fullvar	no	no
-help		no	no
-meanfn			/home/sumu/aammango/model_parameters/aammango.cd_cont_untied/means
-mixwfn			/home/sumu/aammango/model_parameters/aammango.cd_cont_untied/mixture_weights
-moddeffn		/home/sumu/aammango/model_architecture/aammango.untied.mdef
-mwfloor	1e-4	1.000000e-08
-phone			aa
-psetfn			/home/sumu/aammango/model_architecture/aammango.tree_questions
-ssplitmax	5	7
-ssplitmin	1	1
-ssplitthr	8e-4	0.000000e+00
-state			1
-stwt			1.0,0.05,0.0,
-treefn			/home/sumu/aammango/trees/aammango.unpruned/aa-1.dtree
-ts2cbfn	.semi.	.cont.
-varfloor	0.00001	1.000000e-05
-varfn			/home/sumu/aammango/model_parameters/aammango.cd_cont_untied/variances

INFO: main.c(223): Reading: /home/sumu/aammango/model_architecture/aammango.untied.mdef
INFO: model_def_io.c(573): Model definition info:
INFO: model_def_io.c(574): 435 total models defined (69 base, 366 tri)
INFO: model_def_io.c(575): 1740 total states
INFO: model_def_io.c(576): 1305 total tied states
INFO: model_def_io.c(577): 207 total tied CI states
INFO: model_def_io.c(578): 69 total tied transition matrices
INFO: model_def_io.c(579): 4 max state/model
INFO: model_def_io.c(580): 4 min state/model
INFO: main.c(242): Building trees for [aa SIL l b] through [aa y n i]
INFO: main.c(269): Covering states |[366 494]| == 129
INFO: main.c(275): Reading: /home/sumu/aammango/model_parameters/aammango.cd_cont_untied/mixture_weights
INFO: s3mixw_io.c(173): Read /home/sumu/aammango/model_parameters/aammango.cd_cont_untied/mixture_weights [129x1x1 array]
INFO: main.c(311): 43 of 43 models have observation count greater than 0.000010
INFO: main.c(95): nrm stwt: 0.045 0.909 0.045 
INFO: s3gau_io.c(169): Read /home/sumu/aammango/model_parameters/aammango.cd_cont_untied/means [1305x1x1 array]
INFO: s3gau_io.c(169): Read /home/sumu/aammango/model_parameters/aammango.cd_cont_untied/variances [1305x1x1 array]
INFO: main.c(549): Reading: /home/sumu/aammango/model_architecture/aammango.tree_questions
INFO: main.c(588): 176 total simple questions (168 phone; 8 word bndry)
INFO: main.c(590): 42 Left Only questions, and 42 Right Only questions
INFO: dtree.c(1478): Final simple tree
|( QUESTION0_1_R 1 -1.350e+06 8.954e+03 6.043e+03
|    ( QUESTION2_4_L -1 -5.722e+05 1.619e+03 2.628e+03
|        ( - -7.071e+04 5 0 QUESTION2_6_L -1 6.525e+02 3.231e+02)
|        ( QUESTION18 -1 -4.999e+05 1.170e+03 2.305e+03
|            ( - -1.057e+04 1 0)
|            ( - -4.882e+05 11 0 QUESTION2_11_L -1 4.788e+02 2.254e+03)))
|    ( QUESTION0_4_R 1 -7.688e+05 1.615e+03 3.415e+03
|        ( - -4.652e+04 2 0 QUESTION11 -1 3.634e+02 2.152e+02)
|        ( !QUESTION9 1 -7.206e+05 1.434e+03 3.200e+03
|            ( QUESTION12 1 -4.493e+05 1.462e+03 1.988e+03
|                ( - -1.860e+05 7 0 QUESTION10 -1 1.060e+03 8.251e+02)
|                ( QUESTION2 -1 -2.618e+05 1.123e+03 1.163e+03
|                    ( - -1.792e+05 4 0 QUESTION2 1 8.174e+02 7.996e+02)
|                    ( - -8.151e+04 3 0 QUESTION0_0_R 1 9.688e+02 3.631e+02)))
|            ( - -2.699e+05 10 0 QUESTION2_17_L -1 1.088e+03 1.212e+03))))
s>    ( QUESTION0_1_R 1 -1.350e+06 8.954e+03 6.043e+03
s>        ( QUESTION2_4_L -1 -5.722e+05 1.619e+03 2.628e+03
s>            ( - -7.071e+04 5 0 QUESTION2_6_L -1 6.525e+02 3.231e+02)
s>            ( QUESTION18 -1 -4.999e+05 1.170e+03 2.305e+03
s>                ( - -1.057e+04 1 0)
s>                ( - -4.882e+05 11 0 QUESTION2_11_L -1 4.788e+02 2.254e+03)))
s>        ( QUESTION0_4_R 1 -7.688e+05 1.615e+03 3.415e+03
s>            ( - -4.652e+04 2 0 QUESTION11 -1 3.634e+02 2.152e+02)
s>            ( !QUESTION9 1 -7.206e+05 1.434e+03 3.200e+03
s>                ( QUESTION12 1 -4.493e+05 1.462e+03 1.988e+03
s>                    ( - -1.860e+05 7 0 QUESTION10 -1 1.060e+03 8.251e+02)
s>                    ( QUESTION2 -1 -2.618e+05 1.123e+03 1.163e+03
s>                        ( - -1.792e+05 4 0 QUESTION2 1 8.174e+02 7.996e+02)
s>                        ( - -8.151e+04 3 0 QUESTION0_0_R 1 9.688e+02 3.631e+02)))
s>                ( - -2.699e+05 10 0 QUESTION2_17_L -1 1.088e+03 1.212e+03))))INFO: dtree.c(1315): Comp split 0
INFO: dtree.c(1478): Final simple tree
|( QUESTION0_4_R 1 -7.688e+05 1.615e+03 3.415e+03
|    ( - -4.652e+04 2 0 QUESTION11 -1 3.634e+02 2.152e+02)
|    ( !QUESTION9 1 -7.206e+05 1.434e+03 3.200e+03
|        ( QUESTION12 1 -4.493e+05 1.462e+03 1.988e+03
|            ( QUESTION10 -1 -1.860e+05 1.060e+03 8.251e+02
|                ( - -2.739e+04 1 0)
|                ( QUESTION15 1 -1.576e+05 9.795e+02 6.985e+02
|                    ( - -8.492e+04 2 0 WDBNDRY_B 0 6.841e+02 3.718e+02)
|                    ( - -7.170e+04 4 0 QUESTION2_17_L -1 7.957e+02 3.267e+02)))
|            ( QUESTION2 -1 -2.618e+05 1.123e+03 1.163e+03
|                ( - -1.792e+05 4 0 QUESTION2 1 8.174e+02 7.996e+02)
|                ( - -8.151e+04 3 0 QUESTION0_0_R 1 9.688e+02 3.631e+02)))
|        ( QUESTION2_17_L -1 -2.699e+05 1.088e+03 1.212e+03
|            ( - -7.660e+04 3 0 QUESTION0_10_R 1 7.414e+02 3.380e+02)
|            ( - -1.922e+05 7 0 QUESTION0_0_R 1 8.349e+02 8.741e+02))))
s>    ( QUESTION0_4_R 1 -7.688e+05 1.615e+03 3.415e+03
s>        ( - -4.652e+04 2 0 QUESTION11 -1 3.634e+02 2.152e+02)
s>        ( !QUESTION9 1 -7.206e+05 1.434e+03 3.200e+03
s>            ( QUESTION12 1 -4.493e+05 1.462e+03 1.988e+03
s>                ( QUESTION10 -1 -1.860e+05 1.060e+03 8.251e+02
s>                    ( - -2.739e+04 1 0)
s>                    ( QUESTION15 1 -1.576e+05 9.795e+02 6.985e+02
s>                        ( - -8.492e+04 2 0 WDBNDRY_B 0 6.841e+02 3.718e+02)
s>                        ( - -7.170e+04 4 0 QUESTION2_17_L -1 7.957e+02 3.267e+02)))
s>                ( QUESTION2 -1 -2.618e+05 1.123e+03 1.163e+03
s>                    ( - -1.792e+05 4 0 QUESTION2 1 8.174e+02 7.996e+02)
s>                    ( - -8.151e+04 3 0 QUESTION0_0_R 1 9.688e+02 3.631e+02)))
s>            ( QUESTION2_17_L -1 -2.699e+05 1.088e+03 1.212e+03
s>                ( - -7.660e+04 3 0 QUESTION0_10_R 1 7.414e+02 3.380e+02)
s>                ( - -1.922e+05 7 0 QUESTION0_0_R 1 8.349e+02 8.741e+02))))INFO: dtree.c(1478): Final simple tree
|( QUESTION2_4_L -1 -5.722e+05 1.619e+03 2.628e+03
|    ( QUESTION2_6_L -1 -7.071e+04 6.525e+02 3.231e+02
|        ( - -3.634e+04 2 0)
|        ( QUESTION9 -1 -3.371e+04 4.792e+02 1.527e+02
|            ( - -1.277e+04 1 0)
|            ( - -2.047e+04 2 0)))
|    ( QUESTION18 -1 -4.999e+05 1.170e+03 2.305e+03
|        ( - -1.057e+04 1 0)
|        ( QUESTION2_11_L -1 -4.882e+05 4.788e+02 2.254e+03
|            ( - -2.878e+04 1 0)
|            ( QUESTION9 -1 -4.589e+05 4.491e+02 2.116e+03
|                ( QUESTION2_2_L -1 -2.991e+05 3.670e+02 1.384e+03
|                    ( - -2.190e+05 4 0 QUESTION2_3_L -1 3.596e+02 1.015e+03)
|                    ( - -7.972e+04 3 0))
|                ( - -1.593e+05 3 0 QUESTION19 -1 3.465e+02 7.319e+02)))))
s>    ( QUESTION2_4_L -1 -5.722e+05 1.619e+03 2.628e+03
s>        ( QUESTION2_6_L -1 -7.071e+04 6.525e+02 3.231e+02
s>            ( - -3.634e+04 2 0)
s>            ( QUESTION9 -1 -3.371e+04 4.792e+02 1.527e+02
s>                ( - -1.277e+04 1 0)
s>                ( - -2.047e+04 2 0)))
s>        ( QUESTION18 -1 -4.999e+05 1.170e+03 2.305e+03
s>            ( - -1.057e+04 1 0)
s>            ( QUESTION2_11_L -1 -4.882e+05 4.788e+02 2.254e+03
s>                ( - -2.878e+04 1 0)
s>                ( QUESTION9 -1 -4.589e+05 4.491e+02 2.116e+03
s>                    ( QUESTION2_2_L -1 -2.991e+05 3.670e+02 1.384e+03
s>                        ( - -2.190e+05 4 0 QUESTION2_3_L -1 3.596e+02 1.015e+03)
s>                        ( - -7.972e+04 3 0))
s>                    ( - -1.593e+05 3 0 QUESTION19 -1 3.465e+02 7.319e+02)))))INFO: dtree.c(1315): Comp split 1
INFO: dtree.c(1439): stop. leaf nodes are specific
INFO: dtree.c(1478): Final simple tree
|( QUESTION2_11_L -1 -4.882e+05 4.788e+02 2.254e+03
|    ( - -2.878e+04 1 0)
|    ( QUESTION9 -1 -4.589e+05 4.491e+02 2.116e+03
|        ( QUESTION2_2_L -1 -2.991e+05 3.670e+02 1.384e+03
|            ( QUESTION2_3_L -1 -2.190e+05 3.596e+02 1.015e+03
|                ( - -4.631e+04 1 0)
|                ( - -1.724e+05 3 0))
|            ( - -7.972e+04 3 0))
|        ( QUESTION19 -1 -1.593e+05 3.465e+02 7.319e+02
|            ( - -6.942e+04 1 0)
|            ( QUESTION2 -1 -8.954e+04 2.591e+02 4.084e+02
|                ( - -6.123e+04 1 0)
|                ( - -2.805e+04 1 0)))))
s>    ( QUESTION2_11_L -1 -4.882e+05 4.788e+02 2.254e+03
s>        ( - -2.878e+04 1 0)
s>        ( QUESTION9 -1 -4.589e+05 4.491e+02 2.116e+03
s>            ( QUESTION2_2_L -1 -2.991e+05 3.670e+02 1.384e+03
s>                ( QUESTION2_3_L -1 -2.190e+05 3.596e+02 1.015e+03
s>                    ( - -4.631e+04 1 0)
s>                    ( - -1.724e+05 3 0))
s>                ( - -7.972e+04 3 0))
s>            ( QUESTION19 -1 -1.593e+05 3.465e+02 7.319e+02
s>                ( - -6.942e+04 1 0)
s>                ( QUESTION2 -1 -8.954e+04 2.591e+02 4.084e+02
s>                    ( - -6.123e+04 1 0)
s>                    ( - -2.805e+04 1 0)))))INFO: dtree.c(1439): stop. leaf nodes are specific
INFO: dtree.c(1478): Final simple tree
|( !QUESTION9 -1 -8.187e+04 7.412e+02 3.743e+02
|    ( QUESTION11 -1 -3.152e+04 4.913e+02 1.477e+02
|        ( - -1.057e+04 1 0)
|        ( - -2.047e+04 2 0))
|    ( QUESTION2_6_L -1 -4.961e+04 4.968e+02 2.266e+02
|        ( - -3.634e+04 2 0)
|        ( - -1.277e+04 1 0)))
s>    ( !QUESTION9 -1 -8.187e+04 7.412e+02 3.743e+02
s>        ( QUESTION11 -1 -3.152e+04 4.913e+02 1.477e+02
s>            ( - -1.057e+04 1 0)
s>            ( - -2.047e+04 2 0))
s>        ( QUESTION2_6_L -1 -4.961e+04 4.968e+02 2.266e+02
s>            ( - -3.634e+04 2 0)
s>            ( - -1.277e+04 1 0)))INFO: dtree.c(1315): Comp split 2
INFO: dtree.c(1439): stop. leaf nodes are specific
INFO: dtree.c(1478): Final simple tree
|( !QUESTION19 1 -2.074e+05 9.014e+02 9.262e+02
|    ( QUESTION2 -1 -5.866e+04 7.857e+02 2.642e+02
|        ( - -3.048e+04 1 0)
|        ( - -2.739e+04 1 0))
|    ( QUESTION4 -1 -1.479e+05 6.056e+02 6.620e+02
|        ( - -4.642e+04 1 0)
|        ( - -1.008e+05 2 0)))
s>    ( !QUESTION19 1 -2.074e+05 9.014e+02 9.262e+02
s>        ( QUESTION2 -1 -5.866e+04 7.857e+02 2.642e+02
s>            ( - -3.048e+04 1 0)
s>            ( - -2.739e+04 1 0))
s>        ( QUESTION4 -1 -1.479e+05 6.056e+02 6.620e+02
s>            ( - -4.642e+04 1 0)
s>            ( - -1.008e+05 2 0)))INFO: dtree.c(1478): Final simple tree
|( QUESTION0_4_R 1 -5.592e+05 1.440e+03 2.489e+03
|    ( - -4.652e+04 2 0 QUESTION11 -1 3.634e+02 2.152e+02)
|    ( QUESTION12 1 -5.112e+05 1.238e+03 2.274e+03
|        ( QUESTION15 1 -1.576e+05 9.795e+02 6.985e+02
|            ( - -8.492e+04 2 0 WDBNDRY_B 0 6.841e+02 3.718e+02)
|            ( - -7.170e+04 4 0 QUESTION2_17_L -1 7.957e+02 3.267e+02))
|        ( QUESTION0_10_R 1 -3.524e+05 1.219e+03 1.575e+03
|            ( - -5.481e+04 2 0)
|            ( QUESTION19 1 -2.964e+05 1.000e+03 1.335e+03
|                ( - -6.313e+04 2 0 !WDBNDRY_B 0 5.244e+02 2.786e+02)
|                ( QUESTION9 1 -2.322e+05 8.105e+02 1.057e+03
|                    ( !QUESTION2_2_L -1 -2.140e+05 9.046e+02 9.721e+02
|                        ( - -1.745e+05 6 0 QUESTION9 -1 7.972e+02 7.936e+02)
|                        ( - -3.857e+04 2 0 QUESTION0_0_R 1 4.475e+02 1.785e+02))
|                    ( - -1.742e+04 1 0))))))
s>    ( QUESTION0_4_R 1 -5.592e+05 1.440e+03 2.489e+03
s>        ( - -4.652e+04 2 0 QUESTION11 -1 3.634e+02 2.152e+02)
s>        ( QUESTION12 1 -5.112e+05 1.238e+03 2.274e+03
s>            ( QUESTION15 1 -1.576e+05 9.795e+02 6.985e+02
s>                ( - -8.492e+04 2 0 WDBNDRY_B 0 6.841e+02 3.718e+02)
s>                ( - -7.170e+04 4 0 QUESTION2_17_L -1 7.957e+02 3.267e+02))
s>            ( QUESTION0_10_R 1 -3.524e+05 1.219e+03 1.575e+03
s>                ( - -5.481e+04 2 0)
s>                ( QUESTION19 1 -2.964e+05 1.000e+03 1.335e+03
s>                    ( - -6.313e+04 2 0 !WDBNDRY_B 0 5.244e+02 2.786e+02)
s>                    ( QUESTION9 1 -2.322e+05 8.105e+02 1.057e+03
s>                        ( !QUESTION2_2_L -1 -2.140e+05 9.046e+02 9.721e+02
s>                            ( - -1.745e+05 6 0 QUESTION9 -1 7.972e+02 7.936e+02)
s>                            ( - -3.857e+04 2 0 QUESTION0_0_R 1 4.475e+02 1.785e+02))
s>                        ( - -1.742e+04 1 0))))))INFO: dtree.c(1315): Comp split 3
INFO: dtree.c(1478): Final simple tree
|( QUESTION0_13_R 1 -3.347e+05 1.206e+03 1.490e+03
|    ( - -5.481e+04 2 0)
|    ( QUESTION12 1 -2.787e+05 1.044e+03 1.250e+03
|        ( WDBNDRY_B 0 -8.492e+04 6.841e+02 3.718e+02
|            ( - -4.638e+04 1 0)
|            ( - -3.785e+04 1 0))
|        ( !QUESTION9 -1 -1.927e+05 8.379e+02 8.780e+02
|            ( QUESTION4 -1 -7.448e+04 6.326e+02 3.324e+02
|                ( - -3.314e+04 1 0)
|                ( QUESTION0_0_R 1 -4.070e+04 4.284e+02 1.842e+02
|                    ( - -1.772e+04 1 0)
|                    ( - -2.256e+04 1 0)))
|            ( QUESTION0_0_R 1 -1.174e+05 7.391e+02 5.457e+02
|                ( - -1.742e+04 1 0)
|                ( - -9.926e+04 3 0)))))
s>    ( QUESTION0_13_R 1 -3.347e+05 1.206e+03 1.490e+03
s>        ( - -5.481e+04 2 0)
s>        ( QUESTION12 1 -2.787e+05 1.044e+03 1.250e+03
s>            ( WDBNDRY_B 0 -8.492e+04 6.841e+02 3.718e+02
s>                ( - -4.638e+04 1 0)
s>                ( - -3.785e+04 1 0))
s>            ( !QUESTION9 -1 -1.927e+05 8.379e+02 8.780e+02
s>                ( QUESTION4 -1 -7.448e+04 6.326e+02 3.324e+02
s>                    ( - -3.314e+04 1 0)
s>                    ( QUESTION0_0_R 1 -4.070e+04 4.284e+02 1.842e+02
s>                        ( - -1.772e+04 1 0)
s>                        ( - -2.256e+04 1 0)))
s>                ( QUESTION0_0_R 1 -1.174e+05 7.391e+02 5.457e+02
s>                    ( - -1.742e+04 1 0)
s>                    ( - -9.926e+04 3 0)))))INFO: dtree.c(1478): Final simple tree
|( QUESTION11 1 -2.229e+05 1.308e+03 9.990e+02
|    ( QUESTION4 -1 -1.191e+05 1.019e+03 5.419e+02
|        ( - -2.994e+04 1 0)
|        ( QUESTION0_10_R 1 -8.809e+04 1.087e+03 4.028e+02
|            ( - -1.620e+04 1 0)
|            ( QUESTION0_0_R 1 -7.080e+04 6.339e+02 3.266e+02
|                ( - -4.652e+04 2 0 QUESTION11 -1 3.634e+02 2.152e+02)
|                ( - -2.365e+04 2 0 QUESTION2 -1 3.853e+02 1.114e+02))))
|    ( QUESTION9 1 -1.025e+05 8.377e+02 4.571e+02
|        ( QUESTION0_0_R 1 -3.857e+04 4.475e+02 1.785e+02
|            ( - -1.708e+04 1 0)
|            ( - -2.105e+04 1 0))
|        ( !WDBNDRY_B 0 -6.313e+04 5.244e+02 2.786e+02
|            ( - -3.578e+04 1 0)
|            ( - -2.683e+04 1 0))))
s>    ( QUESTION11 1 -2.229e+05 1.308e+03 9.990e+02
s>        ( QUESTION4 -1 -1.191e+05 1.019e+03 5.419e+02
s>            ( - -2.994e+04 1 0)
s>            ( QUESTION0_10_R 1 -8.809e+04 1.087e+03 4.028e+02
s>                ( - -1.620e+04 1 0)
s>                ( QUESTION0_0_R 1 -7.080e+04 6.339e+02 3.266e+02
s>                    ( - -4.652e+04 2 0 QUESTION11 -1 3.634e+02 2.152e+02)
s>                    ( - -2.365e+04 2 0 QUESTION2 -1 3.853e+02 1.114e+02))))
s>        ( QUESTION9 1 -1.025e+05 8.377e+02 4.571e+02
s>            ( QUESTION0_0_R 1 -3.857e+04 4.475e+02 1.785e+02
s>                ( - -1.708e+04 1 0)
s>                ( - -2.105e+04 1 0))
s>            ( !WDBNDRY_B 0 -6.313e+04 5.244e+02 2.786e+02
s>                ( - -3.578e+04 1 0)
s>                ( - -2.683e+04 1 0))))INFO: dtree.c(1315): Comp split 4
INFO: dtree.c(1439): stop. leaf nodes are specific
INFO: dtree.c(1478): Final simple tree
|( QUESTION0_0_R 1 -7.080e+04 6.339e+02 3.266e+02
|    ( QUESTION11 -1 -4.652e+04 3.634e+02 2.152e+02
|        ( - -2.012e+04 1 0)
|        ( - -2.603e+04 1 0))
|    ( QUESTION2 -1 -2.365e+04 3.853e+02 1.114e+02
|        ( - -1.271e+04 1 0)
|        ( - -1.056e+04 1 0)))
s>    ( QUESTION0_0_R 1 -7.080e+04 6.339e+02 3.266e+02
s>        ( QUESTION11 -1 -4.652e+04 3.634e+02 2.152e+02
s>            ( - -2.012e+04 1 0)
s>            ( - -2.603e+04 1 0))
s>        ( QUESTION2 -1 -2.365e+04 3.853e+02 1.114e+02
s>            ( - -1.271e+04 1 0)
s>            ( - -1.056e+04 1 0)))INFO: dtree.c(1439): stop. leaf nodes are specific
INFO: dtree.c(1478): Final simple tree
|( QUESTION11 1 -1.503e+05 1.042e+03 6.724e+02
|    ( QUESTION0_10_R 1 -4.670e+04 5.568e+02 2.153e+02
|        ( - -1.620e+04 1 0)
|        ( - -2.994e+04 1 0))
|    ( QUESTION9 1 -1.025e+05 8.377e+02 4.571e+02
|        ( QUESTION0_0_R 1 -3.857e+04 4.475e+02 1.785e+02
|            ( - -1.708e+04 1 0)
|            ( - -2.105e+04 1 0))
|        ( !WDBNDRY_B 0 -6.313e+04 5.244e+02 2.786e+02
|            ( - -3.578e+04 1 0)
|            ( - -2.683e+04 1 0))))
s>    ( QUESTION11 1 -1.503e+05 1.042e+03 6.724e+02
s>        ( QUESTION0_10_R 1 -4.670e+04 5.568e+02 2.153e+02
s>            ( - -1.620e+04 1 0)
s>            ( - -2.994e+04 1 0))
s>        ( QUESTION9 1 -1.025e+05 8.377e+02 4.571e+02
s>            ( QUESTION0_0_R 1 -3.857e+04 4.475e+02 1.785e+02
s>                ( - -1.708e+04 1 0)
s>                ( - -2.105e+04 1 0))
s>            ( !WDBNDRY_B 0 -6.313e+04 5.244e+02 2.786e+02
s>                ( - -3.578e+04 1 0)
s>                ( - -2.683e+04 1 0))))INFO: dtree.c(1315): Comp split 5
INFO: dtree.c(1439): stop. leaf nodes are specific
INFO: dtree.c(1478): Final simple tree
|( QUESTION0_0_R 1 -9.607e+04 5.888e+02 4.242e+02
|    ( - -1.772e+04 1 0)
|    ( QUESTION0_10_R 1 -7.776e+04 3.906e+02 3.426e+02
|        ( - -5.481e+04 2 0)
|        ( - -2.256e+04 1 0)))
s>    ( QUESTION0_0_R 1 -9.607e+04 5.888e+02 4.242e+02
s>        ( - -1.772e+04 1 0)
s>        ( QUESTION0_10_R 1 -7.776e+04 3.906e+02 3.426e+02
s>            ( - -5.481e+04 2 0)
s>            ( - -2.256e+04 1 0)))INFO: dtree.c(1439): stop. leaf nodes are specific
INFO: dtree.c(1478): Final simple tree
|( QUESTION12 1 -2.371e+05 1.072e+03 1.066e+03
|    ( WDBNDRY_B 0 -8.492e+04 6.841e+02 3.718e+02
|        ( - -4.638e+04 1 0)
|        ( - -3.785e+04 1 0))
|    ( !QUESTION0_0_R 1 -1.511e+05 7.526e+02 6.939e+02
|        ( QUESTION2 -1 -1.329e+05 5.284e+02 6.094e+02
|            ( - -3.314e+04 1 0)
|            ( - -9.926e+04 3 0))
|        ( - -1.742e+04 1 0)))
s>    ( QUESTION12 1 -2.371e+05 1.072e+03 1.066e+03
s>        ( WDBNDRY_B 0 -8.492e+04 6.841e+02 3.718e+02
s>            ( - -4.638e+04 1 0)
s>            ( - -3.785e+04 1 0))
s>        ( !QUESTION0_0_R 1 -1.511e+05 7.526e+02 6.939e+02
s>            ( QUESTION2 -1 -1.329e+05 5.284e+02 6.094e+02
s>                ( - -3.314e+04 1 0)
s>                ( - -9.926e+04 3 0))
s>            ( - -1.742e+04 1 0)))INFO: dtree.c(1315): Comp split 6
INFO: dtree.c(1439): stop. leaf nodes are specific
INFO: dtree.c(1478): Final simple tree
|( !QUESTION0_0_R 1 -1.511e+05 7.526e+02 6.939e+02
|    ( QUESTION2 -1 -1.329e+05 5.284e+02 6.094e+02
|        ( - -3.314e+04 1 0)
|        ( - -9.926e+04 3 0))
|    ( - -1.742e+04 1 0))
s>    ( !QUESTION0_0_R 1 -1.511e+05 7.526e+02 6.939e+02
s>        ( QUESTION2 -1 -1.329e+05 5.284e+02 6.094e+02
s>            ( - -3.314e+04 1 0)
s>            ( - -9.926e+04 3 0))
s>        ( - -1.742e+04 1 0))INFO: dtree.c(1439): stop. leaf nodes are specific
INFO: dtree.c(1478): Final simple tree
|( WDBNDRY_B 0 -8.492e+04 6.841e+02 3.718e+02
|    ( - -4.638e+04 1 0)
|    ( - -3.785e+04 1 0))
s>    ( WDBNDRY_B 0 -8.492e+04 6.841e+02 3.718e+02
s>        ( - -4.638e+04 1 0)
s>        ( - -3.785e+04 1 0))INFO: dtree.c(1315): Comp split 7
INFO: dtree.c(1439): stop. leaf nodes are specific
INFO: dtree.c(1478): Final simple tree
|( QUESTION9 1 -1.025e+05 8.377e+02 4.571e+02
|    ( QUESTION0_0_R 1 -3.857e+04 4.475e+02 1.785e+02
|        ( - -1.708e+04 1 0)
|        ( - -2.105e+04 1 0))
|    ( !WDBNDRY_B 0 -6.313e+04 5.244e+02 2.786e+02
|        ( - -3.578e+04 1 0)
|        ( - -2.683e+04 1 0)))
s>    ( QUESTION9 1 -1.025e+05 8.377e+02 4.571e+02
s>        ( QUESTION0_0_R 1 -3.857e+04 4.475e+02 1.785e+02
s>            ( - -1.708e+04 1 0)
s>            ( - -2.105e+04 1 0))
s>        ( !WDBNDRY_B 0 -6.313e+04 5.244e+02 2.786e+02
s>            ( - -3.578e+04 1 0)
s>            ( - -2.683e+04 1 0)))INFO: dtree.c(1439): stop. leaf nodes are specific
INFO: dtree.c(1478): Final simple tree
|( QUESTION0_10_R 1 -4.670e+04 5.568e+02 2.153e+02
|    ( - -1.620e+04 1 0)
|    ( - -2.994e+04 1 0))
s>    ( QUESTION0_10_R 1 -4.670e+04 5.568e+02 2.153e+02
s>        ( - -1.620e+04 1 0)
s>        ( - -2.994e+04 1 0))INFO: dtree.c(1315): Comp split 8
INFO: dtree.c(1439): stop. leaf nodes are specific
INFO: dtree.c(1478): Final simple tree
|( QUESTION4 -1 -1.479e+05 6.056e+02 6.620e+02
|    ( - -4.642e+04 1 0)
|    ( - -1.008e+05 2 0))
s>    ( QUESTION4 -1 -1.479e+05 6.056e+02 6.620e+02
s>        ( - -4.642e+04 1 0)
s>        ( - -1.008e+05 2 0))INFO: dtree.c(1439): stop. leaf nodes are specific
INFO: dtree.c(1478): Final simple tree
|( QUESTION2 -1 -5.866e+04 7.857e+02 2.642e+02
|    ( - -3.048e+04 1 0)
|    ( - -2.739e+04 1 0))
s>    ( QUESTION2 -1 -5.866e+04 7.857e+02 2.642e+02
s>        ( - -3.048e+04 1 0)
s>        ( - -2.739e+04 1 0))INFO: dtree.c(1315): Comp split 9
INFO: dtree.c(1439): stop. leaf nodes are specific
INFO: dtree.c(1478): Final simple tree
|( !WDBNDRY_B 0 -6.313e+04 5.244e+02 2.786e+02
|    ( - -3.578e+04 1 0)
|    ( - -2.683e+04 1 0))
s>    ( !WDBNDRY_B 0 -6.313e+04 5.244e+02 2.786e+02
s>        ( - -3.578e+04 1 0)
s>        ( - -2.683e+04 1 0))INFO: dtree.c(1439): stop. leaf nodes are specific
INFO: dtree.c(1478): Final simple tree
|( QUESTION0_0_R 1 -3.857e+04 4.475e+02 1.785e+02
|    ( - -1.708e+04 1 0)
|    ( - -2.105e+04 1 0))
s>    ( QUESTION0_0_R 1 -3.857e+04 4.475e+02 1.785e+02
s>        ( - -1.708e+04 1 0)
s>        ( - -2.105e+04 1 0))INFO: dtree.c(1315): Comp split 10
INFO: dtree.c(1315): Comp split 11
INFO: dtree.c(1439): stop. leaf nodes are specific
INFO: dtree.c(1478): Final simple tree
|( QUESTION2 -1 -1.329e+05 5.284e+02 6.094e+02
|    ( - -3.314e+04 1 0)
|    ( - -9.926e+04 3 0))
s>    ( QUESTION2 -1 -1.329e+05 5.284e+02 6.094e+02
s>        ( - -3.314e+04 1 0)
s>        ( - -9.926e+04 3 0))INFO: dtree.c(1315): Comp split 12
INFO: dtree.c(1439): stop. leaf nodes are specific
INFO: dtree.c(1478): Final simple tree
|( QUESTION2_6_L -1 -4.961e+04 4.968e+02 2.266e+02
|    ( - -3.634e+04 2 0)
|    ( - -1.277e+04 1 0))
s>    ( QUESTION2_6_L -1 -4.961e+04 4.968e+02 2.266e+02
s>        ( - -3.634e+04 2 0)
s>        ( - -1.277e+04 1 0))INFO: dtree.c(1439): stop. leaf nodes are specific
INFO: dtree.c(1478): Final simple tree
|( QUESTION11 -1 -3.152e+04 4.913e+02 1.477e+02
|    ( - -1.057e+04 1 0)
|    ( - -2.047e+04 2 0))
s>    ( QUESTION11 -1 -3.152e+04 4.913e+02 1.477e+02
s>        ( - -1.057e+04 1 0)
s>        ( - -2.047e+04 2 0))INFO: dtree.c(1315): Comp split 13
INFO: dtree.c(1315): Comp split 14
INFO: dtree.c(1439): stop. leaf nodes are specific
INFO: dtree.c(1478): Final simple tree
|( QUESTION2 -1 -2.365e+04 3.853e+02 1.114e+02
|    ( - -1.271e+04 1 0)
|    ( - -1.056e+04 1 0))
s>    ( QUESTION2 -1 -2.365e+04 3.853e+02 1.114e+02
s>        ( - -1.271e+04 1 0)
s>        ( - -1.056e+04 1 0))INFO: dtree.c(1439): stop. leaf nodes are specific
INFO: dtree.c(1478): Final simple tree
|( QUESTION11 -1 -4.652e+04 3.634e+02 2.152e+02
|    ( - -2.012e+04 1 0)
|    ( - -2.603e+04 1 0))
s>    ( QUESTION11 -1 -4.652e+04 3.634e+02 2.152e+02
s>        ( - -2.012e+04 1 0)
s>        ( - -2.603e+04 1 0))INFO: dtree.c(1315): Comp split 15
INFO: dtree.c(1315): Comp split 16
INFO: dtree.c(1439): stop. leaf nodes are specific
INFO: dtree.c(1478): Final simple tree
|( QUESTION0_10_R 1 -7.776e+04 3.906e+02 3.426e+02
|    ( - -5.481e+04 2 0)
|    ( - -2.256e+04 1 0))
s>    ( QUESTION0_10_R 1 -7.776e+04 3.906e+02 3.426e+02
s>        ( - -5.481e+04 2 0)
s>        ( - -2.256e+04 1 0))INFO: dtree.c(1315): Comp split 17
INFO: dtree.c(1315): Comp split 18
INFO: dtree.c(1315): Comp split 19
INFO: dtree.c(1315): Comp split 20
INFO: dtree.c(1315): Comp split 21
INFO: dtree.c(1315): Comp split 22
INFO: dtree.c(1439): stop. leaf nodes are specific
INFO: dtree.c(1478): Final simple tree
|( QUESTION11 -1 -9.863e+04 4.212e+02 4.616e+02
|    ( - -2.878e+04 1 0)
|    ( - -6.942e+04 1 0))
s>    ( QUESTION11 -1 -9.863e+04 4.212e+02 4.616e+02
s>        ( - -2.878e+04 1 0)
s>        ( - -6.942e+04 1 0))INFO: dtree.c(1439): stop. leaf nodes are specific
INFO: dtree.c(1478): Final simple tree
|( QUESTION2_3_L -1 -3.890e+05 3.898e+02 1.792e+03
|    ( - -4.631e+04 1 0)
|    ( QUESTION9 -1 -3.423e+05 3.341e+02 1.577e+03
|        ( QUESTION2_2_L -1 -2.525e+05 3.665e+02 1.169e+03
|            ( - -1.724e+05 3 0)
|            ( - -7.972e+04 3 0))
|        ( QUESTION2 -1 -8.954e+04 2.591e+02 4.084e+02
|            ( - -6.123e+04 1 0)
|            ( - -2.805e+04 1 0))))
s>    ( QUESTION2_3_L -1 -3.890e+05 3.898e+02 1.792e+03
s>        ( - -4.631e+04 1 0)
s>        ( QUESTION9 -1 -3.423e+05 3.341e+02 1.577e+03
s>            ( QUESTION2_2_L -1 -2.525e+05 3.665e+02 1.169e+03
s>                ( - -1.724e+05 3 0)
s>                ( - -7.972e+04 3 0))
s>            ( QUESTION2 -1 -8.954e+04 2.591e+02 4.084e+02
s>                ( - -6.123e+04 1 0)
s>                ( - -2.805e+04 1 0))))INFO: dtree.c(1315): Comp split 23
INFO: dtree.c(1315): Comp split 24
INFO: dtree.c(1315): Comp split 25
INFO: dtree.c(1439): stop. leaf nodes are specific
INFO: dtree.c(1478): Final simple tree
|( !QUESTION9 -1 -1.080e+05 2.358e+02 4.997e+02
|    ( - -2.805e+04 1 0)
|    ( - -7.972e+04 3 0))
s>    ( !QUESTION9 -1 -1.080e+05 2.358e+02 4.997e+02
s>        ( - -2.805e+04 1 0)
s>        ( - -7.972e+04 3 0))INFO: dtree.c(1439): stop. leaf nodes are specific
INFO: dtree.c(1478): Final simple tree
|( QUESTION2_3_L -1 -2.806e+05 3.939e+02 1.292e+03
|    ( - -4.631e+04 1 0)
|    ( QUESTION2 -1 -2.339e+05 2.990e+02 1.077e+03
|        ( - -6.123e+04 1 0)
|        ( - -1.724e+05 3 0)))
s>    ( QUESTION2_3_L -1 -2.806e+05 3.939e+02 1.292e+03
s>        ( - -4.631e+04 1 0)
s>        ( QUESTION2 -1 -2.339e+05 2.990e+02 1.077e+03
s>            ( - -6.123e+04 1 0)
s>            ( - -1.724e+05 3 0)))INFO: dtree.c(1315): Comp split 26
INFO: dtree.c(1439): stop. leaf nodes are specific
INFO: dtree.c(1478): Final simple tree
|( QUESTION2 -1 -2.339e+05 2.990e+02 1.077e+03
|    ( - -6.123e+04 1 0)
|    ( - -1.724e+05 3 0))
s>    ( QUESTION2 -1 -2.339e+05 2.990e+02 1.077e+03
s>        ( - -6.123e+04 1 0)
s>        ( - -1.724e+05 3 0))INFO: dtree.c(1315): Comp split 27
INFO: dtree.c(1315): Comp split 28
INFO: dtree.c(1315): Comp split 29
INFO: dtree.c(1315): Comp split 30
INFO: dtree.c(1315): Comp split 31
INFO: dtree.c(1315): Comp split 32
INFO: dtree.c(1318): stop. leaf nodes are specific
!!!!!!!!Allocated 67 lines
Mon Nov  3 11:36:22 2014
