INFO: cmd_ln.c(696): Parsing command line:
/usr/local/libexec/sphinxtrain/bldtree \
	-treefn /home/sumu/aammango/trees/aammango.unpruned/a-2.dtree \
	-moddeffn /home/sumu/aammango/model_architecture/aammango.untied.mdef \
	-mixwfn /home/sumu/aammango/model_parameters/aammango.cd_cont_untied/mixture_weights \
	-ts2cbfn .cont. \
	-mwfloor 1e-08 \
	-psetfn /home/sumu/aammango/model_architecture/aammango.tree_questions \
	-phone a \
	-state 2 \
	-stwt 1.0,0.05,0.0 \
	-meanfn /home/sumu/aammango/model_parameters/aammango.cd_cont_untied/means \
	-varfn /home/sumu/aammango/model_parameters/aammango.cd_cont_untied/variances \
	-fullvar no \
	-ssplitmin 1 \
	-ssplitmax 7 \
	-ssplitthr 0 \
	-csplitmin 1 \
	-csplitmax 2000 \
	-csplitthr 0 

Current configuration:
[NAME]		[DEFLT]	[VALUE]
-allphones	no	no
-cntthresh	0.00001	1.000000e-05
-csplitmax	100	2000
-csplitmin	1	1
-csplitthr	8e-4	0.000000e+00
-example	no	no
-fullvar	no	no
-help		no	no
-meanfn			/home/sumu/aammango/model_parameters/aammango.cd_cont_untied/means
-mixwfn			/home/sumu/aammango/model_parameters/aammango.cd_cont_untied/mixture_weights
-moddeffn		/home/sumu/aammango/model_architecture/aammango.untied.mdef
-mwfloor	1e-4	1.000000e-08
-phone			a
-psetfn			/home/sumu/aammango/model_architecture/aammango.tree_questions
-ssplitmax	5	7
-ssplitmin	1	1
-ssplitthr	8e-4	0.000000e+00
-state			2
-stwt			1.0,0.05,0.0,
-treefn			/home/sumu/aammango/trees/aammango.unpruned/a-2.dtree
-ts2cbfn	.semi.	.cont.
-varfloor	0.00001	1.000000e-05
-varfn			/home/sumu/aammango/model_parameters/aammango.cd_cont_untied/variances

INFO: main.c(223): Reading: /home/sumu/aammango/model_architecture/aammango.untied.mdef
INFO: model_def_io.c(573): Model definition info:
INFO: model_def_io.c(574): 435 total models defined (69 base, 366 tri)
INFO: model_def_io.c(575): 1740 total states
INFO: model_def_io.c(576): 1305 total tied states
INFO: model_def_io.c(577): 207 total tied CI states
INFO: model_def_io.c(578): 69 total tied transition matrices
INFO: model_def_io.c(579): 4 max state/model
INFO: model_def_io.c(580): 4 min state/model
INFO: main.c(242): Building trees for [a SIL ch b] through [a y th i]
INFO: main.c(269): Covering states |[210 365]| == 156
INFO: main.c(275): Reading: /home/sumu/aammango/model_parameters/aammango.cd_cont_untied/mixture_weights
INFO: s3mixw_io.c(173): Read /home/sumu/aammango/model_parameters/aammango.cd_cont_untied/mixture_weights [156x1x1 array]
INFO: main.c(311): 52 of 52 models have observation count greater than 0.000010
INFO: main.c(95): nrm stwt: 0.000 0.048 0.952 
INFO: s3gau_io.c(169): Read /home/sumu/aammango/model_parameters/aammango.cd_cont_untied/means [1305x1x1 array]
INFO: s3gau_io.c(169): Read /home/sumu/aammango/model_parameters/aammango.cd_cont_untied/variances [1305x1x1 array]
INFO: main.c(549): Reading: /home/sumu/aammango/model_architecture/aammango.tree_questions
INFO: main.c(588): 176 total simple questions (168 phone; 8 word bndry)
INFO: main.c(590): 42 Left Only questions, and 42 Right Only questions
INFO: dtree.c(1478): Final simple tree
|( QUESTION0_11_R 1 -8.616e+05 4.825e+03 3.785e+03
|    ( - -8.803e+04 4 0 QUESTION2 -1 4.547e+02 4.077e+02)
|    ( QUESTION4 -1 -7.687e+05 1.256e+03 3.377e+03
|        ( - -5.668e+04 3 0 !QUESTION0_0_R 1 8.258e+02 2.504e+02)
|        ( QUESTION0_0_R 1 -7.108e+05 1.182e+03 3.127e+03
|            ( - -1.392e+05 11 0 QUESTION9 -1 7.164e+02 6.160e+02)
|            ( QUESTION10 1 -5.704e+05 1.095e+03 2.511e+03
|                ( !QUESTION2_2_L -1 -1.858e+05 1.087e+03 8.276e+02
|                    ( - -8.271e+04 6 0 QUESTION11 1 7.912e+02 3.727e+02)
|                    ( - -1.020e+05 6 0 QUESTION9 -1 6.192e+02 4.549e+02))
|                ( QUESTION0_10_R 1 -3.835e+05 8.557e+02 1.683e+03
|                    ( - -6.565e+04 3 0 QUESTION0_13_R 1 7.245e+02 2.911e+02)
|                    ( QUESTION2_17_L -1 -3.169e+05 9.303e+02 1.392e+03
|                        ( - -1.146e+05 7 0 QUESTION9 -1 7.975e+02 5.164e+02)
|                        ( - -2.014e+05 12 0 !QUESTION10 -1 5.185e+02 8.756e+02)))))))
s>    ( QUESTION0_11_R 1 -8.616e+05 4.825e+03 3.785e+03
s>        ( - -8.803e+04 4 0 QUESTION2 -1 4.547e+02 4.077e+02)
s>        ( QUESTION4 -1 -7.687e+05 1.256e+03 3.377e+03
s>            ( - -5.668e+04 3 0 !QUESTION0_0_R 1 8.258e+02 2.504e+02)
s>            ( QUESTION0_0_R 1 -7.108e+05 1.182e+03 3.127e+03
s>                ( - -1.392e+05 11 0 QUESTION9 -1 7.164e+02 6.160e+02)
s>                ( QUESTION10 1 -5.704e+05 1.095e+03 2.511e+03
s>                    ( !QUESTION2_2_L -1 -1.858e+05 1.087e+03 8.276e+02
s>                        ( - -8.271e+04 6 0 QUESTION11 1 7.912e+02 3.727e+02)
s>                        ( - -1.020e+05 6 0 QUESTION9 -1 6.192e+02 4.549e+02))
s>                    ( QUESTION0_10_R 1 -3.835e+05 8.557e+02 1.683e+03
s>                        ( - -6.565e+04 3 0 QUESTION0_13_R 1 7.245e+02 2.911e+02)
s>                        ( QUESTION2_17_L -1 -3.169e+05 9.303e+02 1.392e+03
s>                            ( - -1.146e+05 7 0 QUESTION9 -1 7.975e+02 5.164e+02)
s>                            ( - -2.014e+05 12 0 !QUESTION10 -1 5.185e+02 8.756e+02)))))))INFO: dtree.c(1315): Comp split 0
INFO: dtree.c(1478): Final simple tree
|( QUESTION4 -1 -7.687e+05 1.256e+03 3.377e+03
|    ( !QUESTION0_0_R 1 -5.668e+04 8.258e+02 2.504e+02
|        ( - -4.748e+04 2 0)
|        ( - -8.381e+03 1 0))
|    ( QUESTION0_0_R 1 -7.108e+05 1.182e+03 3.127e+03
|        ( - -1.392e+05 11 0 QUESTION9 -1 7.164e+02 6.160e+02)
|        ( QUESTION10 1 -5.704e+05 1.095e+03 2.511e+03
|            ( !QUESTION2_2_L -1 -1.858e+05 1.087e+03 8.276e+02
|                ( - -8.271e+04 6 0 QUESTION11 1 7.912e+02 3.727e+02)
|                ( - -1.020e+05 6 0 QUESTION9 -1 6.192e+02 4.549e+02))
|            ( QUESTION0_10_R 1 -3.835e+05 8.557e+02 1.683e+03
|                ( - -6.565e+04 3 0 QUESTION0_13_R 1 7.245e+02 2.911e+02)
|                ( QUESTION2_17_L -1 -3.169e+05 9.303e+02 1.392e+03
|                    ( - -1.146e+05 7 0 QUESTION9 -1 7.975e+02 5.164e+02)
|                    ( - -2.014e+05 12 0 !QUESTION10 -1 5.185e+02 8.756e+02))))))
s>    ( QUESTION4 -1 -7.687e+05 1.256e+03 3.377e+03
s>        ( !QUESTION0_0_R 1 -5.668e+04 8.258e+02 2.504e+02
s>            ( - -4.748e+04 2 0)
s>            ( - -8.381e+03 1 0))
s>        ( QUESTION0_0_R 1 -7.108e+05 1.182e+03 3.127e+03
s>            ( - -1.392e+05 11 0 QUESTION9 -1 7.164e+02 6.160e+02)
s>            ( QUESTION10 1 -5.704e+05 1.095e+03 2.511e+03
s>                ( !QUESTION2_2_L -1 -1.858e+05 1.087e+03 8.276e+02
s>                    ( - -8.271e+04 6 0 QUESTION11 1 7.912e+02 3.727e+02)
s>                    ( - -1.020e+05 6 0 QUESTION9 -1 6.192e+02 4.549e+02))
s>                ( QUESTION0_10_R 1 -3.835e+05 8.557e+02 1.683e+03
s>                    ( - -6.565e+04 3 0 QUESTION0_13_R 1 7.245e+02 2.911e+02)
s>                    ( QUESTION2_17_L -1 -3.169e+05 9.303e+02 1.392e+03
s>                        ( - -1.146e+05 7 0 QUESTION9 -1 7.975e+02 5.164e+02)
s>                        ( - -2.014e+05 12 0 !QUESTION10 -1 5.185e+02 8.756e+02))))))INFO: dtree.c(1439): stop. leaf nodes are specific
INFO: dtree.c(1478): Final simple tree
|( QUESTION2 -1 -8.803e+04 4.547e+02 4.077e+02
|    ( - -1.404e+04 1 0)
|    ( QUESTION2_2_L -1 -7.353e+04 5.011e+02 3.428e+02
|        ( - -3.186e+04 1 0)
|        ( QUESTION9 -1 -4.118e+04 4.641e+02 1.959e+02
|            ( - -2.230e+04 1 0)
|            ( - -1.841e+04 1 0))))
s>    ( QUESTION2 -1 -8.803e+04 4.547e+02 4.077e+02
s>        ( - -1.404e+04 1 0)
s>        ( QUESTION2_2_L -1 -7.353e+04 5.011e+02 3.428e+02
s>            ( - -3.186e+04 1 0)
s>            ( QUESTION9 -1 -4.118e+04 4.641e+02 1.959e+02
s>                ( - -2.230e+04 1 0)
s>                ( - -1.841e+04 1 0))))INFO: dtree.c(1315): Comp split 1
INFO: dtree.c(1478): Final simple tree
|( !QUESTION11 1 -4.672e+05 1.092e+03 2.056e+03
|    ( QUESTION0_10_R 1 -4.407e+05 8.920e+02 1.937e+03
|        ( QUESTION0_13_R 1 -6.565e+04 7.245e+02 2.911e+02
|            ( - -4.649e+04 2 0 WDBNDRY_B 0 5.139e+02 2.082e+02)
|            ( - -1.844e+04 1 0))
|        ( QUESTION2_17_L -1 -3.742e+05 8.632e+02 1.646e+03
|            ( QUESTION9 -1 -1.146e+05 7.975e+02 5.164e+02
|                ( - -1.040e+05 6 0 QUESTION2_18_L -1 4.329e+02 4.734e+02)
|                ( - -9.791e+03 1 0))
|            ( QUESTION9 1 -2.587e+05 7.137e+02 1.129e+03
|                ( !QUESTION10 -1 -2.014e+05 5.185e+02 8.756e+02
|                    ( - -1.894e+05 11 0 QUESTION2 -1 5.475e+02 8.240e+02)
|                    ( - -1.145e+04 1 0))
|                ( - -5.661e+04 5 0 QUESTION9 -1 4.481e+02 2.538e+02))))
|    ( - -2.531e+04 1 0))
s>    ( !QUESTION11 1 -4.672e+05 1.092e+03 2.056e+03
s>        ( QUESTION0_10_R 1 -4.407e+05 8.920e+02 1.937e+03
s>            ( QUESTION0_13_R 1 -6.565e+04 7.245e+02 2.911e+02
s>                ( - -4.649e+04 2 0 WDBNDRY_B 0 5.139e+02 2.082e+02)
s>                ( - -1.844e+04 1 0))
s>            ( QUESTION2_17_L -1 -3.742e+05 8.632e+02 1.646e+03
s>                ( QUESTION9 -1 -1.146e+05 7.975e+02 5.164e+02
s>                    ( - -1.040e+05 6 0 QUESTION2_18_L -1 4.329e+02 4.734e+02)
s>                    ( - -9.791e+03 1 0))
s>                ( QUESTION9 1 -2.587e+05 7.137e+02 1.129e+03
s>                    ( !QUESTION10 -1 -2.014e+05 5.185e+02 8.756e+02
s>                        ( - -1.894e+05 11 0 QUESTION2 -1 5.475e+02 8.240e+02)
s>                        ( - -1.145e+04 1 0))
s>                    ( - -5.661e+04 5 0 QUESTION9 -1 4.481e+02 2.538e+02))))
s>        ( - -2.531e+04 1 0))INFO: dtree.c(1478): Final simple tree
|( QUESTION9 -1 -2.997e+05 1.214e+03 1.321e+03
|    ( QUESTION19 1 -1.509e+05 7.655e+02 6.688e+02
|        ( - -7.985e+04 3 0)
|        ( !QUESTION2_17_L -1 -7.031e+04 6.476e+02 3.092e+02
|            ( - -4.240e+04 3 0 QUESTION0_6_R 1 3.778e+02 1.897e+02)
|            ( QUESTION0_6_R 1 -2.726e+04 8.590e+02 1.195e+02
|                ( - -1.352e+04 1 0)
|                ( - -1.288e+04 2 0 QUESTION0_0_R 1 2.868e+02 5.627e+01))))
|    ( QUESTION0_0_R 1 -1.476e+05 8.435e+02 6.525e+02
|        ( QUESTION0_3_R 1 -8.330e+04 7.071e+02 3.718e+02
|            ( - -7.421e+04 6 0 QUESTION12 1 5.028e+02 3.329e+02)
|            ( - -8.381e+03 1 0))
|        ( QUESTION2 -1 -6.342e+04 5.085e+02 2.807e+02
|            ( - -4.748e+04 2 0)
|            ( - -1.543e+04 2 0 QUESTION11 -1 2.920e+02 6.918e+01))))
s>    ( QUESTION9 -1 -2.997e+05 1.214e+03 1.321e+03
s>        ( QUESTION19 1 -1.509e+05 7.655e+02 6.688e+02
s>            ( - -7.985e+04 3 0)
s>            ( !QUESTION2_17_L -1 -7.031e+04 6.476e+02 3.092e+02
s>                ( - -4.240e+04 3 0 QUESTION0_6_R 1 3.778e+02 1.897e+02)
s>                ( QUESTION0_6_R 1 -2.726e+04 8.590e+02 1.195e+02
s>                    ( - -1.352e+04 1 0)
s>                    ( - -1.288e+04 2 0 QUESTION0_0_R 1 2.868e+02 5.627e+01))))
s>        ( QUESTION0_0_R 1 -1.476e+05 8.435e+02 6.525e+02
s>            ( QUESTION0_3_R 1 -8.330e+04 7.071e+02 3.718e+02
s>                ( - -7.421e+04 6 0 QUESTION12 1 5.028e+02 3.329e+02)
s>                ( - -8.381e+03 1 0))
s>            ( QUESTION2 -1 -6.342e+04 5.085e+02 2.807e+02
s>                ( - -4.748e+04 2 0)
s>                ( - -1.543e+04 2 0 QUESTION11 -1 2.920e+02 6.918e+01))))INFO: dtree.c(1315): Comp split 2
INFO: dtree.c(1478): Final simple tree
|( QUESTION0_7_R 1 -1.528e+05 8.152e+02 6.769e+02
|    ( QUESTION11 -1 -6.190e+04 4.864e+02 2.767e+02
|        ( - -1.226e+04 1 0)
|        ( !QUESTION9 1 -4.916e+04 4.384e+02 2.172e+02
|            ( - -2.736e+04 2 0 QUESTION2 -1 3.456e+02 1.226e+02)
|            ( QUESTION2_2_L -1 -2.136e+04 4.941e+02 9.466e+01
|                ( - -1.126e+04 1 0)
|                ( - -9.612e+03 1 0))))
|    ( QUESTION2 -1 -9.007e+04 7.270e+02 4.002e+02
|        ( - -4.748e+04 2 0)
|        ( QUESTION0_4_R 1 -4.187e+04 5.675e+02 1.886e+02
|            ( - -1.188e+04 1 0)
|            ( QUESTION0_0_R 1 -2.942e+04 4.673e+02 1.324e+02
|                ( - -1.352e+04 1 0)
|                ( - -1.543e+04 2 0 QUESTION11 -1 2.920e+02 6.918e+01)))))
s>    ( QUESTION0_7_R 1 -1.528e+05 8.152e+02 6.769e+02
s>        ( QUESTION11 -1 -6.190e+04 4.864e+02 2.767e+02
s>            ( - -1.226e+04 1 0)
s>            ( !QUESTION9 1 -4.916e+04 4.384e+02 2.172e+02
s>                ( - -2.736e+04 2 0 QUESTION2 -1 3.456e+02 1.226e+02)
s>                ( QUESTION2_2_L -1 -2.136e+04 4.941e+02 9.466e+01
s>                    ( - -1.126e+04 1 0)
s>                    ( - -9.612e+03 1 0))))
s>        ( QUESTION2 -1 -9.007e+04 7.270e+02 4.002e+02
s>            ( - -4.748e+04 2 0)
s>            ( QUESTION0_4_R 1 -4.187e+04 5.675e+02 1.886e+02
s>                ( - -1.188e+04 1 0)
s>                ( QUESTION0_0_R 1 -2.942e+04 4.673e+02 1.324e+02
s>                    ( - -1.352e+04 1 0)
s>                    ( - -1.543e+04 2 0 QUESTION11 -1 2.920e+02 6.918e+01)))))INFO: dtree.c(1439): stop. leaf nodes are specific
INFO: dtree.c(1478): Final simple tree
|( QUESTION2_2_L -1 -1.453e+05 6.000e+02 6.445e+02
|    ( QUESTION0_7_R 1 -1.058e+05 4.964e+02 4.701e+02
|        ( - -6.983e+03 1 0)
|        ( QUESTION0_0_R 1 -9.834e+04 3.825e+02 4.400e+02
|            ( - -1.197e+04 1 0)
|            ( QUESTION11 1 -8.598e+04 5.196e+02 3.857e+02
|                ( - -5.614e+03 1 0)
|                ( - -7.985e+04 3 0))))
|    ( QUESTION0_3_R 1 -3.891e+04 4.800e+02 1.743e+02
|        ( - -3.005e+04 2 0)
|        ( - -8.381e+03 1 0)))
s>    ( QUESTION2_2_L -1 -1.453e+05 6.000e+02 6.445e+02
s>        ( QUESTION0_7_R 1 -1.058e+05 4.964e+02 4.701e+02
s>            ( - -6.983e+03 1 0)
s>            ( QUESTION0_0_R 1 -9.834e+04 3.825e+02 4.400e+02
s>                ( - -1.197e+04 1 0)
s>                ( QUESTION11 1 -8.598e+04 5.196e+02 3.857e+02
s>                    ( - -5.614e+03 1 0)
s>                    ( - -7.985e+04 3 0))))
s>        ( QUESTION0_3_R 1 -3.891e+04 4.800e+02 1.743e+02
s>            ( - -3.005e+04 2 0)
s>            ( - -8.381e+03 1 0)))INFO: dtree.c(1315): Comp split 3
INFO: dtree.c(1478): Final simple tree
|( QUESTION0_10_R 1 -2.783e+05 9.321e+02 1.210e+03
|    ( QUESTION0_13_R 1 -6.565e+04 7.245e+02 2.911e+02
|        ( WDBNDRY_B 0 -4.649e+04 5.139e+02 2.082e+02
|            ( - -3.481e+04 1 0)
|            ( - -1.117e+04 1 0))
|        ( - -1.844e+04 1 0))
|    ( QUESTION10 -1 -2.117e+05 5.232e+02 9.186e+02
|        ( QUESTION11 -1 -2.175e+04 5.147e+02 9.457e+01
|            ( - -9.791e+03 1 0)
|            ( - -1.145e+04 1 0))
|        ( QUESTION2 -1 -1.894e+05 5.475e+02 8.240e+02
|            ( - -8.163e+04 4 0)
|            ( WDBNDRY_B 0 -1.073e+05 4.551e+02 4.616e+02
|                ( - -3.415e+04 2 0)
|                ( - -7.265e+04 5 0 QUESTION2_2_L -1 2.943e+02 3.147e+02)))))
s>    ( QUESTION0_10_R 1 -2.783e+05 9.321e+02 1.210e+03
s>        ( QUESTION0_13_R 1 -6.565e+04 7.245e+02 2.911e+02
s>            ( WDBNDRY_B 0 -4.649e+04 5.139e+02 2.082e+02
s>                ( - -3.481e+04 1 0)
s>                ( - -1.117e+04 1 0))
s>            ( - -1.844e+04 1 0))
s>        ( QUESTION10 -1 -2.117e+05 5.232e+02 9.186e+02
s>            ( QUESTION11 -1 -2.175e+04 5.147e+02 9.457e+01
s>                ( - -9.791e+03 1 0)
s>                ( - -1.145e+04 1 0))
s>            ( QUESTION2 -1 -1.894e+05 5.475e+02 8.240e+02
s>                ( - -8.163e+04 4 0)
s>                ( WDBNDRY_B 0 -1.073e+05 4.551e+02 4.616e+02
s>                    ( - -3.415e+04 2 0)
s>                    ( - -7.265e+04 5 0 QUESTION2_2_L -1 2.943e+02 3.147e+02)))))INFO: dtree.c(1439): stop. leaf nodes are specific
INFO: dtree.c(1478): Final simple tree
|( QUESTION11 1 -1.875e+05 9.638e+02 8.461e+02
|    ( - -2.531e+04 1 0)
|    ( QUESTION9 1 -1.612e+05 5.971e+02 7.272e+02
|        ( QUESTION2_18_L -1 -1.040e+05 4.329e+02 4.734e+02
|            ( - -3.507e+04 2 0)
|            ( - -6.852e+04 4 0))
|        ( QUESTION9 -1 -5.661e+04 4.481e+02 2.538e+02
|            ( - -3.092e+04 3 0)
|            ( - -2.524e+04 2 0))))
s>    ( QUESTION11 1 -1.875e+05 9.638e+02 8.461e+02
s>        ( - -2.531e+04 1 0)
s>        ( QUESTION9 1 -1.612e+05 5.971e+02 7.272e+02
s>            ( QUESTION2_18_L -1 -1.040e+05 4.329e+02 4.734e+02
s>                ( - -3.507e+04 2 0)
s>                ( - -6.852e+04 4 0))
s>            ( QUESTION9 -1 -5.661e+04 4.481e+02 2.538e+02
s>                ( - -3.092e+04 3 0)
s>                ( - -2.524e+04 2 0))))INFO: dtree.c(1315): Comp split 4
INFO: dtree.c(1439): stop. leaf nodes are specific
INFO: dtree.c(1478): Final simple tree
|( QUESTION2 -1 -2.234e+05 5.433e+02 9.706e+02
|    ( QUESTION0_10_R 1 -9.325e+04 4.511e+02 4.144e+02
|        ( - -1.117e+04 1 0)
|        ( - -8.163e+04 4 0))
|    ( QUESTION19 -1 -1.296e+05 5.685e+02 5.562e+02
|        ( - -1.145e+04 1 0)
|        ( QUESTION10 -1 -1.176e+05 5.026e+02 5.046e+02
|            ( - -9.791e+03 1 0)
|            ( WDBNDRY_B 0 -1.073e+05 4.551e+02 4.616e+02
|                ( - -3.415e+04 2 0)
|                ( QUESTION2_2_L -1 -7.265e+04 2.943e+02 3.147e+02
|                    ( - -1.400e+04 1 0)
|                    ( - -5.836e+04 4 0))))))
s>    ( QUESTION2 -1 -2.234e+05 5.433e+02 9.706e+02
s>        ( QUESTION0_10_R 1 -9.325e+04 4.511e+02 4.144e+02
s>            ( - -1.117e+04 1 0)
s>            ( - -8.163e+04 4 0))
s>        ( QUESTION19 -1 -1.296e+05 5.685e+02 5.562e+02
s>            ( - -1.145e+04 1 0)
s>            ( QUESTION10 -1 -1.176e+05 5.026e+02 5.046e+02
s>                ( - -9.791e+03 1 0)
s>                ( WDBNDRY_B 0 -1.073e+05 4.551e+02 4.616e+02
s>                    ( - -3.415e+04 2 0)
s>                    ( QUESTION2_2_L -1 -7.265e+04 2.943e+02 3.147e+02
s>                        ( - -1.400e+04 1 0)
s>                        ( - -5.836e+04 4 0))))))INFO: dtree.c(1439): stop. leaf nodes are specific
INFO: dtree.c(1478): Final simple tree
|( WDBNDRY_B 0 -5.390e+04 6.516e+02 2.391e+02
|    ( - -3.481e+04 1 0)
|    ( - -1.844e+04 1 0))
s>    ( WDBNDRY_B 0 -5.390e+04 6.516e+02 2.391e+02
s>        ( - -3.481e+04 1 0)
s>        ( - -1.844e+04 1 0))INFO: dtree.c(1315): Comp split 5
INFO: dtree.c(1439): stop. leaf nodes are specific
INFO: dtree.c(1478): Final simple tree
|( QUESTION2 -1 -8.782e+04 7.709e+02 3.864e+02
|    ( - -4.748e+04 2 0)
|    ( QUESTION0_6_R 1 -3.957e+04 5.981e+02 1.749e+02
|        ( - -1.352e+04 1 0)
|        ( QUESTION0_0_R 1 -2.546e+04 4.156e+02 1.116e+02
|            ( - -9.612e+03 1 0)
|            ( QUESTION11 -1 -1.543e+04 2.920e+02 6.918e+01
|                ( - -9.203e+03 1 0)
|                ( - -5.937e+03 1 0)))))
s>    ( QUESTION2 -1 -8.782e+04 7.709e+02 3.864e+02
s>        ( - -4.748e+04 2 0)
s>        ( QUESTION0_6_R 1 -3.957e+04 5.981e+02 1.749e+02
s>            ( - -1.352e+04 1 0)
s>            ( QUESTION0_0_R 1 -2.546e+04 4.156e+02 1.116e+02
s>                ( - -9.612e+03 1 0)
s>                ( QUESTION11 -1 -1.543e+04 2.920e+02 6.918e+01
s>                    ( - -9.203e+03 1 0)
s>                    ( - -5.937e+03 1 0)))))INFO: dtree.c(1439): stop. leaf nodes are specific
INFO: dtree.c(1478): Final simple tree
|( QUESTION12 1 -6.397e+04 5.610e+02 2.905e+02
|    ( QUESTION2 -1 -2.736e+04 3.456e+02 1.226e+02
|        ( - -1.320e+04 1 0)
|        ( - -1.381e+04 1 0))
|    ( QUESTION0_4_R 1 -3.605e+04 4.253e+02 1.679e+02
|        ( - -1.188e+04 1 0)
|        ( QUESTION11 -1 -2.374e+04 2.270e+02 1.117e+02
|            ( - -1.226e+04 1 0)
|            ( - -1.126e+04 1 0))))
s>    ( QUESTION12 1 -6.397e+04 5.610e+02 2.905e+02
s>        ( QUESTION2 -1 -2.736e+04 3.456e+02 1.226e+02
s>            ( - -1.320e+04 1 0)
s>            ( - -1.381e+04 1 0))
s>        ( QUESTION0_4_R 1 -3.605e+04 4.253e+02 1.679e+02
s>            ( - -1.188e+04 1 0)
s>            ( QUESTION11 -1 -2.374e+04 2.270e+02 1.117e+02
s>                ( - -1.226e+04 1 0)
s>                ( - -1.126e+04 1 0))))INFO: dtree.c(1315): Comp split 6
INFO: dtree.c(1439): stop. leaf nodes are specific
INFO: dtree.c(1478): Final simple tree
|( QUESTION9 1 -1.612e+05 5.971e+02 7.272e+02
|    ( QUESTION2_18_L -1 -1.040e+05 4.329e+02 4.734e+02
|        ( - -3.507e+04 2 0)
|        ( - -6.852e+04 4 0))
|    ( QUESTION9 -1 -5.661e+04 4.481e+02 2.538e+02
|        ( - -3.092e+04 3 0)
|        ( - -2.524e+04 2 0)))
s>    ( QUESTION9 1 -1.612e+05 5.971e+02 7.272e+02
s>        ( QUESTION2_18_L -1 -1.040e+05 4.329e+02 4.734e+02
s>            ( - -3.507e+04 2 0)
s>            ( - -6.852e+04 4 0))
s>        ( QUESTION9 -1 -5.661e+04 4.481e+02 2.538e+02
s>            ( - -3.092e+04 3 0)
s>            ( - -2.524e+04 2 0)))INFO: dtree.c(1315): Comp split 7
INFO: dtree.c(1439): stop. leaf nodes are specific
INFO: dtree.c(1478): Final simple tree
|( !QUESTION0_0_R 1 -1.229e+05 6.233e+02 5.493e+02
|    ( - -7.985e+04 3 0)
|    ( QUESTION0_6_R 1 -4.240e+04 3.778e+02 1.897e+02
|        ( - -1.197e+04 1 0)
|        ( - -3.005e+04 2 0)))
s>    ( !QUESTION0_0_R 1 -1.229e+05 6.233e+02 5.493e+02
s>        ( - -7.985e+04 3 0)
s>        ( QUESTION0_6_R 1 -4.240e+04 3.778e+02 1.897e+02
s>            ( - -1.197e+04 1 0)
s>            ( - -3.005e+04 2 0)))INFO: dtree.c(1439): stop. leaf nodes are specific
INFO: dtree.c(1478): Final simple tree
|( QUESTION0_3_R 1 -2.158e+04 3.296e+02 9.513e+01
|    ( - -6.983e+03 1 0)
|    ( QUESTION0_0_R 1 -1.427e+04 2.738e+02 6.499e+01
|        ( - -8.381e+03 1 0)
|        ( - -5.614e+03 1 0)))
s>    ( QUESTION0_3_R 1 -2.158e+04 3.296e+02 9.513e+01
s>        ( - -6.983e+03 1 0)
s>        ( QUESTION0_0_R 1 -1.427e+04 2.738e+02 6.499e+01
s>            ( - -8.381e+03 1 0)
s>            ( - -5.614e+03 1 0)))INFO: dtree.c(1315): Comp split 8
INFO: dtree.c(1439): stop. leaf nodes are specific
INFO: dtree.c(1478): Final simple tree
|( QUESTION0_6_R 1 -3.957e+04 5.981e+02 1.749e+02
|    ( - -1.352e+04 1 0)
|    ( QUESTION0_0_R 1 -2.546e+04 4.156e+02 1.116e+02
|        ( - -9.612e+03 1 0)
|        ( QUESTION11 -1 -1.543e+04 2.920e+02 6.918e+01
|            ( - -9.203e+03 1 0)
|            ( - -5.937e+03 1 0))))
s>    ( QUESTION0_6_R 1 -3.957e+04 5.981e+02 1.749e+02
s>        ( - -1.352e+04 1 0)
s>        ( QUESTION0_0_R 1 -2.546e+04 4.156e+02 1.116e+02
s>            ( - -9.612e+03 1 0)
s>            ( QUESTION11 -1 -1.543e+04 2.920e+02 6.918e+01
s>                ( - -9.203e+03 1 0)
s>                ( - -5.937e+03 1 0))))INFO: dtree.c(1315): Comp split 9
INFO: dtree.c(1439): stop. leaf nodes are specific
INFO: dtree.c(1478): Final simple tree
|( QUESTION2_19_L -1 -1.296e+05 4.456e+02 5.891e+02
|    ( - -6.852e+04 4 0)
|    ( QUESTION9 -1 -6.065e+04 3.347e+02 2.787e+02
|        ( - -3.507e+04 2 0)
|        ( - -2.524e+04 2 0)))
s>    ( QUESTION2_19_L -1 -1.296e+05 4.456e+02 5.891e+02
s>        ( - -6.852e+04 4 0)
s>        ( QUESTION9 -1 -6.065e+04 3.347e+02 2.787e+02
s>            ( - -3.507e+04 2 0)
s>            ( - -2.524e+04 2 0)))INFO: dtree.c(1315): Comp split 10
INFO: dtree.c(1439): stop. leaf nodes are specific
INFO: dtree.c(1478): Final simple tree
|( QUESTION10 -1 -6.507e+04 4.212e+02 2.996e+02
|    ( - -1.841e+04 1 0)
|    ( QUESTION2 -1 -4.624e+04 3.363e+02 2.118e+02
|        ( - -1.404e+04 1 0)
|        ( - -3.186e+04 1 0)))
s>    ( QUESTION10 -1 -6.507e+04 4.212e+02 2.996e+02
s>        ( - -1.841e+04 1 0)
s>        ( QUESTION2 -1 -4.624e+04 3.363e+02 2.118e+02
s>            ( - -1.404e+04 1 0)
s>            ( - -3.186e+04 1 0)))INFO: dtree.c(1315): Comp split 11
INFO: dtree.c(1315): Comp split 12
INFO: dtree.c(1439): stop. leaf nodes are specific
INFO: dtree.c(1478): Final simple tree
|( QUESTION10 -1 -1.176e+05 5.026e+02 5.046e+02
|    ( - -9.791e+03 1 0)
|    ( WDBNDRY_B 0 -1.073e+05 4.551e+02 4.616e+02
|        ( - -3.415e+04 2 0)
|        ( QUESTION2_2_L -1 -7.265e+04 2.943e+02 3.147e+02
|            ( - -1.400e+04 1 0)
|            ( - -5.836e+04 4 0))))
s>    ( QUESTION10 -1 -1.176e+05 5.026e+02 5.046e+02
s>        ( - -9.791e+03 1 0)
s>        ( WDBNDRY_B 0 -1.073e+05 4.551e+02 4.616e+02
s>            ( - -3.415e+04 2 0)
s>            ( QUESTION2_2_L -1 -7.265e+04 2.943e+02 3.147e+02
s>                ( - -1.400e+04 1 0)
s>                ( - -5.836e+04 4 0))))INFO: dtree.c(1439): stop. leaf nodes are specific
INFO: dtree.c(1478): Final simple tree
|( QUESTION0_10_R 1 -1.052e+05 4.740e+02 4.660e+02
|    ( - -1.117e+04 1 0)
|    ( !QUESTION2 -1 -9.352e+04 4.474e+02 4.140e+02
|        ( - -1.145e+04 1 0)
|        ( - -8.163e+04 4 0)))
s>    ( QUESTION0_10_R 1 -1.052e+05 4.740e+02 4.660e+02
s>        ( - -1.117e+04 1 0)
s>        ( !QUESTION2 -1 -9.352e+04 4.474e+02 4.140e+02
s>            ( - -1.145e+04 1 0)
s>            ( - -8.163e+04 4 0)))INFO: dtree.c(1315): Comp split 13
INFO: dtree.c(1439): stop. leaf nodes are specific
INFO: dtree.c(1478): Final simple tree
|( QUESTION0_6_R 1 -4.240e+04 3.778e+02 1.897e+02
|    ( - -1.197e+04 1 0)
|    ( - -3.005e+04 2 0))
s>    ( QUESTION0_6_R 1 -4.240e+04 3.778e+02 1.897e+02
s>        ( - -1.197e+04 1 0)
s>        ( - -3.005e+04 2 0))INFO: dtree.c(1315): Comp split 14
INFO: dtree.c(1439): stop. leaf nodes are specific
INFO: dtree.c(1478): Final simple tree
|( QUESTION0_0_R 1 -2.546e+04 4.156e+02 1.116e+02
|    ( - -9.612e+03 1 0)
|    ( QUESTION11 -1 -1.543e+04 2.920e+02 6.918e+01
|        ( - -9.203e+03 1 0)
|        ( - -5.937e+03 1 0)))
s>    ( QUESTION0_0_R 1 -2.546e+04 4.156e+02 1.116e+02
s>        ( - -9.612e+03 1 0)
s>        ( QUESTION11 -1 -1.543e+04 2.920e+02 6.918e+01
s>            ( - -9.203e+03 1 0)
s>            ( - -5.937e+03 1 0)))INFO: dtree.c(1315): Comp split 15
INFO: dtree.c(1439): stop. leaf nodes are specific
INFO: dtree.c(1478): Final simple tree
|( QUESTION2 -1 -2.736e+04 3.456e+02 1.226e+02
|    ( - -1.320e+04 1 0)
|    ( - -1.381e+04 1 0))
s>    ( QUESTION2 -1 -2.736e+04 3.456e+02 1.226e+02
s>        ( - -1.320e+04 1 0)
s>        ( - -1.381e+04 1 0))INFO: dtree.c(1439): stop. leaf nodes are specific
INFO: dtree.c(1478): Final simple tree
|( QUESTION0_4_R 1 -3.605e+04 4.253e+02 1.679e+02
|    ( - -1.188e+04 1 0)
|    ( QUESTION11 -1 -2.374e+04 2.270e+02 1.117e+02
|        ( - -1.226e+04 1 0)
|        ( - -1.126e+04 1 0)))
s>    ( QUESTION0_4_R 1 -3.605e+04 4.253e+02 1.679e+02
s>        ( - -1.188e+04 1 0)
s>        ( QUESTION11 -1 -2.374e+04 2.270e+02 1.117e+02
s>            ( - -1.226e+04 1 0)
s>            ( - -1.126e+04 1 0)))INFO: dtree.c(1315): Comp split 16
INFO: dtree.c(1439): stop. leaf nodes are specific
INFO: dtree.c(1478): Final simple tree
|( WDBNDRY_B 0 -1.073e+05 4.551e+02 4.616e+02
|    ( - -3.415e+04 2 0)
|    ( QUESTION2_2_L -1 -7.265e+04 2.943e+02 3.147e+02
|        ( - -1.400e+04 1 0)
|        ( - -5.836e+04 4 0)))
s>    ( WDBNDRY_B 0 -1.073e+05 4.551e+02 4.616e+02
s>        ( - -3.415e+04 2 0)
s>        ( QUESTION2_2_L -1 -7.265e+04 2.943e+02 3.147e+02
s>            ( - -1.400e+04 1 0)
s>            ( - -5.836e+04 4 0)))INFO: dtree.c(1315): Comp split 17
INFO: dtree.c(1439): stop. leaf nodes are specific
INFO: dtree.c(1478): Final simple tree
|( !QUESTION2 -1 -9.352e+04 4.474e+02 4.140e+02
|    ( - -1.145e+04 1 0)
|    ( - -8.163e+04 4 0))
s>    ( !QUESTION2 -1 -9.352e+04 4.474e+02 4.140e+02
s>        ( - -1.145e+04 1 0)
s>        ( - -8.163e+04 4 0))INFO: dtree.c(1315): Comp split 18
INFO: dtree.c(1439): stop. leaf nodes are specific
INFO: dtree.c(1478): Final simple tree
|( QUESTION2_2_L -1 -7.265e+04 2.943e+02 3.147e+02
|    ( - -1.400e+04 1 0)
|    ( - -5.836e+04 4 0))
s>    ( QUESTION2_2_L -1 -7.265e+04 2.943e+02 3.147e+02
s>        ( - -1.400e+04 1 0)
s>        ( - -5.836e+04 4 0))INFO: dtree.c(1315): Comp split 19
INFO: dtree.c(1315): Comp split 20
INFO: dtree.c(1439): stop. leaf nodes are specific
INFO: dtree.c(1478): Final simple tree
|( QUESTION9 -1 -6.065e+04 3.347e+02 2.787e+02
|    ( - -3.507e+04 2 0)
|    ( - -2.524e+04 2 0))
s>    ( QUESTION9 -1 -6.065e+04 3.347e+02 2.787e+02
s>        ( - -3.507e+04 2 0)
s>        ( - -2.524e+04 2 0))INFO: dtree.c(1315): Comp split 21
INFO: dtree.c(1439): stop. leaf nodes are specific
INFO: dtree.c(1478): Final simple tree
|( QUESTION11 -1 -2.374e+04 2.270e+02 1.117e+02
|    ( - -1.226e+04 1 0)
|    ( - -1.126e+04 1 0))
s>    ( QUESTION11 -1 -2.374e+04 2.270e+02 1.117e+02
s>        ( - -1.226e+04 1 0)
s>        ( - -1.126e+04 1 0))INFO: dtree.c(1315): Comp split 22
INFO: dtree.c(1439): stop. leaf nodes are specific
INFO: dtree.c(1478): Final simple tree
|( QUESTION2 -1 -4.624e+04 3.363e+02 2.118e+02
|    ( - -1.404e+04 1 0)
|    ( - -3.186e+04 1 0))
s>    ( QUESTION2 -1 -4.624e+04 3.363e+02 2.118e+02
s>        ( - -1.404e+04 1 0)
s>        ( - -3.186e+04 1 0))INFO: dtree.c(1315): Comp split 23
INFO: dtree.c(1439): stop. leaf nodes are specific
INFO: dtree.c(1478): Final simple tree
|( QUESTION11 -1 -1.543e+04 2.920e+02 6.918e+01
|    ( - -9.203e+03 1 0)
|    ( - -5.937e+03 1 0))
s>    ( QUESTION11 -1 -1.543e+04 2.920e+02 6.918e+01
s>        ( - -9.203e+03 1 0)
s>        ( - -5.937e+03 1 0))INFO: dtree.c(1315): Comp split 24
INFO: dtree.c(1315): Comp split 25
INFO: dtree.c(1315): Comp split 26
INFO: dtree.c(1315): Comp split 27
INFO: dtree.c(1315): Comp split 28
INFO: dtree.c(1439): stop. leaf nodes are specific
INFO: dtree.c(1478): Final simple tree
|( QUESTION0_0_R 1 -1.427e+04 2.738e+02 6.499e+01
|    ( - -8.381e+03 1 0)
|    ( - -5.614e+03 1 0))
s>    ( QUESTION0_0_R 1 -1.427e+04 2.738e+02 6.499e+01
s>        ( - -8.381e+03 1 0)
s>        ( - -5.614e+03 1 0))INFO: dtree.c(1315): Comp split 29
INFO: dtree.c(1315): Comp split 30
INFO: dtree.c(1315): Comp split 31
INFO: dtree.c(1315): Comp split 32
INFO: dtree.c(1315): Comp split 33
INFO: dtree.c(1318): stop. leaf nodes are specific
!!!!!!!!Allocated 67 lines
Mon Nov  3 11:36:23 2014
