INFO: cmd_ln.c(696): Parsing command line:
/usr/local/libexec/sphinxtrain/bldtree \
	-treefn /home/sumu/aammango/trees/aammango.unpruned/a-1.dtree \
	-moddeffn /home/sumu/aammango/model_architecture/aammango.untied.mdef \
	-mixwfn /home/sumu/aammango/model_parameters/aammango.cd_cont_untied/mixture_weights \
	-ts2cbfn .cont. \
	-mwfloor 1e-08 \
	-psetfn /home/sumu/aammango/model_architecture/aammango.tree_questions \
	-phone a \
	-state 1 \
	-stwt 1.0,0.05,0.0 \
	-meanfn /home/sumu/aammango/model_parameters/aammango.cd_cont_untied/means \
	-varfn /home/sumu/aammango/model_parameters/aammango.cd_cont_untied/variances \
	-fullvar no \
	-ssplitmin 1 \
	-ssplitmax 7 \
	-ssplitthr 0 \
	-csplitmin 1 \
	-csplitmax 2000 \
	-csplitthr 0 

Current configuration:
[NAME]		[DEFLT]	[VALUE]
-allphones	no	no
-cntthresh	0.00001	1.000000e-05
-csplitmax	100	2000
-csplitmin	1	1
-csplitthr	8e-4	0.000000e+00
-example	no	no
-fullvar	no	no
-help		no	no
-meanfn			/home/sumu/aammango/model_parameters/aammango.cd_cont_untied/means
-mixwfn			/home/sumu/aammango/model_parameters/aammango.cd_cont_untied/mixture_weights
-moddeffn		/home/sumu/aammango/model_architecture/aammango.untied.mdef
-mwfloor	1e-4	1.000000e-08
-phone			a
-psetfn			/home/sumu/aammango/model_architecture/aammango.tree_questions
-ssplitmax	5	7
-ssplitmin	1	1
-ssplitthr	8e-4	0.000000e+00
-state			1
-stwt			1.0,0.05,0.0,
-treefn			/home/sumu/aammango/trees/aammango.unpruned/a-1.dtree
-ts2cbfn	.semi.	.cont.
-varfloor	0.00001	1.000000e-05
-varfn			/home/sumu/aammango/model_parameters/aammango.cd_cont_untied/variances

INFO: main.c(223): Reading: /home/sumu/aammango/model_architecture/aammango.untied.mdef
INFO: model_def_io.c(573): Model definition info:
INFO: model_def_io.c(574): 435 total models defined (69 base, 366 tri)
INFO: model_def_io.c(575): 1740 total states
INFO: model_def_io.c(576): 1305 total tied states
INFO: model_def_io.c(577): 207 total tied CI states
INFO: model_def_io.c(578): 69 total tied transition matrices
INFO: model_def_io.c(579): 4 max state/model
INFO: model_def_io.c(580): 4 min state/model
INFO: main.c(242): Building trees for [a SIL ch b] through [a y th i]
INFO: main.c(269): Covering states |[210 365]| == 156
INFO: main.c(275): Reading: /home/sumu/aammango/model_parameters/aammango.cd_cont_untied/mixture_weights
INFO: s3mixw_io.c(173): Read /home/sumu/aammango/model_parameters/aammango.cd_cont_untied/mixture_weights [156x1x1 array]
INFO: main.c(311): 52 of 52 models have observation count greater than 0.000010
INFO: main.c(95): nrm stwt: 0.045 0.909 0.045 
INFO: s3gau_io.c(169): Read /home/sumu/aammango/model_parameters/aammango.cd_cont_untied/means [1305x1x1 array]
INFO: s3gau_io.c(169): Read /home/sumu/aammango/model_parameters/aammango.cd_cont_untied/variances [1305x1x1 array]
INFO: main.c(549): Reading: /home/sumu/aammango/model_architecture/aammango.tree_questions
INFO: main.c(588): 176 total simple questions (168 phone; 8 word bndry)
INFO: main.c(590): 42 Left Only questions, and 42 Right Only questions
INFO: dtree.c(1478): Final simple tree
|( QUESTION0_11_R 1 -7.058e+05 2.807e+03 3.001e+03
|    ( - -4.897e+04 4 0 QUESTION9 -1 3.544e+02 2.102e+02)
|    ( WDBNDRY_B 0 -6.540e+05 1.466e+03 2.791e+03
|        ( - -5.830e+04 3 0 QUESTION0_10_R 1 6.065e+02 2.577e+02)
|        ( QUESTION0_0_R 1 -5.942e+05 1.513e+03 2.533e+03
|            ( QUESTION10 -1 -1.473e+05 1.030e+03 6.217e+02
|                ( - -5.549e+04 5 0 QUESTION12 1 7.636e+02 2.431e+02)
|                ( - -9.075e+04 7 0 !QUESTION6 -1 8.332e+02 3.785e+02))
|            ( QUESTION4 -1 -4.454e+05 1.801e+03 1.911e+03
|                ( - -5.375e+04 2 0)
|                ( QUESTION10 1 -3.899e+05 8.473e+02 1.667e+03
|                    ( QUESTION2_2_L -1 -1.460e+05 9.340e+02 6.332e+02
|                        ( - -7.703e+04 6 0 QUESTION11 1 5.973e+02 3.305e+02)
|                        ( - -6.802e+04 6 0 QUESTION11 1 5.627e+02 3.028e+02))
|                    ( - -2.431e+05 19 0 QUESTION10 -1 7.738e+02 1.034e+03))))))
s>    ( QUESTION0_11_R 1 -7.058e+05 2.807e+03 3.001e+03
s>        ( - -4.897e+04 4 0 QUESTION9 -1 3.544e+02 2.102e+02)
s>        ( WDBNDRY_B 0 -6.540e+05 1.466e+03 2.791e+03
s>            ( - -5.830e+04 3 0 QUESTION0_10_R 1 6.065e+02 2.577e+02)
s>            ( QUESTION0_0_R 1 -5.942e+05 1.513e+03 2.533e+03
s>                ( QUESTION10 -1 -1.473e+05 1.030e+03 6.217e+02
s>                    ( - -5.549e+04 5 0 QUESTION12 1 7.636e+02 2.431e+02)
s>                    ( - -9.075e+04 7 0 !QUESTION6 -1 8.332e+02 3.785e+02))
s>                ( QUESTION4 -1 -4.454e+05 1.801e+03 1.911e+03
s>                    ( - -5.375e+04 2 0)
s>                    ( QUESTION10 1 -3.899e+05 8.473e+02 1.667e+03
s>                        ( QUESTION2_2_L -1 -1.460e+05 9.340e+02 6.332e+02
s>                            ( - -7.703e+04 6 0 QUESTION11 1 5.973e+02 3.305e+02)
s>                            ( - -6.802e+04 6 0 QUESTION11 1 5.627e+02 3.028e+02))
s>                        ( - -2.431e+05 19 0 QUESTION10 -1 7.738e+02 1.034e+03))))))INFO: dtree.c(1315): Comp split 0
INFO: dtree.c(1478): Final simple tree
|( WDBNDRY_B 0 -6.540e+05 1.466e+03 2.791e+03
|    ( - -5.830e+04 3 0 QUESTION0_10_R 1 6.065e+02 2.577e+02)
|    ( QUESTION0_0_R 1 -5.942e+05 1.513e+03 2.533e+03
|        ( QUESTION10 -1 -1.473e+05 1.030e+03 6.217e+02
|            ( - -5.549e+04 5 0 QUESTION12 1 7.636e+02 2.431e+02)
|            ( !QUESTION6 -1 -9.075e+04 8.332e+02 3.785e+02
|                ( - -7.613e+04 6 0 QUESTION9 1 8.020e+02 3.194e+02)
|                ( - -1.379e+04 1 0)))
|        ( QUESTION4 -1 -4.454e+05 1.801e+03 1.911e+03
|            ( - -5.375e+04 2 0)
|            ( QUESTION10 1 -3.899e+05 8.473e+02 1.667e+03
|                ( QUESTION2_2_L -1 -1.460e+05 9.340e+02 6.332e+02
|                    ( - -7.703e+04 6 0 QUESTION11 1 5.973e+02 3.305e+02)
|                    ( - -6.802e+04 6 0 QUESTION11 1 5.627e+02 3.028e+02))
|                ( - -2.431e+05 19 0 QUESTION10 -1 7.738e+02 1.034e+03)))))
s>    ( WDBNDRY_B 0 -6.540e+05 1.466e+03 2.791e+03
s>        ( - -5.830e+04 3 0 QUESTION0_10_R 1 6.065e+02 2.577e+02)
s>        ( QUESTION0_0_R 1 -5.942e+05 1.513e+03 2.533e+03
s>            ( QUESTION10 -1 -1.473e+05 1.030e+03 6.217e+02
s>                ( - -5.549e+04 5 0 QUESTION12 1 7.636e+02 2.431e+02)
s>                ( !QUESTION6 -1 -9.075e+04 8.332e+02 3.785e+02
s>                    ( - -7.613e+04 6 0 QUESTION9 1 8.020e+02 3.194e+02)
s>                    ( - -1.379e+04 1 0)))
s>            ( QUESTION4 -1 -4.454e+05 1.801e+03 1.911e+03
s>                ( - -5.375e+04 2 0)
s>                ( QUESTION10 1 -3.899e+05 8.473e+02 1.667e+03
s>                    ( QUESTION2_2_L -1 -1.460e+05 9.340e+02 6.332e+02
s>                        ( - -7.703e+04 6 0 QUESTION11 1 5.973e+02 3.305e+02)
s>                        ( - -6.802e+04 6 0 QUESTION11 1 5.627e+02 3.028e+02))
s>                    ( - -2.431e+05 19 0 QUESTION10 -1 7.738e+02 1.034e+03)))))INFO: dtree.c(1439): stop. leaf nodes are specific
INFO: dtree.c(1478): Final simple tree
|( QUESTION9 -1 -4.897e+04 3.544e+02 2.102e+02
|    ( QUESTION2_2_L -1 -3.119e+04 2.292e+02 1.358e+02
|        ( - -1.840e+04 1 0)
|        ( - -1.257e+04 1 0))
|    ( QUESTION2 -1 -1.742e+04 2.856e+02 7.435e+01
|        ( - -8.164e+03 1 0)
|        ( - -8.970e+03 1 0)))
s>    ( QUESTION9 -1 -4.897e+04 3.544e+02 2.102e+02
s>        ( QUESTION2_2_L -1 -3.119e+04 2.292e+02 1.358e+02
s>            ( - -1.840e+04 1 0)
s>            ( - -1.257e+04 1 0))
s>        ( QUESTION2 -1 -1.742e+04 2.856e+02 7.435e+01
s>            ( - -8.164e+03 1 0)
s>            ( - -8.970e+03 1 0)))INFO: dtree.c(1315): Comp split 1
INFO: dtree.c(1439): stop. leaf nodes are specific
INFO: dtree.c(1478): Final simple tree
|( WDBNDRY_B 0 -1.357e+05 1.277e+03 5.771e+02
|    ( QUESTION0_10_R 1 -5.830e+04 6.065e+02 2.577e+02
|        ( - -2.668e+04 1 0)
|        ( - -3.102e+04 2 0))
|    ( QUESTION9 1 -7.613e+04 8.020e+02 3.194e+02
|        ( - -2.500e+04 2 0)
|        ( QUESTION0_3_R 1 -5.032e+04 6.315e+02 2.084e+02
|            ( QUESTION2_3_L -1 -3.550e+04 5.136e+02 1.458e+02
|                ( - -8.403e+03 1 0)
|                ( QUESTION0_6_R 1 -2.659e+04 5.076e+02 1.127e+02
|                    ( - -1.527e+04 1 0)
|                    ( - -1.081e+04 1 0)))
|            ( - -1.419e+04 1 0))))
s>    ( WDBNDRY_B 0 -1.357e+05 1.277e+03 5.771e+02
s>        ( QUESTION0_10_R 1 -5.830e+04 6.065e+02 2.577e+02
s>            ( - -2.668e+04 1 0)
s>            ( - -3.102e+04 2 0))
s>        ( QUESTION9 1 -7.613e+04 8.020e+02 3.194e+02
s>            ( - -2.500e+04 2 0)
s>            ( QUESTION0_3_R 1 -5.032e+04 6.315e+02 2.084e+02
s>                ( QUESTION2_3_L -1 -3.550e+04 5.136e+02 1.458e+02
s>                    ( - -8.403e+03 1 0)
s>                    ( QUESTION0_6_R 1 -2.659e+04 5.076e+02 1.127e+02
s>                        ( - -1.527e+04 1 0)
s>                        ( - -1.081e+04 1 0)))
s>                ( - -1.419e+04 1 0))))INFO: dtree.c(1478): Final simple tree
|( QUESTION4 -1 -5.161e+05 1.693e+03 2.213e+03
|    ( - -5.375e+04 2 0)
|    ( QUESTION0_0_R 1 -4.607e+05 9.648e+02 1.970e+03
|        ( QUESTION12 1 -6.982e+04 9.218e+02 3.022e+02
|            ( - -2.669e+04 2 0 QUESTION2 -1 3.779e+02 1.143e+02)
|            ( - -4.220e+04 4 0 QUESTION0_4_R 1 6.142e+02 1.880e+02))
|        ( QUESTION10 1 -3.899e+05 8.473e+02 1.667e+03
|            ( QUESTION2_2_L -1 -1.460e+05 9.340e+02 6.332e+02
|                ( - -7.703e+04 6 0 QUESTION11 1 5.973e+02 3.305e+02)
|                ( - -6.802e+04 6 0 QUESTION11 1 5.627e+02 3.028e+02))
|            ( QUESTION10 -1 -2.431e+05 7.738e+02 1.034e+03
|                ( - -1.997e+04 2 0 QUESTION11 -1 5.477e+02 8.686e+01)
|                ( QUESTION2_19_L -1 -2.223e+05 9.528e+02 9.473e+02
|                    ( - -7.179e+04 5 0 QUESTION0_10_R 1 6.268e+02 3.200e+02)
|                    ( - -1.496e+05 12 0 QUESTION2_17_L -1 5.560e+02 6.273e+02))))))
s>    ( QUESTION4 -1 -5.161e+05 1.693e+03 2.213e+03
s>        ( - -5.375e+04 2 0)
s>        ( QUESTION0_0_R 1 -4.607e+05 9.648e+02 1.970e+03
s>            ( QUESTION12 1 -6.982e+04 9.218e+02 3.022e+02
s>                ( - -2.669e+04 2 0 QUESTION2 -1 3.779e+02 1.143e+02)
s>                ( - -4.220e+04 4 0 QUESTION0_4_R 1 6.142e+02 1.880e+02))
s>            ( QUESTION10 1 -3.899e+05 8.473e+02 1.667e+03
s>                ( QUESTION2_2_L -1 -1.460e+05 9.340e+02 6.332e+02
s>                    ( - -7.703e+04 6 0 QUESTION11 1 5.973e+02 3.305e+02)
s>                    ( - -6.802e+04 6 0 QUESTION11 1 5.627e+02 3.028e+02))
s>                ( QUESTION10 -1 -2.431e+05 7.738e+02 1.034e+03
s>                    ( - -1.997e+04 2 0 QUESTION11 -1 5.477e+02 8.686e+01)
s>                    ( QUESTION2_19_L -1 -2.223e+05 9.528e+02 9.473e+02
s>                        ( - -7.179e+04 5 0 QUESTION0_10_R 1 6.268e+02 3.200e+02)
s>                        ( - -1.496e+05 12 0 QUESTION2_17_L -1 5.560e+02 6.273e+02))))))INFO: dtree.c(1315): Comp split 2
INFO: dtree.c(1478): Final simple tree
|( QUESTION9 1 -2.480e+05 8.117e+02 1.045e+03
|    ( QUESTION10 -1 -1.702e+05 6.644e+02 7.142e+02
|        ( QUESTION11 -1 -1.997e+04 5.477e+02 8.686e+01
|            ( - -8.790e+03 1 0)
|            ( - -1.063e+04 1 0))
|        ( QUESTION2_17_L -1 -1.496e+05 5.560e+02 6.273e+02
|            ( !QUESTION0_10_R 1 -2.800e+04 5.699e+02 1.192e+02
|                ( - -1.976e+04 2 0)
|                ( - -7.669e+03 1 0))
|            ( QUESTION2 -1 -1.210e+05 5.339e+02 5.081e+02
|                ( - -5.599e+04 4 0)
|                ( - -6.449e+04 5 0 QUESTION2_2_L -1 3.447e+02 2.764e+02))))
|    ( QUESTION11 1 -7.703e+04 5.973e+02 3.305e+02
|        ( - -1.503e+04 2 0 QUESTION9 -1 4.754e+02 6.720e+01)
|        ( - -6.140e+04 4 0 QUESTION9 -1 4.005e+02 2.633e+02)))
s>    ( QUESTION9 1 -2.480e+05 8.117e+02 1.045e+03
s>        ( QUESTION10 -1 -1.702e+05 6.644e+02 7.142e+02
s>            ( QUESTION11 -1 -1.997e+04 5.477e+02 8.686e+01
s>                ( - -8.790e+03 1 0)
s>                ( - -1.063e+04 1 0))
s>            ( QUESTION2_17_L -1 -1.496e+05 5.560e+02 6.273e+02
s>                ( !QUESTION0_10_R 1 -2.800e+04 5.699e+02 1.192e+02
s>                    ( - -1.976e+04 2 0)
s>                    ( - -7.669e+03 1 0))
s>                ( QUESTION2 -1 -1.210e+05 5.339e+02 5.081e+02
s>                    ( - -5.599e+04 4 0)
s>                    ( - -6.449e+04 5 0 QUESTION2_2_L -1 3.447e+02 2.764e+02))))
s>        ( QUESTION11 1 -7.703e+04 5.973e+02 3.305e+02
s>            ( - -1.503e+04 2 0 QUESTION9 -1 4.754e+02 6.720e+01)
s>            ( - -6.140e+04 4 0 QUESTION9 -1 4.005e+02 2.633e+02)))INFO: dtree.c(1478): Final simple tree
|( QUESTION4 -1 -2.661e+05 1.306e+03 1.169e+03
|    ( - -5.375e+04 2 0)
|    ( QUESTION19 -1 -2.110e+05 8.566e+02 9.250e+02
|        ( QUESTION2_2_L -1 -4.706e+04 9.126e+02 2.064e+02
|            ( QUESTION12 1 -3.460e+04 6.990e+02 1.543e+02
|                ( - -1.253e+04 1 0)
|                ( - -2.137e+04 2 0 QUESTION0_4_R 1 5.236e+02 9.919e+01))
|            ( - -1.155e+04 1 0))
|        ( QUESTION0_10_R 1 -1.631e+05 6.221e+02 7.185e+02
|            ( - -1.764e+04 1 0)
|            ( QUESTION19 1 -1.449e+05 5.927e+02 6.366e+02
|                ( - -5.140e+04 5 0 QUESTION9 -1 4.456e+02 2.296e+02)
|                ( QUESTION9 1 -9.288e+04 5.241e+02 4.070e+02
|                    ( - -6.193e+04 5 0 QUESTION0_0_R 1 4.204e+02 2.748e+02)
|                    ( - -3.042e+04 2 0 QUESTION0_0_R 1 5.801e+02 1.322e+02))))))
s>    ( QUESTION4 -1 -2.661e+05 1.306e+03 1.169e+03
s>        ( - -5.375e+04 2 0)
s>        ( QUESTION19 -1 -2.110e+05 8.566e+02 9.250e+02
s>            ( QUESTION2_2_L -1 -4.706e+04 9.126e+02 2.064e+02
s>                ( QUESTION12 1 -3.460e+04 6.990e+02 1.543e+02
s>                    ( - -1.253e+04 1 0)
s>                    ( - -2.137e+04 2 0 QUESTION0_4_R 1 5.236e+02 9.919e+01))
s>                ( - -1.155e+04 1 0))
s>            ( QUESTION0_10_R 1 -1.631e+05 6.221e+02 7.185e+02
s>                ( - -1.764e+04 1 0)
s>                ( QUESTION19 1 -1.449e+05 5.927e+02 6.366e+02
s>                    ( - -5.140e+04 5 0 QUESTION9 -1 4.456e+02 2.296e+02)
s>                    ( QUESTION9 1 -9.288e+04 5.241e+02 4.070e+02
s>                        ( - -6.193e+04 5 0 QUESTION0_0_R 1 4.204e+02 2.748e+02)
s>                        ( - -3.042e+04 2 0 QUESTION0_0_R 1 5.801e+02 1.322e+02))))))INFO: dtree.c(1315): Comp split 3
INFO: dtree.c(1478): Final simple tree
|( QUESTION0_10_R 1 -1.762e+05 6.256e+02 7.737e+02
|    ( - -1.764e+04 1 0)
|    ( QUESTION19 1 -1.579e+05 6.573e+02 6.918e+02
|        ( QUESTION9 -1 -5.140e+04 4.456e+02 2.296e+02
|            ( - -2.943e+04 3 0)
|            ( - -2.152e+04 2 0))
|        ( QUESTION2_2_L -1 -1.058e+05 5.522e+02 4.621e+02
|            ( QUESTION0_0_R 1 -6.646e+04 4.040e+02 2.932e+02
|                ( - -1.253e+04 1 0)
|                ( - -5.353e+04 4 0))
|            ( QUESTION0_0_R 1 -3.883e+04 5.670e+02 1.689e+02
|                ( QUESTION2 -1 -2.221e+04 4.393e+02 9.582e+01
|                    ( - -1.379e+04 1 0)
|                    ( - -7.984e+03 1 0))
|                ( - -1.605e+04 1 0)))))
s>    ( QUESTION0_10_R 1 -1.762e+05 6.256e+02 7.737e+02
s>        ( - -1.764e+04 1 0)
s>        ( QUESTION19 1 -1.579e+05 6.573e+02 6.918e+02
s>            ( QUESTION9 -1 -5.140e+04 4.456e+02 2.296e+02
s>                ( - -2.943e+04 3 0)
s>                ( - -2.152e+04 2 0))
s>            ( QUESTION2_2_L -1 -1.058e+05 5.522e+02 4.621e+02
s>                ( QUESTION0_0_R 1 -6.646e+04 4.040e+02 2.932e+02
s>                    ( - -1.253e+04 1 0)
s>                    ( - -5.353e+04 4 0))
s>                ( QUESTION0_0_R 1 -3.883e+04 5.670e+02 1.689e+02
s>                    ( QUESTION2 -1 -2.221e+04 4.393e+02 9.582e+01
s>                        ( - -1.379e+04 1 0)
s>                        ( - -7.984e+03 1 0))
s>                    ( - -1.605e+04 1 0)))))INFO: dtree.c(1439): stop. leaf nodes are specific
INFO: dtree.c(1478): Final simple tree
|( QUESTION0_0_R 1 -8.835e+04 8.087e+02 3.952e+02
|    ( QUESTION2_2_L -1 -3.380e+04 8.805e+02 1.513e+02
|        ( QUESTION0_4_R 1 -2.137e+04 5.236e+02 9.919e+01
|            ( - -1.020e+04 1 0)
|            ( - -1.065e+04 1 0))
|        ( - -1.155e+04 1 0))
|    ( - -5.375e+04 2 0))
s>    ( QUESTION0_0_R 1 -8.835e+04 8.087e+02 3.952e+02
s>        ( QUESTION2_2_L -1 -3.380e+04 8.805e+02 1.513e+02
s>            ( QUESTION0_4_R 1 -2.137e+04 5.236e+02 9.919e+01
s>                ( - -1.020e+04 1 0)
s>                ( - -1.065e+04 1 0))
s>            ( - -1.155e+04 1 0))
s>        ( - -5.375e+04 2 0))INFO: dtree.c(1315): Comp split 4
INFO: dtree.c(1439): stop. leaf nodes are specific
INFO: dtree.c(1478): Final simple tree
|( QUESTION0_6_R 1 -4.138e+04 6.339e+02 1.753e+02
|    ( - -1.527e+04 1 0)
|    ( QUESTION0_3_R 1 -2.548e+04 4.815e+02 1.098e+02
|        ( - -1.081e+04 1 0)
|        ( - -1.419e+04 1 0)))
s>    ( QUESTION0_6_R 1 -4.138e+04 6.339e+02 1.753e+02
s>        ( - -1.527e+04 1 0)
s>        ( QUESTION0_3_R 1 -2.548e+04 4.815e+02 1.098e+02
s>            ( - -1.081e+04 1 0)
s>            ( - -1.419e+04 1 0)))INFO: dtree.c(1439): stop. leaf nodes are specific
INFO: dtree.c(1478): Final simple tree
|( !QUESTION0_7_R 1 -9.297e+04 7.943e+02 4.018e+02
|    ( QUESTION0_20_R 1 -6.717e+04 5.830e+02 2.908e+02
|        ( - -3.102e+04 2 0)
|        ( WDBNDRY_B 0 -3.557e+04 4.906e+02 1.569e+02
|            ( - -2.668e+04 1 0)
|            ( - -8.403e+03 1 0)))
|    ( - -2.500e+04 2 0))
s>    ( !QUESTION0_7_R 1 -9.297e+04 7.943e+02 4.018e+02
s>        ( QUESTION0_20_R 1 -6.717e+04 5.830e+02 2.908e+02
s>            ( - -3.102e+04 2 0)
s>            ( WDBNDRY_B 0 -3.557e+04 4.906e+02 1.569e+02
s>                ( - -2.668e+04 1 0)
s>                ( - -8.403e+03 1 0)))
s>        ( - -2.500e+04 2 0))INFO: dtree.c(1315): Comp split 5
INFO: dtree.c(1439): stop. leaf nodes are specific
INFO: dtree.c(1478): Final simple tree
|( QUESTION0_4_R 1 -7.567e+04 7.005e+02 3.431e+02
|    ( - -1.020e+04 1 0)
|    ( QUESTION0_0_R 1 -6.477e+04 3.778e+02 2.931e+02
|        ( - -1.065e+04 1 0)
|        ( - -5.375e+04 2 0)))
s>    ( QUESTION0_4_R 1 -7.567e+04 7.005e+02 3.431e+02
s>        ( - -1.020e+04 1 0)
s>        ( QUESTION0_0_R 1 -6.477e+04 3.778e+02 2.931e+02
s>            ( - -1.065e+04 1 0)
s>            ( - -5.375e+04 2 0)))INFO: dtree.c(1315): Comp split 6
INFO: dtree.c(1439): stop. leaf nodes are specific
INFO: dtree.c(1478): Final simple tree
|( QUESTION0_0_R 1 -8.067e+04 4.472e+02 3.523e+02
|    ( QUESTION2 -1 -2.669e+04 3.779e+02 1.143e+02
|        ( - -1.379e+04 1 0)
|        ( - -1.253e+04 1 0))
|    ( - -5.353e+04 4 0))
s>    ( QUESTION0_0_R 1 -8.067e+04 4.472e+02 3.523e+02
s>        ( QUESTION2 -1 -2.669e+04 3.779e+02 1.143e+02
s>            ( - -1.379e+04 1 0)
s>            ( - -1.253e+04 1 0))
s>        ( - -5.353e+04 4 0))INFO: dtree.c(1439): stop. leaf nodes are specific
INFO: dtree.c(1478): Final simple tree
|( QUESTION11 1 -9.467e+04 6.110e+02 4.214e+02
|    ( - -1.605e+04 1 0)
|    ( QUESTION9 -1 -7.800e+04 5.501e+02 3.482e+02
|        ( QUESTION0_10_R 1 -4.761e+04 5.468e+02 2.131e+02
|            ( - -1.764e+04 1 0)
|            ( - -2.943e+04 3 0))
|        ( QUESTION0_0_R 1 -2.984e+04 3.341e+02 1.351e+02
|            ( - -7.984e+03 1 0)
|            ( - -2.152e+04 2 0))))
s>    ( QUESTION11 1 -9.467e+04 6.110e+02 4.214e+02
s>        ( - -1.605e+04 1 0)
s>        ( QUESTION9 -1 -7.800e+04 5.501e+02 3.482e+02
s>            ( QUESTION0_10_R 1 -4.761e+04 5.468e+02 2.131e+02
s>                ( - -1.764e+04 1 0)
s>                ( - -2.943e+04 3 0))
s>            ( QUESTION0_0_R 1 -2.984e+04 3.341e+02 1.351e+02
s>                ( - -7.984e+03 1 0)
s>                ( - -2.152e+04 2 0))))INFO: dtree.c(1315): Comp split 7
INFO: dtree.c(1439): stop. leaf nodes are specific
INFO: dtree.c(1478): Final simple tree
|( QUESTION10 -1 -1.702e+05 6.644e+02 7.142e+02
|    ( QUESTION11 -1 -1.997e+04 5.477e+02 8.686e+01
|        ( - -8.790e+03 1 0)
|        ( - -1.063e+04 1 0))
|    ( QUESTION2_17_L -1 -1.496e+05 5.560e+02 6.273e+02
|        ( !QUESTION0_10_R 1 -2.800e+04 5.699e+02 1.192e+02
|            ( - -1.976e+04 2 0)
|            ( - -7.669e+03 1 0))
|        ( QUESTION2 -1 -1.210e+05 5.339e+02 5.081e+02
|            ( - -5.599e+04 4 0)
|            ( QUESTION2_2_L -1 -6.449e+04 3.447e+02 2.764e+02
|                ( - -1.013e+04 1 0)
|                ( - -5.402e+04 4 0)))))
s>    ( QUESTION10 -1 -1.702e+05 6.644e+02 7.142e+02
s>        ( QUESTION11 -1 -1.997e+04 5.477e+02 8.686e+01
s>            ( - -8.790e+03 1 0)
s>            ( - -1.063e+04 1 0))
s>        ( QUESTION2_17_L -1 -1.496e+05 5.560e+02 6.273e+02
s>            ( !QUESTION0_10_R 1 -2.800e+04 5.699e+02 1.192e+02
s>                ( - -1.976e+04 2 0)
s>                ( - -7.669e+03 1 0))
s>            ( QUESTION2 -1 -1.210e+05 5.339e+02 5.081e+02
s>                ( - -5.599e+04 4 0)
s>                ( QUESTION2_2_L -1 -6.449e+04 3.447e+02 2.764e+02
s>                    ( - -1.013e+04 1 0)
s>                    ( - -5.402e+04 4 0)))))INFO: dtree.c(1439): stop. leaf nodes are specific
INFO: dtree.c(1478): Final simple tree
|( QUESTION11 1 -7.703e+04 5.973e+02 3.305e+02
|    ( QUESTION9 -1 -1.503e+04 4.754e+02 6.720e+01
|        ( - -7.220e+03 1 0)
|        ( - -7.339e+03 1 0))
|    ( QUESTION9 -1 -6.140e+04 4.005e+02 2.633e+02
|        ( - -5.281e+04 3 0)
|        ( - -8.188e+03 1 0)))
s>    ( QUESTION11 1 -7.703e+04 5.973e+02 3.305e+02
s>        ( QUESTION9 -1 -1.503e+04 4.754e+02 6.720e+01
s>            ( - -7.220e+03 1 0)
s>            ( - -7.339e+03 1 0))
s>        ( QUESTION9 -1 -6.140e+04 4.005e+02 2.633e+02
s>            ( - -5.281e+04 3 0)
s>            ( - -8.188e+03 1 0)))INFO: dtree.c(1315): Comp split 8
INFO: dtree.c(1439): stop. leaf nodes are specific
INFO: dtree.c(1478): Final simple tree
|( !QUESTION0_10_R 1 -6.213e+04 4.354e+02 2.657e+02
|    ( - -5.402e+04 4 0)
|    ( - -7.669e+03 1 0))
s>    ( !QUESTION0_10_R 1 -6.213e+04 4.354e+02 2.657e+02
s>        ( - -5.402e+04 4 0)
s>        ( - -7.669e+03 1 0))INFO: dtree.c(1439): stop. leaf nodes are specific
INFO: dtree.c(1478): Final simple tree
|( QUESTION11 -1 -1.073e+05 6.442e+02 4.485e+02
|    ( - -8.790e+03 1 0)
|    ( QUESTION2_17_L -1 -9.783e+04 5.391e+02 4.112e+02
|        ( - -1.976e+04 2 0)
|        ( QUESTION10 -1 -7.753e+04 5.372e+02 3.261e+02
|            ( - -1.063e+04 1 0)
|            ( QUESTION2 -1 -6.636e+04 2.511e+02 2.765e+02
|                ( - -5.599e+04 4 0)
|                ( - -1.013e+04 1 0)))))
s>    ( QUESTION11 -1 -1.073e+05 6.442e+02 4.485e+02
s>        ( - -8.790e+03 1 0)
s>        ( QUESTION2_17_L -1 -9.783e+04 5.391e+02 4.112e+02
s>            ( - -1.976e+04 2 0)
s>            ( QUESTION10 -1 -7.753e+04 5.372e+02 3.261e+02
s>                ( - -1.063e+04 1 0)
s>                ( QUESTION2 -1 -6.636e+04 2.511e+02 2.765e+02
s>                    ( - -5.599e+04 4 0)
s>                    ( - -1.013e+04 1 0)))))INFO: dtree.c(1315): Comp split 9
INFO: dtree.c(1439): stop. leaf nodes are specific
INFO: dtree.c(1478): Final simple tree
|( QUESTION0_20_R 1 -6.717e+04 5.830e+02 2.908e+02
|    ( - -3.102e+04 2 0)
|    ( WDBNDRY_B 0 -3.557e+04 4.906e+02 1.569e+02
|        ( - -2.668e+04 1 0)
|        ( - -8.403e+03 1 0)))
s>    ( QUESTION0_20_R 1 -6.717e+04 5.830e+02 2.908e+02
s>        ( - -3.102e+04 2 0)
s>        ( WDBNDRY_B 0 -3.557e+04 4.906e+02 1.569e+02
s>            ( - -2.668e+04 1 0)
s>            ( - -8.403e+03 1 0)))INFO: dtree.c(1315): Comp split 10
INFO: dtree.c(1439): stop. leaf nodes are specific
INFO: dtree.c(1478): Final simple tree
|( QUESTION0_0_R 1 -6.477e+04 3.778e+02 2.931e+02
|    ( - -1.065e+04 1 0)
|    ( - -5.375e+04 2 0))
s>    ( QUESTION0_0_R 1 -6.477e+04 3.778e+02 2.931e+02
s>        ( - -1.065e+04 1 0)
s>        ( - -5.375e+04 2 0))INFO: dtree.c(1315): Comp split 11
INFO: dtree.c(1439): stop. leaf nodes are specific
INFO: dtree.c(1478): Final simple tree
|( QUESTION0_10_R 1 -4.761e+04 5.468e+02 2.131e+02
|    ( - -1.764e+04 1 0)
|    ( - -2.943e+04 3 0))
s>    ( QUESTION0_10_R 1 -4.761e+04 5.468e+02 2.131e+02
s>        ( - -1.764e+04 1 0)
s>        ( - -2.943e+04 3 0))INFO: dtree.c(1439): stop. leaf nodes are specific
INFO: dtree.c(1478): Final simple tree
|( QUESTION9 -1 -4.640e+04 5.037e+02 2.082e+02
|    ( - -1.605e+04 1 0)
|    ( QUESTION0_0_R 1 -2.984e+04 3.341e+02 1.351e+02
|        ( - -7.984e+03 1 0)
|        ( - -2.152e+04 2 0)))
s>    ( QUESTION9 -1 -4.640e+04 5.037e+02 2.082e+02
s>        ( - -1.605e+04 1 0)
s>        ( QUESTION0_0_R 1 -2.984e+04 3.341e+02 1.351e+02
s>            ( - -7.984e+03 1 0)
s>            ( - -2.152e+04 2 0)))INFO: dtree.c(1315): Comp split 12
INFO: dtree.c(1439): stop. leaf nodes are specific
INFO: dtree.c(1478): Final simple tree
|( QUESTION2_17_L -1 -9.783e+04 5.391e+02 4.112e+02
|    ( - -1.976e+04 2 0)
|    ( QUESTION10 -1 -7.753e+04 5.372e+02 3.261e+02
|        ( - -1.063e+04 1 0)
|        ( QUESTION2 -1 -6.636e+04 2.511e+02 2.765e+02
|            ( - -5.599e+04 4 0)
|            ( - -1.013e+04 1 0))))
s>    ( QUESTION2_17_L -1 -9.783e+04 5.391e+02 4.112e+02
s>        ( - -1.976e+04 2 0)
s>        ( QUESTION10 -1 -7.753e+04 5.372e+02 3.261e+02
s>            ( - -1.063e+04 1 0)
s>            ( QUESTION2 -1 -6.636e+04 2.511e+02 2.765e+02
s>                ( - -5.599e+04 4 0)
s>                ( - -1.013e+04 1 0))))INFO: dtree.c(1315): Comp split 13
INFO: dtree.c(1439): stop. leaf nodes are specific
INFO: dtree.c(1478): Final simple tree
|( QUESTION0_3_R 1 -2.548e+04 4.815e+02 1.098e+02
|    ( - -1.081e+04 1 0)
|    ( - -1.419e+04 1 0))
s>    ( QUESTION0_3_R 1 -2.548e+04 4.815e+02 1.098e+02
s>        ( - -1.081e+04 1 0)
s>        ( - -1.419e+04 1 0))INFO: dtree.c(1315): Comp split 14
INFO: dtree.c(1439): stop. leaf nodes are specific
INFO: dtree.c(1478): Final simple tree
|( QUESTION9 -1 -2.360e+04 4.809e+02 1.043e+02
|    ( - -7.220e+03 1 0)
|    ( QUESTION11 -1 -1.590e+04 3.719e+02 7.182e+01
|        ( - -8.188e+03 1 0)
|        ( - -7.339e+03 1 0)))
s>    ( QUESTION9 -1 -2.360e+04 4.809e+02 1.043e+02
s>        ( - -7.220e+03 1 0)
s>        ( QUESTION11 -1 -1.590e+04 3.719e+02 7.182e+01
s>            ( - -8.188e+03 1 0)
s>            ( - -7.339e+03 1 0)))INFO: dtree.c(1315): Comp split 15
INFO: dtree.c(1439): stop. leaf nodes are specific
INFO: dtree.c(1478): Final simple tree
|( WDBNDRY_B 0 -3.557e+04 4.906e+02 1.569e+02
|    ( - -2.668e+04 1 0)
|    ( - -8.403e+03 1 0))
s>    ( WDBNDRY_B 0 -3.557e+04 4.906e+02 1.569e+02
s>        ( - -2.668e+04 1 0)
s>        ( - -8.403e+03 1 0))INFO: dtree.c(1315): Comp split 16
INFO: dtree.c(1439): stop. leaf nodes are specific
INFO: dtree.c(1478): Final simple tree
|( QUESTION2 -1 -6.636e+04 2.511e+02 2.765e+02
|    ( - -5.599e+04 4 0)
|    ( - -1.013e+04 1 0))
s>    ( QUESTION2 -1 -6.636e+04 2.511e+02 2.765e+02
s>        ( - -5.599e+04 4 0)
s>        ( - -1.013e+04 1 0))INFO: dtree.c(1439): stop. leaf nodes are specific
INFO: dtree.c(1478): Final simple tree
|( QUESTION9 -1 -3.090e+04 5.092e+02 1.347e+02
|    ( - -1.976e+04 2 0)
|    ( - -1.063e+04 1 0))
s>    ( QUESTION9 -1 -3.090e+04 5.092e+02 1.347e+02
s>        ( - -1.976e+04 2 0)
s>        ( - -1.063e+04 1 0))INFO: dtree.c(1315): Comp split 17
INFO: dtree.c(1315): Comp split 18
INFO: dtree.c(1315): Comp split 19
INFO: dtree.c(1439): stop. leaf nodes are specific
INFO: dtree.c(1478): Final simple tree
|( QUESTION0_0_R 1 -2.984e+04 3.341e+02 1.351e+02
|    ( - -7.984e+03 1 0)
|    ( - -2.152e+04 2 0))
s>    ( QUESTION0_0_R 1 -2.984e+04 3.341e+02 1.351e+02
s>        ( - -7.984e+03 1 0)
s>        ( - -2.152e+04 2 0))INFO: dtree.c(1315): Comp split 20
INFO: dtree.c(1315): Comp split 21
INFO: dtree.c(1315): Comp split 22
INFO: dtree.c(1439): stop. leaf nodes are specific
INFO: dtree.c(1478): Final simple tree
|( QUESTION11 -1 -1.590e+04 3.719e+02 7.182e+01
|    ( - -8.188e+03 1 0)
|    ( - -7.339e+03 1 0))
s>    ( QUESTION11 -1 -1.590e+04 3.719e+02 7.182e+01
s>        ( - -8.188e+03 1 0)
s>        ( - -7.339e+03 1 0))INFO: dtree.c(1315): Comp split 23
INFO: dtree.c(1439): stop. leaf nodes are specific
INFO: dtree.c(1478): Final simple tree
|( QUESTION2 -1 -2.669e+04 3.779e+02 1.143e+02
|    ( - -1.379e+04 1 0)
|    ( - -1.253e+04 1 0))
s>    ( QUESTION2 -1 -2.669e+04 3.779e+02 1.143e+02
s>        ( - -1.379e+04 1 0)
s>        ( - -1.253e+04 1 0))INFO: dtree.c(1315): Comp split 24
INFO: dtree.c(1315): Comp split 25
INFO: dtree.c(1315): Comp split 26
INFO: dtree.c(1315): Comp split 27
INFO: dtree.c(1315): Comp split 28
INFO: dtree.c(1439): stop. leaf nodes are specific
INFO: dtree.c(1478): Final simple tree
|( QUESTION2 -1 -1.742e+04 2.856e+02 7.435e+01
|    ( - -8.164e+03 1 0)
|    ( - -8.970e+03 1 0))
s>    ( QUESTION2 -1 -1.742e+04 2.856e+02 7.435e+01
s>        ( - -8.164e+03 1 0)
s>        ( - -8.970e+03 1 0))INFO: dtree.c(1439): stop. leaf nodes are specific
INFO: dtree.c(1478): Final simple tree
|( QUESTION2_2_L -1 -3.119e+04 2.292e+02 1.358e+02
|    ( - -1.840e+04 1 0)
|    ( - -1.257e+04 1 0))
s>    ( QUESTION2_2_L -1 -3.119e+04 2.292e+02 1.358e+02
s>        ( - -1.840e+04 1 0)
s>        ( - -1.257e+04 1 0))INFO: dtree.c(1315): Comp split 29
INFO: dtree.c(1315): Comp split 30
INFO: dtree.c(1315): Comp split 31
INFO: dtree.c(1315): Comp split 32
INFO: dtree.c(1315): Comp split 33
INFO: dtree.c(1318): stop. leaf nodes are specific
!!!!!!!!Allocated 67 lines
Mon Nov  3 11:36:23 2014
