INFO: cmd_ln.c(696): Parsing command line:
/usr/local/libexec/sphinxtrain/bldtree \
	-treefn /home/sumu/aammango/trees/aammango.unpruned/m-0.dtree \
	-moddeffn /home/sumu/aammango/model_architecture/aammango.untied.mdef \
	-mixwfn /home/sumu/aammango/model_parameters/aammango.cd_cont_untied/mixture_weights \
	-ts2cbfn .cont. \
	-mwfloor 1e-08 \
	-psetfn /home/sumu/aammango/model_architecture/aammango.tree_questions \
	-phone m \
	-state 0 \
	-stwt 1.0,0.05,0.0 \
	-meanfn /home/sumu/aammango/model_parameters/aammango.cd_cont_untied/means \
	-varfn /home/sumu/aammango/model_parameters/aammango.cd_cont_untied/variances \
	-fullvar no \
	-ssplitmin 1 \
	-ssplitmax 7 \
	-ssplitthr 0 \
	-csplitmin 1 \
	-csplitmax 2000 \
	-csplitthr 0 

Current configuration:
[NAME]		[DEFLT]	[VALUE]
-allphones	no	no
-cntthresh	0.00001	1.000000e-05
-csplitmax	100	2000
-csplitmin	1	1
-csplitthr	8e-4	0.000000e+00
-example	no	no
-fullvar	no	no
-help		no	no
-meanfn			/home/sumu/aammango/model_parameters/aammango.cd_cont_untied/means
-mixwfn			/home/sumu/aammango/model_parameters/aammango.cd_cont_untied/mixture_weights
-moddeffn		/home/sumu/aammango/model_architecture/aammango.untied.mdef
-mwfloor	1e-4	1.000000e-08
-phone			m
-psetfn			/home/sumu/aammango/model_architecture/aammango.tree_questions
-ssplitmax	5	7
-ssplitmin	1	1
-ssplitthr	8e-4	0.000000e+00
-state			0
-stwt			1.0,0.05,0.0,
-treefn			/home/sumu/aammango/trees/aammango.unpruned/m-0.dtree
-ts2cbfn	.semi.	.cont.
-varfloor	0.00001	1.000000e-05
-varfn			/home/sumu/aammango/model_parameters/aammango.cd_cont_untied/variances

INFO: main.c(223): Reading: /home/sumu/aammango/model_architecture/aammango.untied.mdef
INFO: model_def_io.c(573): Model definition info:
INFO: model_def_io.c(574): 435 total models defined (69 base, 366 tri)
INFO: model_def_io.c(575): 1740 total states
INFO: model_def_io.c(576): 1305 total tied states
INFO: model_def_io.c(577): 207 total tied CI states
INFO: model_def_io.c(578): 69 total tied transition matrices
INFO: model_def_io.c(579): 4 max state/model
INFO: model_def_io.c(580): 4 min state/model
INFO: main.c(242): Building trees for [m SIL a b] through [m ii aa i]
INFO: main.c(269): Covering states |[828 851]| == 24
INFO: main.c(275): Reading: /home/sumu/aammango/model_parameters/aammango.cd_cont_untied/mixture_weights
INFO: s3mixw_io.c(173): Read /home/sumu/aammango/model_parameters/aammango.cd_cont_untied/mixture_weights [24x1x1 array]
INFO: main.c(311): 8 of 8 models have observation count greater than 0.000010
INFO: main.c(95): nrm stwt: 0.952 0.048 0.000 
INFO: s3gau_io.c(169): Read /home/sumu/aammango/model_parameters/aammango.cd_cont_untied/means [1305x1x1 array]
INFO: s3gau_io.c(169): Read /home/sumu/aammango/model_parameters/aammango.cd_cont_untied/variances [1305x1x1 array]
INFO: main.c(549): Reading: /home/sumu/aammango/model_architecture/aammango.tree_questions
INFO: main.c(588): 176 total simple questions (168 phone; 8 word bndry)
INFO: main.c(590): 42 Left Only questions, and 42 Right Only questions
INFO: dtree.c(1439): stop. leaf nodes are specific
INFO: dtree.c(1478): Final simple tree
|( QUESTION19 1 -2.438e+05 2.983e+03 1.039e+03
|    ( QUESTION19 -1 -1.707e+05 1.052e+03 7.245e+02
|        ( QUESTION0_0_R 1 -1.932e+04 3.125e+02 8.786e+01
|            ( - -8.137e+03 1 0)
|            ( - -1.087e+04 1 0))
|        ( WDBNDRY_B 0 -1.503e+05 6.517e+02 6.366e+02
|            ( - -1.277e+05 2 0)
|            ( - -2.197e+04 1 0)))
|    ( QUESTION0_0_R 1 -7.015e+04 1.403e+03 3.147e+02
|        ( !QUESTION0_1_R 1 -4.385e+04 5.750e+02 2.023e+02
|            ( - -1.206e+04 1 0)
|            ( - -3.122e+04 1 0))
|        ( - -2.489e+04 1 0)))
s>    ( QUESTION19 1 -2.438e+05 2.983e+03 1.039e+03
s>        ( QUESTION19 -1 -1.707e+05 1.052e+03 7.245e+02
s>            ( QUESTION0_0_R 1 -1.932e+04 3.125e+02 8.786e+01
s>                ( - -8.137e+03 1 0)
s>                ( - -1.087e+04 1 0))
s>            ( WDBNDRY_B 0 -1.503e+05 6.517e+02 6.366e+02
s>                ( - -1.277e+05 2 0)
s>                ( - -2.197e+04 1 0)))
s>        ( QUESTION0_0_R 1 -7.015e+04 1.403e+03 3.147e+02
s>            ( !QUESTION0_1_R 1 -4.385e+04 5.750e+02 2.023e+02
s>                ( - -1.206e+04 1 0)
s>                ( - -3.122e+04 1 0))
s>            ( - -2.489e+04 1 0)))INFO: dtree.c(1315): Comp split 0
INFO: dtree.c(1439): stop. leaf nodes are specific
INFO: dtree.c(1478): Final simple tree
|( !QUESTION0_1_R 1 -4.385e+04 5.750e+02 2.023e+02
|    ( - -1.206e+04 1 0)
|    ( - -3.122e+04 1 0))
s>    ( !QUESTION0_1_R 1 -4.385e+04 5.750e+02 2.023e+02
s>        ( - -1.206e+04 1 0)
s>        ( - -3.122e+04 1 0))INFO: dtree.c(1439): stop. leaf nodes are specific
INFO: dtree.c(1478): Final simple tree
|( QUESTION2 1 -1.970e+05 1.388e+03 8.369e+02
|    ( - -2.489e+04 1 0)
|    ( QUESTION19 -1 -1.707e+05 1.052e+03 7.245e+02
|        ( QUESTION0_0_R 1 -1.932e+04 3.125e+02 8.786e+01
|            ( - -8.137e+03 1 0)
|            ( - -1.087e+04 1 0))
|        ( WDBNDRY_B 0 -1.503e+05 6.517e+02 6.366e+02
|            ( - -1.277e+05 2 0)
|            ( - -2.197e+04 1 0))))
s>    ( QUESTION2 1 -1.970e+05 1.388e+03 8.369e+02
s>        ( - -2.489e+04 1 0)
s>        ( QUESTION19 -1 -1.707e+05 1.052e+03 7.245e+02
s>            ( QUESTION0_0_R 1 -1.932e+04 3.125e+02 8.786e+01
s>                ( - -8.137e+03 1 0)
s>                ( - -1.087e+04 1 0))
s>            ( WDBNDRY_B 0 -1.503e+05 6.517e+02 6.366e+02
s>                ( - -1.277e+05 2 0)
s>                ( - -2.197e+04 1 0))))INFO: dtree.c(1315): Comp split 1
INFO: dtree.c(1439): stop. leaf nodes are specific
INFO: dtree.c(1478): Final simple tree
|( QUESTION19 -1 -1.707e+05 1.052e+03 7.245e+02
|    ( QUESTION0_0_R 1 -1.932e+04 3.125e+02 8.786e+01
|        ( - -8.137e+03 1 0)
|        ( - -1.087e+04 1 0))
|    ( WDBNDRY_B 0 -1.503e+05 6.517e+02 6.366e+02
|        ( - -1.277e+05 2 0)
|        ( - -2.197e+04 1 0)))
s>    ( QUESTION19 -1 -1.707e+05 1.052e+03 7.245e+02
s>        ( QUESTION0_0_R 1 -1.932e+04 3.125e+02 8.786e+01
s>            ( - -8.137e+03 1 0)
s>            ( - -1.087e+04 1 0))
s>        ( WDBNDRY_B 0 -1.503e+05 6.517e+02 6.366e+02
s>            ( - -1.277e+05 2 0)
s>            ( - -2.197e+04 1 0)))INFO: dtree.c(1315): Comp split 2
INFO: dtree.c(1439): stop. leaf nodes are specific
INFO: dtree.c(1478): Final simple tree
|( QUESTION0_0_R 1 -1.932e+04 3.125e+02 8.786e+01
|    ( - -8.137e+03 1 0)
|    ( - -1.087e+04 1 0))
s>    ( QUESTION0_0_R 1 -1.932e+04 3.125e+02 8.786e+01
s>        ( - -8.137e+03 1 0)
s>        ( - -1.087e+04 1 0))INFO: dtree.c(1439): stop. leaf nodes are specific
INFO: dtree.c(1478): Final simple tree
|( WDBNDRY_B 0 -1.503e+05 6.517e+02 6.366e+02
|    ( - -1.277e+05 2 0)
|    ( - -2.197e+04 1 0))
s>    ( WDBNDRY_B 0 -1.503e+05 6.517e+02 6.366e+02
s>        ( - -1.277e+05 2 0)
s>        ( - -2.197e+04 1 0))INFO: dtree.c(1315): Comp split 3
INFO: dtree.c(1315): Comp split 4
INFO: dtree.c(1315): Comp split 5
INFO: dtree.c(1315): Comp split 6
INFO: dtree.c(1318): stop. leaf nodes are specific
!!!!!!!!Allocated 67 lines
Mon Nov  3 11:36:32 2014
