INFO: cmd_ln.c(696): Parsing command line:
/usr/local/libexec/sphinxtrain/bldtree \
	-treefn /home/sumu/aammango/trees/aammango.unpruned/k-0.dtree \
	-moddeffn /home/sumu/aammango/model_architecture/aammango.untied.mdef \
	-mixwfn /home/sumu/aammango/model_parameters/aammango.cd_cont_untied/mixture_weights \
	-ts2cbfn .cont. \
	-mwfloor 1e-08 \
	-psetfn /home/sumu/aammango/model_architecture/aammango.tree_questions \
	-phone k \
	-state 0 \
	-stwt 1.0,0.05,0.0 \
	-meanfn /home/sumu/aammango/model_parameters/aammango.cd_cont_untied/means \
	-varfn /home/sumu/aammango/model_parameters/aammango.cd_cont_untied/variances \
	-fullvar no \
	-ssplitmin 1 \
	-ssplitmax 7 \
	-ssplitthr 0 \
	-csplitmin 1 \
	-csplitmax 2000 \
	-csplitthr 0 

Current configuration:
[NAME]		[DEFLT]	[VALUE]
-allphones	no	no
-cntthresh	0.00001	1.000000e-05
-csplitmax	100	2000
-csplitmin	1	1
-csplitthr	8e-4	0.000000e+00
-example	no	no
-fullvar	no	no
-help		no	no
-meanfn			/home/sumu/aammango/model_parameters/aammango.cd_cont_untied/means
-mixwfn			/home/sumu/aammango/model_parameters/aammango.cd_cont_untied/mixture_weights
-moddeffn		/home/sumu/aammango/model_architecture/aammango.untied.mdef
-mwfloor	1e-4	1.000000e-08
-phone			k
-psetfn			/home/sumu/aammango/model_architecture/aammango.tree_questions
-ssplitmax	5	7
-ssplitmin	1	1
-ssplitthr	8e-4	0.000000e+00
-state			0
-stwt			1.0,0.05,0.0,
-treefn			/home/sumu/aammango/trees/aammango.unpruned/k-0.dtree
-ts2cbfn	.semi.	.cont.
-varfloor	0.00001	1.000000e-05
-varfn			/home/sumu/aammango/model_parameters/aammango.cd_cont_untied/variances

INFO: main.c(223): Reading: /home/sumu/aammango/model_architecture/aammango.untied.mdef
INFO: model_def_io.c(573): Model definition info:
INFO: model_def_io.c(574): 435 total models defined (69 base, 366 tri)
INFO: model_def_io.c(575): 1740 total states
INFO: model_def_io.c(576): 1305 total tied states
INFO: model_def_io.c(577): 207 total tied CI states
INFO: model_def_io.c(578): 69 total tied transition matrices
INFO: model_def_io.c(579): 4 max state/model
INFO: model_def_io.c(580): 4 min state/model
INFO: main.c(242): Building trees for [k SIL a b] through [k ik aa i]
INFO: main.c(269): Covering states |[744 776]| == 33
INFO: main.c(275): Reading: /home/sumu/aammango/model_parameters/aammango.cd_cont_untied/mixture_weights
INFO: s3mixw_io.c(173): Read /home/sumu/aammango/model_parameters/aammango.cd_cont_untied/mixture_weights [33x1x1 array]
INFO: main.c(311): 11 of 11 models have observation count greater than 0.000010
INFO: main.c(95): nrm stwt: 0.952 0.048 0.000 
INFO: s3gau_io.c(169): Read /home/sumu/aammango/model_parameters/aammango.cd_cont_untied/means [1305x1x1 array]
INFO: s3gau_io.c(169): Read /home/sumu/aammango/model_parameters/aammango.cd_cont_untied/variances [1305x1x1 array]
INFO: main.c(549): Reading: /home/sumu/aammango/model_architecture/aammango.tree_questions
INFO: main.c(588): 176 total simple questions (168 phone; 8 word bndry)
INFO: main.c(590): 42 Left Only questions, and 42 Right Only questions
INFO: dtree.c(1478): Final simple tree
|( QUESTION2 1 -3.042e+05 2.602e+03 1.219e+03
|    ( WDBNDRY_B 0 -1.566e+05 5.032e+02 6.206e+02
|        ( QUESTION3 1 -1.185e+05 3.920e+02 4.663e+02
|            ( - -2.869e+04 1 0)
|            ( - -8.937e+04 2 0 QUESTION0_10_R 1 4.045e+02 3.520e+02))
|        ( - -3.769e+04 1 0))
|    ( QUESTION0_3_R 1 -1.450e+05 2.199e+03 5.985e+02
|        ( - -4.463e+04 1 0)
|        ( !QUESTION2 -1 -9.815e+04 1.708e+03 4.026e+02
|            ( QUESTION0_1_R 1 -8.526e+04 1.300e+03 3.479e+02
|                ( - -3.072e+04 2 0 QUESTION11 -1 3.824e+02 1.289e+02)
|                ( WDBNDRY_B 0 -5.324e+04 4.250e+02 2.190e+02
|                    ( - -3.887e+04 2 0 QUESTION0_0_R 1 3.361e+02 1.596e+02)
|                    ( - -1.394e+04 1 0)))
|            ( - -1.118e+04 1 0))))
s>    ( QUESTION2 1 -3.042e+05 2.602e+03 1.219e+03
s>        ( WDBNDRY_B 0 -1.566e+05 5.032e+02 6.206e+02
s>            ( QUESTION3 1 -1.185e+05 3.920e+02 4.663e+02
s>                ( - -2.869e+04 1 0)
s>                ( - -8.937e+04 2 0 QUESTION0_10_R 1 4.045e+02 3.520e+02))
s>            ( - -3.769e+04 1 0))
s>        ( QUESTION0_3_R 1 -1.450e+05 2.199e+03 5.985e+02
s>            ( - -4.463e+04 1 0)
s>            ( !QUESTION2 -1 -9.815e+04 1.708e+03 4.026e+02
s>                ( QUESTION0_1_R 1 -8.526e+04 1.300e+03 3.479e+02
s>                    ( - -3.072e+04 2 0 QUESTION11 -1 3.824e+02 1.289e+02)
s>                    ( WDBNDRY_B 0 -5.324e+04 4.250e+02 2.190e+02
s>                        ( - -3.887e+04 2 0 QUESTION0_0_R 1 3.361e+02 1.596e+02)
s>                        ( - -1.394e+04 1 0)))
s>                ( - -1.118e+04 1 0))))INFO: dtree.c(1315): Comp split 0
INFO: dtree.c(1439): stop. leaf nodes are specific
INFO: dtree.c(1478): Final simple tree
|( !QUESTION2 -1 -9.815e+04 1.708e+03 4.026e+02
|    ( QUESTION0_1_R 1 -8.526e+04 1.300e+03 3.479e+02
|        ( QUESTION11 -1 -3.072e+04 3.824e+02 1.289e+02
|            ( - -1.701e+04 1 0)
|            ( - -1.333e+04 1 0))
|        ( WDBNDRY_B 0 -5.324e+04 4.250e+02 2.190e+02
|            ( QUESTION0_0_R 1 -3.887e+04 3.361e+02 1.596e+02
|                ( - -1.842e+04 1 0)
|                ( - -2.011e+04 1 0))
|            ( - -1.394e+04 1 0)))
|    ( - -1.118e+04 1 0))
s>    ( !QUESTION2 -1 -9.815e+04 1.708e+03 4.026e+02
s>        ( QUESTION0_1_R 1 -8.526e+04 1.300e+03 3.479e+02
s>            ( QUESTION11 -1 -3.072e+04 3.824e+02 1.289e+02
s>                ( - -1.701e+04 1 0)
s>                ( - -1.333e+04 1 0))
s>            ( WDBNDRY_B 0 -5.324e+04 4.250e+02 2.190e+02
s>                ( QUESTION0_0_R 1 -3.887e+04 3.361e+02 1.596e+02
s>                    ( - -1.842e+04 1 0)
s>                    ( - -2.011e+04 1 0))
s>                ( - -1.394e+04 1 0)))
s>        ( - -1.118e+04 1 0))INFO: dtree.c(1439): stop. leaf nodes are specific
INFO: dtree.c(1478): Final simple tree
|( QUESTION0_0_R 1 -2.034e+05 2.098e+03 8.165e+02
|    ( - -4.463e+04 1 0)
|    ( WDBNDRY_B 0 -1.566e+05 5.032e+02 6.206e+02
|        ( QUESTION3 1 -1.185e+05 3.920e+02 4.663e+02
|            ( - -2.869e+04 1 0)
|            ( QUESTION0_10_R 1 -8.937e+04 4.045e+02 3.520e+02
|                ( - -6.344e+04 1 0)
|                ( - -2.553e+04 1 0)))
|        ( - -3.769e+04 1 0)))
s>    ( QUESTION0_0_R 1 -2.034e+05 2.098e+03 8.165e+02
s>        ( - -4.463e+04 1 0)
s>        ( WDBNDRY_B 0 -1.566e+05 5.032e+02 6.206e+02
s>            ( QUESTION3 1 -1.185e+05 3.920e+02 4.663e+02
s>                ( - -2.869e+04 1 0)
s>                ( QUESTION0_10_R 1 -8.937e+04 4.045e+02 3.520e+02
s>                    ( - -6.344e+04 1 0)
s>                    ( - -2.553e+04 1 0)))
s>            ( - -3.769e+04 1 0)))INFO: dtree.c(1315): Comp split 1
INFO: dtree.c(1439): stop. leaf nodes are specific
INFO: dtree.c(1478): Final simple tree
|( WDBNDRY_B 0 -1.566e+05 5.032e+02 6.206e+02
|    ( QUESTION3 1 -1.185e+05 3.920e+02 4.663e+02
|        ( - -2.869e+04 1 0)
|        ( QUESTION0_10_R 1 -8.937e+04 4.045e+02 3.520e+02
|            ( - -6.344e+04 1 0)
|            ( - -2.553e+04 1 0)))
|    ( - -3.769e+04 1 0))
s>    ( WDBNDRY_B 0 -1.566e+05 5.032e+02 6.206e+02
s>        ( QUESTION3 1 -1.185e+05 3.920e+02 4.663e+02
s>            ( - -2.869e+04 1 0)
s>            ( QUESTION0_10_R 1 -8.937e+04 4.045e+02 3.520e+02
s>                ( - -6.344e+04 1 0)
s>                ( - -2.553e+04 1 0)))
s>        ( - -3.769e+04 1 0))INFO: dtree.c(1315): Comp split 2
INFO: dtree.c(1439): stop. leaf nodes are specific
INFO: dtree.c(1478): Final simple tree
|( QUESTION0_1_R 1 -8.526e+04 1.300e+03 3.479e+02
|    ( QUESTION11 -1 -3.072e+04 3.824e+02 1.289e+02
|        ( - -1.701e+04 1 0)
|        ( - -1.333e+04 1 0))
|    ( WDBNDRY_B 0 -5.324e+04 4.250e+02 2.190e+02
|        ( QUESTION0_0_R 1 -3.887e+04 3.361e+02 1.596e+02
|            ( - -1.842e+04 1 0)
|            ( - -2.011e+04 1 0))
|        ( - -1.394e+04 1 0)))
s>    ( QUESTION0_1_R 1 -8.526e+04 1.300e+03 3.479e+02
s>        ( QUESTION11 -1 -3.072e+04 3.824e+02 1.289e+02
s>            ( - -1.701e+04 1 0)
s>            ( - -1.333e+04 1 0))
s>        ( WDBNDRY_B 0 -5.324e+04 4.250e+02 2.190e+02
s>            ( QUESTION0_0_R 1 -3.887e+04 3.361e+02 1.596e+02
s>                ( - -1.842e+04 1 0)
s>                ( - -2.011e+04 1 0))
s>            ( - -1.394e+04 1 0)))INFO: dtree.c(1315): Comp split 3
INFO: dtree.c(1439): stop. leaf nodes are specific
INFO: dtree.c(1478): Final simple tree
|( WDBNDRY_B 0 -5.324e+04 4.250e+02 2.190e+02
|    ( QUESTION0_0_R 1 -3.887e+04 3.361e+02 1.596e+02
|        ( - -1.842e+04 1 0)
|        ( - -2.011e+04 1 0))
|    ( - -1.394e+04 1 0))
s>    ( WDBNDRY_B 0 -5.324e+04 4.250e+02 2.190e+02
s>        ( QUESTION0_0_R 1 -3.887e+04 3.361e+02 1.596e+02
s>            ( - -1.842e+04 1 0)
s>            ( - -2.011e+04 1 0))
s>        ( - -1.394e+04 1 0))INFO: dtree.c(1439): stop. leaf nodes are specific
INFO: dtree.c(1478): Final simple tree
|( QUESTION11 -1 -3.072e+04 3.824e+02 1.289e+02
|    ( - -1.701e+04 1 0)
|    ( - -1.333e+04 1 0))
s>    ( QUESTION11 -1 -3.072e+04 3.824e+02 1.289e+02
s>        ( - -1.701e+04 1 0)
s>        ( - -1.333e+04 1 0))INFO: dtree.c(1315): Comp split 4
INFO: dtree.c(1439): stop. leaf nodes are specific
INFO: dtree.c(1478): Final simple tree
|( QUESTION0_10_R 1 -8.937e+04 4.045e+02 3.520e+02
|    ( - -6.344e+04 1 0)
|    ( - -2.553e+04 1 0))
s>    ( QUESTION0_10_R 1 -8.937e+04 4.045e+02 3.520e+02
s>        ( - -6.344e+04 1 0)
s>        ( - -2.553e+04 1 0))INFO: dtree.c(1439): stop. leaf nodes are specific
INFO: dtree.c(1478): Final simple tree
|( WDBNDRY_B 0 -6.675e+04 3.767e+02 2.685e+02
|    ( - -2.869e+04 1 0)
|    ( - -3.769e+04 1 0))
s>    ( WDBNDRY_B 0 -6.675e+04 3.767e+02 2.685e+02
s>        ( - -2.869e+04 1 0)
s>        ( - -3.769e+04 1 0))INFO: dtree.c(1315): Comp split 5
INFO: dtree.c(1439): stop. leaf nodes are specific
INFO: dtree.c(1478): Final simple tree
|( QUESTION0_0_R 1 -3.887e+04 3.361e+02 1.596e+02
|    ( - -1.842e+04 1 0)
|    ( - -2.011e+04 1 0))
s>    ( QUESTION0_0_R 1 -3.887e+04 3.361e+02 1.596e+02
s>        ( - -1.842e+04 1 0)
s>        ( - -2.011e+04 1 0))INFO: dtree.c(1315): Comp split 6
INFO: dtree.c(1315): Comp split 7
INFO: dtree.c(1315): Comp split 8
INFO: dtree.c(1315): Comp split 9
INFO: dtree.c(1315): Comp split 10
INFO: dtree.c(1318): stop. leaf nodes are specific
!!!!!!!!Allocated 67 lines
Mon Nov  3 11:36:31 2014
