INFO: cmd_ln.c(696): Parsing command line:
/usr/local/libexec/sphinxtrain/bldtree \
	-treefn /home/sumu/aammango/trees/aammango.unpruned/o-2.dtree \
	-moddeffn /home/sumu/aammango/model_architecture/aammango.untied.mdef \
	-mixwfn /home/sumu/aammango/model_parameters/aammango.cd_cont_untied/mixture_weights \
	-ts2cbfn .cont. \
	-mwfloor 1e-08 \
	-psetfn /home/sumu/aammango/model_architecture/aammango.tree_questions \
	-phone o \
	-state 2 \
	-stwt 1.0,0.05,0.0 \
	-meanfn /home/sumu/aammango/model_parameters/aammango.cd_cont_untied/means \
	-varfn /home/sumu/aammango/model_parameters/aammango.cd_cont_untied/variances \
	-fullvar no \
	-ssplitmin 1 \
	-ssplitmax 7 \
	-ssplitthr 0 \
	-csplitmin 1 \
	-csplitmax 2000 \
	-csplitthr 0 

Current configuration:
[NAME]		[DEFLT]	[VALUE]
-allphones	no	no
-cntthresh	0.00001	1.000000e-05
-csplitmax	100	2000
-csplitmin	1	1
-csplitthr	8e-4	0.000000e+00
-example	no	no
-fullvar	no	no
-help		no	no
-meanfn			/home/sumu/aammango/model_parameters/aammango.cd_cont_untied/means
-mixwfn			/home/sumu/aammango/model_parameters/aammango.cd_cont_untied/mixture_weights
-moddeffn		/home/sumu/aammango/model_architecture/aammango.untied.mdef
-mwfloor	1e-4	1.000000e-08
-phone			o
-psetfn			/home/sumu/aammango/model_architecture/aammango.tree_questions
-ssplitmax	5	7
-ssplitmin	1	1
-ssplitthr	8e-4	0.000000e+00
-state			2
-stwt			1.0,0.05,0.0,
-treefn			/home/sumu/aammango/trees/aammango.unpruned/o-2.dtree
-ts2cbfn	.semi.	.cont.
-varfloor	0.00001	1.000000e-05
-varfn			/home/sumu/aammango/model_parameters/aammango.cd_cont_untied/variances

INFO: main.c(223): Reading: /home/sumu/aammango/model_architecture/aammango.untied.mdef
INFO: model_def_io.c(573): Model definition info:
INFO: model_def_io.c(574): 435 total models defined (69 base, 366 tri)
INFO: model_def_io.c(575): 1740 total states
INFO: model_def_io.c(576): 1305 total tied states
INFO: model_def_io.c(577): 207 total tied CI states
INFO: model_def_io.c(578): 69 total tied transition matrices
INFO: model_def_io.c(579): 4 max state/model
INFO: model_def_io.c(580): 4 min state/model
INFO: main.c(242): Building trees for [o b nd. i] through [o r t i]
INFO: main.c(269): Covering states |[930 968]| == 39
INFO: main.c(275): Reading: /home/sumu/aammango/model_parameters/aammango.cd_cont_untied/mixture_weights
INFO: s3mixw_io.c(173): Read /home/sumu/aammango/model_parameters/aammango.cd_cont_untied/mixture_weights [39x1x1 array]
INFO: main.c(311): 13 of 13 models have observation count greater than 0.000010
INFO: main.c(95): nrm stwt: 0.000 0.048 0.952 
INFO: s3gau_io.c(169): Read /home/sumu/aammango/model_parameters/aammango.cd_cont_untied/means [1305x1x1 array]
INFO: s3gau_io.c(169): Read /home/sumu/aammango/model_parameters/aammango.cd_cont_untied/variances [1305x1x1 array]
INFO: main.c(549): Reading: /home/sumu/aammango/model_architecture/aammango.tree_questions
INFO: main.c(588): 176 total simple questions (168 phone; 8 word bndry)
INFO: main.c(590): 42 Left Only questions, and 42 Right Only questions
INFO: dtree.c(1478): Final simple tree
|( QUESTION0_10_R 1 -3.480e+05 2.847e+03 1.600e+03
|    ( QUESTION0_11_R 1 -1.123e+05 1.895e+03 5.388e+02
|        ( - -6.053e+04 2 0 QUESTION2_2_L -1 2.463e+02 2.911e+02)
|        ( - -4.986e+04 1 0))
|    ( QUESTION0_1_R 1 -2.329e+05 1.631e+03 1.061e+03
|        ( - -2.860e+04 1 0)
|        ( QUESTION0_0_R 1 -2.026e+05 1.300e+03 9.156e+02
|            ( - -2.060e+04 2 0 QUESTION0_3_R 1 3.932e+02 9.038e+01)
|            ( QUESTION2_2_L -1 -1.807e+05 1.139e+03 8.252e+02
|                ( - -9.666e+04 3 0 QUESTION2 1 6.667e+02 4.490e+02)
|                ( QUESTION2 -1 -8.293e+04 1.059e+03 3.762e+02
|                    ( - -4.272e+04 2 0)
|                    ( QUESTION9 1 -3.915e+04 6.738e+02 1.782e+02
|                        ( - -2.586e+04 1 0)
|                        ( - -1.261e+04 1 0)))))))
s>    ( QUESTION0_10_R 1 -3.480e+05 2.847e+03 1.600e+03
s>        ( QUESTION0_11_R 1 -1.123e+05 1.895e+03 5.388e+02
s>            ( - -6.053e+04 2 0 QUESTION2_2_L -1 2.463e+02 2.911e+02)
s>            ( - -4.986e+04 1 0))
s>        ( QUESTION0_1_R 1 -2.329e+05 1.631e+03 1.061e+03
s>            ( - -2.860e+04 1 0)
s>            ( QUESTION0_0_R 1 -2.026e+05 1.300e+03 9.156e+02
s>                ( - -2.060e+04 2 0 QUESTION0_3_R 1 3.932e+02 9.038e+01)
s>                ( QUESTION2_2_L -1 -1.807e+05 1.139e+03 8.252e+02
s>                    ( - -9.666e+04 3 0 QUESTION2 1 6.667e+02 4.490e+02)
s>                    ( QUESTION2 -1 -8.293e+04 1.059e+03 3.762e+02
s>                        ( - -4.272e+04 2 0)
s>                        ( QUESTION9 1 -3.915e+04 6.738e+02 1.782e+02
s>                            ( - -2.586e+04 1 0)
s>                            ( - -1.261e+04 1 0)))))))INFO: dtree.c(1315): Comp split 0
INFO: dtree.c(1478): Final simple tree
|( QUESTION0_1_R 1 -2.329e+05 1.631e+03 1.061e+03
|    ( - -2.860e+04 1 0)
|    ( QUESTION0_0_R 1 -2.026e+05 1.300e+03 9.156e+02
|        ( QUESTION0_3_R 1 -2.060e+04 3.932e+02 9.038e+01
|            ( - -7.281e+03 1 0)
|            ( - -1.292e+04 1 0))
|        ( QUESTION2_2_L -1 -1.807e+05 1.139e+03 8.252e+02
|            ( QUESTION2 1 -9.666e+04 6.667e+02 4.490e+02
|                ( - -1.375e+04 1 0)
|                ( - -8.224e+04 2 0))
|            ( QUESTION2 -1 -8.293e+04 1.059e+03 3.762e+02
|                ( - -4.272e+04 2 0)
|                ( QUESTION9 1 -3.915e+04 6.738e+02 1.782e+02
|                    ( - -2.586e+04 1 0)
|                    ( - -1.261e+04 1 0))))))
s>    ( QUESTION0_1_R 1 -2.329e+05 1.631e+03 1.061e+03
s>        ( - -2.860e+04 1 0)
s>        ( QUESTION0_0_R 1 -2.026e+05 1.300e+03 9.156e+02
s>            ( QUESTION0_3_R 1 -2.060e+04 3.932e+02 9.038e+01
s>                ( - -7.281e+03 1 0)
s>                ( - -1.292e+04 1 0))
s>            ( QUESTION2_2_L -1 -1.807e+05 1.139e+03 8.252e+02
s>                ( QUESTION2 1 -9.666e+04 6.667e+02 4.490e+02
s>                    ( - -1.375e+04 1 0)
s>                    ( - -8.224e+04 2 0))
s>                ( QUESTION2 -1 -8.293e+04 1.059e+03 3.762e+02
s>                    ( - -4.272e+04 2 0)
s>                    ( QUESTION9 1 -3.915e+04 6.738e+02 1.782e+02
s>                        ( - -2.586e+04 1 0)
s>                        ( - -1.261e+04 1 0))))))INFO: dtree.c(1439): stop. leaf nodes are specific
INFO: dtree.c(1478): Final simple tree
|( QUESTION0_11_R 1 -1.123e+05 1.895e+03 5.388e+02
|    ( QUESTION2_2_L -1 -6.053e+04 2.463e+02 2.911e+02
|        ( - -3.059e+04 1 0)
|        ( - -2.970e+04 1 0))
|    ( - -4.986e+04 1 0))
s>    ( QUESTION0_11_R 1 -1.123e+05 1.895e+03 5.388e+02
s>        ( QUESTION2_2_L -1 -6.053e+04 2.463e+02 2.911e+02
s>            ( - -3.059e+04 1 0)
s>            ( - -2.970e+04 1 0))
s>        ( - -4.986e+04 1 0))INFO: dtree.c(1315): Comp split 1
INFO: dtree.c(1439): stop. leaf nodes are specific
INFO: dtree.c(1478): Final simple tree
|( QUESTION0_0_R 1 -6.065e+04 9.106e+02 2.686e+02
|    ( QUESTION0_3_R 1 -2.060e+04 3.932e+02 9.038e+01
|        ( - -7.281e+03 1 0)
|        ( - -1.292e+04 1 0))
|    ( QUESTION9 1 -3.915e+04 6.738e+02 1.782e+02
|        ( - -2.586e+04 1 0)
|        ( - -1.261e+04 1 0)))
s>    ( QUESTION0_0_R 1 -6.065e+04 9.106e+02 2.686e+02
s>        ( QUESTION0_3_R 1 -2.060e+04 3.932e+02 9.038e+01
s>            ( - -7.281e+03 1 0)
s>            ( - -1.292e+04 1 0))
s>        ( QUESTION9 1 -3.915e+04 6.738e+02 1.782e+02
s>            ( - -2.586e+04 1 0)
s>            ( - -1.261e+04 1 0)))INFO: dtree.c(1439): stop. leaf nodes are specific
INFO: dtree.c(1478): Final simple tree
|( QUESTION0_0_R 1 -1.701e+05 1.381e+03 7.924e+02
|    ( - -2.860e+04 1 0)
|    ( QUESTION2 -1 -1.401e+05 7.613e+02 6.470e+02
|        ( - -4.272e+04 2 0)
|        ( QUESTION2 1 -9.666e+04 6.667e+02 4.490e+02
|            ( - -1.375e+04 1 0)
|            ( - -8.224e+04 2 0))))
s>    ( QUESTION0_0_R 1 -1.701e+05 1.381e+03 7.924e+02
s>        ( - -2.860e+04 1 0)
s>        ( QUESTION2 -1 -1.401e+05 7.613e+02 6.470e+02
s>            ( - -4.272e+04 2 0)
s>            ( QUESTION2 1 -9.666e+04 6.667e+02 4.490e+02
s>                ( - -1.375e+04 1 0)
s>                ( - -8.224e+04 2 0))))INFO: dtree.c(1315): Comp split 2
INFO: dtree.c(1439): stop. leaf nodes are specific
INFO: dtree.c(1478): Final simple tree
|( QUESTION2_2_L -1 -6.053e+04 2.463e+02 2.911e+02
|    ( - -3.059e+04 1 0)
|    ( - -2.970e+04 1 0))
s>    ( QUESTION2_2_L -1 -6.053e+04 2.463e+02 2.911e+02
s>        ( - -3.059e+04 1 0)
s>        ( - -2.970e+04 1 0))INFO: dtree.c(1315): Comp split 3
INFO: dtree.c(1439): stop. leaf nodes are specific
INFO: dtree.c(1478): Final simple tree
|( QUESTION2 -1 -1.401e+05 7.613e+02 6.470e+02
|    ( - -4.272e+04 2 0)
|    ( QUESTION2 1 -9.666e+04 6.667e+02 4.490e+02
|        ( - -1.375e+04 1 0)
|        ( - -8.224e+04 2 0)))
s>    ( QUESTION2 -1 -1.401e+05 7.613e+02 6.470e+02
s>        ( - -4.272e+04 2 0)
s>        ( QUESTION2 1 -9.666e+04 6.667e+02 4.490e+02
s>            ( - -1.375e+04 1 0)
s>            ( - -8.224e+04 2 0)))INFO: dtree.c(1315): Comp split 4
INFO: dtree.c(1439): stop. leaf nodes are specific
INFO: dtree.c(1478): Final simple tree
|( QUESTION2 -1 -5.690e+04 4.200e+02 2.620e+02
|    ( - -4.272e+04 2 0)
|    ( - -1.375e+04 1 0))
s>    ( QUESTION2 -1 -5.690e+04 4.200e+02 2.620e+02
s>        ( - -4.272e+04 2 0)
s>        ( - -1.375e+04 1 0))INFO: dtree.c(1315): Comp split 5
INFO: dtree.c(1439): stop. leaf nodes are specific
INFO: dtree.c(1478): Final simple tree
|( QUESTION9 1 -3.915e+04 6.738e+02 1.782e+02
|    ( - -2.586e+04 1 0)
|    ( - -1.261e+04 1 0))
s>    ( QUESTION9 1 -3.915e+04 6.738e+02 1.782e+02
s>        ( - -2.586e+04 1 0)
s>        ( - -1.261e+04 1 0))INFO: dtree.c(1439): stop. leaf nodes are specific
INFO: dtree.c(1478): Final simple tree
|( QUESTION0_3_R 1 -2.060e+04 3.932e+02 9.038e+01
|    ( - -7.281e+03 1 0)
|    ( - -1.292e+04 1 0))
s>    ( QUESTION0_3_R 1 -2.060e+04 3.932e+02 9.038e+01
s>        ( - -7.281e+03 1 0)
s>        ( - -1.292e+04 1 0))INFO: dtree.c(1315): Comp split 6
INFO: dtree.c(1315): Comp split 7
INFO: dtree.c(1315): Comp split 8
INFO: dtree.c(1315): Comp split 9
INFO: dtree.c(1315): Comp split 10
INFO: dtree.c(1318): stop. leaf nodes are specific
!!!!!!!!Allocated 67 lines
Mon Nov  3 11:36:30 2014
