INFO: cmd_ln.c(696): Parsing command line:
/usr/local/libexec/sphinxtrain/bldtree \
	-treefn /home/sumu/aammango/trees/aammango.unpruned/n-0.dtree \
	-moddeffn /home/sumu/aammango/model_architecture/aammango.untied.mdef \
	-mixwfn /home/sumu/aammango/model_parameters/aammango.cd_cont_untied/mixture_weights \
	-ts2cbfn .cont. \
	-mwfloor 1e-08 \
	-psetfn /home/sumu/aammango/model_architecture/aammango.tree_questions \
	-phone n \
	-state 0 \
	-stwt 1.0,0.05,0.0 \
	-meanfn /home/sumu/aammango/model_parameters/aammango.cd_cont_untied/means \
	-varfn /home/sumu/aammango/model_parameters/aammango.cd_cont_untied/variances \
	-fullvar no \
	-ssplitmin 1 \
	-ssplitmax 7 \
	-ssplitthr 0 \
	-csplitmin 1 \
	-csplitmax 2000 \
	-csplitthr 0 

Current configuration:
[NAME]		[DEFLT]	[VALUE]
-allphones	no	no
-cntthresh	0.00001	1.000000e-05
-csplitmax	100	2000
-csplitmin	1	1
-csplitthr	8e-4	0.000000e+00
-example	no	no
-fullvar	no	no
-help		no	no
-meanfn			/home/sumu/aammango/model_parameters/aammango.cd_cont_untied/means
-mixwfn			/home/sumu/aammango/model_parameters/aammango.cd_cont_untied/mixture_weights
-moddeffn		/home/sumu/aammango/model_architecture/aammango.untied.mdef
-mwfloor	1e-4	1.000000e-08
-phone			n
-psetfn			/home/sumu/aammango/model_architecture/aammango.tree_questions
-ssplitmax	5	7
-ssplitmin	1	1
-ssplitthr	8e-4	0.000000e+00
-state			0
-stwt			1.0,0.05,0.0,
-treefn			/home/sumu/aammango/trees/aammango.unpruned/n-0.dtree
-ts2cbfn	.semi.	.cont.
-varfloor	0.00001	1.000000e-05
-varfn			/home/sumu/aammango/model_parameters/aammango.cd_cont_untied/variances

INFO: main.c(223): Reading: /home/sumu/aammango/model_architecture/aammango.untied.mdef
INFO: model_def_io.c(573): Model definition info:
INFO: model_def_io.c(574): 435 total models defined (69 base, 366 tri)
INFO: model_def_io.c(575): 1740 total states
INFO: model_def_io.c(576): 1305 total tied states
INFO: model_def_io.c(577): 207 total tied CI states
INFO: model_def_io.c(578): 69 total tied transition matrices
INFO: model_def_io.c(579): 4 max state/model
INFO: model_def_io.c(580): 4 min state/model
INFO: main.c(242): Building trees for [n SIL a b] through [n uu sp i]
INFO: main.c(269): Covering states |[855 890]| == 36
INFO: main.c(275): Reading: /home/sumu/aammango/model_parameters/aammango.cd_cont_untied/mixture_weights
INFO: s3mixw_io.c(173): Read /home/sumu/aammango/model_parameters/aammango.cd_cont_untied/mixture_weights [36x1x1 array]
INFO: main.c(311): 12 of 12 models have observation count greater than 0.000010
INFO: main.c(95): nrm stwt: 0.952 0.048 0.000 
INFO: s3gau_io.c(169): Read /home/sumu/aammango/model_parameters/aammango.cd_cont_untied/means [1305x1x1 array]
INFO: s3gau_io.c(169): Read /home/sumu/aammango/model_parameters/aammango.cd_cont_untied/variances [1305x1x1 array]
INFO: main.c(549): Reading: /home/sumu/aammango/model_architecture/aammango.tree_questions
INFO: main.c(588): 176 total simple questions (168 phone; 8 word bndry)
INFO: main.c(590): 42 Left Only questions, and 42 Right Only questions
INFO: dtree.c(1478): Final simple tree
|( QUESTION0_1_R 1 -2.809e+05 4.710e+03 1.231e+03
|    ( QUESTION18 -1 -1.019e+05 6.466e+02 4.819e+02
|        ( - -2.544e+04 1 0)
|        ( - -7.586e+04 3 0 QUESTION11 -1 3.777e+02 3.578e+02))
|    ( !WDBNDRY_B 0 -1.743e+05 1.698e+03 7.489e+02
|        ( QUESTION0_3_R 1 -7.170e+04 9.496e+02 3.215e+02
|            ( QUESTION2_3_L -1 -2.611e+04 4.522e+02 1.163e+02
|                ( - -1.677e+04 1 0)
|                ( - -8.888e+03 1 0))
|            ( QUESTION11 -1 -4.464e+04 5.900e+02 2.052e+02
|                ( - -1.310e+04 1 0)
|                ( - -3.095e+04 2 0 QUESTION0_0_R 1 4.338e+02 1.457e+02)))
|        ( QUESTION11 1 -1.009e+05 1.229e+03 4.274e+02
|            ( - -5.222e+04 1 0)
|            ( - -4.744e+04 2 0 QUESTION0_0_R 1 4.475e+02 2.015e+02))))
s>    ( QUESTION0_1_R 1 -2.809e+05 4.710e+03 1.231e+03
s>        ( QUESTION18 -1 -1.019e+05 6.466e+02 4.819e+02
s>            ( - -2.544e+04 1 0)
s>            ( - -7.586e+04 3 0 QUESTION11 -1 3.777e+02 3.578e+02))
s>        ( !WDBNDRY_B 0 -1.743e+05 1.698e+03 7.489e+02
s>            ( QUESTION0_3_R 1 -7.170e+04 9.496e+02 3.215e+02
s>                ( QUESTION2_3_L -1 -2.611e+04 4.522e+02 1.163e+02
s>                    ( - -1.677e+04 1 0)
s>                    ( - -8.888e+03 1 0))
s>                ( QUESTION11 -1 -4.464e+04 5.900e+02 2.052e+02
s>                    ( - -1.310e+04 1 0)
s>                    ( - -3.095e+04 2 0 QUESTION0_0_R 1 4.338e+02 1.457e+02)))
s>            ( QUESTION11 1 -1.009e+05 1.229e+03 4.274e+02
s>                ( - -5.222e+04 1 0)
s>                ( - -4.744e+04 2 0 QUESTION0_0_R 1 4.475e+02 2.015e+02))))INFO: dtree.c(1315): Comp split 0
INFO: dtree.c(1439): stop. leaf nodes are specific
INFO: dtree.c(1478): Final simple tree
|( QUESTION0_1_R 1 -1.338e+05 8.701e+02 6.276e+02
|    ( QUESTION18 -1 -1.019e+05 6.466e+02 4.819e+02
|        ( - -2.544e+04 1 0)
|        ( QUESTION11 -1 -7.586e+04 3.777e+02 3.578e+02
|            ( - -1.296e+04 1 0)
|            ( QUESTION2_3_L -1 -6.252e+04 3.151e+02 2.973e+02
|                ( - -1.534e+04 1 0)
|                ( - -4.687e+04 1 0))))
|    ( QUESTION0_0_R 1 -3.095e+04 4.338e+02 1.457e+02
|        ( - -1.656e+04 1 0)
|        ( - -1.395e+04 1 0)))
s>    ( QUESTION0_1_R 1 -1.338e+05 8.701e+02 6.276e+02
s>        ( QUESTION18 -1 -1.019e+05 6.466e+02 4.819e+02
s>            ( - -2.544e+04 1 0)
s>            ( QUESTION11 -1 -7.586e+04 3.777e+02 3.578e+02
s>                ( - -1.296e+04 1 0)
s>                ( QUESTION2_3_L -1 -6.252e+04 3.151e+02 2.973e+02
s>                    ( - -1.534e+04 1 0)
s>                    ( - -4.687e+04 1 0))))
s>        ( QUESTION0_0_R 1 -3.095e+04 4.338e+02 1.457e+02
s>            ( - -1.656e+04 1 0)
s>            ( - -1.395e+04 1 0)))INFO: dtree.c(1439): stop. leaf nodes are specific
INFO: dtree.c(1478): Final simple tree
|( QUESTION0_3_R 1 -1.417e+05 1.223e+03 6.032e+02
|    ( QUESTION2_3_L -1 -2.611e+04 4.522e+02 1.163e+02
|        ( - -1.677e+04 1 0)
|        ( - -8.888e+03 1 0))
|    ( QUESTION11 1 -1.144e+05 1.092e+03 4.869e+02
|        ( - -5.222e+04 1 0)
|        ( WDBNDRY_B 0 -6.110e+04 5.573e+02 2.610e+02
|            ( QUESTION0_0_R 1 -4.744e+04 4.475e+02 2.015e+02
|                ( - -3.188e+04 1 0)
|                ( - -1.512e+04 1 0))
|            ( - -1.310e+04 1 0))))
s>    ( QUESTION0_3_R 1 -1.417e+05 1.223e+03 6.032e+02
s>        ( QUESTION2_3_L -1 -2.611e+04 4.522e+02 1.163e+02
s>            ( - -1.677e+04 1 0)
s>            ( - -8.888e+03 1 0))
s>        ( QUESTION11 1 -1.144e+05 1.092e+03 4.869e+02
s>            ( - -5.222e+04 1 0)
s>            ( WDBNDRY_B 0 -6.110e+04 5.573e+02 2.610e+02
s>                ( QUESTION0_0_R 1 -4.744e+04 4.475e+02 2.015e+02
s>                    ( - -3.188e+04 1 0)
s>                    ( - -1.512e+04 1 0))
s>                ( - -1.310e+04 1 0))))INFO: dtree.c(1315): Comp split 1
INFO: dtree.c(1439): stop. leaf nodes are specific
INFO: dtree.c(1478): Final simple tree
|( QUESTION0_0_R 1 -4.744e+04 4.475e+02 2.015e+02
|    ( - -3.188e+04 1 0)
|    ( - -1.512e+04 1 0))
s>    ( QUESTION0_0_R 1 -4.744e+04 4.475e+02 2.015e+02
s>        ( - -3.188e+04 1 0)
s>        ( - -1.512e+04 1 0))INFO: dtree.c(1439): stop. leaf nodes are specific
INFO: dtree.c(1478): Final simple tree
|( QUESTION0_3_R 1 -9.305e+04 1.155e+03 4.017e+02
|    ( QUESTION2_3_L -1 -2.611e+04 4.522e+02 1.163e+02
|        ( - -1.677e+04 1 0)
|        ( - -8.888e+03 1 0))
|    ( WDBNDRY_B 0 -6.579e+04 4.677e+02 2.854e+02
|        ( - -5.222e+04 1 0)
|        ( - -1.310e+04 1 0)))
s>    ( QUESTION0_3_R 1 -9.305e+04 1.155e+03 4.017e+02
s>        ( QUESTION2_3_L -1 -2.611e+04 4.522e+02 1.163e+02
s>            ( - -1.677e+04 1 0)
s>            ( - -8.888e+03 1 0))
s>        ( WDBNDRY_B 0 -6.579e+04 4.677e+02 2.854e+02
s>            ( - -5.222e+04 1 0)
s>            ( - -1.310e+04 1 0)))INFO: dtree.c(1315): Comp split 2
INFO: dtree.c(1439): stop. leaf nodes are specific
INFO: dtree.c(1478): Final simple tree
|( WDBNDRY_B 0 -6.579e+04 4.677e+02 2.854e+02
|    ( - -5.222e+04 1 0)
|    ( - -1.310e+04 1 0))
s>    ( WDBNDRY_B 0 -6.579e+04 4.677e+02 2.854e+02
s>        ( - -5.222e+04 1 0)
s>        ( - -1.310e+04 1 0))INFO: dtree.c(1439): stop. leaf nodes are specific
INFO: dtree.c(1478): Final simple tree
|( QUESTION2_3_L -1 -2.611e+04 4.522e+02 1.163e+02
|    ( - -1.677e+04 1 0)
|    ( - -8.888e+03 1 0))
s>    ( QUESTION2_3_L -1 -2.611e+04 4.522e+02 1.163e+02
s>        ( - -1.677e+04 1 0)
s>        ( - -8.888e+03 1 0))INFO: dtree.c(1315): Comp split 3
INFO: dtree.c(1439): stop. leaf nodes are specific
INFO: dtree.c(1478): Final simple tree
|( QUESTION0_0_R 1 -3.095e+04 4.338e+02 1.457e+02
|    ( - -1.656e+04 1 0)
|    ( - -1.395e+04 1 0))
s>    ( QUESTION0_0_R 1 -3.095e+04 4.338e+02 1.457e+02
s>        ( - -1.656e+04 1 0)
s>        ( - -1.395e+04 1 0))INFO: dtree.c(1439): stop. leaf nodes are specific
INFO: dtree.c(1478): Final simple tree
|( QUESTION18 -1 -1.019e+05 6.466e+02 4.819e+02
|    ( - -2.544e+04 1 0)
|    ( QUESTION11 -1 -7.586e+04 3.777e+02 3.578e+02
|        ( - -1.296e+04 1 0)
|        ( QUESTION2_3_L -1 -6.252e+04 3.151e+02 2.973e+02
|            ( - -1.534e+04 1 0)
|            ( - -4.687e+04 1 0))))
s>    ( QUESTION18 -1 -1.019e+05 6.466e+02 4.819e+02
s>        ( - -2.544e+04 1 0)
s>        ( QUESTION11 -1 -7.586e+04 3.777e+02 3.578e+02
s>            ( - -1.296e+04 1 0)
s>            ( QUESTION2_3_L -1 -6.252e+04 3.151e+02 2.973e+02
s>                ( - -1.534e+04 1 0)
s>                ( - -4.687e+04 1 0))))INFO: dtree.c(1315): Comp split 4
INFO: dtree.c(1439): stop. leaf nodes are specific
INFO: dtree.c(1478): Final simple tree
|( QUESTION11 -1 -7.586e+04 3.777e+02 3.578e+02
|    ( - -1.296e+04 1 0)
|    ( QUESTION2_3_L -1 -6.252e+04 3.151e+02 2.973e+02
|        ( - -1.534e+04 1 0)
|        ( - -4.687e+04 1 0)))
s>    ( QUESTION11 -1 -7.586e+04 3.777e+02 3.578e+02
s>        ( - -1.296e+04 1 0)
s>        ( QUESTION2_3_L -1 -6.252e+04 3.151e+02 2.973e+02
s>            ( - -1.534e+04 1 0)
s>            ( - -4.687e+04 1 0)))INFO: dtree.c(1315): Comp split 5
INFO: dtree.c(1315): Comp split 6
INFO: dtree.c(1315): Comp split 7
INFO: dtree.c(1315): Comp split 8
INFO: dtree.c(1315): Comp split 9
INFO: dtree.c(1439): stop. leaf nodes are specific
INFO: dtree.c(1478): Final simple tree
|( QUESTION2_3_L -1 -6.252e+04 3.151e+02 2.973e+02
|    ( - -1.534e+04 1 0)
|    ( - -4.687e+04 1 0))
s>    ( QUESTION2_3_L -1 -6.252e+04 3.151e+02 2.973e+02
s>        ( - -1.534e+04 1 0)
s>        ( - -4.687e+04 1 0))INFO: dtree.c(1315): Comp split 10
INFO: dtree.c(1315): Comp split 11
INFO: dtree.c(1318): stop. leaf nodes are specific
!!!!!!!!Allocated 67 lines
Mon Nov  3 11:36:27 2014
