INFO: cmd_ln.c(696): Parsing command line:
/usr/local/libexec/sphinxtrain/bldtree \
	-treefn /home/sumu/aammango/trees/aammango.unpruned/s-1.dtree \
	-moddeffn /home/sumu/aammango/model_architecture/aammango.untied.mdef \
	-mixwfn /home/sumu/aammango/model_parameters/aammango.cd_cont_untied/mixture_weights \
	-ts2cbfn .cont. \
	-mwfloor 1e-08 \
	-psetfn /home/sumu/aammango/model_architecture/aammango.tree_questions \
	-phone s \
	-state 1 \
	-stwt 1.0,0.05,0.0 \
	-meanfn /home/sumu/aammango/model_parameters/aammango.cd_cont_untied/means \
	-varfn /home/sumu/aammango/model_parameters/aammango.cd_cont_untied/variances \
	-fullvar no \
	-ssplitmin 1 \
	-ssplitmax 7 \
	-ssplitthr 0 \
	-csplitmin 1 \
	-csplitmax 2000 \
	-csplitthr 0 

Current configuration:
[NAME]		[DEFLT]	[VALUE]
-allphones	no	no
-cntthresh	0.00001	1.000000e-05
-csplitmax	100	2000
-csplitmin	1	1
-csplitthr	8e-4	0.000000e+00
-example	no	no
-fullvar	no	no
-help		no	no
-meanfn			/home/sumu/aammango/model_parameters/aammango.cd_cont_untied/means
-mixwfn			/home/sumu/aammango/model_parameters/aammango.cd_cont_untied/mixture_weights
-moddeffn		/home/sumu/aammango/model_architecture/aammango.untied.mdef
-mwfloor	1e-4	1.000000e-08
-phone			s
-psetfn			/home/sumu/aammango/model_architecture/aammango.tree_questions
-ssplitmax	5	7
-ssplitmin	1	1
-ssplitthr	8e-4	0.000000e+00
-state			1
-stwt			1.0,0.05,0.0,
-treefn			/home/sumu/aammango/trees/aammango.unpruned/s-1.dtree
-ts2cbfn	.semi.	.cont.
-varfloor	0.00001	1.000000e-05
-varfn			/home/sumu/aammango/model_parameters/aammango.cd_cont_untied/variances

INFO: main.c(223): Reading: /home/sumu/aammango/model_architecture/aammango.untied.mdef
INFO: model_def_io.c(573): Model definition info:
INFO: model_def_io.c(574): 435 total models defined (69 base, 366 tri)
INFO: model_def_io.c(575): 1740 total states
INFO: model_def_io.c(576): 1305 total tied states
INFO: model_def_io.c(577): 207 total tied CI states
INFO: model_def_io.c(578): 69 total tied transition matrices
INFO: model_def_io.c(579): 4 max state/model
INFO: model_def_io.c(580): 4 min state/model
INFO: main.c(242): Building trees for [s SIL a b] through [s o aa i]
INFO: main.c(269): Covering states |[1074 1097]| == 24
INFO: main.c(275): Reading: /home/sumu/aammango/model_parameters/aammango.cd_cont_untied/mixture_weights
INFO: s3mixw_io.c(173): Read /home/sumu/aammango/model_parameters/aammango.cd_cont_untied/mixture_weights [24x1x1 array]
INFO: main.c(311): 8 of 8 models have observation count greater than 0.000010
INFO: main.c(95): nrm stwt: 0.045 0.909 0.045 
INFO: s3gau_io.c(169): Read /home/sumu/aammango/model_parameters/aammango.cd_cont_untied/means [1305x1x1 array]
INFO: s3gau_io.c(169): Read /home/sumu/aammango/model_parameters/aammango.cd_cont_untied/variances [1305x1x1 array]
INFO: main.c(549): Reading: /home/sumu/aammango/model_architecture/aammango.tree_questions
INFO: main.c(588): 176 total simple questions (168 phone; 8 word bndry)
INFO: main.c(590): 42 Left Only questions, and 42 Right Only questions
INFO: dtree.c(1478): Final simple tree
|( QUESTION19 1 -3.030e+05 2.732e+03 1.201e+03
|    ( QUESTION8 -1 -2.270e+05 9.223e+02 9.151e+02
|        ( - -8.604e+04 1 0)
|        ( WDBNDRY_B 0 -1.400e+05 5.017e+02 5.722e+02
|            ( QUESTION0_0_R 1 -1.033e+05 4.369e+02 4.151e+02
|                ( - -5.421e+04 1 0)
|                ( - -4.868e+04 1 0))
|            ( - -3.620e+04 1 0)))
|    ( QUESTION0_1_R 1 -7.325e+04 1.361e+03 2.855e+02
|        ( - -2.590e+04 1 0)
|        ( QUESTION2 -1 -4.598e+04 8.761e+02 1.801e+02
|            ( - -8.869e+03 1 0)
|            ( WDBNDRY_B 0 -3.624e+04 4.161e+02 1.407e+02
|                ( - -2.009e+04 1 0)
|                ( - -1.573e+04 1 0)))))
s>    ( QUESTION19 1 -3.030e+05 2.732e+03 1.201e+03
s>        ( QUESTION8 -1 -2.270e+05 9.223e+02 9.151e+02
s>            ( - -8.604e+04 1 0)
s>            ( WDBNDRY_B 0 -1.400e+05 5.017e+02 5.722e+02
s>                ( QUESTION0_0_R 1 -1.033e+05 4.369e+02 4.151e+02
s>                    ( - -5.421e+04 1 0)
s>                    ( - -4.868e+04 1 0))
s>                ( - -3.620e+04 1 0)))
s>        ( QUESTION0_1_R 1 -7.325e+04 1.361e+03 2.855e+02
s>            ( - -2.590e+04 1 0)
s>            ( QUESTION2 -1 -4.598e+04 8.761e+02 1.801e+02
s>                ( - -8.869e+03 1 0)
s>                ( WDBNDRY_B 0 -3.624e+04 4.161e+02 1.407e+02
s>                    ( - -2.009e+04 1 0)
s>                    ( - -1.573e+04 1 0)))))INFO: dtree.c(1315): Comp split 0
INFO: dtree.c(1439): stop. leaf nodes are specific
INFO: dtree.c(1478): Final simple tree
|( QUESTION8 -1 -2.270e+05 9.223e+02 9.151e+02
|    ( - -8.604e+04 1 0)
|    ( WDBNDRY_B 0 -1.400e+05 5.017e+02 5.722e+02
|        ( QUESTION0_0_R 1 -1.033e+05 4.369e+02 4.151e+02
|            ( - -5.421e+04 1 0)
|            ( - -4.868e+04 1 0))
|        ( - -3.620e+04 1 0)))
s>    ( QUESTION8 -1 -2.270e+05 9.223e+02 9.151e+02
s>        ( - -8.604e+04 1 0)
s>        ( WDBNDRY_B 0 -1.400e+05 5.017e+02 5.722e+02
s>            ( QUESTION0_0_R 1 -1.033e+05 4.369e+02 4.151e+02
s>                ( - -5.421e+04 1 0)
s>                ( - -4.868e+04 1 0))
s>            ( - -3.620e+04 1 0)))INFO: dtree.c(1439): stop. leaf nodes are specific
INFO: dtree.c(1478): Final simple tree
|( QUESTION0_1_R 1 -7.325e+04 1.361e+03 2.855e+02
|    ( - -2.590e+04 1 0)
|    ( QUESTION2 -1 -4.598e+04 8.761e+02 1.801e+02
|        ( - -8.869e+03 1 0)
|        ( WDBNDRY_B 0 -3.624e+04 4.161e+02 1.407e+02
|            ( - -2.009e+04 1 0)
|            ( - -1.573e+04 1 0))))
s>    ( QUESTION0_1_R 1 -7.325e+04 1.361e+03 2.855e+02
s>        ( - -2.590e+04 1 0)
s>        ( QUESTION2 -1 -4.598e+04 8.761e+02 1.801e+02
s>            ( - -8.869e+03 1 0)
s>            ( WDBNDRY_B 0 -3.624e+04 4.161e+02 1.407e+02
s>                ( - -2.009e+04 1 0)
s>                ( - -1.573e+04 1 0))))INFO: dtree.c(1315): Comp split 1
INFO: dtree.c(1439): stop. leaf nodes are specific
INFO: dtree.c(1478): Final simple tree
|( WDBNDRY_B 0 -3.624e+04 4.161e+02 1.407e+02
|    ( - -2.009e+04 1 0)
|    ( - -1.573e+04 1 0))
s>    ( WDBNDRY_B 0 -3.624e+04 4.161e+02 1.407e+02
s>        ( - -2.009e+04 1 0)
s>        ( - -1.573e+04 1 0))INFO: dtree.c(1439): stop. leaf nodes are specific
INFO: dtree.c(1478): Final simple tree
|( QUESTION0_1_R 1 -3.538e+04 6.051e+02 1.448e+02
|    ( - -2.590e+04 1 0)
|    ( - -8.869e+03 1 0))
s>    ( QUESTION0_1_R 1 -3.538e+04 6.051e+02 1.448e+02
s>        ( - -2.590e+04 1 0)
s>        ( - -8.869e+03 1 0))INFO: dtree.c(1315): Comp split 2
INFO: dtree.c(1439): stop. leaf nodes are specific
INFO: dtree.c(1478): Final simple tree
|( WDBNDRY_B 0 -1.400e+05 5.017e+02 5.722e+02
|    ( QUESTION0_0_R 1 -1.033e+05 4.369e+02 4.151e+02
|        ( - -5.421e+04 1 0)
|        ( - -4.868e+04 1 0))
|    ( - -3.620e+04 1 0))
s>    ( WDBNDRY_B 0 -1.400e+05 5.017e+02 5.722e+02
s>        ( QUESTION0_0_R 1 -1.033e+05 4.369e+02 4.151e+02
s>            ( - -5.421e+04 1 0)
s>            ( - -4.868e+04 1 0))
s>        ( - -3.620e+04 1 0))INFO: dtree.c(1315): Comp split 3
INFO: dtree.c(1315): Comp split 4
INFO: dtree.c(1439): stop. leaf nodes are specific
INFO: dtree.c(1478): Final simple tree
|( WDBNDRY_B 0 -8.528e+04 3.988e+02 3.513e+02
|    ( - -4.868e+04 1 0)
|    ( - -3.620e+04 1 0))
s>    ( WDBNDRY_B 0 -8.528e+04 3.988e+02 3.513e+02
s>        ( - -4.868e+04 1 0)
s>        ( - -3.620e+04 1 0))INFO: dtree.c(1315): Comp split 5
INFO: dtree.c(1315): Comp split 6
INFO: dtree.c(1315): Comp split 7
INFO: dtree.c(1318): stop. leaf nodes are specific
!!!!!!!!Allocated 67 lines
Mon Nov  3 11:36:29 2014
