INFO: cmd_ln.c(696): Parsing command line:
/usr/local/libexec/sphinxtrain/bldtree \
	-treefn /home/sumu/aammango/trees/aammango.unpruned/k-2.dtree \
	-moddeffn /home/sumu/aammango/model_architecture/aammango.untied.mdef \
	-mixwfn /home/sumu/aammango/model_parameters/aammango.cd_cont_untied/mixture_weights \
	-ts2cbfn .cont. \
	-mwfloor 1e-08 \
	-psetfn /home/sumu/aammango/model_architecture/aammango.tree_questions \
	-phone k \
	-state 2 \
	-stwt 1.0,0.05,0.0 \
	-meanfn /home/sumu/aammango/model_parameters/aammango.cd_cont_untied/means \
	-varfn /home/sumu/aammango/model_parameters/aammango.cd_cont_untied/variances \
	-fullvar no \
	-ssplitmin 1 \
	-ssplitmax 7 \
	-ssplitthr 0 \
	-csplitmin 1 \
	-csplitmax 2000 \
	-csplitthr 0 

Current configuration:
[NAME]		[DEFLT]	[VALUE]
-allphones	no	no
-cntthresh	0.00001	1.000000e-05
-csplitmax	100	2000
-csplitmin	1	1
-csplitthr	8e-4	0.000000e+00
-example	no	no
-fullvar	no	no
-help		no	no
-meanfn			/home/sumu/aammango/model_parameters/aammango.cd_cont_untied/means
-mixwfn			/home/sumu/aammango/model_parameters/aammango.cd_cont_untied/mixture_weights
-moddeffn		/home/sumu/aammango/model_architecture/aammango.untied.mdef
-mwfloor	1e-4	1.000000e-08
-phone			k
-psetfn			/home/sumu/aammango/model_architecture/aammango.tree_questions
-ssplitmax	5	7
-ssplitmin	1	1
-ssplitthr	8e-4	0.000000e+00
-state			2
-stwt			1.0,0.05,0.0,
-treefn			/home/sumu/aammango/trees/aammango.unpruned/k-2.dtree
-ts2cbfn	.semi.	.cont.
-varfloor	0.00001	1.000000e-05
-varfn			/home/sumu/aammango/model_parameters/aammango.cd_cont_untied/variances

INFO: main.c(223): Reading: /home/sumu/aammango/model_architecture/aammango.untied.mdef
INFO: model_def_io.c(573): Model definition info:
INFO: model_def_io.c(574): 435 total models defined (69 base, 366 tri)
INFO: model_def_io.c(575): 1740 total states
INFO: model_def_io.c(576): 1305 total tied states
INFO: model_def_io.c(577): 207 total tied CI states
INFO: model_def_io.c(578): 69 total tied transition matrices
INFO: model_def_io.c(579): 4 max state/model
INFO: model_def_io.c(580): 4 min state/model
INFO: main.c(242): Building trees for [k SIL a b] through [k ik aa i]
INFO: main.c(269): Covering states |[744 776]| == 33
INFO: main.c(275): Reading: /home/sumu/aammango/model_parameters/aammango.cd_cont_untied/mixture_weights
INFO: s3mixw_io.c(173): Read /home/sumu/aammango/model_parameters/aammango.cd_cont_untied/mixture_weights [33x1x1 array]
INFO: main.c(311): 11 of 11 models have observation count greater than 0.000010
INFO: main.c(95): nrm stwt: 0.000 0.048 0.952 
INFO: s3gau_io.c(169): Read /home/sumu/aammango/model_parameters/aammango.cd_cont_untied/means [1305x1x1 array]
INFO: s3gau_io.c(169): Read /home/sumu/aammango/model_parameters/aammango.cd_cont_untied/variances [1305x1x1 array]
INFO: main.c(549): Reading: /home/sumu/aammango/model_architecture/aammango.tree_questions
INFO: main.c(588): 176 total simple questions (168 phone; 8 word bndry)
INFO: main.c(590): 42 Left Only questions, and 42 Right Only questions
INFO: dtree.c(1478): Final simple tree
|( QUESTION0_1_R 1 -2.773e+05 3.177e+03 1.200e+03
|    ( - -6.175e+04 2 0 QUESTION11 -1 6.323e+02 2.909e+02)
|    ( QUESTION0_8_R 1 -2.124e+05 2.126e+03 9.092e+02
|        ( - -3.731e+04 3 0 QUESTION2 -1 6.523e+02 1.730e+02)
|        ( WDBNDRY_B 0 -1.729e+05 1.596e+03 7.362e+02
|            ( QUESTION0_10_R 1 -1.495e+05 1.075e+03 6.434e+02
|                ( - -6.036e+04 1 0)
|                ( QUESTION3 1 -8.811e+04 1.065e+03 3.805e+02
|                    ( - -4.342e+04 1 0)
|                    ( QUESTION19 1 -4.363e+04 7.588e+02 1.866e+02
|                        ( - -1.636e+04 1 0)
|                        ( QUESTION0_0_R 1 -2.651e+04 7.200e+02 1.108e+02
|                            ( - -1.339e+04 1 0)
|                            ( - -1.240e+04 1 0)))))
|            ( - -2.179e+04 1 0))))
s>    ( QUESTION0_1_R 1 -2.773e+05 3.177e+03 1.200e+03
s>        ( - -6.175e+04 2 0 QUESTION11 -1 6.323e+02 2.909e+02)
s>        ( QUESTION0_8_R 1 -2.124e+05 2.126e+03 9.092e+02
s>            ( - -3.731e+04 3 0 QUESTION2 -1 6.523e+02 1.730e+02)
s>            ( WDBNDRY_B 0 -1.729e+05 1.596e+03 7.362e+02
s>                ( QUESTION0_10_R 1 -1.495e+05 1.075e+03 6.434e+02
s>                    ( - -6.036e+04 1 0)
s>                    ( QUESTION3 1 -8.811e+04 1.065e+03 3.805e+02
s>                        ( - -4.342e+04 1 0)
s>                        ( QUESTION19 1 -4.363e+04 7.588e+02 1.866e+02
s>                            ( - -1.636e+04 1 0)
s>                            ( QUESTION0_0_R 1 -2.651e+04 7.200e+02 1.108e+02
s>                                ( - -1.339e+04 1 0)
s>                                ( - -1.240e+04 1 0)))))
s>                ( - -2.179e+04 1 0))))INFO: dtree.c(1315): Comp split 0
INFO: dtree.c(1439): stop. leaf nodes are specific
INFO: dtree.c(1478): Final simple tree
|( WDBNDRY_B 0 -1.729e+05 1.596e+03 7.362e+02
|    ( QUESTION0_10_R 1 -1.495e+05 1.075e+03 6.434e+02
|        ( - -6.036e+04 1 0)
|        ( QUESTION3 1 -8.811e+04 1.065e+03 3.805e+02
|            ( - -4.342e+04 1 0)
|            ( QUESTION19 1 -4.363e+04 7.588e+02 1.866e+02
|                ( - -1.636e+04 1 0)
|                ( QUESTION0_0_R 1 -2.651e+04 7.200e+02 1.108e+02
|                    ( - -1.339e+04 1 0)
|                    ( - -1.240e+04 1 0)))))
|    ( - -2.179e+04 1 0))
s>    ( WDBNDRY_B 0 -1.729e+05 1.596e+03 7.362e+02
s>        ( QUESTION0_10_R 1 -1.495e+05 1.075e+03 6.434e+02
s>            ( - -6.036e+04 1 0)
s>            ( QUESTION3 1 -8.811e+04 1.065e+03 3.805e+02
s>                ( - -4.342e+04 1 0)
s>                ( QUESTION19 1 -4.363e+04 7.588e+02 1.866e+02
s>                    ( - -1.636e+04 1 0)
s>                    ( QUESTION0_0_R 1 -2.651e+04 7.200e+02 1.108e+02
s>                        ( - -1.339e+04 1 0)
s>                        ( - -1.240e+04 1 0)))))
s>        ( - -2.179e+04 1 0))INFO: dtree.c(1439): stop. leaf nodes are specific
INFO: dtree.c(1478): Final simple tree
|( QUESTION0_1_R 1 -1.012e+05 2.093e+03 4.639e+02
|    ( QUESTION11 -1 -6.175e+04 6.323e+02 2.909e+02
|        ( - -3.392e+04 1 0)
|        ( - -2.719e+04 1 0))
|    ( QUESTION2 -1 -3.731e+04 6.523e+02 1.730e+02
|        ( - -1.082e+04 1 0)
|        ( WDBNDRY_B 0 -2.583e+04 4.053e+02 1.228e+02
|            ( - -1.160e+04 1 0)
|            ( - -1.383e+04 1 0))))
s>    ( QUESTION0_1_R 1 -1.012e+05 2.093e+03 4.639e+02
s>        ( QUESTION11 -1 -6.175e+04 6.323e+02 2.909e+02
s>            ( - -3.392e+04 1 0)
s>            ( - -2.719e+04 1 0))
s>        ( QUESTION2 -1 -3.731e+04 6.523e+02 1.730e+02
s>            ( - -1.082e+04 1 0)
s>            ( WDBNDRY_B 0 -2.583e+04 4.053e+02 1.228e+02
s>                ( - -1.160e+04 1 0)
s>                ( - -1.383e+04 1 0))))INFO: dtree.c(1315): Comp split 1
INFO: dtree.c(1439): stop. leaf nodes are specific
INFO: dtree.c(1478): Final simple tree
|( QUESTION2 -1 -3.731e+04 6.523e+02 1.730e+02
|    ( - -1.082e+04 1 0)
|    ( WDBNDRY_B 0 -2.583e+04 4.053e+02 1.228e+02
|        ( - -1.160e+04 1 0)
|        ( - -1.383e+04 1 0)))
s>    ( QUESTION2 -1 -3.731e+04 6.523e+02 1.730e+02
s>        ( - -1.082e+04 1 0)
s>        ( WDBNDRY_B 0 -2.583e+04 4.053e+02 1.228e+02
s>            ( - -1.160e+04 1 0)
s>            ( - -1.383e+04 1 0)))INFO: dtree.c(1439): stop. leaf nodes are specific
INFO: dtree.c(1478): Final simple tree
|( QUESTION11 -1 -6.175e+04 6.323e+02 2.909e+02
|    ( - -3.392e+04 1 0)
|    ( - -2.719e+04 1 0))
s>    ( QUESTION11 -1 -6.175e+04 6.323e+02 2.909e+02
s>        ( - -3.392e+04 1 0)
s>        ( - -2.719e+04 1 0))INFO: dtree.c(1315): Comp split 2
INFO: dtree.c(1439): stop. leaf nodes are specific
INFO: dtree.c(1478): Final simple tree
|( !WDBNDRY_B 0 -6.654e+04 1.113e+03 2.794e+02
|    ( - -2.179e+04 1 0)
|    ( QUESTION19 1 -4.363e+04 7.588e+02 1.866e+02
|        ( - -1.636e+04 1 0)
|        ( QUESTION0_0_R 1 -2.651e+04 7.200e+02 1.108e+02
|            ( - -1.339e+04 1 0)
|            ( - -1.240e+04 1 0))))
s>    ( !WDBNDRY_B 0 -6.654e+04 1.113e+03 2.794e+02
s>        ( - -2.179e+04 1 0)
s>        ( QUESTION19 1 -4.363e+04 7.588e+02 1.866e+02
s>            ( - -1.636e+04 1 0)
s>            ( QUESTION0_0_R 1 -2.651e+04 7.200e+02 1.108e+02
s>                ( - -1.339e+04 1 0)
s>                ( - -1.240e+04 1 0))))INFO: dtree.c(1439): stop. leaf nodes are specific
INFO: dtree.c(1478): Final simple tree
|( QUESTION0_10_R 1 -1.046e+05 8.674e+02 4.568e+02
|    ( - -6.036e+04 1 0)
|    ( - -4.342e+04 1 0))
s>    ( QUESTION0_10_R 1 -1.046e+05 8.674e+02 4.568e+02
s>        ( - -6.036e+04 1 0)
s>        ( - -4.342e+04 1 0))INFO: dtree.c(1315): Comp split 3
INFO: dtree.c(1439): stop. leaf nodes are specific
INFO: dtree.c(1478): Final simple tree
|( QUESTION19 1 -4.363e+04 7.588e+02 1.866e+02
|    ( - -1.636e+04 1 0)
|    ( QUESTION0_0_R 1 -2.651e+04 7.200e+02 1.108e+02
|        ( - -1.339e+04 1 0)
|        ( - -1.240e+04 1 0)))
s>    ( QUESTION19 1 -4.363e+04 7.588e+02 1.866e+02
s>        ( - -1.636e+04 1 0)
s>        ( QUESTION0_0_R 1 -2.651e+04 7.200e+02 1.108e+02
s>            ( - -1.339e+04 1 0)
s>            ( - -1.240e+04 1 0)))INFO: dtree.c(1315): Comp split 4
INFO: dtree.c(1315): Comp split 5
INFO: dtree.c(1439): stop. leaf nodes are specific
INFO: dtree.c(1478): Final simple tree
|( QUESTION0_0_R 1 -2.651e+04 7.200e+02 1.108e+02
|    ( - -1.339e+04 1 0)
|    ( - -1.240e+04 1 0))
s>    ( QUESTION0_0_R 1 -2.651e+04 7.200e+02 1.108e+02
s>        ( - -1.339e+04 1 0)
s>        ( - -1.240e+04 1 0))INFO: dtree.c(1315): Comp split 6
INFO: dtree.c(1315): Comp split 7
INFO: dtree.c(1439): stop. leaf nodes are specific
INFO: dtree.c(1478): Final simple tree
|( WDBNDRY_B 0 -2.583e+04 4.053e+02 1.228e+02
|    ( - -1.160e+04 1 0)
|    ( - -1.383e+04 1 0))
s>    ( WDBNDRY_B 0 -2.583e+04 4.053e+02 1.228e+02
s>        ( - -1.160e+04 1 0)
s>        ( - -1.383e+04 1 0))INFO: dtree.c(1315): Comp split 8
INFO: dtree.c(1315): Comp split 9
INFO: dtree.c(1315): Comp split 10
INFO: dtree.c(1318): stop. leaf nodes are specific
!!!!!!!!Allocated 67 lines
Mon Nov  3 11:36:32 2014
