INFO: cmd_ln.c(696): Parsing command line:
/usr/local/libexec/sphinxtrain/bldtree \
	-treefn /home/sumu/aammango/trees/aammango.unpruned/sp-1.dtree \
	-moddeffn /home/sumu/aammango/model_architecture/aammango.untied.mdef \
	-mixwfn /home/sumu/aammango/model_parameters/aammango.cd_cont_untied/mixture_weights \
	-ts2cbfn .cont. \
	-mwfloor 1e-08 \
	-psetfn /home/sumu/aammango/model_architecture/aammango.tree_questions \
	-phone sp \
	-state 1 \
	-stwt 1.0,0.05,0.0 \
	-meanfn /home/sumu/aammango/model_parameters/aammango.cd_cont_untied/means \
	-varfn /home/sumu/aammango/model_parameters/aammango.cd_cont_untied/variances \
	-fullvar no \
	-ssplitmin 1 \
	-ssplitmax 7 \
	-ssplitthr 0 \
	-csplitmin 1 \
	-csplitmax 2000 \
	-csplitthr 0 

Current configuration:
[NAME]		[DEFLT]	[VALUE]
-allphones	no	no
-cntthresh	0.00001	1.000000e-05
-csplitmax	100	2000
-csplitmin	1	1
-csplitthr	8e-4	0.000000e+00
-example	no	no
-fullvar	no	no
-help		no	no
-meanfn			/home/sumu/aammango/model_parameters/aammango.cd_cont_untied/means
-mixwfn			/home/sumu/aammango/model_parameters/aammango.cd_cont_untied/mixture_weights
-moddeffn		/home/sumu/aammango/model_architecture/aammango.untied.mdef
-mwfloor	1e-4	1.000000e-08
-phone			sp
-psetfn			/home/sumu/aammango/model_architecture/aammango.tree_questions
-ssplitmax	5	7
-ssplitmin	1	1
-ssplitthr	8e-4	0.000000e+00
-state			1
-stwt			1.0,0.05,0.0,
-treefn			/home/sumu/aammango/trees/aammango.unpruned/sp-1.dtree
-ts2cbfn	.semi.	.cont.
-varfloor	0.00001	1.000000e-05
-varfn			/home/sumu/aammango/model_parameters/aammango.cd_cont_untied/variances

INFO: main.c(223): Reading: /home/sumu/aammango/model_architecture/aammango.untied.mdef
INFO: model_def_io.c(573): Model definition info:
INFO: model_def_io.c(574): 435 total models defined (69 base, 366 tri)
INFO: model_def_io.c(575): 1740 total states
INFO: model_def_io.c(576): 1305 total tied states
INFO: model_def_io.c(577): 207 total tied CI states
INFO: model_def_io.c(578): 69 total tied transition matrices
INFO: model_def_io.c(579): 4 max state/model
INFO: model_def_io.c(580): 4 min state/model
INFO: main.c(242): Building trees for [sp aa SIL e] through [sp z SIL e]
INFO: main.c(269): Covering states |[1104 1181]| == 78
INFO: main.c(275): Reading: /home/sumu/aammango/model_parameters/aammango.cd_cont_untied/mixture_weights
INFO: s3mixw_io.c(173): Read /home/sumu/aammango/model_parameters/aammango.cd_cont_untied/mixture_weights [78x1x1 array]
INFO: main.c(311): 26 of 26 models have observation count greater than 0.000010
INFO: main.c(95): nrm stwt: 0.045 0.909 0.045 
INFO: s3gau_io.c(169): Read /home/sumu/aammango/model_parameters/aammango.cd_cont_untied/means [1305x1x1 array]
INFO: s3gau_io.c(169): Read /home/sumu/aammango/model_parameters/aammango.cd_cont_untied/variances [1305x1x1 array]
INFO: main.c(549): Reading: /home/sumu/aammango/model_architecture/aammango.tree_questions
INFO: main.c(588): 176 total simple questions (168 phone; 8 word bndry)
INFO: main.c(590): 42 Left Only questions, and 42 Right Only questions
INFO: dtree.c(1478): Final simple tree
|( QUESTION2_9_L -1 -4.638e+06 3.034e+03 2.370e+04
|    ( QUESTION2_15_L -1 -1.703e+06 1.817e+03 8.619e+03
|        ( - -9.073e+05 2 0 QUESTION12 -1 6.234e+02 4.589e+03)
|        ( - -7.940e+05 6 0 QUESTION9 -1 1.236e+03 4.029e+03))
|    ( QUESTION2_3_L -1 -2.932e+06 2.770e+03 1.508e+04
|        ( QUESTION15 -1 -1.600e+06 1.570e+03 8.210e+03
|            ( - -1.510e+05 3 0 QUESTION16 -1 5.328e+02 7.727e+02)
|            ( - -1.447e+06 4 0 QUESTION14 -1 1.206e+03 7.437e+03))
|        ( QUESTION2_2_L -1 -1.330e+06 2.046e+03 6.866e+03
|            ( QUESTION9 -1 -1.140e+06 1.704e+03 5.856e+03
|                ( - -7.242e+05 4 0)
|                ( - -4.139e+05 5 0 !QUESTION11 -1 1.218e+03 2.137e+03))
|            ( QUESTION2 -1 -1.877e+05 1.249e+03 1.011e+03
|                ( - -9.516e+04 1 0)
|                ( - -9.130e+04 1 0)))))
s>    ( QUESTION2_9_L -1 -4.638e+06 3.034e+03 2.370e+04
s>        ( QUESTION2_15_L -1 -1.703e+06 1.817e+03 8.619e+03
s>            ( - -9.073e+05 2 0 QUESTION12 -1 6.234e+02 4.589e+03)
s>            ( - -7.940e+05 6 0 QUESTION9 -1 1.236e+03 4.029e+03))
s>        ( QUESTION2_3_L -1 -2.932e+06 2.770e+03 1.508e+04
s>            ( QUESTION15 -1 -1.600e+06 1.570e+03 8.210e+03
s>                ( - -1.510e+05 3 0 QUESTION16 -1 5.328e+02 7.727e+02)
s>                ( - -1.447e+06 4 0 QUESTION14 -1 1.206e+03 7.437e+03))
s>            ( QUESTION2_2_L -1 -1.330e+06 2.046e+03 6.866e+03
s>                ( QUESTION9 -1 -1.140e+06 1.704e+03 5.856e+03
s>                    ( - -7.242e+05 4 0)
s>                    ( - -4.139e+05 5 0 !QUESTION11 -1 1.218e+03 2.137e+03))
s>                ( QUESTION2 -1 -1.877e+05 1.249e+03 1.011e+03
s>                    ( - -9.516e+04 1 0)
s>                    ( - -9.130e+04 1 0)))))INFO: dtree.c(1315): Comp split 0
INFO: dtree.c(1478): Final simple tree
|( QUESTION18 -1 -2.239e+06 2.298e+03 1.146e+04
|    ( - -8.599e+05 1 0)
|    ( QUESTION2_2_L -1 -1.377e+06 2.018e+03 7.105e+03
|        ( !QUESTION9 -1 -1.187e+06 1.723e+03 6.094e+03
|            ( QUESTION13 -1 -4.612e+05 1.131e+03 2.376e+03
|                ( QUESTION2_18_L -1 -2.391e+05 5.455e+02 1.239e+03
|                    ( - -4.921e+04 1 0)
|                    ( - -1.893e+05 3 0))
|                ( QUESTION11 -1 -2.210e+05 5.424e+02 1.137e+03
|                    ( - -4.684e+04 1 0)
|                    ( - -1.736e+05 1 0)))
|            ( - -7.242e+05 4 0))
|        ( QUESTION2 -1 -1.877e+05 1.249e+03 1.011e+03
|            ( - -9.516e+04 1 0)
|            ( - -9.130e+04 1 0))))
s>    ( QUESTION18 -1 -2.239e+06 2.298e+03 1.146e+04
s>        ( - -8.599e+05 1 0)
s>        ( QUESTION2_2_L -1 -1.377e+06 2.018e+03 7.105e+03
s>            ( !QUESTION9 -1 -1.187e+06 1.723e+03 6.094e+03
s>                ( QUESTION13 -1 -4.612e+05 1.131e+03 2.376e+03
s>                    ( QUESTION2_18_L -1 -2.391e+05 5.455e+02 1.239e+03
s>                        ( - -4.921e+04 1 0)
s>                        ( - -1.893e+05 3 0))
s>                    ( QUESTION11 -1 -2.210e+05 5.424e+02 1.137e+03
s>                        ( - -4.684e+04 1 0)
s>                        ( - -1.736e+05 1 0)))
s>                ( - -7.242e+05 4 0))
s>            ( QUESTION2 -1 -1.877e+05 1.249e+03 1.011e+03
s>                ( - -9.516e+04 1 0)
s>                ( - -9.130e+04 1 0))))INFO: dtree.c(1478): Final simple tree
|( QUESTION2_4_L -1 -2.396e+06 2.051e+03 1.224e+04
|    ( - -1.311e+06 1 0)
|    ( QUESTION15 -1 -1.083e+06 1.571e+03 5.501e+03
|        ( - -1.510e+05 3 0 QUESTION16 -1 5.328e+02 7.727e+02)
|        ( QUESTION9 -1 -9.300e+05 1.186e+03 4.728e+03
|            ( - -3.385e+05 1 0)
|            ( QUESTION14 -1 -5.903e+05 1.128e+03 2.993e+03
|                ( - -5.169e+04 1 0)
|                ( !QUESTION2 -1 -5.375e+05 8.783e+02 2.713e+03
|                    ( QUESTION2_13_L -1 -4.911e+05 6.540e+02 2.486e+03
|                        ( - -9.766e+04 2 0)
|                        ( QUESTION11 -1 -3.928e+05 5.634e+02 1.984e+03
|                            ( - -2.395e+05 3 0 QUESTION2_9_L -1 4.585e+02 1.212e+03)
|                            ( - -1.527e+05 1 0)))
|                    ( - -4.558e+04 1 0))))))
s>    ( QUESTION2_4_L -1 -2.396e+06 2.051e+03 1.224e+04
s>        ( - -1.311e+06 1 0)
s>        ( QUESTION15 -1 -1.083e+06 1.571e+03 5.501e+03
s>            ( - -1.510e+05 3 0 QUESTION16 -1 5.328e+02 7.727e+02)
s>            ( QUESTION9 -1 -9.300e+05 1.186e+03 4.728e+03
s>                ( - -3.385e+05 1 0)
s>                ( QUESTION14 -1 -5.903e+05 1.128e+03 2.993e+03
s>                    ( - -5.169e+04 1 0)
s>                    ( !QUESTION2 -1 -5.375e+05 8.783e+02 2.713e+03
s>                        ( QUESTION2_13_L -1 -4.911e+05 6.540e+02 2.486e+03
s>                            ( - -9.766e+04 2 0)
s>                            ( QUESTION11 -1 -3.928e+05 5.634e+02 1.984e+03
s>                                ( - -2.395e+05 3 0 QUESTION2_9_L -1 4.585e+02 1.212e+03)
s>                                ( - -1.527e+05 1 0)))
s>                        ( - -4.558e+04 1 0))))))INFO: dtree.c(1315): Comp split 1
INFO: dtree.c(1439): stop. leaf nodes are specific
INFO: dtree.c(1478): Final simple tree
|( QUESTION2_17_L -1 -5.076e+05 1.221e+03 2.631e+03
|    ( QUESTION11 -1 -3.639e+05 1.007e+03 1.886e+03
|        ( - -1.893e+05 3 0)
|        ( - -1.736e+05 1 0))
|    ( QUESTION2 -1 -1.425e+05 4.784e+02 7.450e+02
|        ( - -9.516e+04 1 0)
|        ( - -4.684e+04 1 0)))
s>    ( QUESTION2_17_L -1 -5.076e+05 1.221e+03 2.631e+03
s>        ( QUESTION11 -1 -3.639e+05 1.007e+03 1.886e+03
s>            ( - -1.893e+05 3 0)
s>            ( - -1.736e+05 1 0))
s>        ( QUESTION2 -1 -1.425e+05 4.784e+02 7.450e+02
s>            ( - -9.516e+04 1 0)
s>            ( - -4.684e+04 1 0)))INFO: dtree.c(1439): stop. leaf nodes are specific
INFO: dtree.c(1478): Final simple tree
|( QUESTION19 -1 -1.729e+06 1.984e+03 8.824e+03
|    ( - -9.130e+04 1 0)
|    ( QUESTION9 -1 -1.635e+06 1.779e+03 8.320e+03
|        ( - -7.242e+05 4 0)
|        ( !QUESTION12 -1 -9.094e+05 3.621e+02 4.601e+03
|            ( - -8.599e+05 1 0)
|            ( - -4.921e+04 1 0))))
s>    ( QUESTION19 -1 -1.729e+06 1.984e+03 8.824e+03
s>        ( - -9.130e+04 1 0)
s>        ( QUESTION9 -1 -1.635e+06 1.779e+03 8.320e+03
s>            ( - -7.242e+05 4 0)
s>            ( !QUESTION12 -1 -9.094e+05 3.621e+02 4.601e+03
s>                ( - -8.599e+05 1 0)
s>                ( - -4.921e+04 1 0))))INFO: dtree.c(1315): Comp split 2
INFO: dtree.c(1439): stop. leaf nodes are specific
INFO: dtree.c(1478): Final simple tree
|( QUESTION2_11_L -1 -6.433e+05 1.178e+03 3.289e+03
|    ( QUESTION11 -1 -2.510e+05 6.083e+02 1.273e+03
|        ( - -9.766e+04 2 0)
|        ( - -1.527e+05 1 0))
|    ( !QUESTION9 -1 -3.911e+05 9.587e+02 2.015e+03
|        ( - -5.169e+04 1 0)
|        ( - -3.385e+05 1 0)))
s>    ( QUESTION2_11_L -1 -6.433e+05 1.178e+03 3.289e+03
s>        ( QUESTION11 -1 -2.510e+05 6.083e+02 1.273e+03
s>            ( - -9.766e+04 2 0)
s>            ( - -1.527e+05 1 0))
s>        ( !QUESTION9 -1 -3.911e+05 9.587e+02 2.015e+03
s>            ( - -5.169e+04 1 0)
s>            ( - -3.385e+05 1 0)))INFO: dtree.c(1439): stop. leaf nodes are specific
INFO: dtree.c(1478): Final simple tree
|( QUESTION14 -1 -1.750e+06 1.550e+03 8.951e+03
|    ( QUESTION16 -1 -1.510e+05 5.328e+02 7.727e+02
|        ( - -1.042e+05 2 0)
|        ( - -4.624e+04 1 0))
|    ( QUESTION2 -1 -1.598e+06 8.985e+02 8.178e+03
|        ( - -4.558e+04 1 0)
|        ( QUESTION11 -1 -1.551e+06 6.797e+02 7.951e+03
|            ( QUESTION2_9_L -1 -2.395e+05 4.585e+02 1.212e+03
|                ( - -1.563e+05 1 0)
|                ( QUESTION12 -1 -8.273e+04 4.442e+02 4.188e+02
|                    ( - -5.132e+04 1 0)
|                    ( - -3.096e+04 1 0)))
|            ( - -1.311e+06 1 0))))
s>    ( QUESTION14 -1 -1.750e+06 1.550e+03 8.951e+03
s>        ( QUESTION16 -1 -1.510e+05 5.328e+02 7.727e+02
s>            ( - -1.042e+05 2 0)
s>            ( - -4.624e+04 1 0))
s>        ( QUESTION2 -1 -1.598e+06 8.985e+02 8.178e+03
s>            ( - -4.558e+04 1 0)
s>            ( QUESTION11 -1 -1.551e+06 6.797e+02 7.951e+03
s>                ( QUESTION2_9_L -1 -2.395e+05 4.585e+02 1.212e+03
s>                    ( - -1.563e+05 1 0)
s>                    ( QUESTION12 -1 -8.273e+04 4.442e+02 4.188e+02
s>                        ( - -5.132e+04 1 0)
s>                        ( - -3.096e+04 1 0)))
s>                ( - -1.311e+06 1 0))))INFO: dtree.c(1315): Comp split 3
INFO: dtree.c(1439): stop. leaf nodes are specific
INFO: dtree.c(1478): Final simple tree
|( QUESTION9 -1 -1.635e+06 1.779e+03 8.320e+03
|    ( - -7.242e+05 4 0)
|    ( !QUESTION12 -1 -9.094e+05 3.621e+02 4.601e+03
|        ( - -8.599e+05 1 0)
|        ( - -4.921e+04 1 0)))
s>    ( QUESTION9 -1 -1.635e+06 1.779e+03 8.320e+03
s>        ( - -7.242e+05 4 0)
s>        ( !QUESTION12 -1 -9.094e+05 3.621e+02 4.601e+03
s>            ( - -8.599e+05 1 0)
s>            ( - -4.921e+04 1 0)))INFO: dtree.c(1315): Comp split 4
INFO: dtree.c(1439): stop. leaf nodes are specific
INFO: dtree.c(1478): Final simple tree
|( !QUESTION12 -1 -9.094e+05 3.621e+02 4.601e+03
|    ( - -8.599e+05 1 0)
|    ( - -4.921e+04 1 0))
s>    ( !QUESTION12 -1 -9.094e+05 3.621e+02 4.601e+03
s>        ( - -8.599e+05 1 0)
s>        ( - -4.921e+04 1 0))INFO: dtree.c(1315): Comp split 5
INFO: dtree.c(1439): stop. leaf nodes are specific
INFO: dtree.c(1478): Final simple tree
|( QUESTION2 -1 -1.598e+06 8.985e+02 8.178e+03
|    ( - -4.558e+04 1 0)
|    ( QUESTION11 -1 -1.551e+06 6.797e+02 7.951e+03
|        ( QUESTION2_9_L -1 -2.395e+05 4.585e+02 1.212e+03
|            ( - -1.563e+05 1 0)
|            ( QUESTION12 -1 -8.273e+04 4.442e+02 4.188e+02
|                ( - -5.132e+04 1 0)
|                ( - -3.096e+04 1 0)))
|        ( - -1.311e+06 1 0)))
s>    ( QUESTION2 -1 -1.598e+06 8.985e+02 8.178e+03
s>        ( - -4.558e+04 1 0)
s>        ( QUESTION11 -1 -1.551e+06 6.797e+02 7.951e+03
s>            ( QUESTION2_9_L -1 -2.395e+05 4.585e+02 1.212e+03
s>                ( - -1.563e+05 1 0)
s>                ( QUESTION12 -1 -8.273e+04 4.442e+02 4.188e+02
s>                    ( - -5.132e+04 1 0)
s>                    ( - -3.096e+04 1 0)))
s>            ( - -1.311e+06 1 0)))INFO: dtree.c(1439): stop. leaf nodes are specific
INFO: dtree.c(1478): Final simple tree
|( QUESTION16 -1 -1.510e+05 5.328e+02 7.727e+02
|    ( - -1.042e+05 2 0)
|    ( - -4.624e+04 1 0))
s>    ( QUESTION16 -1 -1.510e+05 5.328e+02 7.727e+02
s>        ( - -1.042e+05 2 0)
s>        ( - -4.624e+04 1 0))INFO: dtree.c(1315): Comp split 6
INFO: dtree.c(1439): stop. leaf nodes are specific
INFO: dtree.c(1478): Final simple tree
|( QUESTION2 -1 -1.425e+05 4.784e+02 7.450e+02
|    ( - -9.516e+04 1 0)
|    ( - -4.684e+04 1 0))
s>    ( QUESTION2 -1 -1.425e+05 4.784e+02 7.450e+02
s>        ( - -9.516e+04 1 0)
s>        ( - -4.684e+04 1 0))INFO: dtree.c(1439): stop. leaf nodes are specific
INFO: dtree.c(1478): Final simple tree
|( QUESTION11 -1 -3.639e+05 1.007e+03 1.886e+03
|    ( - -1.893e+05 3 0)
|    ( - -1.736e+05 1 0))
s>    ( QUESTION11 -1 -3.639e+05 1.007e+03 1.886e+03
s>        ( - -1.893e+05 3 0)
s>        ( - -1.736e+05 1 0))INFO: dtree.c(1315): Comp split 7
INFO: dtree.c(1439): stop. leaf nodes are specific
INFO: dtree.c(1478): Final simple tree
|( !QUESTION9 -1 -3.911e+05 9.587e+02 2.015e+03
|    ( - -5.169e+04 1 0)
|    ( - -3.385e+05 1 0))
s>    ( !QUESTION9 -1 -3.911e+05 9.587e+02 2.015e+03
s>        ( - -5.169e+04 1 0)
s>        ( - -3.385e+05 1 0))INFO: dtree.c(1439): stop. leaf nodes are specific
INFO: dtree.c(1478): Final simple tree
|( QUESTION11 -1 -2.510e+05 6.083e+02 1.273e+03
|    ( - -9.766e+04 2 0)
|    ( - -1.527e+05 1 0))
s>    ( QUESTION11 -1 -2.510e+05 6.083e+02 1.273e+03
s>        ( - -9.766e+04 2 0)
s>        ( - -1.527e+05 1 0))INFO: dtree.c(1315): Comp split 8
INFO: dtree.c(1315): Comp split 9
INFO: dtree.c(1315): Comp split 10
INFO: dtree.c(1439): stop. leaf nodes are specific
INFO: dtree.c(1478): Final simple tree
|( QUESTION11 -1 -1.551e+06 6.797e+02 7.951e+03
|    ( QUESTION2_9_L -1 -2.395e+05 4.585e+02 1.212e+03
|        ( - -1.563e+05 1 0)
|        ( QUESTION12 -1 -8.273e+04 4.442e+02 4.188e+02
|            ( - -5.132e+04 1 0)
|            ( - -3.096e+04 1 0)))
|    ( - -1.311e+06 1 0))
s>    ( QUESTION11 -1 -1.551e+06 6.797e+02 7.951e+03
s>        ( QUESTION2_9_L -1 -2.395e+05 4.585e+02 1.212e+03
s>            ( - -1.563e+05 1 0)
s>            ( QUESTION12 -1 -8.273e+04 4.442e+02 4.188e+02
s>                ( - -5.132e+04 1 0)
s>                ( - -3.096e+04 1 0)))
s>        ( - -1.311e+06 1 0))INFO: dtree.c(1315): Comp split 11
INFO: dtree.c(1439): stop. leaf nodes are specific
INFO: dtree.c(1478): Final simple tree
|( QUESTION11 -1 -1.363e+06 4.649e+02 7.001e+03
|    ( - -5.132e+04 1 0)
|    ( - -1.311e+06 1 0))
s>    ( QUESTION11 -1 -1.363e+06 4.649e+02 7.001e+03
s>        ( - -5.132e+04 1 0)
s>        ( - -1.311e+06 1 0))INFO: dtree.c(1439): stop. leaf nodes are specific
INFO: dtree.c(1478): Final simple tree
|( QUESTION12 -1 -1.877e+05 4.131e+02 9.495e+02
|    ( - -1.563e+05 1 0)
|    ( - -3.096e+04 1 0))
s>    ( QUESTION12 -1 -1.877e+05 4.131e+02 9.495e+02
s>        ( - -1.563e+05 1 0)
s>        ( - -3.096e+04 1 0))INFO: dtree.c(1315): Comp split 12
INFO: dtree.c(1315): Comp split 13
INFO: dtree.c(1315): Comp split 14
INFO: dtree.c(1315): Comp split 15
INFO: dtree.c(1315): Comp split 16
INFO: dtree.c(1315): Comp split 17
INFO: dtree.c(1315): Comp split 18
INFO: dtree.c(1318): stop. leaf nodes are specific
!!!!!!!!Allocated 67 lines
Mon Nov  3 11:36:22 2014
