INFO: cmd_ln.c(696): Parsing command line:
/usr/local/libexec/sphinxtrain/bldtree \
	-treefn /home/sumu/aammango/trees/aammango.unpruned/ii-0.dtree \
	-moddeffn /home/sumu/aammango/model_architecture/aammango.untied.mdef \
	-mixwfn /home/sumu/aammango/model_parameters/aammango.cd_cont_untied/mixture_weights \
	-ts2cbfn .cont. \
	-mwfloor 1e-08 \
	-psetfn /home/sumu/aammango/model_architecture/aammango.tree_questions \
	-phone ii \
	-state 0 \
	-stwt 1.0,0.05,0.0 \
	-meanfn /home/sumu/aammango/model_parameters/aammango.cd_cont_untied/means \
	-varfn /home/sumu/aammango/model_parameters/aammango.cd_cont_untied/variances \
	-fullvar no \
	-ssplitmin 1 \
	-ssplitmax 7 \
	-ssplitthr 0 \
	-csplitmin 1 \
	-csplitmax 2000 \
	-csplitthr 0 

Current configuration:
[NAME]		[DEFLT]	[VALUE]
-allphones	no	no
-cntthresh	0.00001	1.000000e-05
-csplitmax	100	2000
-csplitmin	1	1
-csplitthr	8e-4	0.000000e+00
-example	no	no
-fullvar	no	no
-help		no	no
-meanfn			/home/sumu/aammango/model_parameters/aammango.cd_cont_untied/means
-mixwfn			/home/sumu/aammango/model_parameters/aammango.cd_cont_untied/mixture_weights
-moddeffn		/home/sumu/aammango/model_architecture/aammango.untied.mdef
-mwfloor	1e-4	1.000000e-08
-phone			ii
-psetfn			/home/sumu/aammango/model_architecture/aammango.tree_questions
-ssplitmax	5	7
-ssplitmin	1	1
-ssplitthr	8e-4	0.000000e+00
-state			0
-stwt			1.0,0.05,0.0,
-treefn			/home/sumu/aammango/trees/aammango.unpruned/ii-0.dtree
-ts2cbfn	.semi.	.cont.
-varfloor	0.00001	1.000000e-05
-varfn			/home/sumu/aammango/model_parameters/aammango.cd_cont_untied/variances

INFO: main.c(223): Reading: /home/sumu/aammango/model_architecture/aammango.untied.mdef
INFO: model_def_io.c(573): Model definition info:
INFO: model_def_io.c(574): 435 total models defined (69 base, 366 tri)
INFO: model_def_io.c(575): 1740 total states
INFO: model_def_io.c(576): 1305 total tied states
INFO: model_def_io.c(577): 207 total tied CI states
INFO: model_def_io.c(578): 69 total tied transition matrices
INFO: model_def_io.c(579): 4 max state/model
INFO: model_def_io.c(580): 4 min state/model
INFO: main.c(242): Building trees for [ii a sp i] through [ii z sp i]
INFO: main.c(269): Covering states |[666 725]| == 60
INFO: main.c(275): Reading: /home/sumu/aammango/model_parameters/aammango.cd_cont_untied/mixture_weights
INFO: s3mixw_io.c(173): Read /home/sumu/aammango/model_parameters/aammango.cd_cont_untied/mixture_weights [60x1x1 array]
INFO: main.c(311): 20 of 20 models have observation count greater than 0.000010
INFO: main.c(95): nrm stwt: 0.952 0.048 0.000 
INFO: s3gau_io.c(169): Read /home/sumu/aammango/model_parameters/aammango.cd_cont_untied/means [1305x1x1 array]
INFO: s3gau_io.c(169): Read /home/sumu/aammango/model_parameters/aammango.cd_cont_untied/variances [1305x1x1 array]
INFO: main.c(549): Reading: /home/sumu/aammango/model_architecture/aammango.tree_questions
INFO: main.c(588): 176 total simple questions (168 phone; 8 word bndry)
INFO: main.c(590): 42 Left Only questions, and 42 Right Only questions
INFO: dtree.c(1478): Final simple tree
|( !QUESTION0_2_R 1 -6.940e+05 2.563e+03 3.252e+03
|    ( QUESTION10 -1 -6.257e+05 1.996e+03 2.916e+03
|        ( QUESTION2_4_L -1 -2.406e+05 1.050e+03 1.112e+03
|            ( - -5.571e+04 1 0)
|            ( - -1.838e+05 7 0 QUESTION0_0_R 1 9.943e+02 8.486e+02))
|        ( QUESTION0_0_R 1 -3.831e+05 1.714e+03 1.804e+03
|            ( QUESTION2_3_L -1 -2.701e+05 1.366e+03 1.280e+03
|                ( - -4.570e+04 1 0)
|                ( - -2.230e+05 5 0 QUESTION6 -1 8.636e+02 1.068e+03))
|            ( QUESTION2 -1 -1.113e+05 1.396e+03 5.240e+02
|                ( - -5.502e+04 1 0)
|                ( - -5.485e+04 3 0 QUESTION10 1 6.379e+02 2.542e+02))))
|    ( QUESTION9 -1 -6.572e+04 1.487e+03 3.363e+02
|        ( - -1.040e+04 1 0)
|        ( - -5.383e+04 1 0)))
s>    ( !QUESTION0_2_R 1 -6.940e+05 2.563e+03 3.252e+03
s>        ( QUESTION10 -1 -6.257e+05 1.996e+03 2.916e+03
s>            ( QUESTION2_4_L -1 -2.406e+05 1.050e+03 1.112e+03
s>                ( - -5.571e+04 1 0)
s>                ( - -1.838e+05 7 0 QUESTION0_0_R 1 9.943e+02 8.486e+02))
s>            ( QUESTION0_0_R 1 -3.831e+05 1.714e+03 1.804e+03
s>                ( QUESTION2_3_L -1 -2.701e+05 1.366e+03 1.280e+03
s>                    ( - -4.570e+04 1 0)
s>                    ( - -2.230e+05 5 0 QUESTION6 -1 8.636e+02 1.068e+03))
s>                ( QUESTION2 -1 -1.113e+05 1.396e+03 5.240e+02
s>                    ( - -5.502e+04 1 0)
s>                    ( - -5.485e+04 3 0 QUESTION10 1 6.379e+02 2.542e+02))))
s>        ( QUESTION9 -1 -6.572e+04 1.487e+03 3.363e+02
s>            ( - -1.040e+04 1 0)
s>            ( - -5.383e+04 1 0)))INFO: dtree.c(1315): Comp split 0
INFO: dtree.c(1478): Final simple tree
|( QUESTION10 -1 -6.365e+05 1.903e+03 2.965e+03
|    ( QUESTION2_4_L -1 -2.406e+05 1.050e+03 1.112e+03
|        ( - -5.571e+04 1 0)
|        ( QUESTION0_0_R 1 -1.838e+05 9.943e+02 8.486e+02
|            ( - -1.571e+05 6 0 QUESTION11 -1 4.418e+02 7.302e+02)
|            ( - -2.575e+04 1 0)))
|    ( QUESTION0_1_R 1 -3.940e+05 1.768e+03 1.853e+03
|        ( QUESTION2_3_L -1 -2.701e+05 1.366e+03 1.280e+03
|            ( - -4.570e+04 1 0)
|            ( QUESTION6 -1 -2.230e+05 8.636e+02 1.068e+03
|                ( - -5.054e+04 1 0)
|                ( - -1.716e+05 4 0 QUESTION2 -1 7.840e+02 8.244e+02)))
|        ( QUESTION2 -1 -1.222e+05 1.453e+03 5.735e+02
|            ( - -5.502e+04 1 0)
|            ( - -6.568e+04 4 0 QUESTION2_2_L -1 6.112e+02 3.037e+02))))
s>    ( QUESTION10 -1 -6.365e+05 1.903e+03 2.965e+03
s>        ( QUESTION2_4_L -1 -2.406e+05 1.050e+03 1.112e+03
s>            ( - -5.571e+04 1 0)
s>            ( QUESTION0_0_R 1 -1.838e+05 9.943e+02 8.486e+02
s>                ( - -1.571e+05 6 0 QUESTION11 -1 4.418e+02 7.302e+02)
s>                ( - -2.575e+04 1 0)))
s>        ( QUESTION0_1_R 1 -3.940e+05 1.768e+03 1.853e+03
s>            ( QUESTION2_3_L -1 -2.701e+05 1.366e+03 1.280e+03
s>                ( - -4.570e+04 1 0)
s>                ( QUESTION6 -1 -2.230e+05 8.636e+02 1.068e+03
s>                    ( - -5.054e+04 1 0)
s>                    ( - -1.716e+05 4 0 QUESTION2 -1 7.840e+02 8.244e+02)))
s>            ( QUESTION2 -1 -1.222e+05 1.453e+03 5.735e+02
s>                ( - -5.502e+04 1 0)
s>                ( - -6.568e+04 4 0 QUESTION2_2_L -1 6.112e+02 3.037e+02))))INFO: dtree.c(1315): Comp split 1
INFO: dtree.c(1439): stop. leaf nodes are specific
INFO: dtree.c(1478): Final simple tree
|( QUESTION0_0_R 1 -2.752e+05 1.592e+03 1.306e+03
|    ( QUESTION2_17_L -1 -2.186e+05 1.495e+03 1.036e+03
|        ( - -1.530e+05 3 0)
|        ( QUESTION2 -1 -6.404e+04 5.153e+02 2.956e+02
|            ( - -1.783e+04 1 0)
|            ( - -4.570e+04 1 0)))
|    ( - -5.502e+04 1 0))
s>    ( QUESTION0_0_R 1 -2.752e+05 1.592e+03 1.306e+03
s>        ( QUESTION2_17_L -1 -2.186e+05 1.495e+03 1.036e+03
s>            ( - -1.530e+05 3 0)
s>            ( QUESTION2 -1 -6.404e+04 5.153e+02 2.956e+02
s>                ( - -1.783e+04 1 0)
s>                ( - -4.570e+04 1 0)))
s>        ( - -5.502e+04 1 0))INFO: dtree.c(1478): Final simple tree
|( QUESTION19 -1 -3.589e+05 1.391e+03 1.659e+03
|    ( !QUESTION0_0_R 1 -1.212e+05 1.106e+03 5.598e+02
|        ( - -2.575e+04 1 0)
|        ( QUESTION2_8_L -1 -9.439e+04 6.241e+02 4.414e+02
|            ( - -2.028e+04 1 0)
|            ( - -7.349e+04 2 0 QUESTION2_3_L -1 2.558e+02 3.456e+02)))
|    ( !QUESTION0_0_R 1 -2.363e+05 9.656e+02 1.100e+03
|        ( QUESTION10 1 -5.485e+04 6.379e+02 2.542e+02
|            ( - -1.362e+04 1 0)
|            ( QUESTION2 1 -4.059e+04 5.612e+02 1.897e+02
|                ( - -1.542e+04 1 0)
|                ( - -2.461e+04 1 0)))
|        ( QUESTION2 -1 -1.804e+05 8.117e+02 8.455e+02
|            ( - -5.054e+04 1 0)
|            ( - -1.291e+05 5 0 QUESTION14 -1 3.839e+02 6.020e+02))))
s>    ( QUESTION19 -1 -3.589e+05 1.391e+03 1.659e+03
s>        ( !QUESTION0_0_R 1 -1.212e+05 1.106e+03 5.598e+02
s>            ( - -2.575e+04 1 0)
s>            ( QUESTION2_8_L -1 -9.439e+04 6.241e+02 4.414e+02
s>                ( - -2.028e+04 1 0)
s>                ( - -7.349e+04 2 0 QUESTION2_3_L -1 2.558e+02 3.456e+02)))
s>        ( !QUESTION0_0_R 1 -2.363e+05 9.656e+02 1.100e+03
s>            ( QUESTION10 1 -5.485e+04 6.379e+02 2.542e+02
s>                ( - -1.362e+04 1 0)
s>                ( QUESTION2 1 -4.059e+04 5.612e+02 1.897e+02
s>                    ( - -1.542e+04 1 0)
s>                    ( - -2.461e+04 1 0)))
s>            ( QUESTION2 -1 -1.804e+05 8.117e+02 8.455e+02
s>                ( - -5.054e+04 1 0)
s>                ( - -1.291e+05 5 0 QUESTION14 -1 3.839e+02 6.020e+02))))INFO: dtree.c(1315): Comp split 2
INFO: dtree.c(1439): stop. leaf nodes are specific
INFO: dtree.c(1478): Final simple tree
|( QUESTION2_3_L -1 -7.349e+04 2.558e+02 3.456e+02
|    ( - -5.571e+04 1 0)
|    ( - -1.752e+04 1 0))
s>    ( QUESTION2_3_L -1 -7.349e+04 2.558e+02 3.456e+02
s>        ( - -5.571e+04 1 0)
s>        ( - -1.752e+04 1 0))INFO: dtree.c(1478): Final simple tree
|( QUESTION0_0_R 1 -2.836e+05 1.153e+03 1.314e+03
|    ( QUESTION2 -1 -2.010e+05 8.082e+02 9.414e+02
|        ( - -5.054e+04 1 0)
|        ( QUESTION0_1_R 1 -1.497e+05 3.807e+02 6.978e+02
|            ( QUESTION14 -1 -1.389e+05 3.749e+02 6.483e+02
|                ( - -1.272e+04 1 0)
|                ( - -1.258e+05 4 0 QUESTION11 -1 2.936e+02 5.884e+02))
|            ( - -1.040e+04 1 0)))
|    ( QUESTION9 -1 -8.147e+04 8.697e+02 3.725e+02
|        ( QUESTION10 1 -5.485e+04 6.379e+02 2.542e+02
|            ( - -1.362e+04 1 0)
|            ( QUESTION2 1 -4.059e+04 5.612e+02 1.897e+02
|                ( - -1.542e+04 1 0)
|                ( - -2.461e+04 1 0)))
|        ( - -2.575e+04 1 0)))
s>    ( QUESTION0_0_R 1 -2.836e+05 1.153e+03 1.314e+03
s>        ( QUESTION2 -1 -2.010e+05 8.082e+02 9.414e+02
s>            ( - -5.054e+04 1 0)
s>            ( QUESTION0_1_R 1 -1.497e+05 3.807e+02 6.978e+02
s>                ( QUESTION14 -1 -1.389e+05 3.749e+02 6.483e+02
s>                    ( - -1.272e+04 1 0)
s>                    ( - -1.258e+05 4 0 QUESTION11 -1 2.936e+02 5.884e+02))
s>                ( - -1.040e+04 1 0)))
s>        ( QUESTION9 -1 -8.147e+04 8.697e+02 3.725e+02
s>            ( QUESTION10 1 -5.485e+04 6.379e+02 2.542e+02
s>                ( - -1.362e+04 1 0)
s>                ( QUESTION2 1 -4.059e+04 5.612e+02 1.897e+02
s>                    ( - -1.542e+04 1 0)
s>                    ( - -2.461e+04 1 0)))
s>            ( - -2.575e+04 1 0)))INFO: dtree.c(1315): Comp split 3
INFO: dtree.c(1439): stop. leaf nodes are specific
INFO: dtree.c(1478): Final simple tree
|( QUESTION2_17_L -1 -2.186e+05 1.495e+03 1.036e+03
|    ( - -1.530e+05 3 0)
|    ( QUESTION2 -1 -6.404e+04 5.153e+02 2.956e+02
|        ( - -1.783e+04 1 0)
|        ( - -4.570e+04 1 0)))
s>    ( QUESTION2_17_L -1 -2.186e+05 1.495e+03 1.036e+03
s>        ( - -1.530e+05 3 0)
s>        ( QUESTION2 -1 -6.404e+04 5.153e+02 2.956e+02
s>            ( - -1.783e+04 1 0)
s>            ( - -4.570e+04 1 0)))INFO: dtree.c(1315): Comp split 4
INFO: dtree.c(1439): stop. leaf nodes are specific
INFO: dtree.c(1478): Final simple tree
|( QUESTION2 -1 -6.404e+04 5.153e+02 2.956e+02
|    ( - -1.783e+04 1 0)
|    ( - -4.570e+04 1 0))
s>    ( QUESTION2 -1 -6.404e+04 5.153e+02 2.956e+02
s>        ( - -1.783e+04 1 0)
s>        ( - -4.570e+04 1 0))INFO: dtree.c(1315): Comp split 5
INFO: dtree.c(1439): stop. leaf nodes are specific
INFO: dtree.c(1478): Final simple tree
|( QUESTION9 -1 -8.147e+04 8.697e+02 3.725e+02
|    ( QUESTION10 1 -5.485e+04 6.379e+02 2.542e+02
|        ( - -1.362e+04 1 0)
|        ( QUESTION2 1 -4.059e+04 5.612e+02 1.897e+02
|            ( - -1.542e+04 1 0)
|            ( - -2.461e+04 1 0)))
|    ( - -2.575e+04 1 0))
s>    ( QUESTION9 -1 -8.147e+04 8.697e+02 3.725e+02
s>        ( QUESTION10 1 -5.485e+04 6.379e+02 2.542e+02
s>            ( - -1.362e+04 1 0)
s>            ( QUESTION2 1 -4.059e+04 5.612e+02 1.897e+02
s>                ( - -1.542e+04 1 0)
s>                ( - -2.461e+04 1 0)))
s>        ( - -2.575e+04 1 0))INFO: dtree.c(1439): stop. leaf nodes are specific
INFO: dtree.c(1478): Final simple tree
|( QUESTION2 -1 -2.010e+05 8.082e+02 9.414e+02
|    ( - -5.054e+04 1 0)
|    ( QUESTION0_1_R 1 -1.497e+05 3.807e+02 6.978e+02
|        ( QUESTION14 -1 -1.389e+05 3.749e+02 6.483e+02
|            ( - -1.272e+04 1 0)
|            ( QUESTION11 -1 -1.258e+05 2.936e+02 5.884e+02
|                ( - -1.052e+05 3 0)
|                ( - -2.028e+04 1 0)))
|        ( - -1.040e+04 1 0)))
s>    ( QUESTION2 -1 -2.010e+05 8.082e+02 9.414e+02
s>        ( - -5.054e+04 1 0)
s>        ( QUESTION0_1_R 1 -1.497e+05 3.807e+02 6.978e+02
s>            ( QUESTION14 -1 -1.389e+05 3.749e+02 6.483e+02
s>                ( - -1.272e+04 1 0)
s>                ( QUESTION11 -1 -1.258e+05 2.936e+02 5.884e+02
s>                    ( - -1.052e+05 3 0)
s>                    ( - -2.028e+04 1 0)))
s>            ( - -1.040e+04 1 0)))INFO: dtree.c(1315): Comp split 6
INFO: dtree.c(1439): stop. leaf nodes are specific
INFO: dtree.c(1478): Final simple tree
|( QUESTION10 1 -5.485e+04 6.379e+02 2.542e+02
|    ( - -1.362e+04 1 0)
|    ( QUESTION2 1 -4.059e+04 5.612e+02 1.897e+02
|        ( - -1.542e+04 1 0)
|        ( - -2.461e+04 1 0)))
s>    ( QUESTION10 1 -5.485e+04 6.379e+02 2.542e+02
s>        ( - -1.362e+04 1 0)
s>        ( QUESTION2 1 -4.059e+04 5.612e+02 1.897e+02
s>            ( - -1.542e+04 1 0)
s>            ( - -2.461e+04 1 0)))INFO: dtree.c(1315): Comp split 7
INFO: dtree.c(1439): stop. leaf nodes are specific
INFO: dtree.c(1478): Final simple tree
|( QUESTION0_1_R 1 -1.497e+05 3.807e+02 6.978e+02
|    ( QUESTION14 -1 -1.389e+05 3.749e+02 6.483e+02
|        ( - -1.272e+04 1 0)
|        ( QUESTION11 -1 -1.258e+05 2.936e+02 5.884e+02
|            ( - -1.052e+05 3 0)
|            ( - -2.028e+04 1 0)))
|    ( - -1.040e+04 1 0))
s>    ( QUESTION0_1_R 1 -1.497e+05 3.807e+02 6.978e+02
s>        ( QUESTION14 -1 -1.389e+05 3.749e+02 6.483e+02
s>            ( - -1.272e+04 1 0)
s>            ( QUESTION11 -1 -1.258e+05 2.936e+02 5.884e+02
s>                ( - -1.052e+05 3 0)
s>                ( - -2.028e+04 1 0)))
s>        ( - -1.040e+04 1 0))INFO: dtree.c(1315): Comp split 8
INFO: dtree.c(1439): stop. leaf nodes are specific
INFO: dtree.c(1478): Final simple tree
|( QUESTION2 1 -4.059e+04 5.612e+02 1.897e+02
|    ( - -1.542e+04 1 0)
|    ( - -2.461e+04 1 0))
s>    ( QUESTION2 1 -4.059e+04 5.612e+02 1.897e+02
s>        ( - -1.542e+04 1 0)
s>        ( - -2.461e+04 1 0))INFO: dtree.c(1315): Comp split 9
INFO: dtree.c(1315): Comp split 10
INFO: dtree.c(1315): Comp split 11
INFO: dtree.c(1439): stop. leaf nodes are specific
INFO: dtree.c(1478): Final simple tree
|( QUESTION14 -1 -1.389e+05 3.749e+02 6.483e+02
|    ( - -1.272e+04 1 0)
|    ( QUESTION11 -1 -1.258e+05 2.936e+02 5.884e+02
|        ( - -1.052e+05 3 0)
|        ( - -2.028e+04 1 0)))
s>    ( QUESTION14 -1 -1.389e+05 3.749e+02 6.483e+02
s>        ( - -1.272e+04 1 0)
s>        ( QUESTION11 -1 -1.258e+05 2.936e+02 5.884e+02
s>            ( - -1.052e+05 3 0)
s>            ( - -2.028e+04 1 0)))INFO: dtree.c(1315): Comp split 12
INFO: dtree.c(1439): stop. leaf nodes are specific
INFO: dtree.c(1478): Final simple tree
|( QUESTION11 -1 -1.258e+05 2.936e+02 5.884e+02
|    ( - -1.052e+05 3 0)
|    ( - -2.028e+04 1 0))
s>    ( QUESTION11 -1 -1.258e+05 2.936e+02 5.884e+02
s>        ( - -1.052e+05 3 0)
s>        ( - -2.028e+04 1 0))INFO: dtree.c(1315): Comp split 13
INFO: dtree.c(1315): Comp split 14
INFO: dtree.c(1315): Comp split 15
INFO: dtree.c(1318): stop. leaf nodes are specific
!!!!!!!!Allocated 67 lines
Mon Nov  3 11:36:26 2014
