INFO: cmd_ln.c(696): Parsing command line:
/usr/local/libexec/sphinxtrain/bldtree \
	-treefn /home/sumu/aammango/trees/aammango.unpruned/aa-0.dtree \
	-moddeffn /home/sumu/aammango/model_architecture/aammango.untied.mdef \
	-mixwfn /home/sumu/aammango/model_parameters/aammango.cd_cont_untied/mixture_weights \
	-ts2cbfn .cont. \
	-mwfloor 1e-08 \
	-psetfn /home/sumu/aammango/model_architecture/aammango.tree_questions \
	-phone aa \
	-state 0 \
	-stwt 1.0,0.05,0.0 \
	-meanfn /home/sumu/aammango/model_parameters/aammango.cd_cont_untied/means \
	-varfn /home/sumu/aammango/model_parameters/aammango.cd_cont_untied/variances \
	-fullvar no \
	-ssplitmin 1 \
	-ssplitmax 7 \
	-ssplitthr 0 \
	-csplitmin 1 \
	-csplitmax 2000 \
	-csplitthr 0 

Current configuration:
[NAME]		[DEFLT]	[VALUE]
-allphones	no	no
-cntthresh	0.00001	1.000000e-05
-csplitmax	100	2000
-csplitmin	1	1
-csplitthr	8e-4	0.000000e+00
-example	no	no
-fullvar	no	no
-help		no	no
-meanfn			/home/sumu/aammango/model_parameters/aammango.cd_cont_untied/means
-mixwfn			/home/sumu/aammango/model_parameters/aammango.cd_cont_untied/mixture_weights
-moddeffn		/home/sumu/aammango/model_architecture/aammango.untied.mdef
-mwfloor	1e-4	1.000000e-08
-phone			aa
-psetfn			/home/sumu/aammango/model_architecture/aammango.tree_questions
-ssplitmax	5	7
-ssplitmin	1	1
-ssplitthr	8e-4	0.000000e+00
-state			0
-stwt			1.0,0.05,0.0,
-treefn			/home/sumu/aammango/trees/aammango.unpruned/aa-0.dtree
-ts2cbfn	.semi.	.cont.
-varfloor	0.00001	1.000000e-05
-varfn			/home/sumu/aammango/model_parameters/aammango.cd_cont_untied/variances

INFO: main.c(223): Reading: /home/sumu/aammango/model_architecture/aammango.untied.mdef
INFO: model_def_io.c(573): Model definition info:
INFO: model_def_io.c(574): 435 total models defined (69 base, 366 tri)
INFO: model_def_io.c(575): 1740 total states
INFO: model_def_io.c(576): 1305 total tied states
INFO: model_def_io.c(577): 207 total tied CI states
INFO: model_def_io.c(578): 69 total tied transition matrices
INFO: model_def_io.c(579): 4 max state/model
INFO: model_def_io.c(580): 4 min state/model
INFO: main.c(242): Building trees for [aa SIL l b] through [aa y n i]
INFO: main.c(269): Covering states |[366 494]| == 129
INFO: main.c(275): Reading: /home/sumu/aammango/model_parameters/aammango.cd_cont_untied/mixture_weights
INFO: s3mixw_io.c(173): Read /home/sumu/aammango/model_parameters/aammango.cd_cont_untied/mixture_weights [129x1x1 array]
INFO: main.c(311): 43 of 43 models have observation count greater than 0.000010
INFO: main.c(95): nrm stwt: 0.952 0.048 0.000 
INFO: s3gau_io.c(169): Read /home/sumu/aammango/model_parameters/aammango.cd_cont_untied/means [1305x1x1 array]
INFO: s3gau_io.c(169): Read /home/sumu/aammango/model_parameters/aammango.cd_cont_untied/variances [1305x1x1 array]
INFO: main.c(549): Reading: /home/sumu/aammango/model_architecture/aammango.tree_questions
INFO: main.c(588): 176 total simple questions (168 phone; 8 word bndry)
INFO: main.c(590): 42 Left Only questions, and 42 Right Only questions
INFO: dtree.c(1478): Final simple tree
|( QUESTION0_1_R 1 -1.517e+06 8.128e+03 7.508e+03
|    ( QUESTION2_4_L -1 -4.588e+05 2.670e+03 2.183e+03
|        ( - -6.686e+04 5 0 QUESTION9 -1 8.500e+02 3.135e+02)
|        ( QUESTION18 -1 -3.893e+05 1.561e+03 1.870e+03
|            ( - -9.446e+03 1 0)
|            ( - -3.783e+05 11 0 QUESTION2_11_L -1 8.195e+02 1.824e+03)))
|    ( QUESTION8 -1 -1.050e+06 2.065e+03 5.325e+03
|        ( - -5.164e+05 15 0 QUESTION0_12_R 1 1.331e+03 2.643e+03)
|        ( QUESTION0_10_R 1 -5.315e+05 1.411e+03 2.682e+03
|            ( - -4.951e+04 1 0)
|            ( !QUESTION13 1 -4.806e+05 1.440e+03 2.432e+03
|                ( QUESTION4 -1 -4.415e+05 1.338e+03 2.248e+03
|                    ( - -1.213e+05 2 0 QUESTION9 1 6.296e+02 6.323e+02)
|                    ( - -3.188e+05 6 0 WDBNDRY_B 0 1.021e+03 1.616e+03))
|                ( - -3.759e+04 2 0 QUESTION4 -1 6.638e+02 1.834e+02)))))
s>    ( QUESTION0_1_R 1 -1.517e+06 8.128e+03 7.508e+03
s>        ( QUESTION2_4_L -1 -4.588e+05 2.670e+03 2.183e+03
s>            ( - -6.686e+04 5 0 QUESTION9 -1 8.500e+02 3.135e+02)
s>            ( QUESTION18 -1 -3.893e+05 1.561e+03 1.870e+03
s>                ( - -9.446e+03 1 0)
s>                ( - -3.783e+05 11 0 QUESTION2_11_L -1 8.195e+02 1.824e+03)))
s>        ( QUESTION8 -1 -1.050e+06 2.065e+03 5.325e+03
s>            ( - -5.164e+05 15 0 QUESTION0_12_R 1 1.331e+03 2.643e+03)
s>            ( QUESTION0_10_R 1 -5.315e+05 1.411e+03 2.682e+03
s>                ( - -4.951e+04 1 0)
s>                ( !QUESTION13 1 -4.806e+05 1.440e+03 2.432e+03
s>                    ( QUESTION4 -1 -4.415e+05 1.338e+03 2.248e+03
s>                        ( - -1.213e+05 2 0 QUESTION9 1 6.296e+02 6.323e+02)
s>                        ( - -3.188e+05 6 0 WDBNDRY_B 0 1.021e+03 1.616e+03))
s>                    ( - -3.759e+04 2 0 QUESTION4 -1 6.638e+02 1.834e+02)))))INFO: dtree.c(1315): Comp split 0
INFO: dtree.c(1478): Final simple tree
|( QUESTION8 -1 -1.050e+06 2.065e+03 5.325e+03
|    ( QUESTION0_12_R 1 -5.164e+05 1.331e+03 2.643e+03
|        ( - -8.154e+04 2 0)
|        ( QUESTION0_4_R 1 -4.335e+05 1.250e+03 2.231e+03
|            ( - -6.597e+04 2 0 QUESTION11 -1 3.500e+02 3.472e+02)
|            ( QUESTION0_20_R 1 -3.663e+05 1.047e+03 1.884e+03
|                ( - -2.922e+05 7 0 QUESTION2_17_L -1 1.104e+03 1.520e+03)
|                ( - -7.311e+04 4 0 QUESTION9 1 8.114e+02 3.635e+02))))
|    ( QUESTION0_10_R 1 -5.315e+05 1.411e+03 2.682e+03
|        ( - -4.951e+04 1 0)
|        ( !QUESTION13 1 -4.806e+05 1.440e+03 2.432e+03
|            ( QUESTION4 -1 -4.415e+05 1.338e+03 2.248e+03
|                ( - -1.213e+05 2 0 QUESTION9 1 6.296e+02 6.323e+02)
|                ( - -3.188e+05 6 0 WDBNDRY_B 0 1.021e+03 1.616e+03))
|            ( - -3.759e+04 2 0 QUESTION4 -1 6.638e+02 1.834e+02))))
s>    ( QUESTION8 -1 -1.050e+06 2.065e+03 5.325e+03
s>        ( QUESTION0_12_R 1 -5.164e+05 1.331e+03 2.643e+03
s>            ( - -8.154e+04 2 0)
s>            ( QUESTION0_4_R 1 -4.335e+05 1.250e+03 2.231e+03
s>                ( - -6.597e+04 2 0 QUESTION11 -1 3.500e+02 3.472e+02)
s>                ( QUESTION0_20_R 1 -3.663e+05 1.047e+03 1.884e+03
s>                    ( - -2.922e+05 7 0 QUESTION2_17_L -1 1.104e+03 1.520e+03)
s>                    ( - -7.311e+04 4 0 QUESTION9 1 8.114e+02 3.635e+02))))
s>        ( QUESTION0_10_R 1 -5.315e+05 1.411e+03 2.682e+03
s>            ( - -4.951e+04 1 0)
s>            ( !QUESTION13 1 -4.806e+05 1.440e+03 2.432e+03
s>                ( QUESTION4 -1 -4.415e+05 1.338e+03 2.248e+03
s>                    ( - -1.213e+05 2 0 QUESTION9 1 6.296e+02 6.323e+02)
s>                    ( - -3.188e+05 6 0 WDBNDRY_B 0 1.021e+03 1.616e+03))
s>                ( - -3.759e+04 2 0 QUESTION4 -1 6.638e+02 1.834e+02))))INFO: dtree.c(1478): Final simple tree
|( QUESTION2_4_L -1 -4.588e+05 2.670e+03 2.183e+03
|    ( QUESTION9 -1 -6.686e+04 8.500e+02 3.135e+02
|        ( - -4.307e+04 3 0 QUESTION2_6_L -1 4.182e+02 2.019e+02)
|        ( - -2.295e+04 2 0))
|    ( QUESTION18 -1 -3.893e+05 1.561e+03 1.870e+03
|        ( - -9.446e+03 1 0)
|        ( QUESTION2_11_L -1 -3.783e+05 8.195e+02 1.824e+03
|            ( - -2.548e+04 1 0)
|            ( QUESTION2 -1 -3.520e+05 7.422e+02 1.693e+03
|                ( - -6.251e+04 1 0)
|                ( QUESTION2_2_L -1 -2.887e+05 7.556e+02 1.384e+03
|                    ( QUESTION9 -1 -2.246e+05 6.480e+02 1.074e+03
|                        ( - -1.518e+05 4 0 QUESTION2_3_L -1 4.052e+02 7.251e+02)
|                        ( - -7.209e+04 2 0 QUESTION11 -1 5.323e+02 3.494e+02))
|                    ( - -6.340e+04 3 0))))))
s>    ( QUESTION2_4_L -1 -4.588e+05 2.670e+03 2.183e+03
s>        ( QUESTION9 -1 -6.686e+04 8.500e+02 3.135e+02
s>            ( - -4.307e+04 3 0 QUESTION2_6_L -1 4.182e+02 2.019e+02)
s>            ( - -2.295e+04 2 0))
s>        ( QUESTION18 -1 -3.893e+05 1.561e+03 1.870e+03
s>            ( - -9.446e+03 1 0)
s>            ( QUESTION2_11_L -1 -3.783e+05 8.195e+02 1.824e+03
s>                ( - -2.548e+04 1 0)
s>                ( QUESTION2 -1 -3.520e+05 7.422e+02 1.693e+03
s>                    ( - -6.251e+04 1 0)
s>                    ( QUESTION2_2_L -1 -2.887e+05 7.556e+02 1.384e+03
s>                        ( QUESTION9 -1 -2.246e+05 6.480e+02 1.074e+03
s>                            ( - -1.518e+05 4 0 QUESTION2_3_L -1 4.052e+02 7.251e+02)
s>                            ( - -7.209e+04 2 0 QUESTION11 -1 5.323e+02 3.494e+02))
s>                        ( - -6.340e+04 3 0))))))INFO: dtree.c(1315): Comp split 1
INFO: dtree.c(1439): stop. leaf nodes are specific
INFO: dtree.c(1478): Final simple tree
|( QUESTION2_11_L -1 -3.783e+05 8.195e+02 1.824e+03
|    ( - -2.548e+04 1 0)
|    ( QUESTION2 -1 -3.520e+05 7.422e+02 1.693e+03
|        ( - -6.251e+04 1 0)
|        ( QUESTION2_2_L -1 -2.887e+05 7.556e+02 1.384e+03
|            ( QUESTION9 -1 -2.246e+05 6.480e+02 1.074e+03
|                ( QUESTION2_3_L -1 -1.518e+05 4.052e+02 7.251e+02
|                    ( - -3.148e+04 1 0)
|                    ( - -1.199e+05 3 0))
|                ( QUESTION11 -1 -7.209e+04 5.323e+02 3.494e+02
|                    ( - -1.688e+04 1 0)
|                    ( - -5.468e+04 1 0)))
|            ( - -6.340e+04 3 0))))
s>    ( QUESTION2_11_L -1 -3.783e+05 8.195e+02 1.824e+03
s>        ( - -2.548e+04 1 0)
s>        ( QUESTION2 -1 -3.520e+05 7.422e+02 1.693e+03
s>            ( - -6.251e+04 1 0)
s>            ( QUESTION2_2_L -1 -2.887e+05 7.556e+02 1.384e+03
s>                ( QUESTION9 -1 -2.246e+05 6.480e+02 1.074e+03
s>                    ( QUESTION2_3_L -1 -1.518e+05 4.052e+02 7.251e+02
s>                        ( - -3.148e+04 1 0)
s>                        ( - -1.199e+05 3 0))
s>                    ( QUESTION11 -1 -7.209e+04 5.323e+02 3.494e+02
s>                        ( - -1.688e+04 1 0)
s>                        ( - -5.468e+04 1 0)))
s>                ( - -6.340e+04 3 0))))INFO: dtree.c(1439): stop. leaf nodes are specific
INFO: dtree.c(1478): Final simple tree
|( QUESTION9 -1 -7.702e+04 9.278e+02 3.597e+02
|    ( QUESTION2_6_L -1 -4.307e+04 4.182e+02 2.019e+02
|        ( - -2.870e+04 2 0)
|        ( - -1.395e+04 1 0))
|    ( QUESTION11 -1 -3.303e+04 6.362e+02 1.578e+02
|        ( - -9.446e+03 1 0)
|        ( - -2.295e+04 2 0)))
s>    ( QUESTION9 -1 -7.702e+04 9.278e+02 3.597e+02
s>        ( QUESTION2_6_L -1 -4.307e+04 4.182e+02 2.019e+02
s>            ( - -2.870e+04 2 0)
s>            ( - -1.395e+04 1 0))
s>        ( QUESTION11 -1 -3.303e+04 6.362e+02 1.578e+02
s>            ( - -9.446e+03 1 0)
s>            ( - -2.295e+04 2 0)))INFO: dtree.c(1315): Comp split 2
INFO: dtree.c(1478): Final simple tree
|( QUESTION2_2_L -1 -4.819e+05 1.520e+03 2.500e+03
|    ( QUESTION12 1 -1.629e+05 8.215e+02 8.513e+02
|        ( QUESTION9 -1 -5.860e+04 8.791e+02 3.045e+02
|            ( - -1.568e+04 1 0)
|            ( - -4.204e+04 1 0))
|        ( !QUESTION0_0_R 1 -1.035e+05 6.518e+02 5.468e+02
|            ( - -3.688e+04 1 0)
|            ( - -6.597e+04 2 0 QUESTION11 -1 3.500e+02 3.472e+02)))
|    ( QUESTION2 -1 -3.174e+05 9.400e+02 1.648e+03
|        ( QUESTION9 1 -1.213e+05 6.296e+02 6.323e+02
|            ( - -5.911e+04 1 0)
|            ( - -6.160e+04 1 0))
|        ( QUESTION9 1 -1.952e+05 6.177e+02 1.016e+03
|            ( - -1.232e+05 3 0)
|            ( - -7.135e+04 1 0))))
s>    ( QUESTION2_2_L -1 -4.819e+05 1.520e+03 2.500e+03
s>        ( QUESTION12 1 -1.629e+05 8.215e+02 8.513e+02
s>            ( QUESTION9 -1 -5.860e+04 8.791e+02 3.045e+02
s>                ( - -1.568e+04 1 0)
s>                ( - -4.204e+04 1 0))
s>            ( !QUESTION0_0_R 1 -1.035e+05 6.518e+02 5.468e+02
s>                ( - -3.688e+04 1 0)
s>                ( - -6.597e+04 2 0 QUESTION11 -1 3.500e+02 3.472e+02)))
s>        ( QUESTION2 -1 -3.174e+05 9.400e+02 1.648e+03
s>            ( QUESTION9 1 -1.213e+05 6.296e+02 6.323e+02
s>                ( - -5.911e+04 1 0)
s>                ( - -6.160e+04 1 0))
s>            ( QUESTION9 1 -1.952e+05 6.177e+02 1.016e+03
s>                ( - -1.232e+05 3 0)
s>                ( - -7.135e+04 1 0))))INFO: dtree.c(1478): Final simple tree
|( WDBNDRY_B 0 -5.656e+05 1.493e+03 2.826e+03
|    ( - -1.372e+05 2 0 !QUESTION11 1 8.116e+02 7.018e+02)
|    ( QUESTION12 1 -4.270e+05 1.344e+03 2.124e+03
|        ( QUESTION0_11_R 1 -1.063e+05 1.134e+03 5.210e+02
|            ( - -1.720e+04 1 0)
|            ( QUESTION4 -1 -8.792e+04 8.455e+02 4.340e+02
|                ( - -2.078e+04 1 0)
|                ( - -6.630e+04 2 0 QUESTION0_10_R 1 6.339e+02 3.323e+02)))
|        ( QUESTION9 1 -3.194e+05 1.405e+03 1.603e+03
|            ( QUESTION0_0_R 1 -1.550e+05 8.954e+02 7.811e+02
|                ( - -3.884e+04 2 0 QUESTION9 -1 5.385e+02 1.975e+02)
|                ( - -1.153e+05 3 0 QUESTION0_10_R 1 5.545e+02 5.835e+02))
|            ( QUESTION19 1 -1.629e+05 8.915e+02 8.217e+02
|                ( - -1.161e+05 2 0)
|                ( - -4.592e+04 2 0 QUESTION0_0_R 1 4.903e+02 2.315e+02)))))
s>    ( WDBNDRY_B 0 -5.656e+05 1.493e+03 2.826e+03
s>        ( - -1.372e+05 2 0 !QUESTION11 1 8.116e+02 7.018e+02)
s>        ( QUESTION12 1 -4.270e+05 1.344e+03 2.124e+03
s>            ( QUESTION0_11_R 1 -1.063e+05 1.134e+03 5.210e+02
s>                ( - -1.720e+04 1 0)
s>                ( QUESTION4 -1 -8.792e+04 8.455e+02 4.340e+02
s>                    ( - -2.078e+04 1 0)
s>                    ( - -6.630e+04 2 0 QUESTION0_10_R 1 6.339e+02 3.323e+02)))
s>            ( QUESTION9 1 -3.194e+05 1.405e+03 1.603e+03
s>                ( QUESTION0_0_R 1 -1.550e+05 8.954e+02 7.811e+02
s>                    ( - -3.884e+04 2 0 QUESTION9 -1 5.385e+02 1.975e+02)
s>                    ( - -1.153e+05 3 0 QUESTION0_10_R 1 5.545e+02 5.835e+02))
s>                ( QUESTION19 1 -1.629e+05 8.915e+02 8.217e+02
s>                    ( - -1.161e+05 2 0)
s>                    ( - -4.592e+04 2 0 QUESTION0_0_R 1 4.903e+02 2.315e+02)))))INFO: dtree.c(1315): Comp split 3
INFO: dtree.c(1439): stop. leaf nodes are specific
INFO: dtree.c(1478): Final simple tree
|( QUESTION0_14_R 1 -2.440e+05 1.089e+03 1.215e+03
|    ( - -4.951e+04 1 0)
|    ( QUESTION0_0_R 1 -1.934e+05 9.014e+02 9.645e+02
|        ( QUESTION9 -1 -3.884e+04 5.385e+02 1.975e+02
|            ( - -1.801e+04 1 0)
|            ( - -2.029e+04 1 0))
|        ( QUESTION4 -1 -1.536e+05 7.570e+02 7.670e+02
|            ( - -2.078e+04 1 0)
|            ( QUESTION9 1 -1.321e+05 6.547e+02 6.652e+02
|                ( QUESTION0_10_R 1 -1.153e+05 5.545e+02 5.835e+02
|                    ( - -8.154e+04 2 0)
|                    ( - -3.318e+04 1 0))
|                ( - -1.615e+04 1 0)))))
s>    ( QUESTION0_14_R 1 -2.440e+05 1.089e+03 1.215e+03
s>        ( - -4.951e+04 1 0)
s>        ( QUESTION0_0_R 1 -1.934e+05 9.014e+02 9.645e+02
s>            ( QUESTION9 -1 -3.884e+04 5.385e+02 1.975e+02
s>                ( - -1.801e+04 1 0)
s>                ( - -2.029e+04 1 0))
s>            ( QUESTION4 -1 -1.536e+05 7.570e+02 7.670e+02
s>                ( - -2.078e+04 1 0)
s>                ( QUESTION9 1 -1.321e+05 6.547e+02 6.652e+02
s>                    ( QUESTION0_10_R 1 -1.153e+05 5.545e+02 5.835e+02
s>                        ( - -8.154e+04 2 0)
s>                        ( - -3.318e+04 1 0))
s>                    ( - -1.615e+04 1 0)))))INFO: dtree.c(1439): stop. leaf nodes are specific
INFO: dtree.c(1478): Final simple tree
|( WDBNDRY_B 0 -3.194e+05 1.084e+03 1.611e+03
|    ( !QUESTION11 1 -1.372e+05 8.116e+02 7.018e+02
|        ( - -5.501e+04 1 0)
|        ( - -8.137e+04 1 0))
|    ( QUESTION0_10_R 1 -1.811e+05 9.588e+02 9.087e+02
|        ( - -1.720e+04 1 0)
|        ( QUESTION19 1 -1.629e+05 8.915e+02 8.217e+02
|            ( - -1.161e+05 2 0)
|            ( QUESTION0_0_R 1 -4.592e+04 4.903e+02 2.315e+02
|                ( - -1.563e+04 1 0)
|                ( - -2.980e+04 1 0)))))
s>    ( WDBNDRY_B 0 -3.194e+05 1.084e+03 1.611e+03
s>        ( !QUESTION11 1 -1.372e+05 8.116e+02 7.018e+02
s>            ( - -5.501e+04 1 0)
s>            ( - -8.137e+04 1 0))
s>        ( QUESTION0_10_R 1 -1.811e+05 9.588e+02 9.087e+02
s>            ( - -1.720e+04 1 0)
s>            ( QUESTION19 1 -1.629e+05 8.915e+02 8.217e+02
s>                ( - -1.161e+05 2 0)
s>                ( QUESTION0_0_R 1 -4.592e+04 4.903e+02 2.315e+02
s>                    ( - -1.563e+04 1 0)
s>                    ( - -2.980e+04 1 0)))))INFO: dtree.c(1315): Comp split 4
INFO: dtree.c(1439): stop. leaf nodes are specific
INFO: dtree.c(1478): Final simple tree
|( !QUESTION2 -1 -3.602e+05 1.037e+03 1.871e+03
|    ( QUESTION9 1 -2.378e+05 6.754e+02 1.239e+03
|        ( - -1.232e+05 3 0)
|        ( QUESTION9 -1 -1.139e+05 5.431e+02 6.001e+02
|            ( - -7.135e+04 1 0)
|            ( - -4.204e+04 1 0)))
|    ( QUESTION9 1 -1.213e+05 6.296e+02 6.323e+02
|        ( - -5.911e+04 1 0)
|        ( - -6.160e+04 1 0)))
s>    ( !QUESTION2 -1 -3.602e+05 1.037e+03 1.871e+03
s>        ( QUESTION9 1 -2.378e+05 6.754e+02 1.239e+03
s>            ( - -1.232e+05 3 0)
s>            ( QUESTION9 -1 -1.139e+05 5.431e+02 6.001e+02
s>                ( - -7.135e+04 1 0)
s>                ( - -4.204e+04 1 0)))
s>        ( QUESTION9 1 -1.213e+05 6.296e+02 6.323e+02
s>            ( - -5.911e+04 1 0)
s>            ( - -6.160e+04 1 0)))INFO: dtree.c(1439): stop. leaf nodes are specific
INFO: dtree.c(1478): Final simple tree
|( QUESTION9 1 -1.198e+05 6.833e+02 6.284e+02
|    ( - -3.688e+04 1 0)
|    ( !QUESTION0_0_R 1 -8.227e+04 6.193e+02 4.288e+02
|        ( - -1.568e+04 1 0)
|        ( QUESTION11 -1 -6.597e+04 3.500e+02 3.472e+02
|            ( - -2.886e+04 1 0)
|            ( - -3.676e+04 1 0))))
s>    ( QUESTION9 1 -1.198e+05 6.833e+02 6.284e+02
s>        ( - -3.688e+04 1 0)
s>        ( !QUESTION0_0_R 1 -8.227e+04 6.193e+02 4.288e+02
s>            ( - -1.568e+04 1 0)
s>            ( QUESTION11 -1 -6.597e+04 3.500e+02 3.472e+02
s>                ( - -2.886e+04 1 0)
s>                ( - -3.676e+04 1 0))))INFO: dtree.c(1315): Comp split 5
INFO: dtree.c(1439): stop. leaf nodes are specific
INFO: dtree.c(1478): Final simple tree
|( QUESTION2 -1 -2.703e+05 7.282e+02 1.302e+03
|    ( - -6.251e+04 1 0)
|    ( QUESTION9 -1 -2.071e+05 5.807e+02 9.926e+02
|        ( QUESTION2_3_L -1 -1.518e+05 4.052e+02 7.251e+02
|            ( - -3.148e+04 1 0)
|            ( - -1.199e+05 3 0))
|        ( - -5.468e+04 1 0)))
s>    ( QUESTION2 -1 -2.703e+05 7.282e+02 1.302e+03
s>        ( - -6.251e+04 1 0)
s>        ( QUESTION9 -1 -2.071e+05 5.807e+02 9.926e+02
s>            ( QUESTION2_3_L -1 -1.518e+05 4.052e+02 7.251e+02
s>                ( - -3.148e+04 1 0)
s>                ( - -1.199e+05 3 0))
s>            ( - -5.468e+04 1 0)))INFO: dtree.c(1439): stop. leaf nodes are specific
INFO: dtree.c(1478): Final simple tree
|( QUESTION2_3_L -1 -1.068e+05 7.919e+02 5.215e+02
|    ( - -2.548e+04 1 0)
|    ( QUESTION9 -1 -8.052e+04 2.381e+02 3.911e+02
|        ( - -6.340e+04 3 0)
|        ( - -1.688e+04 1 0)))
s>    ( QUESTION2_3_L -1 -1.068e+05 7.919e+02 5.215e+02
s>        ( - -2.548e+04 1 0)
s>        ( QUESTION9 -1 -8.052e+04 2.381e+02 3.911e+02
s>            ( - -6.340e+04 3 0)
s>            ( - -1.688e+04 1 0)))INFO: dtree.c(1315): Comp split 6
INFO: dtree.c(1439): stop. leaf nodes are specific
INFO: dtree.c(1478): Final simple tree
|( QUESTION0_10_R 1 -6.630e+04 6.339e+02 3.323e+02
|    ( - -4.951e+04 1 0)
|    ( - -1.615e+04 1 0))
s>    ( QUESTION0_10_R 1 -6.630e+04 6.339e+02 3.323e+02
s>        ( - -4.951e+04 1 0)
s>        ( - -1.615e+04 1 0))INFO: dtree.c(1439): stop. leaf nodes are specific
INFO: dtree.c(1478): Final simple tree
|( QUESTION0_0_R 1 -1.765e+05 8.584e+02 8.828e+02
|    ( QUESTION9 -1 -3.884e+04 5.385e+02 1.975e+02
|        ( - -1.801e+04 1 0)
|        ( - -2.029e+04 1 0))
|    ( QUESTION4 -1 -1.368e+05 7.663e+02 6.852e+02
|        ( - -2.078e+04 1 0)
|        ( QUESTION0_10_R 1 -1.153e+05 5.545e+02 5.835e+02
|            ( - -8.154e+04 2 0)
|            ( - -3.318e+04 1 0))))
s>    ( QUESTION0_0_R 1 -1.765e+05 8.584e+02 8.828e+02
s>        ( QUESTION9 -1 -3.884e+04 5.385e+02 1.975e+02
s>            ( - -1.801e+04 1 0)
s>            ( - -2.029e+04 1 0))
s>        ( QUESTION4 -1 -1.368e+05 7.663e+02 6.852e+02
s>            ( - -2.078e+04 1 0)
s>            ( QUESTION0_10_R 1 -1.153e+05 5.545e+02 5.835e+02
s>                ( - -8.154e+04 2 0)
s>                ( - -3.318e+04 1 0))))INFO: dtree.c(1315): Comp split 7
INFO: dtree.c(1439): stop. leaf nodes are specific
INFO: dtree.c(1478): Final simple tree
|( QUESTION0_10_R 1 -1.811e+05 9.588e+02 9.087e+02
|    ( - -1.720e+04 1 0)
|    ( QUESTION19 1 -1.629e+05 8.915e+02 8.217e+02
|        ( - -1.161e+05 2 0)
|        ( QUESTION0_0_R 1 -4.592e+04 4.903e+02 2.315e+02
|            ( - -1.563e+04 1 0)
|            ( - -2.980e+04 1 0))))
s>    ( QUESTION0_10_R 1 -1.811e+05 9.588e+02 9.087e+02
s>        ( - -1.720e+04 1 0)
s>        ( QUESTION19 1 -1.629e+05 8.915e+02 8.217e+02
s>            ( - -1.161e+05 2 0)
s>            ( QUESTION0_0_R 1 -4.592e+04 4.903e+02 2.315e+02
s>                ( - -1.563e+04 1 0)
s>                ( - -2.980e+04 1 0))))INFO: dtree.c(1439): stop. leaf nodes are specific
INFO: dtree.c(1478): Final simple tree
|( !QUESTION11 1 -1.372e+05 8.116e+02 7.018e+02
|    ( - -5.501e+04 1 0)
|    ( - -8.137e+04 1 0))
s>    ( !QUESTION11 1 -1.372e+05 8.116e+02 7.018e+02
s>        ( - -5.501e+04 1 0)
s>        ( - -8.137e+04 1 0))INFO: dtree.c(1315): Comp split 8
INFO: dtree.c(1439): stop. leaf nodes are specific
INFO: dtree.c(1478): Final simple tree
|( QUESTION9 1 -2.378e+05 6.754e+02 1.239e+03
|    ( - -1.232e+05 3 0)
|    ( QUESTION9 -1 -1.139e+05 5.431e+02 6.001e+02
|        ( - -7.135e+04 1 0)
|        ( - -4.204e+04 1 0)))
s>    ( QUESTION9 1 -2.378e+05 6.754e+02 1.239e+03
s>        ( - -1.232e+05 3 0)
s>        ( QUESTION9 -1 -1.139e+05 5.431e+02 6.001e+02
s>            ( - -7.135e+04 1 0)
s>            ( - -4.204e+04 1 0)))INFO: dtree.c(1439): stop. leaf nodes are specific
INFO: dtree.c(1478): Final simple tree
|( QUESTION9 1 -1.213e+05 6.296e+02 6.323e+02
|    ( - -5.911e+04 1 0)
|    ( - -6.160e+04 1 0))
s>    ( QUESTION9 1 -1.213e+05 6.296e+02 6.323e+02
s>        ( - -5.911e+04 1 0)
s>        ( - -6.160e+04 1 0))INFO: dtree.c(1315): Comp split 9
INFO: dtree.c(1439): stop. leaf nodes are specific
INFO: dtree.c(1478): Final simple tree
|( QUESTION19 1 -1.629e+05 8.915e+02 8.217e+02
|    ( - -1.161e+05 2 0)
|    ( QUESTION0_0_R 1 -4.592e+04 4.903e+02 2.315e+02
|        ( - -1.563e+04 1 0)
|        ( - -2.980e+04 1 0)))
s>    ( QUESTION19 1 -1.629e+05 8.915e+02 8.217e+02
s>        ( - -1.161e+05 2 0)
s>        ( QUESTION0_0_R 1 -4.592e+04 4.903e+02 2.315e+02
s>            ( - -1.563e+04 1 0)
s>            ( - -2.980e+04 1 0)))INFO: dtree.c(1315): Comp split 10
INFO: dtree.c(1439): stop. leaf nodes are specific
INFO: dtree.c(1478): Final simple tree
|( QUESTION11 -1 -3.303e+04 6.362e+02 1.578e+02
|    ( - -9.446e+03 1 0)
|    ( - -2.295e+04 2 0))
s>    ( QUESTION11 -1 -3.303e+04 6.362e+02 1.578e+02
s>        ( - -9.446e+03 1 0)
s>        ( - -2.295e+04 2 0))INFO: dtree.c(1439): stop. leaf nodes are specific
INFO: dtree.c(1478): Final simple tree
|( QUESTION2_6_L -1 -4.307e+04 4.182e+02 2.019e+02
|    ( - -2.870e+04 2 0)
|    ( - -1.395e+04 1 0))
s>    ( QUESTION2_6_L -1 -4.307e+04 4.182e+02 2.019e+02
s>        ( - -2.870e+04 2 0)
s>        ( - -1.395e+04 1 0))INFO: dtree.c(1315): Comp split 11
INFO: dtree.c(1439): stop. leaf nodes are specific
INFO: dtree.c(1478): Final simple tree
|( QUESTION0_10_R 1 -1.153e+05 5.545e+02 5.835e+02
|    ( - -8.154e+04 2 0)
|    ( - -3.318e+04 1 0))
s>    ( QUESTION0_10_R 1 -1.153e+05 5.545e+02 5.835e+02
s>        ( - -8.154e+04 2 0)
s>        ( - -3.318e+04 1 0))INFO: dtree.c(1439): stop. leaf nodes are specific
INFO: dtree.c(1478): Final simple tree
|( QUESTION0_0_R 1 -6.033e+04 7.123e+02 2.992e+02
|    ( QUESTION9 -1 -3.884e+04 5.385e+02 1.975e+02
|        ( - -1.801e+04 1 0)
|        ( - -2.029e+04 1 0))
|    ( - -2.078e+04 1 0))
s>    ( QUESTION0_0_R 1 -6.033e+04 7.123e+02 2.992e+02
s>        ( QUESTION9 -1 -3.884e+04 5.385e+02 1.975e+02
s>            ( - -1.801e+04 1 0)
s>            ( - -2.029e+04 1 0))
s>        ( - -2.078e+04 1 0))INFO: dtree.c(1315): Comp split 12
INFO: dtree.c(1439): stop. leaf nodes are specific
INFO: dtree.c(1478): Final simple tree
|( QUESTION0_0_R 1 -4.592e+04 4.903e+02 2.315e+02
|    ( - -1.563e+04 1 0)
|    ( - -2.980e+04 1 0))
s>    ( QUESTION0_0_R 1 -4.592e+04 4.903e+02 2.315e+02
s>        ( - -1.563e+04 1 0)
s>        ( - -2.980e+04 1 0))INFO: dtree.c(1315): Comp split 13
INFO: dtree.c(1315): Comp split 14
INFO: dtree.c(1439): stop. leaf nodes are specific
INFO: dtree.c(1478): Final simple tree
|( QUESTION9 -1 -8.052e+04 2.381e+02 3.911e+02
|    ( - -6.340e+04 3 0)
|    ( - -1.688e+04 1 0))
s>    ( QUESTION9 -1 -8.052e+04 2.381e+02 3.911e+02
s>        ( - -6.340e+04 3 0)
s>        ( - -1.688e+04 1 0))INFO: dtree.c(1315): Comp split 15
INFO: dtree.c(1439): stop. leaf nodes are specific
INFO: dtree.c(1478): Final simple tree
|( QUESTION9 -1 -2.071e+05 5.807e+02 9.926e+02
|    ( QUESTION2_3_L -1 -1.518e+05 4.052e+02 7.251e+02
|        ( - -3.148e+04 1 0)
|        ( - -1.199e+05 3 0))
|    ( - -5.468e+04 1 0))
s>    ( QUESTION9 -1 -2.071e+05 5.807e+02 9.926e+02
s>        ( QUESTION2_3_L -1 -1.518e+05 4.052e+02 7.251e+02
s>            ( - -3.148e+04 1 0)
s>            ( - -1.199e+05 3 0))
s>        ( - -5.468e+04 1 0))INFO: dtree.c(1315): Comp split 16
INFO: dtree.c(1439): stop. leaf nodes are specific
INFO: dtree.c(1478): Final simple tree
|( QUESTION9 -1 -3.884e+04 5.385e+02 1.975e+02
|    ( - -1.801e+04 1 0)
|    ( - -2.029e+04 1 0))
s>    ( QUESTION9 -1 -3.884e+04 5.385e+02 1.975e+02
s>        ( - -1.801e+04 1 0)
s>        ( - -2.029e+04 1 0))INFO: dtree.c(1315): Comp split 17
INFO: dtree.c(1439): stop. leaf nodes are specific
INFO: dtree.c(1478): Final simple tree
|( !QUESTION0_0_R 1 -8.227e+04 6.193e+02 4.288e+02
|    ( - -1.568e+04 1 0)
|    ( QUESTION11 -1 -6.597e+04 3.500e+02 3.472e+02
|        ( - -2.886e+04 1 0)
|        ( - -3.676e+04 1 0)))
s>    ( !QUESTION0_0_R 1 -8.227e+04 6.193e+02 4.288e+02
s>        ( - -1.568e+04 1 0)
s>        ( QUESTION11 -1 -6.597e+04 3.500e+02 3.472e+02
s>            ( - -2.886e+04 1 0)
s>            ( - -3.676e+04 1 0)))INFO: dtree.c(1315): Comp split 18
INFO: dtree.c(1439): stop. leaf nodes are specific
INFO: dtree.c(1478): Final simple tree
|( QUESTION9 -1 -1.139e+05 5.431e+02 6.001e+02
|    ( - -7.135e+04 1 0)
|    ( - -4.204e+04 1 0))
s>    ( QUESTION9 -1 -1.139e+05 5.431e+02 6.001e+02
s>        ( - -7.135e+04 1 0)
s>        ( - -4.204e+04 1 0))INFO: dtree.c(1315): Comp split 19
INFO: dtree.c(1315): Comp split 20
INFO: dtree.c(1315): Comp split 21
INFO: dtree.c(1315): Comp split 22
INFO: dtree.c(1439): stop. leaf nodes are specific
INFO: dtree.c(1478): Final simple tree
|( QUESTION11 -1 -6.597e+04 3.500e+02 3.472e+02
|    ( - -2.886e+04 1 0)
|    ( - -3.676e+04 1 0))
s>    ( QUESTION11 -1 -6.597e+04 3.500e+02 3.472e+02
s>        ( - -2.886e+04 1 0)
s>        ( - -3.676e+04 1 0))INFO: dtree.c(1315): Comp split 23
INFO: dtree.c(1439): stop. leaf nodes are specific
INFO: dtree.c(1478): Final simple tree
|( QUESTION2_3_L -1 -1.518e+05 4.052e+02 7.251e+02
|    ( - -3.148e+04 1 0)
|    ( - -1.199e+05 3 0))
s>    ( QUESTION2_3_L -1 -1.518e+05 4.052e+02 7.251e+02
s>        ( - -3.148e+04 1 0)
s>        ( - -1.199e+05 3 0))INFO: dtree.c(1315): Comp split 24
INFO: dtree.c(1315): Comp split 25
INFO: dtree.c(1315): Comp split 26
INFO: dtree.c(1315): Comp split 27
INFO: dtree.c(1315): Comp split 28
INFO: dtree.c(1315): Comp split 29
INFO: dtree.c(1315): Comp split 30
INFO: dtree.c(1315): Comp split 31
INFO: dtree.c(1315): Comp split 32
INFO: dtree.c(1318): stop. leaf nodes are specific
!!!!!!!!Allocated 67 lines
Mon Nov  3 11:36:21 2014
