INFO: cmd_ln.c(696): Parsing command line:
/usr/local/libexec/sphinxtrain/bldtree \
	-treefn /home/sumu/aammango/trees/aammango.unpruned/l-1.dtree \
	-moddeffn /home/sumu/aammango/model_architecture/aammango.untied.mdef \
	-mixwfn /home/sumu/aammango/model_parameters/aammango.cd_cont_untied/mixture_weights \
	-ts2cbfn .cont. \
	-mwfloor 1e-08 \
	-psetfn /home/sumu/aammango/model_architecture/aammango.tree_questions \
	-phone l \
	-state 1 \
	-stwt 1.0,0.05,0.0 \
	-meanfn /home/sumu/aammango/model_parameters/aammango.cd_cont_untied/means \
	-varfn /home/sumu/aammango/model_parameters/aammango.cd_cont_untied/variances \
	-fullvar no \
	-ssplitmin 1 \
	-ssplitmax 7 \
	-ssplitthr 0 \
	-csplitmin 1 \
	-csplitmax 2000 \
	-csplitthr 0 

Current configuration:
[NAME]		[DEFLT]	[VALUE]
-allphones	no	no
-cntthresh	0.00001	1.000000e-05
-csplitmax	100	2000
-csplitmin	1	1
-csplitthr	8e-4	0.000000e+00
-example	no	no
-fullvar	no	no
-help		no	no
-meanfn			/home/sumu/aammango/model_parameters/aammango.cd_cont_untied/means
-mixwfn			/home/sumu/aammango/model_parameters/aammango.cd_cont_untied/mixture_weights
-moddeffn		/home/sumu/aammango/model_architecture/aammango.untied.mdef
-mwfloor	1e-4	1.000000e-08
-phone			l
-psetfn			/home/sumu/aammango/model_architecture/aammango.tree_questions
-ssplitmax	5	7
-ssplitmin	1	1
-ssplitthr	8e-4	0.000000e+00
-state			1
-stwt			1.0,0.05,0.0,
-treefn			/home/sumu/aammango/trees/aammango.unpruned/l-1.dtree
-ts2cbfn	.semi.	.cont.
-varfloor	0.00001	1.000000e-05
-varfn			/home/sumu/aammango/model_parameters/aammango.cd_cont_untied/variances

INFO: main.c(223): Reading: /home/sumu/aammango/model_architecture/aammango.untied.mdef
INFO: model_def_io.c(573): Model definition info:
INFO: model_def_io.c(574): 435 total models defined (69 base, 366 tri)
INFO: model_def_io.c(575): 1740 total states
INFO: model_def_io.c(576): 1305 total tied states
INFO: model_def_io.c(577): 207 total tied CI states
INFO: model_def_io.c(578): 69 total tied transition matrices
INFO: model_def_io.c(579): 4 max state/model
INFO: model_def_io.c(580): 4 min state/model
INFO: main.c(242): Building trees for [l SIL ach b] through [l uu aaa i]
INFO: main.c(269): Covering states |[786 827]| == 42
INFO: main.c(275): Reading: /home/sumu/aammango/model_parameters/aammango.cd_cont_untied/mixture_weights
INFO: s3mixw_io.c(173): Read /home/sumu/aammango/model_parameters/aammango.cd_cont_untied/mixture_weights [42x1x1 array]
INFO: main.c(311): 14 of 14 models have observation count greater than 0.000010
INFO: main.c(95): nrm stwt: 0.045 0.909 0.045 
INFO: s3gau_io.c(169): Read /home/sumu/aammango/model_parameters/aammango.cd_cont_untied/means [1305x1x1 array]
INFO: s3gau_io.c(169): Read /home/sumu/aammango/model_parameters/aammango.cd_cont_untied/variances [1305x1x1 array]
INFO: main.c(549): Reading: /home/sumu/aammango/model_architecture/aammango.tree_questions
INFO: main.c(588): 176 total simple questions (168 phone; 8 word bndry)
INFO: main.c(590): 42 Left Only questions, and 42 Right Only questions
INFO: dtree.c(1478): Final simple tree
|( QUESTION0_1_R 1 -3.045e+05 2.241e+03 1.330e+03
|    ( - -4.948e+04 2 0 QUESTION2_3_L -1 4.356e+02 2.305e+02)
|    ( QUESTION0_0_R 1 -2.528e+05 1.897e+03 1.099e+03
|        ( QUESTION0_3_R 1 -7.668e+04 1.203e+03 3.304e+02
|            ( QUESTION0_4_R 1 -5.685e+04 7.464e+02 2.459e+02
|                ( - -2.782e+04 3 0 QUESTION2 -1 3.648e+02 1.202e+02)
|                ( - -2.828e+04 1 0))
|            ( - -1.863e+04 2 0 QUESTION2_18_L -1 2.615e+02 8.454e+01))
|        ( QUESTION0_11_R 1 -1.742e+05 1.205e+03 7.688e+02
|            ( - -2.744e+04 1 0)
|            ( QUESTION0_13_R 1 -1.456e+05 9.815e+02 6.531e+02
|                ( - -1.594e+04 1 0)
|                ( QUESTION11 -1 -1.286e+05 8.487e+02 5.800e+02
|                    ( - -2.359e+04 1 0)
|                    ( - -1.042e+05 3 0 WDBNDRY_B 0 5.785e+02 4.742e+02))))))
s>    ( QUESTION0_1_R 1 -3.045e+05 2.241e+03 1.330e+03
s>        ( - -4.948e+04 2 0 QUESTION2_3_L -1 4.356e+02 2.305e+02)
s>        ( QUESTION0_0_R 1 -2.528e+05 1.897e+03 1.099e+03
s>            ( QUESTION0_3_R 1 -7.668e+04 1.203e+03 3.304e+02
s>                ( QUESTION0_4_R 1 -5.685e+04 7.464e+02 2.459e+02
s>                    ( - -2.782e+04 3 0 QUESTION2 -1 3.648e+02 1.202e+02)
s>                    ( - -2.828e+04 1 0))
s>                ( - -1.863e+04 2 0 QUESTION2_18_L -1 2.615e+02 8.454e+01))
s>            ( QUESTION0_11_R 1 -1.742e+05 1.205e+03 7.688e+02
s>                ( - -2.744e+04 1 0)
s>                ( QUESTION0_13_R 1 -1.456e+05 9.815e+02 6.531e+02
s>                    ( - -1.594e+04 1 0)
s>                    ( QUESTION11 -1 -1.286e+05 8.487e+02 5.800e+02
s>                        ( - -2.359e+04 1 0)
s>                        ( - -1.042e+05 3 0 WDBNDRY_B 0 5.785e+02 4.742e+02))))))INFO: dtree.c(1315): Comp split 0
INFO: dtree.c(1439): stop. leaf nodes are specific
INFO: dtree.c(1478): Final simple tree
|( QUESTION0_0_R 1 -6.630e+04 8.743e+02 3.036e+02
|    ( QUESTION2_3_L -1 -4.948e+04 4.356e+02 2.305e+02
|        ( - -2.128e+04 1 0)
|        ( - -2.777e+04 1 0))
|    ( - -1.594e+04 1 0))
s>    ( QUESTION0_0_R 1 -6.630e+04 8.743e+02 3.036e+02
s>        ( QUESTION2_3_L -1 -4.948e+04 4.356e+02 2.305e+02
s>            ( - -2.128e+04 1 0)
s>            ( - -2.777e+04 1 0))
s>        ( - -1.594e+04 1 0))INFO: dtree.c(1478): Final simple tree
|( QUESTION0_0_R 1 -2.359e+05 1.802e+03 1.026e+03
|    ( QUESTION0_3_R 1 -7.668e+04 1.203e+03 3.304e+02
|        ( QUESTION0_4_R 1 -5.685e+04 7.464e+02 2.459e+02
|            ( - -2.782e+04 3 0 QUESTION2 -1 3.648e+02 1.202e+02)
|            ( - -2.828e+04 1 0))
|        ( - -1.863e+04 2 0 QUESTION2_18_L -1 2.615e+02 8.454e+01))
|    ( QUESTION0_11_R 1 -1.574e+05 1.329e+03 6.958e+02
|        ( - -2.744e+04 1 0)
|        ( QUESTION11 -1 -1.286e+05 8.487e+02 5.800e+02
|            ( - -2.359e+04 1 0)
|            ( WDBNDRY_B 0 -1.042e+05 5.785e+02 4.742e+02
|                ( - -4.378e+04 1 0)
|                ( QUESTION2_3_L -1 -5.985e+04 4.270e+02 2.740e+02
|                    ( - -3.548e+04 1 0)
|                    ( - -2.395e+04 1 0))))))
s>    ( QUESTION0_0_R 1 -2.359e+05 1.802e+03 1.026e+03
s>        ( QUESTION0_3_R 1 -7.668e+04 1.203e+03 3.304e+02
s>            ( QUESTION0_4_R 1 -5.685e+04 7.464e+02 2.459e+02
s>                ( - -2.782e+04 3 0 QUESTION2 -1 3.648e+02 1.202e+02)
s>                ( - -2.828e+04 1 0))
s>            ( - -1.863e+04 2 0 QUESTION2_18_L -1 2.615e+02 8.454e+01))
s>        ( QUESTION0_11_R 1 -1.574e+05 1.329e+03 6.958e+02
s>            ( - -2.744e+04 1 0)
s>            ( QUESTION11 -1 -1.286e+05 8.487e+02 5.800e+02
s>                ( - -2.359e+04 1 0)
s>                ( WDBNDRY_B 0 -1.042e+05 5.785e+02 4.742e+02
s>                    ( - -4.378e+04 1 0)
s>                    ( QUESTION2_3_L -1 -5.985e+04 4.270e+02 2.740e+02
s>                        ( - -3.548e+04 1 0)
s>                        ( - -2.395e+04 1 0))))))INFO: dtree.c(1315): Comp split 1
INFO: dtree.c(1478): Final simple tree
|( QUESTION0_11_R 1 -1.858e+05 1.388e+03 8.159e+02
|    ( - -2.744e+04 1 0)
|    ( QUESTION2_10_L -1 -1.570e+05 8.777e+02 7.002e+02
|        ( - -2.359e+04 1 0)
|        ( !QUESTION19 -1 -1.325e+05 6.020e+02 5.944e+02
|            ( WDBNDRY_B 0 -6.550e+04 4.877e+02 2.920e+02
|                ( - -4.378e+04 1 0)
|                ( QUESTION2 -1 -2.122e+04 3.544e+02 9.181e+01
|                    ( - -9.644e+03 1 0)
|                    ( - -1.123e+04 1 0)))
|            ( QUESTION2_3_L -1 -6.639e+04 3.693e+02 3.023e+02
|                ( - -3.548e+04 1 0)
|                ( QUESTION0_0_R 1 -3.055e+04 3.519e+02 1.369e+02
|                    ( - -6.248e+03 1 0)
|                    ( - -2.395e+04 1 0))))))
s>    ( QUESTION0_11_R 1 -1.858e+05 1.388e+03 8.159e+02
s>        ( - -2.744e+04 1 0)
s>        ( QUESTION2_10_L -1 -1.570e+05 8.777e+02 7.002e+02
s>            ( - -2.359e+04 1 0)
s>            ( !QUESTION19 -1 -1.325e+05 6.020e+02 5.944e+02
s>                ( WDBNDRY_B 0 -6.550e+04 4.877e+02 2.920e+02
s>                    ( - -4.378e+04 1 0)
s>                    ( QUESTION2 -1 -2.122e+04 3.544e+02 9.181e+01
s>                        ( - -9.644e+03 1 0)
s>                        ( - -1.123e+04 1 0)))
s>                ( QUESTION2_3_L -1 -6.639e+04 3.693e+02 3.023e+02
s>                    ( - -3.548e+04 1 0)
s>                    ( QUESTION0_0_R 1 -3.055e+04 3.519e+02 1.369e+02
s>                        ( - -6.248e+03 1 0)
s>                        ( - -2.395e+04 1 0))))))INFO: dtree.c(1439): stop. leaf nodes are specific
INFO: dtree.c(1478): Final simple tree
|( QUESTION0_3_R 1 -4.817e+04 1.249e+03 2.103e+02
|    ( - -2.828e+04 1 0)
|    ( QUESTION2_18_L -1 -1.863e+04 2.615e+02 8.454e+01
|        ( - -1.116e+04 1 0)
|        ( - -7.211e+03 1 0)))
s>    ( QUESTION0_3_R 1 -4.817e+04 1.249e+03 2.103e+02
s>        ( - -2.828e+04 1 0)
s>        ( QUESTION2_18_L -1 -1.863e+04 2.615e+02 8.454e+01
s>            ( - -1.116e+04 1 0)
s>            ( - -7.211e+03 1 0)))INFO: dtree.c(1315): Comp split 2
INFO: dtree.c(1439): stop. leaf nodes are specific
INFO: dtree.c(1478): Final simple tree
|( !QUESTION19 -1 -1.325e+05 6.020e+02 5.944e+02
|    ( WDBNDRY_B 0 -6.550e+04 4.877e+02 2.920e+02
|        ( - -4.378e+04 1 0)
|        ( QUESTION2 -1 -2.122e+04 3.544e+02 9.181e+01
|            ( - -9.644e+03 1 0)
|            ( - -1.123e+04 1 0)))
|    ( QUESTION2_3_L -1 -6.639e+04 3.693e+02 3.023e+02
|        ( - -3.548e+04 1 0)
|        ( QUESTION0_0_R 1 -3.055e+04 3.519e+02 1.369e+02
|            ( - -6.248e+03 1 0)
|            ( - -2.395e+04 1 0))))
s>    ( !QUESTION19 -1 -1.325e+05 6.020e+02 5.944e+02
s>        ( WDBNDRY_B 0 -6.550e+04 4.877e+02 2.920e+02
s>            ( - -4.378e+04 1 0)
s>            ( QUESTION2 -1 -2.122e+04 3.544e+02 9.181e+01
s>                ( - -9.644e+03 1 0)
s>                ( - -1.123e+04 1 0)))
s>        ( QUESTION2_3_L -1 -6.639e+04 3.693e+02 3.023e+02
s>            ( - -3.548e+04 1 0)
s>            ( QUESTION0_0_R 1 -3.055e+04 3.519e+02 1.369e+02
s>                ( - -6.248e+03 1 0)
s>                ( - -2.395e+04 1 0))))INFO: dtree.c(1439): stop. leaf nodes are specific
INFO: dtree.c(1478): Final simple tree
|( WDBNDRY_B 0 -5.189e+04 8.706e+02 2.216e+02
|    ( - -2.744e+04 1 0)
|    ( - -2.359e+04 1 0))
s>    ( WDBNDRY_B 0 -5.189e+04 8.706e+02 2.216e+02
s>        ( - -2.744e+04 1 0)
s>        ( - -2.359e+04 1 0))INFO: dtree.c(1315): Comp split 3
INFO: dtree.c(1439): stop. leaf nodes are specific
INFO: dtree.c(1478): Final simple tree
|( QUESTION2_18_L -1 -1.863e+04 2.615e+02 8.454e+01
|    ( - -1.116e+04 1 0)
|    ( - -7.211e+03 1 0))
s>    ( QUESTION2_18_L -1 -1.863e+04 2.615e+02 8.454e+01
s>        ( - -1.116e+04 1 0)
s>        ( - -7.211e+03 1 0))INFO: dtree.c(1315): Comp split 4
INFO: dtree.c(1439): stop. leaf nodes are specific
INFO: dtree.c(1478): Final simple tree
|( QUESTION2_3_L -1 -4.948e+04 4.356e+02 2.305e+02
|    ( - -2.128e+04 1 0)
|    ( - -2.777e+04 1 0))
s>    ( QUESTION2_3_L -1 -4.948e+04 4.356e+02 2.305e+02
s>        ( - -2.128e+04 1 0)
s>        ( - -2.777e+04 1 0))INFO: dtree.c(1315): Comp split 5
INFO: dtree.c(1315): Comp split 6
INFO: dtree.c(1439): stop. leaf nodes are specific
INFO: dtree.c(1478): Final simple tree
|( QUESTION2_3_L -1 -6.639e+04 3.693e+02 3.023e+02
|    ( - -3.548e+04 1 0)
|    ( QUESTION0_0_R 1 -3.055e+04 3.519e+02 1.369e+02
|        ( - -6.248e+03 1 0)
|        ( - -2.395e+04 1 0)))
s>    ( QUESTION2_3_L -1 -6.639e+04 3.693e+02 3.023e+02
s>        ( - -3.548e+04 1 0)
s>        ( QUESTION0_0_R 1 -3.055e+04 3.519e+02 1.369e+02
s>            ( - -6.248e+03 1 0)
s>            ( - -2.395e+04 1 0)))INFO: dtree.c(1439): stop. leaf nodes are specific
INFO: dtree.c(1478): Final simple tree
|( WDBNDRY_B 0 -6.550e+04 4.877e+02 2.920e+02
|    ( - -4.378e+04 1 0)
|    ( QUESTION2 -1 -2.122e+04 3.544e+02 9.181e+01
|        ( - -9.644e+03 1 0)
|        ( - -1.123e+04 1 0)))
s>    ( WDBNDRY_B 0 -6.550e+04 4.877e+02 2.920e+02
s>        ( - -4.378e+04 1 0)
s>        ( QUESTION2 -1 -2.122e+04 3.544e+02 9.181e+01
s>            ( - -9.644e+03 1 0)
s>            ( - -1.123e+04 1 0)))INFO: dtree.c(1315): Comp split 7
INFO: dtree.c(1439): stop. leaf nodes are specific
INFO: dtree.c(1478): Final simple tree
|( QUESTION2 -1 -2.122e+04 3.544e+02 9.181e+01
|    ( - -9.644e+03 1 0)
|    ( - -1.123e+04 1 0))
s>    ( QUESTION2 -1 -2.122e+04 3.544e+02 9.181e+01
s>        ( - -9.644e+03 1 0)
s>        ( - -1.123e+04 1 0))INFO: dtree.c(1315): Comp split 8
INFO: dtree.c(1439): stop. leaf nodes are specific
INFO: dtree.c(1478): Final simple tree
|( QUESTION0_0_R 1 -4.200e+04 2.710e+02 1.938e+02
|    ( - -6.248e+03 1 0)
|    ( - -3.548e+04 1 0))
s>    ( QUESTION0_0_R 1 -4.200e+04 2.710e+02 1.938e+02
s>        ( - -6.248e+03 1 0)
s>        ( - -3.548e+04 1 0))INFO: dtree.c(1315): Comp split 9
INFO: dtree.c(1315): Comp split 10
INFO: dtree.c(1315): Comp split 11
INFO: dtree.c(1315): Comp split 12
INFO: dtree.c(1315): Comp split 13
INFO: dtree.c(1318): stop. leaf nodes are specific
!!!!!!!!Allocated 67 lines
Mon Nov  3 11:36:25 2014
