INFO: cmd_ln.c(696): Parsing command line:
/usr/local/libexec/sphinxtrain/bldtree \
	-treefn /home/sumu/aammango/trees/aammango.unpruned/ii-2.dtree \
	-moddeffn /home/sumu/aammango/model_architecture/aammango.untied.mdef \
	-mixwfn /home/sumu/aammango/model_parameters/aammango.cd_cont_untied/mixture_weights \
	-ts2cbfn .cont. \
	-mwfloor 1e-08 \
	-psetfn /home/sumu/aammango/model_architecture/aammango.tree_questions \
	-phone ii \
	-state 2 \
	-stwt 1.0,0.05,0.0 \
	-meanfn /home/sumu/aammango/model_parameters/aammango.cd_cont_untied/means \
	-varfn /home/sumu/aammango/model_parameters/aammango.cd_cont_untied/variances \
	-fullvar no \
	-ssplitmin 1 \
	-ssplitmax 7 \
	-ssplitthr 0 \
	-csplitmin 1 \
	-csplitmax 2000 \
	-csplitthr 0 

Current configuration:
[NAME]		[DEFLT]	[VALUE]
-allphones	no	no
-cntthresh	0.00001	1.000000e-05
-csplitmax	100	2000
-csplitmin	1	1
-csplitthr	8e-4	0.000000e+00
-example	no	no
-fullvar	no	no
-help		no	no
-meanfn			/home/sumu/aammango/model_parameters/aammango.cd_cont_untied/means
-mixwfn			/home/sumu/aammango/model_parameters/aammango.cd_cont_untied/mixture_weights
-moddeffn		/home/sumu/aammango/model_architecture/aammango.untied.mdef
-mwfloor	1e-4	1.000000e-08
-phone			ii
-psetfn			/home/sumu/aammango/model_architecture/aammango.tree_questions
-ssplitmax	5	7
-ssplitmin	1	1
-ssplitthr	8e-4	0.000000e+00
-state			2
-stwt			1.0,0.05,0.0,
-treefn			/home/sumu/aammango/trees/aammango.unpruned/ii-2.dtree
-ts2cbfn	.semi.	.cont.
-varfloor	0.00001	1.000000e-05
-varfn			/home/sumu/aammango/model_parameters/aammango.cd_cont_untied/variances

INFO: main.c(223): Reading: /home/sumu/aammango/model_architecture/aammango.untied.mdef
INFO: model_def_io.c(573): Model definition info:
INFO: model_def_io.c(574): 435 total models defined (69 base, 366 tri)
INFO: model_def_io.c(575): 1740 total states
INFO: model_def_io.c(576): 1305 total tied states
INFO: model_def_io.c(577): 207 total tied CI states
INFO: model_def_io.c(578): 69 total tied transition matrices
INFO: model_def_io.c(579): 4 max state/model
INFO: model_def_io.c(580): 4 min state/model
INFO: main.c(242): Building trees for [ii a sp i] through [ii z sp i]
INFO: main.c(269): Covering states |[666 725]| == 60
INFO: main.c(275): Reading: /home/sumu/aammango/model_parameters/aammango.cd_cont_untied/mixture_weights
INFO: s3mixw_io.c(173): Read /home/sumu/aammango/model_parameters/aammango.cd_cont_untied/mixture_weights [60x1x1 array]
INFO: main.c(311): 20 of 20 models have observation count greater than 0.000010
INFO: main.c(95): nrm stwt: 0.000 0.048 0.952 
INFO: s3gau_io.c(169): Read /home/sumu/aammango/model_parameters/aammango.cd_cont_untied/means [1305x1x1 array]
INFO: s3gau_io.c(169): Read /home/sumu/aammango/model_parameters/aammango.cd_cont_untied/variances [1305x1x1 array]
INFO: main.c(549): Reading: /home/sumu/aammango/model_architecture/aammango.tree_questions
INFO: main.c(588): 176 total simple questions (168 phone; 8 word bndry)
INFO: main.c(590): 42 Left Only questions, and 42 Right Only questions
INFO: dtree.c(1478): Final simple tree
|( QUESTION0_1_R 1 -5.380e+05 4.302e+03 2.468e+03
|    ( QUESTION11 -1 -4.225e+05 1.174e+03 1.975e+03
|        ( - -1.281e+05 4 0 QUESTION13 -1 2.903e+02 6.220e+02)
|        ( - -2.932e+05 9 0 QUESTION9 -1 5.899e+02 1.353e+03))
|    ( QUESTION2 -1 -1.111e+05 1.058e+03 4.925e+02
|        ( - -2.312e+04 1 0)
|        ( QUESTION9 1 -8.696e+04 1.056e+03 3.844e+02
|            ( QUESTION2_2_L -1 -5.838e+04 7.537e+02 2.605e+02
|                ( QUESTION0_0_R 1 -2.827e+04 8.129e+02 1.284e+02
|                    ( - -1.390e+04 1 0)
|                    ( - -1.356e+04 1 0))
|                ( - -2.936e+04 2 0 QUESTION0_0_R 1 3.978e+02 1.321e+02))
|            ( !QUESTION2 1 -2.752e+04 6.026e+02 1.240e+02
|                ( - -1.645e+04 1 0)
|                ( - -1.046e+04 1 0)))))
s>    ( QUESTION0_1_R 1 -5.380e+05 4.302e+03 2.468e+03
s>        ( QUESTION11 -1 -4.225e+05 1.174e+03 1.975e+03
s>            ( - -1.281e+05 4 0 QUESTION13 -1 2.903e+02 6.220e+02)
s>            ( - -2.932e+05 9 0 QUESTION9 -1 5.899e+02 1.353e+03))
s>        ( QUESTION2 -1 -1.111e+05 1.058e+03 4.925e+02
s>            ( - -2.312e+04 1 0)
s>            ( QUESTION9 1 -8.696e+04 1.056e+03 3.844e+02
s>                ( QUESTION2_2_L -1 -5.838e+04 7.537e+02 2.605e+02
s>                    ( QUESTION0_0_R 1 -2.827e+04 8.129e+02 1.284e+02
s>                        ( - -1.390e+04 1 0)
s>                        ( - -1.356e+04 1 0))
s>                    ( - -2.936e+04 2 0 QUESTION0_0_R 1 3.978e+02 1.321e+02))
s>                ( !QUESTION2 1 -2.752e+04 6.026e+02 1.240e+02
s>                    ( - -1.645e+04 1 0)
s>                    ( - -1.046e+04 1 0)))))INFO: dtree.c(1315): Comp split 0
INFO: dtree.c(1439): stop. leaf nodes are specific
INFO: dtree.c(1478): Final simple tree
|( QUESTION9 1 -8.696e+04 1.056e+03 3.844e+02
|    ( QUESTION2_2_L -1 -5.838e+04 7.537e+02 2.605e+02
|        ( QUESTION0_0_R 1 -2.827e+04 8.129e+02 1.284e+02
|            ( - -1.390e+04 1 0)
|            ( - -1.356e+04 1 0))
|        ( QUESTION0_0_R 1 -2.936e+04 3.978e+02 1.321e+02
|            ( - -9.597e+03 1 0)
|            ( - -1.936e+04 1 0)))
|    ( !QUESTION2 1 -2.752e+04 6.026e+02 1.240e+02
|        ( - -1.645e+04 1 0)
|        ( - -1.046e+04 1 0)))
s>    ( QUESTION9 1 -8.696e+04 1.056e+03 3.844e+02
s>        ( QUESTION2_2_L -1 -5.838e+04 7.537e+02 2.605e+02
s>            ( QUESTION0_0_R 1 -2.827e+04 8.129e+02 1.284e+02
s>                ( - -1.390e+04 1 0)
s>                ( - -1.356e+04 1 0))
s>            ( QUESTION0_0_R 1 -2.936e+04 3.978e+02 1.321e+02
s>                ( - -9.597e+03 1 0)
s>                ( - -1.936e+04 1 0)))
s>        ( !QUESTION2 1 -2.752e+04 6.026e+02 1.240e+02
s>            ( - -1.645e+04 1 0)
s>            ( - -1.046e+04 1 0)))INFO: dtree.c(1478): Final simple tree
|( !QUESTION11 -1 -4.464e+05 1.190e+03 2.083e+03
|    ( QUESTION0_0_R 1 -3.171e+05 7.503e+02 1.461e+03
|        ( QUESTION9 -1 -2.932e+05 5.899e+02 1.353e+03
|            ( QUESTION2_3_L -1 -1.482e+05 4.441e+02 6.919e+02
|                ( - -4.174e+04 1 0)
|                ( - -1.060e+05 3 0))
|            ( QUESTION2_8_L -1 -1.444e+05 4.637e+02 6.612e+02
|                ( - -2.277e+04 1 0)
|                ( QUESTION4 -1 -1.212e+05 5.527e+02 5.553e+02
|                    ( - -2.381e+04 1 0)
|                    ( QUESTION2 -1 -9.680e+04 4.231e+02 4.487e+02
|                        ( - -2.685e+04 1 0)
|                        ( - -6.952e+04 2 0 QUESTION2_3_L -1 2.455e+02 3.229e+02)))))
|        ( - -2.312e+04 1 0))
|    ( - -1.281e+05 4 0 QUESTION13 -1 2.903e+02 6.220e+02))
s>    ( !QUESTION11 -1 -4.464e+05 1.190e+03 2.083e+03
s>        ( QUESTION0_0_R 1 -3.171e+05 7.503e+02 1.461e+03
s>            ( QUESTION9 -1 -2.932e+05 5.899e+02 1.353e+03
s>                ( QUESTION2_3_L -1 -1.482e+05 4.441e+02 6.919e+02
s>                    ( - -4.174e+04 1 0)
s>                    ( - -1.060e+05 3 0))
s>                ( QUESTION2_8_L -1 -1.444e+05 4.637e+02 6.612e+02
s>                    ( - -2.277e+04 1 0)
s>                    ( QUESTION4 -1 -1.212e+05 5.527e+02 5.553e+02
s>                        ( - -2.381e+04 1 0)
s>                        ( QUESTION2 -1 -9.680e+04 4.231e+02 4.487e+02
s>                            ( - -2.685e+04 1 0)
s>                            ( - -6.952e+04 2 0 QUESTION2_3_L -1 2.455e+02 3.229e+02)))))
s>            ( - -2.312e+04 1 0))
s>        ( - -1.281e+05 4 0 QUESTION13 -1 2.903e+02 6.220e+02))INFO: dtree.c(1315): Comp split 1
INFO: dtree.c(1439): stop. leaf nodes are specific
INFO: dtree.c(1478): Final simple tree
|( QUESTION13 -1 -1.703e+05 4.508e+02 8.183e+02
|    ( - -1.121e+05 3 0)
|    ( QUESTION9 -1 -5.776e+04 2.789e+02 2.735e+02
|        ( - -4.174e+04 1 0)
|        ( - -1.574e+04 1 0)))
s>    ( QUESTION13 -1 -1.703e+05 4.508e+02 8.183e+02
s>        ( - -1.121e+05 3 0)
s>        ( QUESTION9 -1 -5.776e+04 2.789e+02 2.735e+02
s>            ( - -4.174e+04 1 0)
s>            ( - -1.574e+04 1 0)))INFO: dtree.c(1439): stop. leaf nodes are specific
INFO: dtree.c(1478): Final simple tree
|( QUESTION0_0_R 1 -2.748e+05 7.420e+02 1.265e+03
|    ( QUESTION9 -1 -2.510e+05 5.177e+02 1.157e+03
|        ( - -1.060e+05 3 0)
|        ( QUESTION2_8_L -1 -1.444e+05 4.637e+02 6.612e+02
|            ( - -2.277e+04 1 0)
|            ( QUESTION4 -1 -1.212e+05 5.527e+02 5.553e+02
|                ( - -2.381e+04 1 0)
|                ( QUESTION2 -1 -9.680e+04 4.231e+02 4.487e+02
|                    ( - -2.685e+04 1 0)
|                    ( QUESTION2_3_L -1 -6.952e+04 2.455e+02 3.229e+02
|                        ( - -4.951e+04 1 0)
|                        ( - -1.977e+04 1 0))))))
|    ( - -2.312e+04 1 0))
s>    ( QUESTION0_0_R 1 -2.748e+05 7.420e+02 1.265e+03
s>        ( QUESTION9 -1 -2.510e+05 5.177e+02 1.157e+03
s>            ( - -1.060e+05 3 0)
s>            ( QUESTION2_8_L -1 -1.444e+05 4.637e+02 6.612e+02
s>                ( - -2.277e+04 1 0)
s>                ( QUESTION4 -1 -1.212e+05 5.527e+02 5.553e+02
s>                    ( - -2.381e+04 1 0)
s>                    ( QUESTION2 -1 -9.680e+04 4.231e+02 4.487e+02
s>                        ( - -2.685e+04 1 0)
s>                        ( QUESTION2_3_L -1 -6.952e+04 2.455e+02 3.229e+02
s>                            ( - -4.951e+04 1 0)
s>                            ( - -1.977e+04 1 0))))))
s>        ( - -2.312e+04 1 0))INFO: dtree.c(1315): Comp split 2
INFO: dtree.c(1439): stop. leaf nodes are specific
INFO: dtree.c(1478): Final simple tree
|( QUESTION2 1 -4.177e+04 6.967e+02 1.878e+02
|    ( - -1.046e+04 1 0)
|    ( QUESTION9 1 -3.061e+04 6.000e+02 1.410e+02
|        ( - -1.356e+04 1 0)
|        ( - -1.645e+04 1 0)))
s>    ( QUESTION2 1 -4.177e+04 6.967e+02 1.878e+02
s>        ( - -1.046e+04 1 0)
s>        ( QUESTION9 1 -3.061e+04 6.000e+02 1.410e+02
s>            ( - -1.356e+04 1 0)
s>            ( - -1.645e+04 1 0)))INFO: dtree.c(1439): stop. leaf nodes are specific
INFO: dtree.c(1478): Final simple tree
|( QUESTION2_2_L -1 -4.411e+04 8.555e+02 1.966e+02
|    ( - -1.390e+04 1 0)
|    ( QUESTION0_0_R 1 -2.936e+04 3.978e+02 1.321e+02
|        ( - -9.597e+03 1 0)
|        ( - -1.936e+04 1 0)))
s>    ( QUESTION2_2_L -1 -4.411e+04 8.555e+02 1.966e+02
s>        ( - -1.390e+04 1 0)
s>        ( QUESTION0_0_R 1 -2.936e+04 3.978e+02 1.321e+02
s>            ( - -9.597e+03 1 0)
s>            ( - -1.936e+04 1 0)))INFO: dtree.c(1315): Comp split 3
INFO: dtree.c(1439): stop. leaf nodes are specific
INFO: dtree.c(1478): Final simple tree
|( QUESTION0_0_R 1 -2.936e+04 3.978e+02 1.321e+02
|    ( - -9.597e+03 1 0)
|    ( - -1.936e+04 1 0))
s>    ( QUESTION0_0_R 1 -2.936e+04 3.978e+02 1.321e+02
s>        ( - -9.597e+03 1 0)
s>        ( - -1.936e+04 1 0))INFO: dtree.c(1315): Comp split 4
INFO: dtree.c(1439): stop. leaf nodes are specific
INFO: dtree.c(1478): Final simple tree
|( !QUESTION10 -1 -2.034e+05 7.064e+02 9.443e+02
|    ( QUESTION2 -1 -1.332e+05 2.887e+02 6.214e+02
|        ( - -2.685e+04 1 0)
|        ( - -1.060e+05 3 0))
|    ( QUESTION2_3_L -1 -6.952e+04 2.455e+02 3.229e+02
|        ( - -4.951e+04 1 0)
|        ( - -1.977e+04 1 0)))
s>    ( !QUESTION10 -1 -2.034e+05 7.064e+02 9.443e+02
s>        ( QUESTION2 -1 -1.332e+05 2.887e+02 6.214e+02
s>            ( - -2.685e+04 1 0)
s>            ( - -1.060e+05 3 0))
s>        ( QUESTION2_3_L -1 -6.952e+04 2.455e+02 3.229e+02
s>            ( - -4.951e+04 1 0)
s>            ( - -1.977e+04 1 0)))INFO: dtree.c(1439): stop. leaf nodes are specific
INFO: dtree.c(1478): Final simple tree
|( QUESTION0_0_R 1 -7.056e+04 5.932e+02 3.205e+02
|    ( QUESTION2 -1 -4.685e+04 2.654e+02 2.125e+02
|        ( - -2.381e+04 1 0)
|        ( - -2.277e+04 1 0))
|    ( - -2.312e+04 1 0))
s>    ( QUESTION0_0_R 1 -7.056e+04 5.932e+02 3.205e+02
s>        ( QUESTION2 -1 -4.685e+04 2.654e+02 2.125e+02
s>            ( - -2.381e+04 1 0)
s>            ( - -2.277e+04 1 0))
s>        ( - -2.312e+04 1 0))INFO: dtree.c(1315): Comp split 5
INFO: dtree.c(1439): stop. leaf nodes are specific
INFO: dtree.c(1478): Final simple tree
|( QUESTION2_3_L -1 -6.952e+04 2.455e+02 3.229e+02
|    ( - -4.951e+04 1 0)
|    ( - -1.977e+04 1 0))
s>    ( QUESTION2_3_L -1 -6.952e+04 2.455e+02 3.229e+02
s>        ( - -4.951e+04 1 0)
s>        ( - -1.977e+04 1 0))INFO: dtree.c(1439): stop. leaf nodes are specific
INFO: dtree.c(1478): Final simple tree
|( QUESTION2 -1 -1.332e+05 2.887e+02 6.214e+02
|    ( - -2.685e+04 1 0)
|    ( - -1.060e+05 3 0))
s>    ( QUESTION2 -1 -1.332e+05 2.887e+02 6.214e+02
s>        ( - -2.685e+04 1 0)
s>        ( - -1.060e+05 3 0))INFO: dtree.c(1315): Comp split 6
INFO: dtree.c(1439): stop. leaf nodes are specific
INFO: dtree.c(1478): Final simple tree
|( QUESTION9 1 -3.061e+04 6.000e+02 1.410e+02
|    ( - -1.356e+04 1 0)
|    ( - -1.645e+04 1 0))
s>    ( QUESTION9 1 -3.061e+04 6.000e+02 1.410e+02
s>        ( - -1.356e+04 1 0)
s>        ( - -1.645e+04 1 0))INFO: dtree.c(1315): Comp split 7
INFO: dtree.c(1315): Comp split 8
INFO: dtree.c(1439): stop. leaf nodes are specific
INFO: dtree.c(1478): Final simple tree
|( QUESTION2 -1 -4.685e+04 2.654e+02 2.125e+02
|    ( - -2.381e+04 1 0)
|    ( - -2.277e+04 1 0))
s>    ( QUESTION2 -1 -4.685e+04 2.654e+02 2.125e+02
s>        ( - -2.381e+04 1 0)
s>        ( - -2.277e+04 1 0))INFO: dtree.c(1315): Comp split 9
INFO: dtree.c(1439): stop. leaf nodes are specific
INFO: dtree.c(1478): Final simple tree
|( QUESTION9 -1 -5.776e+04 2.789e+02 2.735e+02
|    ( - -4.174e+04 1 0)
|    ( - -1.574e+04 1 0))
s>    ( QUESTION9 -1 -5.776e+04 2.789e+02 2.735e+02
s>        ( - -4.174e+04 1 0)
s>        ( - -1.574e+04 1 0))INFO: dtree.c(1315): Comp split 10
INFO: dtree.c(1315): Comp split 11
INFO: dtree.c(1315): Comp split 12
INFO: dtree.c(1315): Comp split 13
INFO: dtree.c(1315): Comp split 14
INFO: dtree.c(1315): Comp split 15
INFO: dtree.c(1318): stop. leaf nodes are specific
!!!!!!!!Allocated 67 lines
Mon Nov  3 11:36:26 2014
