INFO: cmd_ln.c(696): Parsing command line:
/usr/local/libexec/sphinxtrain/bldtree \
	-treefn /home/sumu/aammango/trees/aammango.unpruned/r-0.dtree \
	-moddeffn /home/sumu/aammango/model_architecture/aammango.untied.mdef \
	-mixwfn /home/sumu/aammango/model_parameters/aammango.cd_cont_untied/mixture_weights \
	-ts2cbfn .cont. \
	-mwfloor 1e-08 \
	-psetfn /home/sumu/aammango/model_architecture/aammango.tree_questions \
	-phone r \
	-state 0 \
	-stwt 1.0,0.05,0.0 \
	-meanfn /home/sumu/aammango/model_parameters/aammango.cd_cont_untied/means \
	-varfn /home/sumu/aammango/model_parameters/aammango.cd_cont_untied/variances \
	-fullvar no \
	-ssplitmin 1 \
	-ssplitmax 7 \
	-ssplitthr 0 \
	-csplitmin 1 \
	-csplitmax 2000 \
	-csplitthr 0 

Current configuration:
[NAME]		[DEFLT]	[VALUE]
-allphones	no	no
-cntthresh	0.00001	1.000000e-05
-csplitmax	100	2000
-csplitmin	1	1
-csplitthr	8e-4	0.000000e+00
-example	no	no
-fullvar	no	no
-help		no	no
-meanfn			/home/sumu/aammango/model_parameters/aammango.cd_cont_untied/means
-mixwfn			/home/sumu/aammango/model_parameters/aammango.cd_cont_untied/mixture_weights
-moddeffn		/home/sumu/aammango/model_architecture/aammango.untied.mdef
-mwfloor	1e-4	1.000000e-08
-phone			r
-psetfn			/home/sumu/aammango/model_architecture/aammango.tree_questions
-ssplitmax	5	7
-ssplitmin	1	1
-ssplitthr	8e-4	0.000000e+00
-state			0
-stwt			1.0,0.05,0.0,
-treefn			/home/sumu/aammango/trees/aammango.unpruned/r-0.dtree
-ts2cbfn	.semi.	.cont.
-varfloor	0.00001	1.000000e-05
-varfn			/home/sumu/aammango/model_parameters/aammango.cd_cont_untied/variances

INFO: main.c(223): Reading: /home/sumu/aammango/model_architecture/aammango.untied.mdef
INFO: model_def_io.c(573): Model definition info:
INFO: model_def_io.c(574): 435 total models defined (69 base, 366 tri)
INFO: model_def_io.c(575): 1740 total states
INFO: model_def_io.c(576): 1305 total tied states
INFO: model_def_io.c(577): 207 total tied CI states
INFO: model_def_io.c(578): 69 total tied transition matrices
INFO: model_def_io.c(579): 4 max state/model
INFO: model_def_io.c(580): 4 min state/model
INFO: main.c(242): Building trees for [r SIL a b] through [r uu ii i]
INFO: main.c(269): Covering states |[1008 1049]| == 42
INFO: main.c(275): Reading: /home/sumu/aammango/model_parameters/aammango.cd_cont_untied/mixture_weights
INFO: s3mixw_io.c(173): Read /home/sumu/aammango/model_parameters/aammango.cd_cont_untied/mixture_weights [42x1x1 array]
INFO: main.c(311): 14 of 14 models have observation count greater than 0.000010
INFO: main.c(95): nrm stwt: 0.952 0.048 0.000 
INFO: s3gau_io.c(169): Read /home/sumu/aammango/model_parameters/aammango.cd_cont_untied/means [1305x1x1 array]
INFO: s3gau_io.c(169): Read /home/sumu/aammango/model_parameters/aammango.cd_cont_untied/variances [1305x1x1 array]
INFO: main.c(549): Reading: /home/sumu/aammango/model_architecture/aammango.tree_questions
INFO: main.c(588): 176 total simple questions (168 phone; 8 word bndry)
INFO: main.c(590): 42 Left Only questions, and 42 Right Only questions
INFO: dtree.c(1478): Final simple tree
|( QUESTION0_1_R 1 -3.523e+05 3.586e+03 1.494e+03
|    ( - -8.582e+04 4 0 QUESTION19 -1 5.419e+02 3.754e+02)
|    ( WDBNDRY_B 0 -2.629e+05 1.657e+03 1.118e+03
|        ( QUESTION2 1 -1.230e+05 8.352e+02 5.175e+02
|            ( - -3.424e+04 1 0)
|            ( - -8.796e+04 2 0 QUESTION0_0_R 1 2.182e+02 3.720e+02))
|        ( QUESTION19 1 -1.382e+05 9.793e+02 6.009e+02
|            ( QUESTION9 -1 -1.004e+05 9.078e+02 4.416e+02
|                ( - -1.074e+04 1 0)
|                ( QUESTION2_3_L -1 -8.871e+04 5.676e+02 3.904e+02
|                    ( - -4.305e+04 2 0 QUESTION11 -1 3.797e+02 1.921e+02)
|                    ( QUESTION0_0_R 1 -4.509e+04 7.481e+02 1.983e+02
|                        ( - -1.318e+04 1 0)
|                        ( - -3.116e+04 1 0))))
|            ( - -3.683e+04 2 0 QUESTION0_0_R 1 4.521e+02 1.592e+02))))
s>    ( QUESTION0_1_R 1 -3.523e+05 3.586e+03 1.494e+03
s>        ( - -8.582e+04 4 0 QUESTION19 -1 5.419e+02 3.754e+02)
s>        ( WDBNDRY_B 0 -2.629e+05 1.657e+03 1.118e+03
s>            ( QUESTION2 1 -1.230e+05 8.352e+02 5.175e+02
s>                ( - -3.424e+04 1 0)
s>                ( - -8.796e+04 2 0 QUESTION0_0_R 1 2.182e+02 3.720e+02))
s>            ( QUESTION19 1 -1.382e+05 9.793e+02 6.009e+02
s>                ( QUESTION9 -1 -1.004e+05 9.078e+02 4.416e+02
s>                    ( - -1.074e+04 1 0)
s>                    ( QUESTION2_3_L -1 -8.871e+04 5.676e+02 3.904e+02
s>                        ( - -4.305e+04 2 0 QUESTION11 -1 3.797e+02 1.921e+02)
s>                        ( QUESTION0_0_R 1 -4.509e+04 7.481e+02 1.983e+02
s>                            ( - -1.318e+04 1 0)
s>                            ( - -3.116e+04 1 0))))
s>                ( - -3.683e+04 2 0 QUESTION0_0_R 1 4.521e+02 1.592e+02))))INFO: dtree.c(1315): Comp split 0
INFO: dtree.c(1478): Final simple tree
|( WDBNDRY_B 0 -2.629e+05 1.657e+03 1.118e+03
|    ( QUESTION2 1 -1.230e+05 8.352e+02 5.175e+02
|        ( - -3.424e+04 1 0)
|        ( - -8.796e+04 2 0 QUESTION0_0_R 1 2.182e+02 3.720e+02))
|    ( QUESTION19 1 -1.382e+05 9.793e+02 6.009e+02
|        ( QUESTION9 -1 -1.004e+05 9.078e+02 4.416e+02
|            ( - -1.074e+04 1 0)
|            ( QUESTION2_3_L -1 -8.871e+04 5.676e+02 3.904e+02
|                ( - -4.305e+04 2 0 QUESTION11 -1 3.797e+02 1.921e+02)
|                ( QUESTION0_0_R 1 -4.509e+04 7.481e+02 1.983e+02
|                    ( - -1.318e+04 1 0)
|                    ( - -3.116e+04 1 0))))
|        ( QUESTION0_0_R 1 -3.683e+04 4.521e+02 1.592e+02
|            ( - -2.836e+04 1 0)
|            ( - -8.023e+03 1 0))))
s>    ( WDBNDRY_B 0 -2.629e+05 1.657e+03 1.118e+03
s>        ( QUESTION2 1 -1.230e+05 8.352e+02 5.175e+02
s>            ( - -3.424e+04 1 0)
s>            ( - -8.796e+04 2 0 QUESTION0_0_R 1 2.182e+02 3.720e+02))
s>        ( QUESTION19 1 -1.382e+05 9.793e+02 6.009e+02
s>            ( QUESTION9 -1 -1.004e+05 9.078e+02 4.416e+02
s>                ( - -1.074e+04 1 0)
s>                ( QUESTION2_3_L -1 -8.871e+04 5.676e+02 3.904e+02
s>                    ( - -4.305e+04 2 0 QUESTION11 -1 3.797e+02 1.921e+02)
s>                    ( QUESTION0_0_R 1 -4.509e+04 7.481e+02 1.983e+02
s>                        ( - -1.318e+04 1 0)
s>                        ( - -3.116e+04 1 0))))
s>            ( QUESTION0_0_R 1 -3.683e+04 4.521e+02 1.592e+02
s>                ( - -2.836e+04 1 0)
s>                ( - -8.023e+03 1 0))))INFO: dtree.c(1439): stop. leaf nodes are specific
INFO: dtree.c(1478): Final simple tree
|( QUESTION19 -1 -8.582e+04 5.419e+02 3.754e+02
|    ( !QUESTION2_3_L -1 -5.857e+04 4.097e+02 2.588e+02
|        ( - -1.795e+04 1 0)
|        ( - -4.021e+04 1 0))
|    ( QUESTION2 -1 -2.671e+04 2.711e+02 1.166e+02
|        ( - -9.084e+03 1 0)
|        ( - -1.735e+04 1 0)))
s>    ( QUESTION19 -1 -8.582e+04 5.419e+02 3.754e+02
s>        ( !QUESTION2_3_L -1 -5.857e+04 4.097e+02 2.588e+02
s>            ( - -1.795e+04 1 0)
s>            ( - -4.021e+04 1 0))
s>        ( QUESTION2 -1 -2.671e+04 2.711e+02 1.166e+02
s>            ( - -9.084e+03 1 0)
s>            ( - -1.735e+04 1 0)))INFO: dtree.c(1315): Comp split 1
INFO: dtree.c(1439): stop. leaf nodes are specific
INFO: dtree.c(1478): Final simple tree
|( QUESTION19 1 -1.382e+05 9.793e+02 6.009e+02
|    ( QUESTION9 -1 -1.004e+05 9.078e+02 4.416e+02
|        ( - -1.074e+04 1 0)
|        ( QUESTION2_3_L -1 -8.871e+04 5.676e+02 3.904e+02
|            ( QUESTION11 -1 -4.305e+04 3.797e+02 1.921e+02
|                ( - -2.784e+04 1 0)
|                ( - -1.483e+04 1 0))
|            ( QUESTION0_0_R 1 -4.509e+04 7.481e+02 1.983e+02
|                ( - -1.318e+04 1 0)
|                ( - -3.116e+04 1 0))))
|    ( QUESTION0_0_R 1 -3.683e+04 4.521e+02 1.592e+02
|        ( - -2.836e+04 1 0)
|        ( - -8.023e+03 1 0)))
s>    ( QUESTION19 1 -1.382e+05 9.793e+02 6.009e+02
s>        ( QUESTION9 -1 -1.004e+05 9.078e+02 4.416e+02
s>            ( - -1.074e+04 1 0)
s>            ( QUESTION2_3_L -1 -8.871e+04 5.676e+02 3.904e+02
s>                ( QUESTION11 -1 -4.305e+04 3.797e+02 1.921e+02
s>                    ( - -2.784e+04 1 0)
s>                    ( - -1.483e+04 1 0))
s>                ( QUESTION0_0_R 1 -4.509e+04 7.481e+02 1.983e+02
s>                    ( - -1.318e+04 1 0)
s>                    ( - -3.116e+04 1 0))))
s>        ( QUESTION0_0_R 1 -3.683e+04 4.521e+02 1.592e+02
s>            ( - -2.836e+04 1 0)
s>            ( - -8.023e+03 1 0)))INFO: dtree.c(1439): stop. leaf nodes are specific
INFO: dtree.c(1478): Final simple tree
|( QUESTION2 1 -1.230e+05 8.352e+02 5.175e+02
|    ( - -3.424e+04 1 0)
|    ( QUESTION0_0_R 1 -8.796e+04 2.182e+02 3.720e+02
|        ( - -2.025e+04 1 0)
|        ( - -6.750e+04 1 0)))
s>    ( QUESTION2 1 -1.230e+05 8.352e+02 5.175e+02
s>        ( - -3.424e+04 1 0)
s>        ( QUESTION0_0_R 1 -8.796e+04 2.182e+02 3.720e+02
s>            ( - -2.025e+04 1 0)
s>            ( - -6.750e+04 1 0)))INFO: dtree.c(1315): Comp split 2
INFO: dtree.c(1439): stop. leaf nodes are specific
INFO: dtree.c(1478): Final simple tree
|( QUESTION0_0_R 1 -2.463e+04 7.063e+02 1.098e+02
|    ( - -1.318e+04 1 0)
|    ( - -1.074e+04 1 0))
s>    ( QUESTION0_0_R 1 -2.463e+04 7.063e+02 1.098e+02
s>        ( - -1.318e+04 1 0)
s>        ( - -1.074e+04 1 0))INFO: dtree.c(1439): stop. leaf nodes are specific
INFO: dtree.c(1478): Final simple tree
|( !QUESTION19 1 -1.125e+05 1.012e+03 4.911e+02
|    ( QUESTION0_0_R 1 -3.683e+04 4.521e+02 1.592e+02
|        ( - -2.836e+04 1 0)
|        ( - -8.023e+03 1 0))
|    ( QUESTION11 -1 -7.464e+04 4.813e+02 3.318e+02
|        ( - -2.784e+04 1 0)
|        ( QUESTION0_0_R 1 -4.631e+04 3.210e+02 2.070e+02
|            ( - -1.483e+04 1 0)
|            ( - -3.116e+04 1 0))))
s>    ( !QUESTION19 1 -1.125e+05 1.012e+03 4.911e+02
s>        ( QUESTION0_0_R 1 -3.683e+04 4.521e+02 1.592e+02
s>            ( - -2.836e+04 1 0)
s>            ( - -8.023e+03 1 0))
s>        ( QUESTION11 -1 -7.464e+04 4.813e+02 3.318e+02
s>            ( - -2.784e+04 1 0)
s>            ( QUESTION0_0_R 1 -4.631e+04 3.210e+02 2.070e+02
s>                ( - -1.483e+04 1 0)
s>                ( - -3.116e+04 1 0))))INFO: dtree.c(1315): Comp split 3
INFO: dtree.c(1439): stop. leaf nodes are specific
INFO: dtree.c(1478): Final simple tree
|( QUESTION11 -1 -7.464e+04 4.813e+02 3.318e+02
|    ( - -2.784e+04 1 0)
|    ( QUESTION0_0_R 1 -4.631e+04 3.210e+02 2.070e+02
|        ( - -1.483e+04 1 0)
|        ( - -3.116e+04 1 0)))
s>    ( QUESTION11 -1 -7.464e+04 4.813e+02 3.318e+02
s>        ( - -2.784e+04 1 0)
s>        ( QUESTION0_0_R 1 -4.631e+04 3.210e+02 2.070e+02
s>            ( - -1.483e+04 1 0)
s>            ( - -3.116e+04 1 0)))INFO: dtree.c(1439): stop. leaf nodes are specific
INFO: dtree.c(1478): Final simple tree
|( QUESTION0_0_R 1 -3.683e+04 4.521e+02 1.592e+02
|    ( - -2.836e+04 1 0)
|    ( - -8.023e+03 1 0))
s>    ( QUESTION0_0_R 1 -3.683e+04 4.521e+02 1.592e+02
s>        ( - -2.836e+04 1 0)
s>        ( - -8.023e+03 1 0))INFO: dtree.c(1315): Comp split 4
INFO: dtree.c(1439): stop. leaf nodes are specific
INFO: dtree.c(1478): Final simple tree
|( QUESTION0_0_R 1 -8.796e+04 2.182e+02 3.720e+02
|    ( - -2.025e+04 1 0)
|    ( - -6.750e+04 1 0))
s>    ( QUESTION0_0_R 1 -8.796e+04 2.182e+02 3.720e+02
s>        ( - -2.025e+04 1 0)
s>        ( - -6.750e+04 1 0))INFO: dtree.c(1315): Comp split 5
INFO: dtree.c(1315): Comp split 6
INFO: dtree.c(1439): stop. leaf nodes are specific
INFO: dtree.c(1478): Final simple tree
|( QUESTION2 -1 -2.671e+04 2.711e+02 1.166e+02
|    ( - -9.084e+03 1 0)
|    ( - -1.735e+04 1 0))
s>    ( QUESTION2 -1 -2.671e+04 2.711e+02 1.166e+02
s>        ( - -9.084e+03 1 0)
s>        ( - -1.735e+04 1 0))INFO: dtree.c(1439): stop. leaf nodes are specific
INFO: dtree.c(1478): Final simple tree
|( !QUESTION2_3_L -1 -5.857e+04 4.097e+02 2.588e+02
|    ( - -1.795e+04 1 0)
|    ( - -4.021e+04 1 0))
s>    ( !QUESTION2_3_L -1 -5.857e+04 4.097e+02 2.588e+02
s>        ( - -1.795e+04 1 0)
s>        ( - -4.021e+04 1 0))INFO: dtree.c(1315): Comp split 7
INFO: dtree.c(1439): stop. leaf nodes are specific
INFO: dtree.c(1478): Final simple tree
|( QUESTION0_0_R 1 -4.631e+04 3.210e+02 2.070e+02
|    ( - -1.483e+04 1 0)
|    ( - -3.116e+04 1 0))
s>    ( QUESTION0_0_R 1 -4.631e+04 3.210e+02 2.070e+02
s>        ( - -1.483e+04 1 0)
s>        ( - -3.116e+04 1 0))INFO: dtree.c(1315): Comp split 8
INFO: dtree.c(1315): Comp split 9
INFO: dtree.c(1315): Comp split 10
INFO: dtree.c(1315): Comp split 11
INFO: dtree.c(1315): Comp split 12
INFO: dtree.c(1315): Comp split 13
INFO: dtree.c(1318): stop. leaf nodes are specific
!!!!!!!!Allocated 67 lines
Mon Nov  3 11:36:24 2014
