INFO: cmd_ln.c(696): Parsing command line:
/usr/local/libexec/sphinxtrain/bldtree \
	-treefn /home/sumu/aammango/trees/aammango.unpruned/ii-1.dtree \
	-moddeffn /home/sumu/aammango/model_architecture/aammango.untied.mdef \
	-mixwfn /home/sumu/aammango/model_parameters/aammango.cd_cont_untied/mixture_weights \
	-ts2cbfn .cont. \
	-mwfloor 1e-08 \
	-psetfn /home/sumu/aammango/model_architecture/aammango.tree_questions \
	-phone ii \
	-state 1 \
	-stwt 1.0,0.05,0.0 \
	-meanfn /home/sumu/aammango/model_parameters/aammango.cd_cont_untied/means \
	-varfn /home/sumu/aammango/model_parameters/aammango.cd_cont_untied/variances \
	-fullvar no \
	-ssplitmin 1 \
	-ssplitmax 7 \
	-ssplitthr 0 \
	-csplitmin 1 \
	-csplitmax 2000 \
	-csplitthr 0 

Current configuration:
[NAME]		[DEFLT]	[VALUE]
-allphones	no	no
-cntthresh	0.00001	1.000000e-05
-csplitmax	100	2000
-csplitmin	1	1
-csplitthr	8e-4	0.000000e+00
-example	no	no
-fullvar	no	no
-help		no	no
-meanfn			/home/sumu/aammango/model_parameters/aammango.cd_cont_untied/means
-mixwfn			/home/sumu/aammango/model_parameters/aammango.cd_cont_untied/mixture_weights
-moddeffn		/home/sumu/aammango/model_architecture/aammango.untied.mdef
-mwfloor	1e-4	1.000000e-08
-phone			ii
-psetfn			/home/sumu/aammango/model_architecture/aammango.tree_questions
-ssplitmax	5	7
-ssplitmin	1	1
-ssplitthr	8e-4	0.000000e+00
-state			1
-stwt			1.0,0.05,0.0,
-treefn			/home/sumu/aammango/trees/aammango.unpruned/ii-1.dtree
-ts2cbfn	.semi.	.cont.
-varfloor	0.00001	1.000000e-05
-varfn			/home/sumu/aammango/model_parameters/aammango.cd_cont_untied/variances

INFO: main.c(223): Reading: /home/sumu/aammango/model_architecture/aammango.untied.mdef
INFO: model_def_io.c(573): Model definition info:
INFO: model_def_io.c(574): 435 total models defined (69 base, 366 tri)
INFO: model_def_io.c(575): 1740 total states
INFO: model_def_io.c(576): 1305 total tied states
INFO: model_def_io.c(577): 207 total tied CI states
INFO: model_def_io.c(578): 69 total tied transition matrices
INFO: model_def_io.c(579): 4 max state/model
INFO: model_def_io.c(580): 4 min state/model
INFO: main.c(242): Building trees for [ii a sp i] through [ii z sp i]
INFO: main.c(269): Covering states |[666 725]| == 60
INFO: main.c(275): Reading: /home/sumu/aammango/model_parameters/aammango.cd_cont_untied/mixture_weights
INFO: s3mixw_io.c(173): Read /home/sumu/aammango/model_parameters/aammango.cd_cont_untied/mixture_weights [60x1x1 array]
INFO: main.c(311): 20 of 20 models have observation count greater than 0.000010
INFO: main.c(95): nrm stwt: 0.045 0.909 0.045 
INFO: s3gau_io.c(169): Read /home/sumu/aammango/model_parameters/aammango.cd_cont_untied/means [1305x1x1 array]
INFO: s3gau_io.c(169): Read /home/sumu/aammango/model_parameters/aammango.cd_cont_untied/variances [1305x1x1 array]
INFO: main.c(549): Reading: /home/sumu/aammango/model_architecture/aammango.tree_questions
INFO: main.c(588): 176 total simple questions (168 phone; 8 word bndry)
INFO: main.c(590): 42 Left Only questions, and 42 Right Only questions
INFO: dtree.c(1478): Final simple tree
|( QUESTION0_1_R 1 -5.809e+05 3.544e+03 2.669e+03
|    ( !QUESTION19 -1 -4.422e+05 8.492e+02 2.066e+03
|        ( QUESTION9 -1 -3.335e+05 6.344e+02 1.549e+03
|            ( - -1.598e+05 4 0 !QUESTION2_3_L -1 4.808e+02 7.429e+02)
|            ( - -1.731e+05 6 0 QUESTION6 -1 5.698e+02 8.061e+02))
|        ( QUESTION2_8_L -1 -1.078e+05 7.135e+02 5.170e+02
|            ( - -2.514e+04 1 0)
|            ( - -8.194e+04 2 0 QUESTION2_3_L -1 2.165e+02 3.945e+02)))
|    ( QUESTION0_0_R 1 -1.352e+05 1.297e+03 6.028e+02
|        ( - -2.899e+04 2 0 QUESTION9 -1 6.186e+02 1.242e+02)
|        ( QUESTION2 -1 -1.049e+05 1.122e+03 4.786e+02
|            ( - -3.548e+04 1 0)
|            ( QUESTION9 -1 -6.829e+04 7.607e+02 3.128e+02
|                ( - -4.211e+04 3 0 QUESTION2 1 5.672e+02 1.907e+02)
|                ( - -2.542e+04 1 0)))))
s>    ( QUESTION0_1_R 1 -5.809e+05 3.544e+03 2.669e+03
s>        ( !QUESTION19 -1 -4.422e+05 8.492e+02 2.066e+03
s>            ( QUESTION9 -1 -3.335e+05 6.344e+02 1.549e+03
s>                ( - -1.598e+05 4 0 !QUESTION2_3_L -1 4.808e+02 7.429e+02)
s>                ( - -1.731e+05 6 0 QUESTION6 -1 5.698e+02 8.061e+02))
s>            ( QUESTION2_8_L -1 -1.078e+05 7.135e+02 5.170e+02
s>                ( - -2.514e+04 1 0)
s>                ( - -8.194e+04 2 0 QUESTION2_3_L -1 2.165e+02 3.945e+02)))
s>        ( QUESTION0_0_R 1 -1.352e+05 1.297e+03 6.028e+02
s>            ( - -2.899e+04 2 0 QUESTION9 -1 6.186e+02 1.242e+02)
s>            ( QUESTION2 -1 -1.049e+05 1.122e+03 4.786e+02
s>                ( - -3.548e+04 1 0)
s>                ( QUESTION9 -1 -6.829e+04 7.607e+02 3.128e+02
s>                    ( - -4.211e+04 3 0 QUESTION2 1 5.672e+02 1.907e+02)
s>                    ( - -2.542e+04 1 0)))))INFO: dtree.c(1315): Comp split 0
INFO: dtree.c(1478): Final simple tree
|( QUESTION19 -1 -4.785e+05 9.104e+02 2.232e+03
|    ( QUESTION2_8_L -1 -1.078e+05 7.135e+02 5.170e+02
|        ( - -2.514e+04 1 0)
|        ( - -8.194e+04 2 0 QUESTION2_3_L -1 2.165e+02 3.945e+02))
|    ( QUESTION0_0_R 1 -3.698e+05 7.748e+02 1.715e+03
|        ( QUESTION9 -1 -3.335e+05 6.344e+02 1.549e+03
|            ( !QUESTION2_3_L -1 -1.598e+05 4.808e+02 7.429e+02
|                ( - -1.167e+05 3 0)
|                ( - -4.261e+04 1 0))
|            ( QUESTION6 -1 -1.731e+05 5.698e+02 8.061e+02
|                ( - -3.525e+04 1 0)
|                ( QUESTION14 -1 -1.373e+05 3.149e+02 6.428e+02
|                    ( - -1.250e+04 1 0)
|                    ( - -1.245e+05 4 0 !QUESTION2 -1 2.902e+02 5.850e+02))))
|        ( - -3.548e+04 1 0)))
s>    ( QUESTION19 -1 -4.785e+05 9.104e+02 2.232e+03
s>        ( QUESTION2_8_L -1 -1.078e+05 7.135e+02 5.170e+02
s>            ( - -2.514e+04 1 0)
s>            ( - -8.194e+04 2 0 QUESTION2_3_L -1 2.165e+02 3.945e+02))
s>        ( QUESTION0_0_R 1 -3.698e+05 7.748e+02 1.715e+03
s>            ( QUESTION9 -1 -3.335e+05 6.344e+02 1.549e+03
s>                ( !QUESTION2_3_L -1 -1.598e+05 4.808e+02 7.429e+02
s>                    ( - -1.167e+05 3 0)
s>                    ( - -4.261e+04 1 0))
s>                ( QUESTION6 -1 -1.731e+05 5.698e+02 8.061e+02
s>                    ( - -3.525e+04 1 0)
s>                    ( QUESTION14 -1 -1.373e+05 3.149e+02 6.428e+02
s>                        ( - -1.250e+04 1 0)
s>                        ( - -1.245e+05 4 0 !QUESTION2 -1 2.902e+02 5.850e+02))))
s>            ( - -3.548e+04 1 0)))INFO: dtree.c(1439): stop. leaf nodes are specific
INFO: dtree.c(1478): Final simple tree
|( QUESTION0_0_R 1 -9.857e+04 1.289e+03 4.370e+02
|    ( QUESTION9 -1 -2.899e+04 6.186e+02 1.242e+02
|        ( - -7.873e+03 1 0)
|        ( - -2.050e+04 1 0))
|    ( QUESTION9 -1 -6.829e+04 7.607e+02 3.128e+02
|        ( QUESTION2 1 -4.211e+04 5.672e+02 1.907e+02
|            ( - -1.251e+04 1 0)
|            ( QUESTION9 1 -2.904e+04 4.231e+02 1.317e+02
|                ( - -1.762e+04 1 0)
|                ( - -1.099e+04 1 0)))
|        ( - -2.542e+04 1 0)))
s>    ( QUESTION0_0_R 1 -9.857e+04 1.289e+03 4.370e+02
s>        ( QUESTION9 -1 -2.899e+04 6.186e+02 1.242e+02
s>            ( - -7.873e+03 1 0)
s>            ( - -2.050e+04 1 0))
s>        ( QUESTION9 -1 -6.829e+04 7.607e+02 3.128e+02
s>            ( QUESTION2 1 -4.211e+04 5.672e+02 1.907e+02
s>                ( - -1.251e+04 1 0)
s>                ( QUESTION9 1 -2.904e+04 4.231e+02 1.317e+02
s>                    ( - -1.762e+04 1 0)
s>                    ( - -1.099e+04 1 0)))
s>            ( - -2.542e+04 1 0)))INFO: dtree.c(1315): Comp split 1
INFO: dtree.c(1439): stop. leaf nodes are specific
INFO: dtree.c(1478): Final simple tree
|( QUESTION9 -1 -7.654e+04 7.573e+02 3.486e+02
|    ( !QUESTION2 1 -5.036e+04 6.151e+02 2.265e+02
|        ( QUESTION2_2_L -1 -3.724e+04 4.761e+02 1.674e+02
|            ( - -1.762e+04 1 0)
|            ( QUESTION0_0_R 1 -1.915e+04 2.799e+02 8.528e+01
|                ( - -7.873e+03 1 0)
|                ( - -1.099e+04 1 0)))
|        ( - -1.251e+04 1 0))
|    ( - -2.542e+04 1 0))
s>    ( QUESTION9 -1 -7.654e+04 7.573e+02 3.486e+02
s>        ( !QUESTION2 1 -5.036e+04 6.151e+02 2.265e+02
s>            ( QUESTION2_2_L -1 -3.724e+04 4.761e+02 1.674e+02
s>                ( - -1.762e+04 1 0)
s>                ( QUESTION0_0_R 1 -1.915e+04 2.799e+02 8.528e+01
s>                    ( - -7.873e+03 1 0)
s>                    ( - -1.099e+04 1 0)))
s>            ( - -1.251e+04 1 0))
s>        ( - -2.542e+04 1 0))INFO: dtree.c(1315): Comp split 2
INFO: dtree.c(1439): stop. leaf nodes are specific
INFO: dtree.c(1478): Final simple tree
|( QUESTION2_3_L -1 -8.194e+04 2.165e+02 3.945e+02
|    ( - -5.547e+04 1 0)
|    ( - -2.626e+04 1 0))
s>    ( QUESTION2_3_L -1 -8.194e+04 2.165e+02 3.945e+02
s>        ( - -5.547e+04 1 0)
s>        ( - -2.626e+04 1 0))INFO: dtree.c(1478): Final simple tree
|( !QUESTION0_0_R 1 -3.954e+05 8.002e+02 1.837e+03
|    ( - -3.548e+04 1 0)
|    ( QUESTION9 -1 -3.591e+05 6.993e+02 1.672e+03
|        ( !QUESTION2_3_L -1 -1.598e+05 4.808e+02 7.429e+02
|            ( - -1.167e+05 3 0)
|            ( - -4.261e+04 1 0))
|        ( QUESTION6 -1 -1.986e+05 6.216e+02 9.287e+02
|            ( - -3.525e+04 1 0)
|            ( QUESTION14 -1 -1.627e+05 3.116e+02 7.654e+02
|                ( - -1.250e+04 1 0)
|                ( QUESTION2 -1 -1.499e+05 2.998e+02 7.076e+02
|                    ( - -2.851e+04 1 0)
|                    ( QUESTION11 -1 -1.211e+05 2.827e+02 5.671e+02
|                        ( - -9.569e+04 3 0)
|                        ( - -2.514e+04 1 0)))))))
s>    ( !QUESTION0_0_R 1 -3.954e+05 8.002e+02 1.837e+03
s>        ( - -3.548e+04 1 0)
s>        ( QUESTION9 -1 -3.591e+05 6.993e+02 1.672e+03
s>            ( !QUESTION2_3_L -1 -1.598e+05 4.808e+02 7.429e+02
s>                ( - -1.167e+05 3 0)
s>                ( - -4.261e+04 1 0))
s>            ( QUESTION6 -1 -1.986e+05 6.216e+02 9.287e+02
s>                ( - -3.525e+04 1 0)
s>                ( QUESTION14 -1 -1.627e+05 3.116e+02 7.654e+02
s>                    ( - -1.250e+04 1 0)
s>                    ( QUESTION2 -1 -1.499e+05 2.998e+02 7.076e+02
s>                        ( - -2.851e+04 1 0)
s>                        ( QUESTION11 -1 -1.211e+05 2.827e+02 5.671e+02
s>                            ( - -9.569e+04 3 0)
s>                            ( - -2.514e+04 1 0)))))))INFO: dtree.c(1315): Comp split 3
INFO: dtree.c(1439): stop. leaf nodes are specific
INFO: dtree.c(1478): Final simple tree
|( QUESTION9 -1 -2.059e+05 5.424e+02 9.643e+02
|    ( - -4.261e+04 1 0)
|    ( QUESTION14 -1 -1.627e+05 3.116e+02 7.654e+02
|        ( - -1.250e+04 1 0)
|        ( QUESTION2 -1 -1.499e+05 2.998e+02 7.076e+02
|            ( - -2.851e+04 1 0)
|            ( QUESTION11 -1 -1.211e+05 2.827e+02 5.671e+02
|                ( - -9.569e+04 3 0)
|                ( - -2.514e+04 1 0)))))
s>    ( QUESTION9 -1 -2.059e+05 5.424e+02 9.643e+02
s>        ( - -4.261e+04 1 0)
s>        ( QUESTION14 -1 -1.627e+05 3.116e+02 7.654e+02
s>            ( - -1.250e+04 1 0)
s>            ( QUESTION2 -1 -1.499e+05 2.998e+02 7.076e+02
s>                ( - -2.851e+04 1 0)
s>                ( QUESTION11 -1 -1.211e+05 2.827e+02 5.671e+02
s>                    ( - -9.569e+04 3 0)
s>                    ( - -2.514e+04 1 0)))))INFO: dtree.c(1439): stop. leaf nodes are specific
INFO: dtree.c(1478): Final simple tree
|( QUESTION0_0_R 1 -1.885e+05 6.742e+02 8.731e+02
|    ( QUESTION2 -1 -1.523e+05 3.851e+02 7.073e+02
|        ( - -3.525e+04 1 0)
|        ( - -1.167e+05 3 0))
|    ( - -3.548e+04 1 0))
s>    ( QUESTION0_0_R 1 -1.885e+05 6.742e+02 8.731e+02
s>        ( QUESTION2 -1 -1.523e+05 3.851e+02 7.073e+02
s>            ( - -3.525e+04 1 0)
s>            ( - -1.167e+05 3 0))
s>        ( - -3.548e+04 1 0))INFO: dtree.c(1315): Comp split 4
INFO: dtree.c(1439): stop. leaf nodes are specific
INFO: dtree.c(1478): Final simple tree
|( !QUESTION2 1 -5.036e+04 6.151e+02 2.265e+02
|    ( QUESTION2_2_L -1 -3.724e+04 4.761e+02 1.674e+02
|        ( - -1.762e+04 1 0)
|        ( QUESTION0_0_R 1 -1.915e+04 2.799e+02 8.528e+01
|            ( - -7.873e+03 1 0)
|            ( - -1.099e+04 1 0)))
|    ( - -1.251e+04 1 0))
s>    ( !QUESTION2 1 -5.036e+04 6.151e+02 2.265e+02
s>        ( QUESTION2_2_L -1 -3.724e+04 4.761e+02 1.674e+02
s>            ( - -1.762e+04 1 0)
s>            ( QUESTION0_0_R 1 -1.915e+04 2.799e+02 8.528e+01
s>                ( - -7.873e+03 1 0)
s>                ( - -1.099e+04 1 0)))
s>        ( - -1.251e+04 1 0))INFO: dtree.c(1315): Comp split 5
INFO: dtree.c(1439): stop. leaf nodes are specific
INFO: dtree.c(1478): Final simple tree
|( QUESTION2 -1 -1.523e+05 3.851e+02 7.073e+02
|    ( - -3.525e+04 1 0)
|    ( - -1.167e+05 3 0))
s>    ( QUESTION2 -1 -1.523e+05 3.851e+02 7.073e+02
s>        ( - -3.525e+04 1 0)
s>        ( - -1.167e+05 3 0))INFO: dtree.c(1315): Comp split 6
INFO: dtree.c(1439): stop. leaf nodes are specific
INFO: dtree.c(1478): Final simple tree
|( QUESTION2_2_L -1 -3.724e+04 4.761e+02 1.674e+02
|    ( - -1.762e+04 1 0)
|    ( QUESTION0_0_R 1 -1.915e+04 2.799e+02 8.528e+01
|        ( - -7.873e+03 1 0)
|        ( - -1.099e+04 1 0)))
s>    ( QUESTION2_2_L -1 -3.724e+04 4.761e+02 1.674e+02
s>        ( - -1.762e+04 1 0)
s>        ( QUESTION0_0_R 1 -1.915e+04 2.799e+02 8.528e+01
s>            ( - -7.873e+03 1 0)
s>            ( - -1.099e+04 1 0)))INFO: dtree.c(1315): Comp split 7
INFO: dtree.c(1439): stop. leaf nodes are specific
INFO: dtree.c(1478): Final simple tree
|( QUESTION14 -1 -1.627e+05 3.116e+02 7.654e+02
|    ( - -1.250e+04 1 0)
|    ( QUESTION2 -1 -1.499e+05 2.998e+02 7.076e+02
|        ( - -2.851e+04 1 0)
|        ( QUESTION11 -1 -1.211e+05 2.827e+02 5.671e+02
|            ( - -9.569e+04 3 0)
|            ( - -2.514e+04 1 0))))
s>    ( QUESTION14 -1 -1.627e+05 3.116e+02 7.654e+02
s>        ( - -1.250e+04 1 0)
s>        ( QUESTION2 -1 -1.499e+05 2.998e+02 7.076e+02
s>            ( - -2.851e+04 1 0)
s>            ( QUESTION11 -1 -1.211e+05 2.827e+02 5.671e+02
s>                ( - -9.569e+04 3 0)
s>                ( - -2.514e+04 1 0))))INFO: dtree.c(1315): Comp split 8
INFO: dtree.c(1439): stop. leaf nodes are specific
INFO: dtree.c(1478): Final simple tree
|( QUESTION0_0_R 1 -1.915e+04 2.799e+02 8.528e+01
|    ( - -7.873e+03 1 0)
|    ( - -1.099e+04 1 0))
s>    ( QUESTION0_0_R 1 -1.915e+04 2.799e+02 8.528e+01
s>        ( - -7.873e+03 1 0)
s>        ( - -1.099e+04 1 0))INFO: dtree.c(1315): Comp split 9
INFO: dtree.c(1315): Comp split 10
INFO: dtree.c(1439): stop. leaf nodes are specific
INFO: dtree.c(1478): Final simple tree
|( QUESTION2 -1 -1.499e+05 2.998e+02 7.076e+02
|    ( - -2.851e+04 1 0)
|    ( QUESTION11 -1 -1.211e+05 2.827e+02 5.671e+02
|        ( - -9.569e+04 3 0)
|        ( - -2.514e+04 1 0)))
s>    ( QUESTION2 -1 -1.499e+05 2.998e+02 7.076e+02
s>        ( - -2.851e+04 1 0)
s>        ( QUESTION11 -1 -1.211e+05 2.827e+02 5.671e+02
s>            ( - -9.569e+04 3 0)
s>            ( - -2.514e+04 1 0)))INFO: dtree.c(1315): Comp split 11
INFO: dtree.c(1439): stop. leaf nodes are specific
INFO: dtree.c(1478): Final simple tree
|( QUESTION11 -1 -1.211e+05 2.827e+02 5.671e+02
|    ( - -9.569e+04 3 0)
|    ( - -2.514e+04 1 0))
s>    ( QUESTION11 -1 -1.211e+05 2.827e+02 5.671e+02
s>        ( - -9.569e+04 3 0)
s>        ( - -2.514e+04 1 0))INFO: dtree.c(1315): Comp split 12
INFO: dtree.c(1315): Comp split 13
INFO: dtree.c(1315): Comp split 14
INFO: dtree.c(1315): Comp split 15
INFO: dtree.c(1318): stop. leaf nodes are specific
!!!!!!!!Allocated 67 lines
Mon Nov  3 11:36:26 2014
