INFO: cmd_ln.c(696): Parsing command line:
/usr/local/libexec/sphinxtrain/bldtree \
	-treefn /home/sumu/aammango/trees/aammango.unpruned/o-0.dtree \
	-moddeffn /home/sumu/aammango/model_architecture/aammango.untied.mdef \
	-mixwfn /home/sumu/aammango/model_parameters/aammango.cd_cont_untied/mixture_weights \
	-ts2cbfn .cont. \
	-mwfloor 1e-08 \
	-psetfn /home/sumu/aammango/model_architecture/aammango.tree_questions \
	-phone o \
	-state 0 \
	-stwt 1.0,0.05,0.0 \
	-meanfn /home/sumu/aammango/model_parameters/aammango.cd_cont_untied/means \
	-varfn /home/sumu/aammango/model_parameters/aammango.cd_cont_untied/variances \
	-fullvar no \
	-ssplitmin 1 \
	-ssplitmax 7 \
	-ssplitthr 0 \
	-csplitmin 1 \
	-csplitmax 2000 \
	-csplitthr 0 

Current configuration:
[NAME]		[DEFLT]	[VALUE]
-allphones	no	no
-cntthresh	0.00001	1.000000e-05
-csplitmax	100	2000
-csplitmin	1	1
-csplitthr	8e-4	0.000000e+00
-example	no	no
-fullvar	no	no
-help		no	no
-meanfn			/home/sumu/aammango/model_parameters/aammango.cd_cont_untied/means
-mixwfn			/home/sumu/aammango/model_parameters/aammango.cd_cont_untied/mixture_weights
-moddeffn		/home/sumu/aammango/model_architecture/aammango.untied.mdef
-mwfloor	1e-4	1.000000e-08
-phone			o
-psetfn			/home/sumu/aammango/model_architecture/aammango.tree_questions
-ssplitmax	5	7
-ssplitmin	1	1
-ssplitthr	8e-4	0.000000e+00
-state			0
-stwt			1.0,0.05,0.0,
-treefn			/home/sumu/aammango/trees/aammango.unpruned/o-0.dtree
-ts2cbfn	.semi.	.cont.
-varfloor	0.00001	1.000000e-05
-varfn			/home/sumu/aammango/model_parameters/aammango.cd_cont_untied/variances

INFO: main.c(223): Reading: /home/sumu/aammango/model_architecture/aammango.untied.mdef
INFO: model_def_io.c(573): Model definition info:
INFO: model_def_io.c(574): 435 total models defined (69 base, 366 tri)
INFO: model_def_io.c(575): 1740 total states
INFO: model_def_io.c(576): 1305 total tied states
INFO: model_def_io.c(577): 207 total tied CI states
INFO: model_def_io.c(578): 69 total tied transition matrices
INFO: model_def_io.c(579): 4 max state/model
INFO: model_def_io.c(580): 4 min state/model
INFO: main.c(242): Building trees for [o b nd. i] through [o r t i]
INFO: main.c(269): Covering states |[930 968]| == 39
INFO: main.c(275): Reading: /home/sumu/aammango/model_parameters/aammango.cd_cont_untied/mixture_weights
INFO: s3mixw_io.c(173): Read /home/sumu/aammango/model_parameters/aammango.cd_cont_untied/mixture_weights [39x1x1 array]
INFO: main.c(311): 13 of 13 models have observation count greater than 0.000010
INFO: main.c(95): nrm stwt: 0.952 0.048 0.000 
INFO: s3gau_io.c(169): Read /home/sumu/aammango/model_parameters/aammango.cd_cont_untied/means [1305x1x1 array]
INFO: s3gau_io.c(169): Read /home/sumu/aammango/model_parameters/aammango.cd_cont_untied/variances [1305x1x1 array]
INFO: main.c(549): Reading: /home/sumu/aammango/model_architecture/aammango.tree_questions
INFO: main.c(588): 176 total simple questions (168 phone; 8 word bndry)
INFO: main.c(590): 42 Left Only questions, and 42 Right Only questions
INFO: dtree.c(1478): Final simple tree
|( QUESTION0_2_R 1 -2.465e+05 2.048e+03 1.045e+03
|    ( QUESTION0_3_R 1 -4.599e+04 8.637e+02 1.990e+02
|        ( - -2.026e+04 1 0)
|        ( - -2.486e+04 1 0))
|    ( QUESTION8 1 -1.985e+05 1.499e+03 8.456e+02
|        ( QUESTION2 -1 -1.332e+05 1.374e+03 5.632e+02
|            ( - -3.591e+04 2 0)
|            ( QUESTION2_2_L -1 -9.590e+04 1.886e+03 4.030e+02
|                ( - -5.346e+04 3 0 QUESTION0_10_R 1 4.350e+02 2.328e+02)
|                ( QUESTION9 1 -4.055e+04 1.305e+03 1.702e+02
|                    ( - -2.661e+04 1 0)
|                    ( - -1.263e+04 1 0))))
|        ( QUESTION0_10_R 1 -6.383e+04 1.481e+03 2.823e+02
|            ( - -3.015e+04 2 0 QUESTION2_2_L -1 2.055e+02 1.312e+02)
|            ( - -3.219e+04 2 0 QUESTION0_0_R 1 7.219e+02 1.512e+02))))
s>    ( QUESTION0_2_R 1 -2.465e+05 2.048e+03 1.045e+03
s>        ( QUESTION0_3_R 1 -4.599e+04 8.637e+02 1.990e+02
s>            ( - -2.026e+04 1 0)
s>            ( - -2.486e+04 1 0))
s>        ( QUESTION8 1 -1.985e+05 1.499e+03 8.456e+02
s>            ( QUESTION2 -1 -1.332e+05 1.374e+03 5.632e+02
s>                ( - -3.591e+04 2 0)
s>                ( QUESTION2_2_L -1 -9.590e+04 1.886e+03 4.030e+02
s>                    ( - -5.346e+04 3 0 QUESTION0_10_R 1 4.350e+02 2.328e+02)
s>                    ( QUESTION9 1 -4.055e+04 1.305e+03 1.702e+02
s>                        ( - -2.661e+04 1 0)
s>                        ( - -1.263e+04 1 0))))
s>            ( QUESTION0_10_R 1 -6.383e+04 1.481e+03 2.823e+02
s>                ( - -3.015e+04 2 0 QUESTION2_2_L -1 2.055e+02 1.312e+02)
s>                ( - -3.219e+04 2 0 QUESTION0_0_R 1 7.219e+02 1.512e+02))))INFO: dtree.c(1315): Comp split 0
INFO: dtree.c(1439): stop. leaf nodes are specific
INFO: dtree.c(1478): Final simple tree
|( QUESTION9 1 -8.770e+04 1.188e+03 3.693e+02
|    ( QUESTION0_0_R 1 -5.266e+04 1.188e+03 2.225e+02
|        ( - -2.486e+04 1 0)
|        ( - -2.661e+04 1 0))
|    ( QUESTION0_0_R 1 -3.385e+04 9.589e+02 1.468e+02
|        ( - -2.026e+04 1 0)
|        ( - -1.263e+04 1 0)))
s>    ( QUESTION9 1 -8.770e+04 1.188e+03 3.693e+02
s>        ( QUESTION0_0_R 1 -5.266e+04 1.188e+03 2.225e+02
s>            ( - -2.486e+04 1 0)
s>            ( - -2.661e+04 1 0))
s>        ( QUESTION0_0_R 1 -3.385e+04 9.589e+02 1.468e+02
s>            ( - -2.026e+04 1 0)
s>            ( - -1.263e+04 1 0)))INFO: dtree.c(1439): stop. leaf nodes are specific
INFO: dtree.c(1478): Final simple tree
|( !QUESTION0_0_R 1 -1.550e+05 1.313e+03 6.754e+02
|    ( QUESTION2 -1 -1.347e+05 1.092e+03 5.838e+02
|        ( - -3.591e+04 2 0)
|        ( QUESTION6 1 -9.774e+04 8.751e+02 4.236e+02
|            ( - -1.250e+04 1 0)
|            ( QUESTION0_11_R 1 -8.436e+04 7.411e+02 3.639e+02
|                ( QUESTION2_2_L -1 -3.015e+04 2.055e+02 1.312e+02
|                    ( - -1.285e+04 1 0)
|                    ( - -1.710e+04 1 0))
|                ( QUESTION0_10_R 1 -5.346e+04 4.350e+02 2.328e+02
|                    ( - -2.646e+04 1 0)
|                    ( - -2.657e+04 2 0)))))
|    ( - -1.896e+04 1 0))
s>    ( !QUESTION0_0_R 1 -1.550e+05 1.313e+03 6.754e+02
s>        ( QUESTION2 -1 -1.347e+05 1.092e+03 5.838e+02
s>            ( - -3.591e+04 2 0)
s>            ( QUESTION6 1 -9.774e+04 8.751e+02 4.236e+02
s>                ( - -1.250e+04 1 0)
s>                ( QUESTION0_11_R 1 -8.436e+04 7.411e+02 3.639e+02
s>                    ( QUESTION2_2_L -1 -3.015e+04 2.055e+02 1.312e+02
s>                        ( - -1.285e+04 1 0)
s>                        ( - -1.710e+04 1 0))
s>                    ( QUESTION0_10_R 1 -5.346e+04 4.350e+02 2.328e+02
s>                        ( - -2.646e+04 1 0)
s>                        ( - -2.657e+04 2 0)))))
s>        ( - -1.896e+04 1 0))INFO: dtree.c(1315): Comp split 1
INFO: dtree.c(1439): stop. leaf nodes are specific
INFO: dtree.c(1478): Final simple tree
|( QUESTION0_3_R 1 -5.940e+04 1.000e+03 2.564e+02
|    ( - -2.026e+04 1 0)
|    ( QUESTION0_0_R 1 -3.814e+04 6.406e+02 1.670e+02
|        ( - -2.486e+04 1 0)
|        ( - -1.263e+04 1 0)))
s>    ( QUESTION0_3_R 1 -5.940e+04 1.000e+03 2.564e+02
s>        ( - -2.026e+04 1 0)
s>        ( QUESTION0_0_R 1 -3.814e+04 6.406e+02 1.670e+02
s>            ( - -2.486e+04 1 0)
s>            ( - -1.263e+04 1 0)))INFO: dtree.c(1315): Comp split 2
INFO: dtree.c(1439): stop. leaf nodes are specific
INFO: dtree.c(1478): Final simple tree
|( QUESTION0_11_R 1 -8.436e+04 7.411e+02 3.639e+02
|    ( QUESTION2_2_L -1 -3.015e+04 2.055e+02 1.312e+02
|        ( - -1.285e+04 1 0)
|        ( - -1.710e+04 1 0))
|    ( QUESTION0_10_R 1 -5.346e+04 4.350e+02 2.328e+02
|        ( - -2.646e+04 1 0)
|        ( - -2.657e+04 2 0)))
s>    ( QUESTION0_11_R 1 -8.436e+04 7.411e+02 3.639e+02
s>        ( QUESTION2_2_L -1 -3.015e+04 2.055e+02 1.312e+02
s>            ( - -1.285e+04 1 0)
s>            ( - -1.710e+04 1 0))
s>        ( QUESTION0_10_R 1 -5.346e+04 4.350e+02 2.328e+02
s>            ( - -2.646e+04 1 0)
s>            ( - -2.657e+04 2 0)))INFO: dtree.c(1439): stop. leaf nodes are specific
INFO: dtree.c(1478): Final simple tree
|( QUESTION0_0_R 1 -6.915e+04 1.063e+03 3.114e+02
|    ( - -1.896e+04 1 0)
|    ( QUESTION2 -1 -4.912e+04 7.099e+02 2.199e+02
|        ( - -3.591e+04 2 0)
|        ( - -1.250e+04 1 0)))
s>    ( QUESTION0_0_R 1 -6.915e+04 1.063e+03 3.114e+02
s>        ( - -1.896e+04 1 0)
s>        ( QUESTION2 -1 -4.912e+04 7.099e+02 2.199e+02
s>            ( - -3.591e+04 2 0)
s>            ( - -1.250e+04 1 0)))INFO: dtree.c(1315): Comp split 3
INFO: dtree.c(1439): stop. leaf nodes are specific
INFO: dtree.c(1478): Final simple tree
|( QUESTION2 -1 -4.912e+04 7.099e+02 2.199e+02
|    ( - -3.591e+04 2 0)
|    ( - -1.250e+04 1 0))
s>    ( QUESTION2 -1 -4.912e+04 7.099e+02 2.199e+02
s>        ( - -3.591e+04 2 0)
s>        ( - -1.250e+04 1 0))INFO: dtree.c(1315): Comp split 4
INFO: dtree.c(1439): stop. leaf nodes are specific
INFO: dtree.c(1478): Final simple tree
|( QUESTION0_0_R 1 -3.814e+04 6.406e+02 1.670e+02
|    ( - -2.486e+04 1 0)
|    ( - -1.263e+04 1 0))
s>    ( QUESTION0_0_R 1 -3.814e+04 6.406e+02 1.670e+02
s>        ( - -2.486e+04 1 0)
s>        ( - -1.263e+04 1 0))INFO: dtree.c(1315): Comp split 5
INFO: dtree.c(1439): stop. leaf nodes are specific
INFO: dtree.c(1478): Final simple tree
|( QUESTION0_10_R 1 -5.346e+04 4.350e+02 2.328e+02
|    ( - -2.646e+04 1 0)
|    ( - -2.657e+04 2 0))
s>    ( QUESTION0_10_R 1 -5.346e+04 4.350e+02 2.328e+02
s>        ( - -2.646e+04 1 0)
s>        ( - -2.657e+04 2 0))INFO: dtree.c(1439): stop. leaf nodes are specific
INFO: dtree.c(1478): Final simple tree
|( QUESTION2_2_L -1 -3.015e+04 2.055e+02 1.312e+02
|    ( - -1.285e+04 1 0)
|    ( - -1.710e+04 1 0))
s>    ( QUESTION2_2_L -1 -3.015e+04 2.055e+02 1.312e+02
s>        ( - -1.285e+04 1 0)
s>        ( - -1.710e+04 1 0))INFO: dtree.c(1315): Comp split 6
INFO: dtree.c(1315): Comp split 7
INFO: dtree.c(1315): Comp split 8
INFO: dtree.c(1315): Comp split 9
INFO: dtree.c(1315): Comp split 10
INFO: dtree.c(1318): stop. leaf nodes are specific
!!!!!!!!Allocated 67 lines
Mon Nov  3 11:36:29 2014
