INFO: cmd_ln.c(696): Parsing command line:
/usr/local/libexec/sphinxtrain/bldtree \
	-treefn /home/sumu/aammango/trees/aammango.unpruned/p-2.dtree \
	-moddeffn /home/sumu/aammango/model_architecture/aammango.untied.mdef \
	-mixwfn /home/sumu/aammango/model_parameters/aammango.cd_cont_untied/mixture_weights \
	-ts2cbfn .cont. \
	-mwfloor 1e-08 \
	-psetfn /home/sumu/aammango/model_architecture/aammango.tree_questions \
	-phone p \
	-state 2 \
	-stwt 1.0,0.05,0.0 \
	-meanfn /home/sumu/aammango/model_parameters/aammango.cd_cont_untied/means \
	-varfn /home/sumu/aammango/model_parameters/aammango.cd_cont_untied/variances \
	-fullvar no \
	-ssplitmin 1 \
	-ssplitmax 7 \
	-ssplitthr 0 \
	-csplitmin 1 \
	-csplitmax 2000 \
	-csplitthr 0 

Current configuration:
[NAME]		[DEFLT]	[VALUE]
-allphones	no	no
-cntthresh	0.00001	1.000000e-05
-csplitmax	100	2000
-csplitmin	1	1
-csplitthr	8e-4	0.000000e+00
-example	no	no
-fullvar	no	no
-help		no	no
-meanfn			/home/sumu/aammango/model_parameters/aammango.cd_cont_untied/means
-mixwfn			/home/sumu/aammango/model_parameters/aammango.cd_cont_untied/mixture_weights
-moddeffn		/home/sumu/aammango/model_architecture/aammango.untied.mdef
-mwfloor	1e-4	1.000000e-08
-phone			p
-psetfn			/home/sumu/aammango/model_architecture/aammango.tree_questions
-ssplitmax	5	7
-ssplitmin	1	1
-ssplitthr	8e-4	0.000000e+00
-state			2
-stwt			1.0,0.05,0.0,
-treefn			/home/sumu/aammango/trees/aammango.unpruned/p-2.dtree
-ts2cbfn	.semi.	.cont.
-varfloor	0.00001	1.000000e-05
-varfn			/home/sumu/aammango/model_parameters/aammango.cd_cont_untied/variances

INFO: main.c(223): Reading: /home/sumu/aammango/model_architecture/aammango.untied.mdef
INFO: model_def_io.c(573): Model definition info:
INFO: model_def_io.c(574): 435 total models defined (69 base, 366 tri)
INFO: model_def_io.c(575): 1740 total states
INFO: model_def_io.c(576): 1305 total tied states
INFO: model_def_io.c(577): 207 total tied CI states
INFO: model_def_io.c(578): 69 total tied transition matrices
INFO: model_def_io.c(579): 4 max state/model
INFO: model_def_io.c(580): 4 min state/model
INFO: main.c(242): Building trees for [p SIL a b] through [p u a i]
INFO: main.c(269): Covering states |[975 995]| == 21
INFO: main.c(275): Reading: /home/sumu/aammango/model_parameters/aammango.cd_cont_untied/mixture_weights
INFO: s3mixw_io.c(173): Read /home/sumu/aammango/model_parameters/aammango.cd_cont_untied/mixture_weights [21x1x1 array]
INFO: main.c(311): 7 of 7 models have observation count greater than 0.000010
INFO: main.c(95): nrm stwt: 0.000 0.048 0.952 
INFO: s3gau_io.c(169): Read /home/sumu/aammango/model_parameters/aammango.cd_cont_untied/means [1305x1x1 array]
INFO: s3gau_io.c(169): Read /home/sumu/aammango/model_parameters/aammango.cd_cont_untied/variances [1305x1x1 array]
INFO: main.c(549): Reading: /home/sumu/aammango/model_architecture/aammango.tree_questions
INFO: main.c(588): 176 total simple questions (168 phone; 8 word bndry)
INFO: main.c(590): 42 Left Only questions, and 42 Right Only questions
INFO: dtree.c(1439): stop. leaf nodes are specific
INFO: dtree.c(1478): Final simple tree
|( QUESTION0_0_R 1 -2.765e+05 2.096e+03 1.284e+03
|    ( QUESTION0_3_R 1 -7.332e+04 9.965e+02 3.490e+02
|        ( - -1.860e+04 1 0)
|        ( - -5.372e+04 1 0))
|    ( QUESTION2_3_L -1 -2.011e+05 1.140e+03 9.346e+02
|        ( - -3.931e+04 1 0)
|        ( QUESTION10 -1 -1.606e+05 9.419e+02 7.426e+02
|            ( - -6.853e+03 1 0)
|            ( WDBNDRY_B 0 -1.528e+05 7.639e+02 7.131e+02
|                ( - -1.397e+05 2 0)
|                ( - -1.236e+04 1 0)))))
s>    ( QUESTION0_0_R 1 -2.765e+05 2.096e+03 1.284e+03
s>        ( QUESTION0_3_R 1 -7.332e+04 9.965e+02 3.490e+02
s>            ( - -1.860e+04 1 0)
s>            ( - -5.372e+04 1 0))
s>        ( QUESTION2_3_L -1 -2.011e+05 1.140e+03 9.346e+02
s>            ( - -3.931e+04 1 0)
s>            ( QUESTION10 -1 -1.606e+05 9.419e+02 7.426e+02
s>                ( - -6.853e+03 1 0)
s>                ( WDBNDRY_B 0 -1.528e+05 7.639e+02 7.131e+02
s>                    ( - -1.397e+05 2 0)
s>                    ( - -1.236e+04 1 0)))))INFO: dtree.c(1315): Comp split 0
INFO: dtree.c(1439): stop. leaf nodes are specific
INFO: dtree.c(1478): Final simple tree
|( QUESTION2_3_L -1 -2.011e+05 1.140e+03 9.346e+02
|    ( - -3.931e+04 1 0)
|    ( QUESTION10 -1 -1.606e+05 9.419e+02 7.426e+02
|        ( - -6.853e+03 1 0)
|        ( WDBNDRY_B 0 -1.528e+05 7.639e+02 7.131e+02
|            ( - -1.397e+05 2 0)
|            ( - -1.236e+04 1 0))))
s>    ( QUESTION2_3_L -1 -2.011e+05 1.140e+03 9.346e+02
s>        ( - -3.931e+04 1 0)
s>        ( QUESTION10 -1 -1.606e+05 9.419e+02 7.426e+02
s>            ( - -6.853e+03 1 0)
s>            ( WDBNDRY_B 0 -1.528e+05 7.639e+02 7.131e+02
s>                ( - -1.397e+05 2 0)
s>                ( - -1.236e+04 1 0))))INFO: dtree.c(1439): stop. leaf nodes are specific
INFO: dtree.c(1478): Final simple tree
|( QUESTION0_3_R 1 -7.332e+04 9.965e+02 3.490e+02
|    ( - -1.860e+04 1 0)
|    ( - -5.372e+04 1 0))
s>    ( QUESTION0_3_R 1 -7.332e+04 9.965e+02 3.490e+02
s>        ( - -1.860e+04 1 0)
s>        ( - -5.372e+04 1 0))INFO: dtree.c(1315): Comp split 1
INFO: dtree.c(1439): stop. leaf nodes are specific
INFO: dtree.c(1478): Final simple tree
|( QUESTION10 -1 -1.606e+05 9.419e+02 7.426e+02
|    ( - -6.853e+03 1 0)
|    ( WDBNDRY_B 0 -1.528e+05 7.639e+02 7.131e+02
|        ( - -1.397e+05 2 0)
|        ( - -1.236e+04 1 0)))
s>    ( QUESTION10 -1 -1.606e+05 9.419e+02 7.426e+02
s>        ( - -6.853e+03 1 0)
s>        ( WDBNDRY_B 0 -1.528e+05 7.639e+02 7.131e+02
s>            ( - -1.397e+05 2 0)
s>            ( - -1.236e+04 1 0)))INFO: dtree.c(1315): Comp split 2
INFO: dtree.c(1315): Comp split 3
INFO: dtree.c(1439): stop. leaf nodes are specific
INFO: dtree.c(1478): Final simple tree
|( WDBNDRY_B 0 -1.528e+05 7.639e+02 7.131e+02
|    ( - -1.397e+05 2 0)
|    ( - -1.236e+04 1 0))
s>    ( WDBNDRY_B 0 -1.528e+05 7.639e+02 7.131e+02
s>        ( - -1.397e+05 2 0)
s>        ( - -1.236e+04 1 0))INFO: dtree.c(1315): Comp split 4
INFO: dtree.c(1315): Comp split 5
INFO: dtree.c(1318): stop. leaf nodes are specific
!!!!!!!!Allocated 67 lines
Mon Nov  3 11:36:36 2014
