INFO: cmd_ln.c(696): Parsing command line:
/usr/local/libexec/sphinxtrain/bldtree \
	-treefn /home/sumu/aammango/trees/aammango.unpruned/l-0.dtree \
	-moddeffn /home/sumu/aammango/model_architecture/aammango.untied.mdef \
	-mixwfn /home/sumu/aammango/model_parameters/aammango.cd_cont_untied/mixture_weights \
	-ts2cbfn .cont. \
	-mwfloor 1e-08 \
	-psetfn /home/sumu/aammango/model_architecture/aammango.tree_questions \
	-phone l \
	-state 0 \
	-stwt 1.0,0.05,0.0 \
	-meanfn /home/sumu/aammango/model_parameters/aammango.cd_cont_untied/means \
	-varfn /home/sumu/aammango/model_parameters/aammango.cd_cont_untied/variances \
	-fullvar no \
	-ssplitmin 1 \
	-ssplitmax 7 \
	-ssplitthr 0 \
	-csplitmin 1 \
	-csplitmax 2000 \
	-csplitthr 0 

Current configuration:
[NAME]		[DEFLT]	[VALUE]
-allphones	no	no
-cntthresh	0.00001	1.000000e-05
-csplitmax	100	2000
-csplitmin	1	1
-csplitthr	8e-4	0.000000e+00
-example	no	no
-fullvar	no	no
-help		no	no
-meanfn			/home/sumu/aammango/model_parameters/aammango.cd_cont_untied/means
-mixwfn			/home/sumu/aammango/model_parameters/aammango.cd_cont_untied/mixture_weights
-moddeffn		/home/sumu/aammango/model_architecture/aammango.untied.mdef
-mwfloor	1e-4	1.000000e-08
-phone			l
-psetfn			/home/sumu/aammango/model_architecture/aammango.tree_questions
-ssplitmax	5	7
-ssplitmin	1	1
-ssplitthr	8e-4	0.000000e+00
-state			0
-stwt			1.0,0.05,0.0,
-treefn			/home/sumu/aammango/trees/aammango.unpruned/l-0.dtree
-ts2cbfn	.semi.	.cont.
-varfloor	0.00001	1.000000e-05
-varfn			/home/sumu/aammango/model_parameters/aammango.cd_cont_untied/variances

INFO: main.c(223): Reading: /home/sumu/aammango/model_architecture/aammango.untied.mdef
INFO: model_def_io.c(573): Model definition info:
INFO: model_def_io.c(574): 435 total models defined (69 base, 366 tri)
INFO: model_def_io.c(575): 1740 total states
INFO: model_def_io.c(576): 1305 total tied states
INFO: model_def_io.c(577): 207 total tied CI states
INFO: model_def_io.c(578): 69 total tied transition matrices
INFO: model_def_io.c(579): 4 max state/model
INFO: model_def_io.c(580): 4 min state/model
INFO: main.c(242): Building trees for [l SIL ach b] through [l uu aaa i]
INFO: main.c(269): Covering states |[786 827]| == 42
INFO: main.c(275): Reading: /home/sumu/aammango/model_parameters/aammango.cd_cont_untied/mixture_weights
INFO: s3mixw_io.c(173): Read /home/sumu/aammango/model_parameters/aammango.cd_cont_untied/mixture_weights [42x1x1 array]
INFO: main.c(311): 14 of 14 models have observation count greater than 0.000010
INFO: main.c(95): nrm stwt: 0.952 0.048 0.000 
INFO: s3gau_io.c(169): Read /home/sumu/aammango/model_parameters/aammango.cd_cont_untied/means [1305x1x1 array]
INFO: s3gau_io.c(169): Read /home/sumu/aammango/model_parameters/aammango.cd_cont_untied/variances [1305x1x1 array]
INFO: main.c(549): Reading: /home/sumu/aammango/model_architecture/aammango.tree_questions
INFO: main.c(588): 176 total simple questions (168 phone; 8 word bndry)
INFO: main.c(590): 42 Left Only questions, and 42 Right Only questions
INFO: dtree.c(1478): Final simple tree
|( QUESTION0_5_R 1 -3.450e+05 1.595e+03 1.553e+03
|    ( - -3.189e+04 1 0)
|    ( QUESTION0_19_R 1 -3.115e+05 1.537e+03 1.407e+03
|        ( - -4.531e+04 1 0)
|        ( QUESTION10 1 -2.647e+05 1.546e+03 1.211e+03
|            ( QUESTION2_19_L -1 -1.348e+05 8.516e+02 6.236e+02
|                ( QUESTION0_0_R 1 -5.168e+04 9.174e+02 2.455e+02
|                    ( - -1.401e+04 2 0 QUESTION0_3_R 1 5.153e+02 6.247e+01)
|                    ( - -3.675e+04 1 0))
|                ( - -8.229e+04 4 0 QUESTION2 -1 7.623e+02 3.782e+02))
|            ( QUESTION2 1 -1.283e+05 1.211e+03 5.874e+02
|                ( WDBNDRY_B 0 -7.176e+04 9.355e+02 3.351e+02
|                    ( - -5.472e+04 1 0)
|                    ( - -1.611e+04 1 0))
|                ( - -5.537e+04 3 0 QUESTION0_0_R 1 4.538e+02 2.523e+02)))))
s>    ( QUESTION0_5_R 1 -3.450e+05 1.595e+03 1.553e+03
s>        ( - -3.189e+04 1 0)
s>        ( QUESTION0_19_R 1 -3.115e+05 1.537e+03 1.407e+03
s>            ( - -4.531e+04 1 0)
s>            ( QUESTION10 1 -2.647e+05 1.546e+03 1.211e+03
s>                ( QUESTION2_19_L -1 -1.348e+05 8.516e+02 6.236e+02
s>                    ( QUESTION0_0_R 1 -5.168e+04 9.174e+02 2.455e+02
s>                        ( - -1.401e+04 2 0 QUESTION0_3_R 1 5.153e+02 6.247e+01)
s>                        ( - -3.675e+04 1 0))
s>                    ( - -8.229e+04 4 0 QUESTION2 -1 7.623e+02 3.782e+02))
s>                ( QUESTION2 1 -1.283e+05 1.211e+03 5.874e+02
s>                    ( WDBNDRY_B 0 -7.176e+04 9.355e+02 3.351e+02
s>                        ( - -5.472e+04 1 0)
s>                        ( - -1.611e+04 1 0))
s>                    ( - -5.537e+04 3 0 QUESTION0_0_R 1 4.538e+02 2.523e+02)))))INFO: dtree.c(1315): Comp split 0
INFO: dtree.c(1439): stop. leaf nodes are specific
INFO: dtree.c(1478): Final simple tree
|( !QUESTION0_20_R 1 -1.664e+05 1.332e+03 7.704e+02
|    ( QUESTION2 1 -1.283e+05 1.211e+03 5.874e+02
|        ( WDBNDRY_B 0 -7.176e+04 9.355e+02 3.351e+02
|            ( - -5.472e+04 1 0)
|            ( - -1.611e+04 1 0))
|        ( QUESTION0_0_R 1 -5.537e+04 4.538e+02 2.523e+02
|            ( !QUESTION2_3_L -1 -4.239e+04 3.521e+02 1.952e+02
|                ( - -2.648e+04 1 0)
|                ( - -1.555e+04 1 0))
|            ( - -1.253e+04 1 0)))
|    ( - -3.675e+04 1 0))
s>    ( !QUESTION0_20_R 1 -1.664e+05 1.332e+03 7.704e+02
s>        ( QUESTION2 1 -1.283e+05 1.211e+03 5.874e+02
s>            ( WDBNDRY_B 0 -7.176e+04 9.355e+02 3.351e+02
s>                ( - -5.472e+04 1 0)
s>                ( - -1.611e+04 1 0))
s>            ( QUESTION0_0_R 1 -5.537e+04 4.538e+02 2.523e+02
s>                ( !QUESTION2_3_L -1 -4.239e+04 3.521e+02 1.952e+02
s>                    ( - -2.648e+04 1 0)
s>                    ( - -1.555e+04 1 0))
s>                ( - -1.253e+04 1 0)))
s>        ( - -3.675e+04 1 0))INFO: dtree.c(1478): Final simple tree
|( QUESTION0_5_R 1 -1.761e+05 1.305e+03 7.822e+02
|    ( - -3.189e+04 1 0)
|    ( !QUESTION2 -1 -1.429e+05 9.743e+02 6.367e+02
|        ( QUESTION0_8_R 1 -1.206e+05 9.174e+02 5.314e+02
|            ( QUESTION2_18_L -1 -2.245e+04 4.226e+02 1.064e+02
|                ( - -1.566e+04 1 0)
|                ( - -6.365e+03 1 0))
|            ( QUESTION11 -1 -9.725e+04 4.704e+02 4.249e+02
|                ( - -1.493e+04 1 0)
|                ( QUESTION0_20_R 1 -8.185e+04 4.160e+02 3.567e+02
|                    ( - -2.867e+04 1 0)
|                    ( WDBNDRY_B 0 -5.277e+04 3.390e+02 2.286e+02
|                        ( - -4.531e+04 1 0)
|                        ( - -7.126e+03 1 0)))))
|        ( - -2.129e+04 1 0)))
s>    ( QUESTION0_5_R 1 -1.761e+05 1.305e+03 7.822e+02
s>        ( - -3.189e+04 1 0)
s>        ( !QUESTION2 -1 -1.429e+05 9.743e+02 6.367e+02
s>            ( QUESTION0_8_R 1 -1.206e+05 9.174e+02 5.314e+02
s>                ( QUESTION2_18_L -1 -2.245e+04 4.226e+02 1.064e+02
s>                    ( - -1.566e+04 1 0)
s>                    ( - -6.365e+03 1 0))
s>                ( QUESTION11 -1 -9.725e+04 4.704e+02 4.249e+02
s>                    ( - -1.493e+04 1 0)
s>                    ( QUESTION0_20_R 1 -8.185e+04 4.160e+02 3.567e+02
s>                        ( - -2.867e+04 1 0)
s>                        ( WDBNDRY_B 0 -5.277e+04 3.390e+02 2.286e+02
s>                            ( - -4.531e+04 1 0)
s>                            ( - -7.126e+03 1 0)))))
s>            ( - -2.129e+04 1 0)))INFO: dtree.c(1315): Comp split 1
INFO: dtree.c(1439): stop. leaf nodes are specific
INFO: dtree.c(1478): Final simple tree
|( WDBNDRY_B 0 -1.113e+05 1.222e+03 5.101e+02
|    ( - -5.472e+04 1 0)
|    ( QUESTION0_0_R 1 -5.537e+04 4.538e+02 2.523e+02
|        ( !QUESTION2_3_L -1 -4.239e+04 3.521e+02 1.952e+02
|            ( - -2.648e+04 1 0)
|            ( - -1.555e+04 1 0))
|        ( - -1.253e+04 1 0)))
s>    ( WDBNDRY_B 0 -1.113e+05 1.222e+03 5.101e+02
s>        ( - -5.472e+04 1 0)
s>        ( QUESTION0_0_R 1 -5.537e+04 4.538e+02 2.523e+02
s>            ( !QUESTION2_3_L -1 -4.239e+04 3.521e+02 1.952e+02
s>                ( - -2.648e+04 1 0)
s>                ( - -1.555e+04 1 0))
s>            ( - -1.253e+04 1 0)))INFO: dtree.c(1439): stop. leaf nodes are specific
INFO: dtree.c(1478): Final simple tree
|( QUESTION0_10_R 1 -5.354e+04 6.860e+02 2.603e+02
|    ( - -1.611e+04 1 0)
|    ( - -3.675e+04 1 0))
s>    ( QUESTION0_10_R 1 -5.354e+04 6.860e+02 2.603e+02
s>        ( - -1.611e+04 1 0)
s>        ( - -3.675e+04 1 0))INFO: dtree.c(1315): Comp split 2
INFO: dtree.c(1439): stop. leaf nodes are specific
INFO: dtree.c(1478): Final simple tree
|( QUESTION0_8_R 1 -1.206e+05 9.174e+02 5.314e+02
|    ( QUESTION2_18_L -1 -2.245e+04 4.226e+02 1.064e+02
|        ( - -1.566e+04 1 0)
|        ( - -6.365e+03 1 0))
|    ( QUESTION11 -1 -9.725e+04 4.704e+02 4.249e+02
|        ( - -1.493e+04 1 0)
|        ( QUESTION0_20_R 1 -8.185e+04 4.160e+02 3.567e+02
|            ( - -2.867e+04 1 0)
|            ( WDBNDRY_B 0 -5.277e+04 3.390e+02 2.286e+02
|                ( - -4.531e+04 1 0)
|                ( - -7.126e+03 1 0)))))
s>    ( QUESTION0_8_R 1 -1.206e+05 9.174e+02 5.314e+02
s>        ( QUESTION2_18_L -1 -2.245e+04 4.226e+02 1.064e+02
s>            ( - -1.566e+04 1 0)
s>            ( - -6.365e+03 1 0))
s>        ( QUESTION11 -1 -9.725e+04 4.704e+02 4.249e+02
s>            ( - -1.493e+04 1 0)
s>            ( QUESTION0_20_R 1 -8.185e+04 4.160e+02 3.567e+02
s>                ( - -2.867e+04 1 0)
s>                ( WDBNDRY_B 0 -5.277e+04 3.390e+02 2.286e+02
s>                    ( - -4.531e+04 1 0)
s>                    ( - -7.126e+03 1 0)))))INFO: dtree.c(1439): stop. leaf nodes are specific
INFO: dtree.c(1478): Final simple tree
|( QUESTION0_4_R 1 -5.414e+04 9.601e+02 2.508e+02
|    ( - -2.129e+04 1 0)
|    ( - -3.189e+04 1 0))
s>    ( QUESTION0_4_R 1 -5.414e+04 9.601e+02 2.508e+02
s>        ( - -2.129e+04 1 0)
s>        ( - -3.189e+04 1 0))INFO: dtree.c(1315): Comp split 3
INFO: dtree.c(1439): stop. leaf nodes are specific
INFO: dtree.c(1478): Final simple tree
|( QUESTION0_0_R 1 -5.537e+04 4.538e+02 2.523e+02
|    ( !QUESTION2_3_L -1 -4.239e+04 3.521e+02 1.952e+02
|        ( - -2.648e+04 1 0)
|        ( - -1.555e+04 1 0))
|    ( - -1.253e+04 1 0))
s>    ( QUESTION0_0_R 1 -5.537e+04 4.538e+02 2.523e+02
s>        ( !QUESTION2_3_L -1 -4.239e+04 3.521e+02 1.952e+02
s>            ( - -2.648e+04 1 0)
s>            ( - -1.555e+04 1 0))
s>        ( - -1.253e+04 1 0))INFO: dtree.c(1315): Comp split 4
INFO: dtree.c(1315): Comp split 5
INFO: dtree.c(1439): stop. leaf nodes are specific
INFO: dtree.c(1478): Final simple tree
|( QUESTION11 -1 -9.725e+04 4.704e+02 4.249e+02
|    ( - -1.493e+04 1 0)
|    ( QUESTION0_20_R 1 -8.185e+04 4.160e+02 3.567e+02
|        ( - -2.867e+04 1 0)
|        ( WDBNDRY_B 0 -5.277e+04 3.390e+02 2.286e+02
|            ( - -4.531e+04 1 0)
|            ( - -7.126e+03 1 0))))
s>    ( QUESTION11 -1 -9.725e+04 4.704e+02 4.249e+02
s>        ( - -1.493e+04 1 0)
s>        ( QUESTION0_20_R 1 -8.185e+04 4.160e+02 3.567e+02
s>            ( - -2.867e+04 1 0)
s>            ( WDBNDRY_B 0 -5.277e+04 3.390e+02 2.286e+02
s>                ( - -4.531e+04 1 0)
s>                ( - -7.126e+03 1 0))))INFO: dtree.c(1439): stop. leaf nodes are specific
INFO: dtree.c(1478): Final simple tree
|( QUESTION2_18_L -1 -2.245e+04 4.226e+02 1.064e+02
|    ( - -1.566e+04 1 0)
|    ( - -6.365e+03 1 0))
s>    ( QUESTION2_18_L -1 -2.245e+04 4.226e+02 1.064e+02
s>        ( - -1.566e+04 1 0)
s>        ( - -6.365e+03 1 0))INFO: dtree.c(1315): Comp split 6
INFO: dtree.c(1315): Comp split 7
INFO: dtree.c(1439): stop. leaf nodes are specific
INFO: dtree.c(1478): Final simple tree
|( WDBNDRY_B 0 -5.277e+04 3.390e+02 2.286e+02
|    ( - -4.531e+04 1 0)
|    ( - -7.126e+03 1 0))
s>    ( WDBNDRY_B 0 -5.277e+04 3.390e+02 2.286e+02
s>        ( - -4.531e+04 1 0)
s>        ( - -7.126e+03 1 0))INFO: dtree.c(1439): stop. leaf nodes are specific
INFO: dtree.c(1478): Final simple tree
|( QUESTION0_0_R 1 -4.394e+04 3.440e+02 1.964e+02
|    ( - -1.493e+04 1 0)
|    ( - -2.867e+04 1 0))
s>    ( QUESTION0_0_R 1 -4.394e+04 3.440e+02 1.964e+02
s>        ( - -1.493e+04 1 0)
s>        ( - -2.867e+04 1 0))INFO: dtree.c(1315): Comp split 8
INFO: dtree.c(1439): stop. leaf nodes are specific
INFO: dtree.c(1478): Final simple tree
|( !QUESTION2_3_L -1 -4.239e+04 3.521e+02 1.952e+02
|    ( - -2.648e+04 1 0)
|    ( - -1.555e+04 1 0))
s>    ( !QUESTION2_3_L -1 -4.239e+04 3.521e+02 1.952e+02
s>        ( - -2.648e+04 1 0)
s>        ( - -1.555e+04 1 0))INFO: dtree.c(1315): Comp split 9
INFO: dtree.c(1315): Comp split 10
INFO: dtree.c(1315): Comp split 11
INFO: dtree.c(1315): Comp split 12
INFO: dtree.c(1315): Comp split 13
INFO: dtree.c(1318): stop. leaf nodes are specific
!!!!!!!!Allocated 67 lines
Mon Nov  3 11:36:25 2014
