INFO: cmd_ln.c(696): Parsing command line:
/usr/local/libexec/sphinxtrain/bldtree \
	-treefn /home/sumu/aammango/trees/aammango.unpruned/b-1.dtree \
	-moddeffn /home/sumu/aammango/model_architecture/aammango.untied.mdef \
	-mixwfn /home/sumu/aammango/model_parameters/aammango.cd_cont_untied/mixture_weights \
	-ts2cbfn .cont. \
	-mwfloor 1e-08 \
	-psetfn /home/sumu/aammango/model_architecture/aammango.tree_questions \
	-phone b \
	-state 1 \
	-stwt 1.0,0.05,0.0 \
	-meanfn /home/sumu/aammango/model_parameters/aammango.cd_cont_untied/means \
	-varfn /home/sumu/aammango/model_parameters/aammango.cd_cont_untied/variances \
	-fullvar no \
	-ssplitmin 1 \
	-ssplitmax 7 \
	-ssplitthr 0 \
	-csplitmin 1 \
	-csplitmax 2000 \
	-csplitthr 0 

Current configuration:
[NAME]		[DEFLT]	[VALUE]
-allphones	no	no
-cntthresh	0.00001	1.000000e-05
-csplitmax	100	2000
-csplitmin	1	1
-csplitthr	8e-4	0.000000e+00
-example	no	no
-fullvar	no	no
-help		no	no
-meanfn			/home/sumu/aammango/model_parameters/aammango.cd_cont_untied/means
-mixwfn			/home/sumu/aammango/model_parameters/aammango.cd_cont_untied/mixture_weights
-moddeffn		/home/sumu/aammango/model_architecture/aammango.untied.mdef
-mwfloor	1e-4	1.000000e-08
-phone			b
-psetfn			/home/sumu/aammango/model_architecture/aammango.tree_questions
-ssplitmax	5	7
-ssplitmin	1	1
-ssplitthr	8e-4	0.000000e+00
-state			1
-stwt			1.0,0.05,0.0,
-treefn			/home/sumu/aammango/trees/aammango.unpruned/b-1.dtree
-ts2cbfn	.semi.	.cont.
-varfloor	0.00001	1.000000e-05
-varfn			/home/sumu/aammango/model_parameters/aammango.cd_cont_untied/variances

INFO: main.c(223): Reading: /home/sumu/aammango/model_architecture/aammango.untied.mdef
INFO: model_def_io.c(573): Model definition info:
INFO: model_def_io.c(574): 435 total models defined (69 base, 366 tri)
INFO: model_def_io.c(575): 1740 total states
INFO: model_def_io.c(576): 1305 total tied states
INFO: model_def_io.c(577): 207 total tied CI states
INFO: model_def_io.c(578): 69 total tied transition matrices
INFO: model_def_io.c(579): 4 max state/model
INFO: model_def_io.c(580): 4 min state/model
INFO: main.c(242): Building trees for [b SIL a b] through [b o ii i]
INFO: main.c(269): Covering states |[519 548]| == 30
INFO: main.c(275): Reading: /home/sumu/aammango/model_parameters/aammango.cd_cont_untied/mixture_weights
INFO: s3mixw_io.c(173): Read /home/sumu/aammango/model_parameters/aammango.cd_cont_untied/mixture_weights [30x1x1 array]
INFO: main.c(311): 10 of 10 models have observation count greater than 0.000010
INFO: main.c(95): nrm stwt: 0.045 0.909 0.045 
INFO: s3gau_io.c(169): Read /home/sumu/aammango/model_parameters/aammango.cd_cont_untied/means [1305x1x1 array]
INFO: s3gau_io.c(169): Read /home/sumu/aammango/model_parameters/aammango.cd_cont_untied/variances [1305x1x1 array]
INFO: main.c(549): Reading: /home/sumu/aammango/model_architecture/aammango.tree_questions
INFO: main.c(588): 176 total simple questions (168 phone; 8 word bndry)
INFO: main.c(590): 42 Left Only questions, and 42 Right Only questions
INFO: dtree.c(1478): Final simple tree
|( QUESTION2 1 -1.711e+05 2.043e+03 6.919e+02
|    ( - -3.726e+04 1 0)
|    ( !QUESTION19 1 -1.318e+05 1.462e+03 5.488e+02
|        ( QUESTION0_3_R 1 -6.784e+04 7.004e+02 2.837e+02
|            ( QUESTION2 -1 -3.022e+04 6.405e+02 1.324e+02
|                ( - -1.520e+04 1 0)
|                ( - -1.438e+04 1 0))
|            ( QUESTION0_20_R 1 -3.692e+04 6.418e+02 1.512e+02
|                ( - -1.778e+04 1 0)
|                ( - -1.849e+04 2 0 WDBNDRY_B 0 3.435e+02 7.901e+01)))
|        ( WDBNDRY_B 0 -6.251e+04 6.831e+02 2.651e+02
|            ( QUESTION0_0_R 1 -3.606e+04 6.551e+02 1.528e+02
|                ( - -2.083e+04 1 0)
|                ( - -1.457e+04 1 0))
|            ( - -2.577e+04 2 0 QUESTION12 -1 1.869e+02 1.123e+02))))
s>    ( QUESTION2 1 -1.711e+05 2.043e+03 6.919e+02
s>        ( - -3.726e+04 1 0)
s>        ( !QUESTION19 1 -1.318e+05 1.462e+03 5.488e+02
s>            ( QUESTION0_3_R 1 -6.784e+04 7.004e+02 2.837e+02
s>                ( QUESTION2 -1 -3.022e+04 6.405e+02 1.324e+02
s>                    ( - -1.520e+04 1 0)
s>                    ( - -1.438e+04 1 0))
s>                ( QUESTION0_20_R 1 -3.692e+04 6.418e+02 1.512e+02
s>                    ( - -1.778e+04 1 0)
s>                    ( - -1.849e+04 2 0 WDBNDRY_B 0 3.435e+02 7.901e+01)))
s>            ( WDBNDRY_B 0 -6.251e+04 6.831e+02 2.651e+02
s>                ( QUESTION0_0_R 1 -3.606e+04 6.551e+02 1.528e+02
s>                    ( - -2.083e+04 1 0)
s>                    ( - -1.457e+04 1 0))
s>                ( - -2.577e+04 2 0 QUESTION12 -1 1.869e+02 1.123e+02))))INFO: dtree.c(1315): Comp split 0
INFO: dtree.c(1478): Final simple tree
|( !QUESTION19 1 -1.318e+05 1.462e+03 5.488e+02
|    ( QUESTION0_3_R 1 -6.784e+04 7.004e+02 2.837e+02
|        ( QUESTION2 -1 -3.022e+04 6.405e+02 1.324e+02
|            ( - -1.520e+04 1 0)
|            ( - -1.438e+04 1 0))
|        ( QUESTION0_20_R 1 -3.692e+04 6.418e+02 1.512e+02
|            ( - -1.778e+04 1 0)
|            ( WDBNDRY_B 0 -1.849e+04 3.435e+02 7.901e+01
|                ( - -1.264e+04 1 0)
|                ( - -5.508e+03 1 0))))
|    ( WDBNDRY_B 0 -6.251e+04 6.831e+02 2.651e+02
|        ( QUESTION0_0_R 1 -3.606e+04 6.551e+02 1.528e+02
|            ( - -2.083e+04 1 0)
|            ( - -1.457e+04 1 0))
|        ( - -2.577e+04 2 0 QUESTION12 -1 1.869e+02 1.123e+02)))
s>    ( !QUESTION19 1 -1.318e+05 1.462e+03 5.488e+02
s>        ( QUESTION0_3_R 1 -6.784e+04 7.004e+02 2.837e+02
s>            ( QUESTION2 -1 -3.022e+04 6.405e+02 1.324e+02
s>                ( - -1.520e+04 1 0)
s>                ( - -1.438e+04 1 0))
s>            ( QUESTION0_20_R 1 -3.692e+04 6.418e+02 1.512e+02
s>                ( - -1.778e+04 1 0)
s>                ( WDBNDRY_B 0 -1.849e+04 3.435e+02 7.901e+01
s>                    ( - -1.264e+04 1 0)
s>                    ( - -5.508e+03 1 0))))
s>        ( WDBNDRY_B 0 -6.251e+04 6.831e+02 2.651e+02
s>            ( QUESTION0_0_R 1 -3.606e+04 6.551e+02 1.528e+02
s>                ( - -2.083e+04 1 0)
s>                ( - -1.457e+04 1 0))
s>            ( - -2.577e+04 2 0 QUESTION12 -1 1.869e+02 1.123e+02)))INFO: dtree.c(1315): Comp split 1
INFO: dtree.c(1439): stop. leaf nodes are specific
INFO: dtree.c(1478): Final simple tree
|( QUESTION8 -1 -8.143e+04 6.686e+02 3.441e+02
|    ( QUESTION12 -1 -2.577e+04 1.869e+02 1.123e+02
|        ( - -1.161e+04 1 0)
|        ( - -1.397e+04 1 0))
|    ( QUESTION0_20_R 1 -5.499e+04 5.398e+02 2.318e+02
|        ( - -1.457e+04 1 0)
|        ( !QUESTION19 1 -3.989e+04 5.608e+02 1.719e+02
|            ( WDBNDRY_B 0 -1.849e+04 3.435e+02 7.901e+01
|                ( - -1.264e+04 1 0)
|                ( - -5.508e+03 1 0))
|            ( - -2.083e+04 1 0))))
s>    ( QUESTION8 -1 -8.143e+04 6.686e+02 3.441e+02
s>        ( QUESTION12 -1 -2.577e+04 1.869e+02 1.123e+02
s>            ( - -1.161e+04 1 0)
s>            ( - -1.397e+04 1 0))
s>        ( QUESTION0_20_R 1 -5.499e+04 5.398e+02 2.318e+02
s>            ( - -1.457e+04 1 0)
s>            ( !QUESTION19 1 -3.989e+04 5.608e+02 1.719e+02
s>                ( WDBNDRY_B 0 -1.849e+04 3.435e+02 7.901e+01
s>                    ( - -1.264e+04 1 0)
s>                    ( - -5.508e+03 1 0))
s>                ( - -2.083e+04 1 0))))INFO: dtree.c(1439): stop. leaf nodes are specific
INFO: dtree.c(1478): Final simple tree
|( QUESTION8 -1 -4.851e+04 7.037e+02 2.047e+02
|    ( - -1.438e+04 1 0)
|    ( WDBNDRY_B 0 -3.343e+04 4.462e+02 1.392e+02
|        ( - -1.778e+04 1 0)
|        ( - -1.520e+04 1 0)))
s>    ( QUESTION8 -1 -4.851e+04 7.037e+02 2.047e+02
s>        ( - -1.438e+04 1 0)
s>        ( WDBNDRY_B 0 -3.343e+04 4.462e+02 1.392e+02
s>            ( - -1.778e+04 1 0)
s>            ( - -1.520e+04 1 0)))INFO: dtree.c(1315): Comp split 2
INFO: dtree.c(1439): stop. leaf nodes are specific
INFO: dtree.c(1478): Final simple tree
|( QUESTION19 1 -5.974e+04 5.144e+02 2.513e+02
|    ( WDBNDRY_B 0 -4.073e+04 3.981e+02 1.723e+02
|        ( - -1.457e+04 1 0)
|        ( QUESTION12 -1 -2.577e+04 1.869e+02 1.123e+02
|            ( - -1.161e+04 1 0)
|            ( - -1.397e+04 1 0)))
|    ( WDBNDRY_B 0 -1.849e+04 3.435e+02 7.901e+01
|        ( - -1.264e+04 1 0)
|        ( - -5.508e+03 1 0)))
s>    ( QUESTION19 1 -5.974e+04 5.144e+02 2.513e+02
s>        ( WDBNDRY_B 0 -4.073e+04 3.981e+02 1.723e+02
s>            ( - -1.457e+04 1 0)
s>            ( QUESTION12 -1 -2.577e+04 1.869e+02 1.123e+02
s>                ( - -1.161e+04 1 0)
s>                ( - -1.397e+04 1 0)))
s>        ( WDBNDRY_B 0 -1.849e+04 3.435e+02 7.901e+01
s>            ( - -1.264e+04 1 0)
s>            ( - -5.508e+03 1 0)))INFO: dtree.c(1315): Comp split 3
INFO: dtree.c(1439): stop. leaf nodes are specific
INFO: dtree.c(1478): Final simple tree
|( WDBNDRY_B 0 -3.343e+04 4.462e+02 1.392e+02
|    ( - -1.778e+04 1 0)
|    ( - -1.520e+04 1 0))
s>    ( WDBNDRY_B 0 -3.343e+04 4.462e+02 1.392e+02
s>        ( - -1.778e+04 1 0)
s>        ( - -1.520e+04 1 0))INFO: dtree.c(1315): Comp split 4
INFO: dtree.c(1439): stop. leaf nodes are specific
INFO: dtree.c(1478): Final simple tree
|( WDBNDRY_B 0 -4.073e+04 3.981e+02 1.723e+02
|    ( - -1.457e+04 1 0)
|    ( QUESTION12 -1 -2.577e+04 1.869e+02 1.123e+02
|        ( - -1.161e+04 1 0)
|        ( - -1.397e+04 1 0)))
s>    ( WDBNDRY_B 0 -4.073e+04 3.981e+02 1.723e+02
s>        ( - -1.457e+04 1 0)
s>        ( QUESTION12 -1 -2.577e+04 1.869e+02 1.123e+02
s>            ( - -1.161e+04 1 0)
s>            ( - -1.397e+04 1 0)))INFO: dtree.c(1439): stop. leaf nodes are specific
INFO: dtree.c(1478): Final simple tree
|( WDBNDRY_B 0 -1.849e+04 3.435e+02 7.901e+01
|    ( - -1.264e+04 1 0)
|    ( - -5.508e+03 1 0))
s>    ( WDBNDRY_B 0 -1.849e+04 3.435e+02 7.901e+01
s>        ( - -1.264e+04 1 0)
s>        ( - -5.508e+03 1 0))INFO: dtree.c(1315): Comp split 5
INFO: dtree.c(1315): Comp split 6
INFO: dtree.c(1439): stop. leaf nodes are specific
INFO: dtree.c(1478): Final simple tree
|( QUESTION12 -1 -2.577e+04 1.869e+02 1.123e+02
|    ( - -1.161e+04 1 0)
|    ( - -1.397e+04 1 0))
s>    ( QUESTION12 -1 -2.577e+04 1.869e+02 1.123e+02
s>        ( - -1.161e+04 1 0)
s>        ( - -1.397e+04 1 0))INFO: dtree.c(1315): Comp split 7
INFO: dtree.c(1315): Comp split 8
INFO: dtree.c(1315): Comp split 9
INFO: dtree.c(1318): stop. leaf nodes are specific
!!!!!!!!Allocated 67 lines
Mon Nov  3 11:36:26 2014
