INFO: cmd_ln.c(696): Parsing command line:
/usr/local/libexec/sphinxtrain/bldtree \
	-treefn /home/sumu/aammango/trees/aammango.unpruned/l-2.dtree \
	-moddeffn /home/sumu/aammango/model_architecture/aammango.untied.mdef \
	-mixwfn /home/sumu/aammango/model_parameters/aammango.cd_cont_untied/mixture_weights \
	-ts2cbfn .cont. \
	-mwfloor 1e-08 \
	-psetfn /home/sumu/aammango/model_architecture/aammango.tree_questions \
	-phone l \
	-state 2 \
	-stwt 1.0,0.05,0.0 \
	-meanfn /home/sumu/aammango/model_parameters/aammango.cd_cont_untied/means \
	-varfn /home/sumu/aammango/model_parameters/aammango.cd_cont_untied/variances \
	-fullvar no \
	-ssplitmin 1 \
	-ssplitmax 7 \
	-ssplitthr 0 \
	-csplitmin 1 \
	-csplitmax 2000 \
	-csplitthr 0 

Current configuration:
[NAME]		[DEFLT]	[VALUE]
-allphones	no	no
-cntthresh	0.00001	1.000000e-05
-csplitmax	100	2000
-csplitmin	1	1
-csplitthr	8e-4	0.000000e+00
-example	no	no
-fullvar	no	no
-help		no	no
-meanfn			/home/sumu/aammango/model_parameters/aammango.cd_cont_untied/means
-mixwfn			/home/sumu/aammango/model_parameters/aammango.cd_cont_untied/mixture_weights
-moddeffn		/home/sumu/aammango/model_architecture/aammango.untied.mdef
-mwfloor	1e-4	1.000000e-08
-phone			l
-psetfn			/home/sumu/aammango/model_architecture/aammango.tree_questions
-ssplitmax	5	7
-ssplitmin	1	1
-ssplitthr	8e-4	0.000000e+00
-state			2
-stwt			1.0,0.05,0.0,
-treefn			/home/sumu/aammango/trees/aammango.unpruned/l-2.dtree
-ts2cbfn	.semi.	.cont.
-varfloor	0.00001	1.000000e-05
-varfn			/home/sumu/aammango/model_parameters/aammango.cd_cont_untied/variances

INFO: main.c(223): Reading: /home/sumu/aammango/model_architecture/aammango.untied.mdef
INFO: model_def_io.c(573): Model definition info:
INFO: model_def_io.c(574): 435 total models defined (69 base, 366 tri)
INFO: model_def_io.c(575): 1740 total states
INFO: model_def_io.c(576): 1305 total tied states
INFO: model_def_io.c(577): 207 total tied CI states
INFO: model_def_io.c(578): 69 total tied transition matrices
INFO: model_def_io.c(579): 4 max state/model
INFO: model_def_io.c(580): 4 min state/model
INFO: main.c(242): Building trees for [l SIL ach b] through [l uu aaa i]
INFO: main.c(269): Covering states |[786 827]| == 42
INFO: main.c(275): Reading: /home/sumu/aammango/model_parameters/aammango.cd_cont_untied/mixture_weights
INFO: s3mixw_io.c(173): Read /home/sumu/aammango/model_parameters/aammango.cd_cont_untied/mixture_weights [42x1x1 array]
INFO: main.c(311): 14 of 14 models have observation count greater than 0.000010
INFO: main.c(95): nrm stwt: 0.000 0.048 0.952 
INFO: s3gau_io.c(169): Read /home/sumu/aammango/model_parameters/aammango.cd_cont_untied/means [1305x1x1 array]
INFO: s3gau_io.c(169): Read /home/sumu/aammango/model_parameters/aammango.cd_cont_untied/variances [1305x1x1 array]
INFO: main.c(549): Reading: /home/sumu/aammango/model_architecture/aammango.tree_questions
INFO: main.c(588): 176 total simple questions (168 phone; 8 word bndry)
INFO: main.c(590): 42 Left Only questions, and 42 Right Only questions
INFO: dtree.c(1478): Final simple tree
|( QUESTION10 1 -3.663e+05 3.078e+03 1.687e+03
|    ( QUESTION0_5_R 1 -1.575e+05 1.951e+03 7.375e+02
|        ( - -3.479e+04 1 0)
|        ( !QUESTION0_8_R 1 -1.208e+05 1.481e+03 5.695e+02
|            ( QUESTION2_4_L -1 -9.763e+04 7.119e+02 4.610e+02
|                ( - -4.094e+04 1 0)
|                ( QUESTION0_0_R 1 -5.598e+04 7.086e+02 2.642e+02
|                    ( - -3.268e+04 3 0 QUESTION11 -1 4.363e+02 1.536e+02)
|                    ( - -2.260e+04 1 0)))
|            ( - -2.168e+04 2 0 QUESTION2_18_L -1 2.433e+02 1.086e+02)))
|    ( QUESTION0_0_R 1 -2.057e+05 1.271e+03 9.499e+02
|        ( - -6.697e+04 2 0 QUESTION2_3_L -1 5.410e+02 3.164e+02)
|        ( QUESTION0_14_R 1 -1.374e+05 1.462e+03 6.335e+02
|            ( - -8.337e+04 2 0 WDBNDRY_B 0 5.875e+02 3.889e+02)
|            ( - -5.260e+04 2 0 WDBNDRY_B 0 6.012e+02 2.446e+02))))
s>    ( QUESTION10 1 -3.663e+05 3.078e+03 1.687e+03
s>        ( QUESTION0_5_R 1 -1.575e+05 1.951e+03 7.375e+02
s>            ( - -3.479e+04 1 0)
s>            ( !QUESTION0_8_R 1 -1.208e+05 1.481e+03 5.695e+02
s>                ( QUESTION2_4_L -1 -9.763e+04 7.119e+02 4.610e+02
s>                    ( - -4.094e+04 1 0)
s>                    ( QUESTION0_0_R 1 -5.598e+04 7.086e+02 2.642e+02
s>                        ( - -3.268e+04 3 0 QUESTION11 -1 4.363e+02 1.536e+02)
s>                        ( - -2.260e+04 1 0)))
s>                ( - -2.168e+04 2 0 QUESTION2_18_L -1 2.433e+02 1.086e+02)))
s>        ( QUESTION0_0_R 1 -2.057e+05 1.271e+03 9.499e+02
s>            ( - -6.697e+04 2 0 QUESTION2_3_L -1 5.410e+02 3.164e+02)
s>            ( QUESTION0_14_R 1 -1.374e+05 1.462e+03 6.335e+02
s>                ( - -8.337e+04 2 0 WDBNDRY_B 0 5.875e+02 3.889e+02)
s>                ( - -5.260e+04 2 0 WDBNDRY_B 0 6.012e+02 2.446e+02))))INFO: dtree.c(1315): Comp split 0
INFO: dtree.c(1439): stop. leaf nodes are specific
INFO: dtree.c(1478): Final simple tree
|( QUESTION0_0_R 1 -2.475e+05 1.318e+03 1.147e+03
|    ( QUESTION2_3_L -1 -6.697e+04 5.410e+02 3.164e+02
|        ( - -2.443e+04 1 0)
|        ( - -4.200e+04 1 0))
|    ( QUESTION0_11_R 1 -1.792e+05 1.111e+03 8.303e+02
|        ( - -2.659e+04 1 0)
|        ( QUESTION0_13_R 1 -1.515e+05 1.140e+03 7.048e+02
|            ( - -2.541e+04 1 0)
|            ( !QUESTION11 -1 -1.249e+05 6.926e+02 5.857e+02
|                ( !WDBNDRY_B 0 -8.278e+04 5.083e+02 3.910e+02
|                    ( - -4.094e+04 1 0)
|                    ( - -4.133e+04 1 0))
|                ( - -4.145e+04 1 0)))))
s>    ( QUESTION0_0_R 1 -2.475e+05 1.318e+03 1.147e+03
s>        ( QUESTION2_3_L -1 -6.697e+04 5.410e+02 3.164e+02
s>            ( - -2.443e+04 1 0)
s>            ( - -4.200e+04 1 0))
s>        ( QUESTION0_11_R 1 -1.792e+05 1.111e+03 8.303e+02
s>            ( - -2.659e+04 1 0)
s>            ( QUESTION0_13_R 1 -1.515e+05 1.140e+03 7.048e+02
s>                ( - -2.541e+04 1 0)
s>                ( !QUESTION11 -1 -1.249e+05 6.926e+02 5.857e+02
s>                    ( !WDBNDRY_B 0 -8.278e+04 5.083e+02 3.910e+02
s>                        ( - -4.094e+04 1 0)
s>                        ( - -4.133e+04 1 0))
s>                    ( - -4.145e+04 1 0)))))INFO: dtree.c(1439): stop. leaf nodes are specific
INFO: dtree.c(1478): Final simple tree
|( QUESTION0_5_R 1 -1.156e+05 1.849e+03 5.407e+02
|    ( - -3.479e+04 1 0)
|    ( QUESTION0_8_R 1 -7.895e+04 1.285e+03 3.727e+02
|        ( QUESTION2_18_L -1 -2.168e+04 2.433e+02 1.086e+02
|            ( - -1.136e+04 1 0)
|            ( - -1.008e+04 1 0))
|        ( QUESTION0_0_R 1 -5.598e+04 7.086e+02 2.642e+02
|            ( QUESTION11 -1 -3.268e+04 4.363e+02 1.536e+02
|                ( - -9.737e+03 1 0)
|                ( QUESTION2 -1 -2.250e+04 4.019e+02 1.082e+02
|                    ( - -1.328e+04 1 0)
|                    ( - -8.820e+03 1 0)))
|            ( - -2.260e+04 1 0))))
s>    ( QUESTION0_5_R 1 -1.156e+05 1.849e+03 5.407e+02
s>        ( - -3.479e+04 1 0)
s>        ( QUESTION0_8_R 1 -7.895e+04 1.285e+03 3.727e+02
s>            ( QUESTION2_18_L -1 -2.168e+04 2.433e+02 1.086e+02
s>                ( - -1.136e+04 1 0)
s>                ( - -1.008e+04 1 0))
s>            ( QUESTION0_0_R 1 -5.598e+04 7.086e+02 2.642e+02
s>                ( QUESTION11 -1 -3.268e+04 4.363e+02 1.536e+02
s>                    ( - -9.737e+03 1 0)
s>                    ( QUESTION2 -1 -2.250e+04 4.019e+02 1.082e+02
s>                        ( - -1.328e+04 1 0)
s>                        ( - -8.820e+03 1 0)))
s>                ( - -2.260e+04 1 0))))INFO: dtree.c(1315): Comp split 1
INFO: dtree.c(1439): stop. leaf nodes are specific
INFO: dtree.c(1478): Final simple tree
|( QUESTION0_8_R 1 -7.895e+04 1.285e+03 3.727e+02
|    ( QUESTION2_18_L -1 -2.168e+04 2.433e+02 1.086e+02
|        ( - -1.136e+04 1 0)
|        ( - -1.008e+04 1 0))
|    ( QUESTION0_0_R 1 -5.598e+04 7.086e+02 2.642e+02
|        ( QUESTION11 -1 -3.268e+04 4.363e+02 1.536e+02
|            ( - -9.737e+03 1 0)
|            ( QUESTION2 -1 -2.250e+04 4.019e+02 1.082e+02
|                ( - -1.328e+04 1 0)
|                ( - -8.820e+03 1 0)))
|        ( - -2.260e+04 1 0)))
s>    ( QUESTION0_8_R 1 -7.895e+04 1.285e+03 3.727e+02
s>        ( QUESTION2_18_L -1 -2.168e+04 2.433e+02 1.086e+02
s>            ( - -1.136e+04 1 0)
s>            ( - -1.008e+04 1 0))
s>        ( QUESTION0_0_R 1 -5.598e+04 7.086e+02 2.642e+02
s>            ( QUESTION11 -1 -3.268e+04 4.363e+02 1.536e+02
s>                ( - -9.737e+03 1 0)
s>                ( QUESTION2 -1 -2.250e+04 4.019e+02 1.082e+02
s>                    ( - -1.328e+04 1 0)
s>                    ( - -8.820e+03 1 0)))
s>            ( - -2.260e+04 1 0)))INFO: dtree.c(1315): Comp split 2
INFO: dtree.c(1439): stop. leaf nodes are specific
INFO: dtree.c(1478): Final simple tree
|( QUESTION0_0_R 1 -1.932e+05 1.259e+03 9.021e+02
|    ( QUESTION2_3_L -1 -6.697e+04 5.410e+02 3.164e+02
|        ( - -2.443e+04 1 0)
|        ( - -4.200e+04 1 0))
|    ( !QUESTION11 -1 -1.249e+05 6.926e+02 5.857e+02
|        ( !WDBNDRY_B 0 -8.278e+04 5.083e+02 3.910e+02
|            ( - -4.094e+04 1 0)
|            ( - -4.133e+04 1 0))
|        ( - -4.145e+04 1 0)))
s>    ( QUESTION0_0_R 1 -1.932e+05 1.259e+03 9.021e+02
s>        ( QUESTION2_3_L -1 -6.697e+04 5.410e+02 3.164e+02
s>            ( - -2.443e+04 1 0)
s>            ( - -4.200e+04 1 0))
s>        ( !QUESTION11 -1 -1.249e+05 6.926e+02 5.857e+02
s>            ( !WDBNDRY_B 0 -8.278e+04 5.083e+02 3.910e+02
s>                ( - -4.094e+04 1 0)
s>                ( - -4.133e+04 1 0))
s>            ( - -4.145e+04 1 0)))INFO: dtree.c(1439): stop. leaf nodes are specific
INFO: dtree.c(1478): Final simple tree
|( WDBNDRY_B 0 -5.260e+04 6.012e+02 2.446e+02
|    ( - -2.659e+04 1 0)
|    ( - -2.541e+04 1 0))
s>    ( WDBNDRY_B 0 -5.260e+04 6.012e+02 2.446e+02
s>        ( - -2.659e+04 1 0)
s>        ( - -2.541e+04 1 0))INFO: dtree.c(1315): Comp split 3
INFO: dtree.c(1439): stop. leaf nodes are specific
INFO: dtree.c(1478): Final simple tree
|( QUESTION0_0_R 1 -5.598e+04 7.086e+02 2.642e+02
|    ( QUESTION11 -1 -3.268e+04 4.363e+02 1.536e+02
|        ( - -9.737e+03 1 0)
|        ( QUESTION2 -1 -2.250e+04 4.019e+02 1.082e+02
|            ( - -1.328e+04 1 0)
|            ( - -8.820e+03 1 0)))
|    ( - -2.260e+04 1 0))
s>    ( QUESTION0_0_R 1 -5.598e+04 7.086e+02 2.642e+02
s>        ( QUESTION11 -1 -3.268e+04 4.363e+02 1.536e+02
s>            ( - -9.737e+03 1 0)
s>            ( QUESTION2 -1 -2.250e+04 4.019e+02 1.082e+02
s>                ( - -1.328e+04 1 0)
s>                ( - -8.820e+03 1 0)))
s>        ( - -2.260e+04 1 0))INFO: dtree.c(1439): stop. leaf nodes are specific
INFO: dtree.c(1478): Final simple tree
|( QUESTION2_18_L -1 -2.168e+04 2.433e+02 1.086e+02
|    ( - -1.136e+04 1 0)
|    ( - -1.008e+04 1 0))
s>    ( QUESTION2_18_L -1 -2.168e+04 2.433e+02 1.086e+02
s>        ( - -1.136e+04 1 0)
s>        ( - -1.008e+04 1 0))INFO: dtree.c(1315): Comp split 4
INFO: dtree.c(1439): stop. leaf nodes are specific
INFO: dtree.c(1478): Final simple tree
|( !QUESTION11 -1 -1.249e+05 6.926e+02 5.857e+02
|    ( !WDBNDRY_B 0 -8.278e+04 5.083e+02 3.910e+02
|        ( - -4.094e+04 1 0)
|        ( - -4.133e+04 1 0))
|    ( - -4.145e+04 1 0))
s>    ( !QUESTION11 -1 -1.249e+05 6.926e+02 5.857e+02
s>        ( !WDBNDRY_B 0 -8.278e+04 5.083e+02 3.910e+02
s>            ( - -4.094e+04 1 0)
s>            ( - -4.133e+04 1 0))
s>        ( - -4.145e+04 1 0))INFO: dtree.c(1439): stop. leaf nodes are specific
INFO: dtree.c(1478): Final simple tree
|( QUESTION2_3_L -1 -6.697e+04 5.410e+02 3.164e+02
|    ( - -2.443e+04 1 0)
|    ( - -4.200e+04 1 0))
s>    ( QUESTION2_3_L -1 -6.697e+04 5.410e+02 3.164e+02
s>        ( - -2.443e+04 1 0)
s>        ( - -4.200e+04 1 0))INFO: dtree.c(1315): Comp split 5
INFO: dtree.c(1439): stop. leaf nodes are specific
INFO: dtree.c(1478): Final simple tree
|( QUESTION11 -1 -3.268e+04 4.363e+02 1.536e+02
|    ( - -9.737e+03 1 0)
|    ( QUESTION2 -1 -2.250e+04 4.019e+02 1.082e+02
|        ( - -1.328e+04 1 0)
|        ( - -8.820e+03 1 0)))
s>    ( QUESTION11 -1 -3.268e+04 4.363e+02 1.536e+02
s>        ( - -9.737e+03 1 0)
s>        ( QUESTION2 -1 -2.250e+04 4.019e+02 1.082e+02
s>            ( - -1.328e+04 1 0)
s>            ( - -8.820e+03 1 0)))INFO: dtree.c(1315): Comp split 6
INFO: dtree.c(1439): stop. leaf nodes are specific
INFO: dtree.c(1478): Final simple tree
|( !WDBNDRY_B 0 -8.278e+04 5.083e+02 3.910e+02
|    ( - -4.094e+04 1 0)
|    ( - -4.133e+04 1 0))
s>    ( !WDBNDRY_B 0 -8.278e+04 5.083e+02 3.910e+02
s>        ( - -4.094e+04 1 0)
s>        ( - -4.133e+04 1 0))INFO: dtree.c(1315): Comp split 7
INFO: dtree.c(1315): Comp split 8
INFO: dtree.c(1315): Comp split 9
INFO: dtree.c(1315): Comp split 10
INFO: dtree.c(1439): stop. leaf nodes are specific
INFO: dtree.c(1478): Final simple tree
|( QUESTION2 -1 -2.250e+04 4.019e+02 1.082e+02
|    ( - -1.328e+04 1 0)
|    ( - -8.820e+03 1 0))
s>    ( QUESTION2 -1 -2.250e+04 4.019e+02 1.082e+02
s>        ( - -1.328e+04 1 0)
s>        ( - -8.820e+03 1 0))INFO: dtree.c(1315): Comp split 11
INFO: dtree.c(1315): Comp split 12
INFO: dtree.c(1315): Comp split 13
INFO: dtree.c(1318): stop. leaf nodes are specific
!!!!!!!!Allocated 67 lines
Mon Nov  3 11:36:25 2014
