INFO: cmd_ln.c(696): Parsing command line:
/usr/local/libexec/sphinxtrain/bldtree \
	-treefn /home/sumu/aammango/trees/aammango.unpruned/sp-0.dtree \
	-moddeffn /home/sumu/aammango/model_architecture/aammango.untied.mdef \
	-mixwfn /home/sumu/aammango/model_parameters/aammango.cd_cont_untied/mixture_weights \
	-ts2cbfn .cont. \
	-mwfloor 1e-08 \
	-psetfn /home/sumu/aammango/model_architecture/aammango.tree_questions \
	-phone sp \
	-state 0 \
	-stwt 1.0,0.05,0.0 \
	-meanfn /home/sumu/aammango/model_parameters/aammango.cd_cont_untied/means \
	-varfn /home/sumu/aammango/model_parameters/aammango.cd_cont_untied/variances \
	-fullvar no \
	-ssplitmin 1 \
	-ssplitmax 7 \
	-ssplitthr 0 \
	-csplitmin 1 \
	-csplitmax 2000 \
	-csplitthr 0 

Current configuration:
[NAME]		[DEFLT]	[VALUE]
-allphones	no	no
-cntthresh	0.00001	1.000000e-05
-csplitmax	100	2000
-csplitmin	1	1
-csplitthr	8e-4	0.000000e+00
-example	no	no
-fullvar	no	no
-help		no	no
-meanfn			/home/sumu/aammango/model_parameters/aammango.cd_cont_untied/means
-mixwfn			/home/sumu/aammango/model_parameters/aammango.cd_cont_untied/mixture_weights
-moddeffn		/home/sumu/aammango/model_architecture/aammango.untied.mdef
-mwfloor	1e-4	1.000000e-08
-phone			sp
-psetfn			/home/sumu/aammango/model_architecture/aammango.tree_questions
-ssplitmax	5	7
-ssplitmin	1	1
-ssplitthr	8e-4	0.000000e+00
-state			0
-stwt			1.0,0.05,0.0,
-treefn			/home/sumu/aammango/trees/aammango.unpruned/sp-0.dtree
-ts2cbfn	.semi.	.cont.
-varfloor	0.00001	1.000000e-05
-varfn			/home/sumu/aammango/model_parameters/aammango.cd_cont_untied/variances

INFO: main.c(223): Reading: /home/sumu/aammango/model_architecture/aammango.untied.mdef
INFO: model_def_io.c(573): Model definition info:
INFO: model_def_io.c(574): 435 total models defined (69 base, 366 tri)
INFO: model_def_io.c(575): 1740 total states
INFO: model_def_io.c(576): 1305 total tied states
INFO: model_def_io.c(577): 207 total tied CI states
INFO: model_def_io.c(578): 69 total tied transition matrices
INFO: model_def_io.c(579): 4 max state/model
INFO: model_def_io.c(580): 4 min state/model
INFO: main.c(242): Building trees for [sp aa SIL e] through [sp z SIL e]
INFO: main.c(269): Covering states |[1104 1181]| == 78
INFO: main.c(275): Reading: /home/sumu/aammango/model_parameters/aammango.cd_cont_untied/mixture_weights
INFO: s3mixw_io.c(173): Read /home/sumu/aammango/model_parameters/aammango.cd_cont_untied/mixture_weights [78x1x1 array]
INFO: main.c(311): 26 of 26 models have observation count greater than 0.000010
INFO: main.c(95): nrm stwt: 0.952 0.048 0.000 
INFO: s3gau_io.c(169): Read /home/sumu/aammango/model_parameters/aammango.cd_cont_untied/means [1305x1x1 array]
INFO: s3gau_io.c(169): Read /home/sumu/aammango/model_parameters/aammango.cd_cont_untied/variances [1305x1x1 array]
INFO: main.c(549): Reading: /home/sumu/aammango/model_architecture/aammango.tree_questions
INFO: main.c(588): 176 total simple questions (168 phone; 8 word bndry)
INFO: main.c(590): 42 Left Only questions, and 42 Right Only questions
INFO: dtree.c(1478): Final simple tree
|( !QUESTION18 -1 -2.817e+06 3.098e+03 1.308e+04
|    ( QUESTION2_4_L -1 -2.213e+06 2.454e+03 1.022e+04
|        ( - -7.341e+05 1 0)
|        ( QUESTION2_10_L -1 -1.477e+06 1.693e+03 6.836e+03
|            ( - -3.026e+05 2 0 QUESTION9 -1 5.563e+02 1.399e+03)
|            ( QUESTION9 -1 -1.173e+06 1.588e+03 5.438e+03
|                ( - -3.985e+05 4 0)
|                ( QUESTION13 -1 -7.725e+05 1.116e+03 3.620e+03
|                    ( - -2.580e+05 7 0 !QUESTION2_19_L -1 7.472e+02 1.206e+03)
|                    ( QUESTION2_9_L -1 -5.134e+05 1.191e+03 2.414e+03
|                        ( - -1.942e+05 3 0 QUESTION19 -1 6.910e+02 9.322e+02)
|                        ( QUESTION15 -1 -3.180e+05 8.085e+02 1.482e+03
|                            ( - -9.561e+04 3 0 QUESTION16 -1 5.364e+02 4.566e+02)
|                            ( - -2.215e+05 4 0 QUESTION19 -1 7.855e+02 1.025e+03)))))))
|    ( - -6.006e+05 2 0 QUESTION2_9_L -1 5.951e+02 2.862e+03))
s>    ( !QUESTION18 -1 -2.817e+06 3.098e+03 1.308e+04
s>        ( QUESTION2_4_L -1 -2.213e+06 2.454e+03 1.022e+04
s>            ( - -7.341e+05 1 0)
s>            ( QUESTION2_10_L -1 -1.477e+06 1.693e+03 6.836e+03
s>                ( - -3.026e+05 2 0 QUESTION9 -1 5.563e+02 1.399e+03)
s>                ( QUESTION9 -1 -1.173e+06 1.588e+03 5.438e+03
s>                    ( - -3.985e+05 4 0)
s>                    ( QUESTION13 -1 -7.725e+05 1.116e+03 3.620e+03
s>                        ( - -2.580e+05 7 0 !QUESTION2_19_L -1 7.472e+02 1.206e+03)
s>                        ( QUESTION2_9_L -1 -5.134e+05 1.191e+03 2.414e+03
s>                            ( - -1.942e+05 3 0 QUESTION19 -1 6.910e+02 9.322e+02)
s>                            ( QUESTION15 -1 -3.180e+05 8.085e+02 1.482e+03
s>                                ( - -9.561e+04 3 0 QUESTION16 -1 5.364e+02 4.566e+02)
s>                                ( - -2.215e+05 4 0 QUESTION19 -1 7.855e+02 1.025e+03)))))))
s>        ( - -6.006e+05 2 0 QUESTION2_9_L -1 5.951e+02 2.862e+03))INFO: dtree.c(1315): Comp split 0
INFO: dtree.c(1478): Final simple tree
|( QUESTION18 -1 -9.210e+05 2.425e+03 4.344e+03
|    ( QUESTION2_9_L -1 -6.006e+05 5.951e+02 2.862e+03
|        ( - -5.854e+05 1 0)
|        ( - -1.466e+04 1 0))
|    ( QUESTION15 -1 -3.180e+05 8.085e+02 1.482e+03
|        ( QUESTION16 -1 -9.561e+04 5.364e+02 4.566e+02
|            ( - -7.093e+04 2 0)
|            ( - -2.414e+04 1 0))
|        ( QUESTION19 -1 -2.215e+05 7.855e+02 1.025e+03
|            ( QUESTION2_2_L -1 -1.559e+05 1.168e+03 7.286e+02
|                ( - -1.296e+05 1 0)
|                ( - -2.509e+04 1 0))
|            ( QUESTION2 -1 -6.491e+04 4.553e+02 2.967e+02
|                ( - -4.411e+04 1 0)
|                ( - -2.034e+04 1 0)))))
s>    ( QUESTION18 -1 -9.210e+05 2.425e+03 4.344e+03
s>        ( QUESTION2_9_L -1 -6.006e+05 5.951e+02 2.862e+03
s>            ( - -5.854e+05 1 0)
s>            ( - -1.466e+04 1 0))
s>        ( QUESTION15 -1 -3.180e+05 8.085e+02 1.482e+03
s>            ( QUESTION16 -1 -9.561e+04 5.364e+02 4.566e+02
s>                ( - -7.093e+04 2 0)
s>                ( - -2.414e+04 1 0))
s>            ( QUESTION19 -1 -2.215e+05 7.855e+02 1.025e+03
s>                ( QUESTION2_2_L -1 -1.559e+05 1.168e+03 7.286e+02
s>                    ( - -1.296e+05 1 0)
s>                    ( - -2.509e+04 1 0))
s>                ( QUESTION2 -1 -6.491e+04 4.553e+02 2.967e+02
s>                    ( - -4.411e+04 1 0)
s>                    ( - -2.034e+04 1 0)))))INFO: dtree.c(1478): Final simple tree
|( QUESTION2_4_L -1 -1.893e+06 2.506e+03 8.735e+03
|    ( - -7.341e+05 1 0)
|    ( QUESTION2_19_L -1 -1.156e+06 1.377e+03 5.354e+03
|        ( QUESTION9 -1 -5.127e+05 6.839e+02 2.347e+03
|            ( - -3.985e+05 4 0)
|            ( - -1.136e+05 3 0))
|        ( QUESTION9 -1 -6.423e+05 9.777e+02 3.008e+03
|            ( - -2.321e+05 1 0)
|            ( QUESTION2 -1 -4.092e+05 8.681e+02 1.924e+03
|                ( - -4.778e+04 1 0)
|                ( QUESTION14 -1 -3.606e+05 5.794e+02 1.686e+03
|                    ( - -4.001e+04 1 0)
|                    ( QUESTION2_13_L -1 -3.200e+05 5.392e+02 1.491e+03
|                        ( - -7.445e+04 2 0)
|                        ( - -2.450e+05 4 0 QUESTION2_9_L -1 5.856e+02 1.140e+03)))))))
s>    ( QUESTION2_4_L -1 -1.893e+06 2.506e+03 8.735e+03
s>        ( - -7.341e+05 1 0)
s>        ( QUESTION2_19_L -1 -1.156e+06 1.377e+03 5.354e+03
s>            ( QUESTION9 -1 -5.127e+05 6.839e+02 2.347e+03
s>                ( - -3.985e+05 4 0)
s>                ( - -1.136e+05 3 0))
s>            ( QUESTION9 -1 -6.423e+05 9.777e+02 3.008e+03
s>                ( - -2.321e+05 1 0)
s>                ( QUESTION2 -1 -4.092e+05 8.681e+02 1.924e+03
s>                    ( - -4.778e+04 1 0)
s>                    ( QUESTION14 -1 -3.606e+05 5.794e+02 1.686e+03
s>                        ( - -4.001e+04 1 0)
s>                        ( QUESTION2_13_L -1 -3.200e+05 5.392e+02 1.491e+03
s>                            ( - -7.445e+04 2 0)
s>                            ( - -2.450e+05 4 0 QUESTION2_9_L -1 5.856e+02 1.140e+03)))))))INFO: dtree.c(1315): Comp split 1
INFO: dtree.c(1439): stop. leaf nodes are specific
INFO: dtree.c(1478): Final simple tree
|( !QUESTION2 -1 -7.826e+05 6.730e+02 3.620e+03
|    ( - -7.341e+05 1 0)
|    ( - -4.778e+04 1 0))
s>    ( !QUESTION2 -1 -7.826e+05 6.730e+02 3.620e+03
s>        ( - -7.341e+05 1 0)
s>        ( - -4.778e+04 1 0))INFO: dtree.c(1478): Final simple tree
|( QUESTION2_19_L -1 -1.108e+06 1.396e+03 5.116e+03
|    ( QUESTION9 -1 -5.127e+05 6.839e+02 2.347e+03
|        ( - -3.985e+05 4 0)
|        ( - -1.136e+05 3 0))
|    ( QUESTION9 -1 -5.936e+05 9.698e+02 2.769e+03
|        ( - -2.321e+05 1 0)
|        ( QUESTION14 -1 -3.606e+05 5.794e+02 1.686e+03
|            ( - -4.001e+04 1 0)
|            ( QUESTION2_13_L -1 -3.200e+05 5.392e+02 1.491e+03
|                ( - -7.445e+04 2 0)
|                ( QUESTION2_9_L -1 -2.450e+05 5.856e+02 1.140e+03
|                    ( - -1.756e+05 2 0 QUESTION11 -1 3.974e+02 8.138e+02)
|                    ( QUESTION2_3_L -1 -6.877e+04 4.830e+02 3.265e+02
|                        ( - -3.568e+04 1 0)
|                        ( - -3.261e+04 1 0)))))))
s>    ( QUESTION2_19_L -1 -1.108e+06 1.396e+03 5.116e+03
s>        ( QUESTION9 -1 -5.127e+05 6.839e+02 2.347e+03
s>            ( - -3.985e+05 4 0)
s>            ( - -1.136e+05 3 0))
s>        ( QUESTION9 -1 -5.936e+05 9.698e+02 2.769e+03
s>            ( - -2.321e+05 1 0)
s>            ( QUESTION14 -1 -3.606e+05 5.794e+02 1.686e+03
s>                ( - -4.001e+04 1 0)
s>                ( QUESTION2_13_L -1 -3.200e+05 5.392e+02 1.491e+03
s>                    ( - -7.445e+04 2 0)
s>                    ( QUESTION2_9_L -1 -2.450e+05 5.856e+02 1.140e+03
s>                        ( - -1.756e+05 2 0 QUESTION11 -1 3.974e+02 8.138e+02)
s>                        ( QUESTION2_3_L -1 -6.877e+04 4.830e+02 3.265e+02
s>                            ( - -3.568e+04 1 0)
s>                            ( - -3.261e+04 1 0)))))))INFO: dtree.c(1315): Comp split 2
INFO: dtree.c(1439): stop. leaf nodes are specific
INFO: dtree.c(1478): Final simple tree
|( QUESTION2_9_L -1 -6.215e+05 6.295e+02 2.955e+03
|    ( - -5.854e+05 1 0)
|    ( QUESTION12 -1 -3.550e+04 4.992e+02 1.615e+02
|        ( - -2.034e+04 1 0)
|        ( - -1.466e+04 1 0)))
s>    ( QUESTION2_9_L -1 -6.215e+05 6.295e+02 2.955e+03
s>        ( - -5.854e+05 1 0)
s>        ( QUESTION12 -1 -3.550e+04 4.992e+02 1.615e+02
s>            ( - -2.034e+04 1 0)
s>            ( - -1.466e+04 1 0)))INFO: dtree.c(1439): stop. leaf nodes are specific
INFO: dtree.c(1478): Final simple tree
|( QUESTION11 -1 -2.970e+05 7.768e+02 1.390e+03
|    ( QUESTION16 -1 -9.561e+04 5.364e+02 4.566e+02
|        ( - -7.093e+04 2 0)
|        ( - -2.414e+04 1 0))
|    ( QUESTION2 -1 -2.007e+05 6.939e+02 9.331e+02
|        ( - -4.411e+04 1 0)
|        ( QUESTION2_2_L -1 -1.559e+05 1.168e+03 7.286e+02
|            ( - -1.296e+05 1 0)
|            ( - -2.509e+04 1 0))))
s>    ( QUESTION11 -1 -2.970e+05 7.768e+02 1.390e+03
s>        ( QUESTION16 -1 -9.561e+04 5.364e+02 4.566e+02
s>            ( - -7.093e+04 2 0)
s>            ( - -2.414e+04 1 0))
s>        ( QUESTION2 -1 -2.007e+05 6.939e+02 9.331e+02
s>            ( - -4.411e+04 1 0)
s>            ( QUESTION2_2_L -1 -1.559e+05 1.168e+03 7.286e+02
s>                ( - -1.296e+05 1 0)
s>                ( - -2.509e+04 1 0))))INFO: dtree.c(1315): Comp split 3
INFO: dtree.c(1439): stop. leaf nodes are specific
INFO: dtree.c(1478): Final simple tree
|( QUESTION9 -1 -5.936e+05 9.698e+02 2.769e+03
|    ( - -2.321e+05 1 0)
|    ( QUESTION14 -1 -3.606e+05 5.794e+02 1.686e+03
|        ( - -4.001e+04 1 0)
|        ( QUESTION2_13_L -1 -3.200e+05 5.392e+02 1.491e+03
|            ( - -7.445e+04 2 0)
|            ( QUESTION2_9_L -1 -2.450e+05 5.856e+02 1.140e+03
|                ( QUESTION11 -1 -1.756e+05 3.974e+02 8.138e+02
|                    ( - -6.999e+04 1 0)
|                    ( - -1.052e+05 1 0))
|                ( QUESTION2_3_L -1 -6.877e+04 4.830e+02 3.265e+02
|                    ( - -3.568e+04 1 0)
|                    ( - -3.261e+04 1 0))))))
s>    ( QUESTION9 -1 -5.936e+05 9.698e+02 2.769e+03
s>        ( - -2.321e+05 1 0)
s>        ( QUESTION14 -1 -3.606e+05 5.794e+02 1.686e+03
s>            ( - -4.001e+04 1 0)
s>            ( QUESTION2_13_L -1 -3.200e+05 5.392e+02 1.491e+03
s>                ( - -7.445e+04 2 0)
s>                ( QUESTION2_9_L -1 -2.450e+05 5.856e+02 1.140e+03
s>                    ( QUESTION11 -1 -1.756e+05 3.974e+02 8.138e+02
s>                        ( - -6.999e+04 1 0)
s>                        ( - -1.052e+05 1 0))
s>                    ( QUESTION2_3_L -1 -6.877e+04 4.830e+02 3.265e+02
s>                        ( - -3.568e+04 1 0)
s>                        ( - -3.261e+04 1 0))))))INFO: dtree.c(1439): stop. leaf nodes are specific
INFO: dtree.c(1478): Final simple tree
|( QUESTION9 -1 -5.127e+05 6.839e+02 2.347e+03
|    ( - -3.985e+05 4 0)
|    ( - -1.136e+05 3 0))
s>    ( QUESTION9 -1 -5.127e+05 6.839e+02 2.347e+03
s>        ( - -3.985e+05 4 0)
s>        ( - -1.136e+05 3 0))INFO: dtree.c(1315): Comp split 4
INFO: dtree.c(1439): stop. leaf nodes are specific
INFO: dtree.c(1478): Final simple tree
|( QUESTION11 -1 -2.707e+05 7.624e+02 1.281e+03
|    ( QUESTION16 -1 -9.561e+04 5.364e+02 4.566e+02
|        ( - -7.093e+04 2 0)
|        ( - -2.414e+04 1 0))
|    ( QUESTION2 -1 -1.743e+05 6.038e+02 8.249e+02
|        ( - -4.411e+04 1 0)
|        ( - -1.296e+05 1 0)))
s>    ( QUESTION11 -1 -2.707e+05 7.624e+02 1.281e+03
s>        ( QUESTION16 -1 -9.561e+04 5.364e+02 4.566e+02
s>            ( - -7.093e+04 2 0)
s>            ( - -2.414e+04 1 0))
s>        ( QUESTION2 -1 -1.743e+05 6.038e+02 8.249e+02
s>            ( - -4.411e+04 1 0)
s>            ( - -1.296e+05 1 0)))INFO: dtree.c(1315): Comp split 5
INFO: dtree.c(1439): stop. leaf nodes are specific
INFO: dtree.c(1478): Final simple tree
|( QUESTION14 -1 -3.606e+05 5.794e+02 1.686e+03
|    ( - -4.001e+04 1 0)
|    ( QUESTION2_13_L -1 -3.200e+05 5.392e+02 1.491e+03
|        ( - -7.445e+04 2 0)
|        ( QUESTION2_9_L -1 -2.450e+05 5.856e+02 1.140e+03
|            ( QUESTION11 -1 -1.756e+05 3.974e+02 8.138e+02
|                ( - -6.999e+04 1 0)
|                ( - -1.052e+05 1 0))
|            ( QUESTION2_3_L -1 -6.877e+04 4.830e+02 3.265e+02
|                ( - -3.568e+04 1 0)
|                ( - -3.261e+04 1 0)))))
s>    ( QUESTION14 -1 -3.606e+05 5.794e+02 1.686e+03
s>        ( - -4.001e+04 1 0)
s>        ( QUESTION2_13_L -1 -3.200e+05 5.392e+02 1.491e+03
s>            ( - -7.445e+04 2 0)
s>            ( QUESTION2_9_L -1 -2.450e+05 5.856e+02 1.140e+03
s>                ( QUESTION11 -1 -1.756e+05 3.974e+02 8.138e+02
s>                    ( - -6.999e+04 1 0)
s>                    ( - -1.052e+05 1 0))
s>                ( QUESTION2_3_L -1 -6.877e+04 4.830e+02 3.265e+02
s>                    ( - -3.568e+04 1 0)
s>                    ( - -3.261e+04 1 0)))))INFO: dtree.c(1315): Comp split 6
INFO: dtree.c(1439): stop. leaf nodes are specific
INFO: dtree.c(1478): Final simple tree
|( QUESTION16 -1 -9.561e+04 5.364e+02 4.566e+02
|    ( - -7.093e+04 2 0)
|    ( - -2.414e+04 1 0))
s>    ( QUESTION16 -1 -9.561e+04 5.364e+02 4.566e+02
s>        ( - -7.093e+04 2 0)
s>        ( - -2.414e+04 1 0))INFO: dtree.c(1439): stop. leaf nodes are specific
INFO: dtree.c(1478): Final simple tree
|( QUESTION2 -1 -1.743e+05 6.038e+02 8.249e+02
|    ( - -4.411e+04 1 0)
|    ( - -1.296e+05 1 0))
s>    ( QUESTION2 -1 -1.743e+05 6.038e+02 8.249e+02
s>        ( - -4.411e+04 1 0)
s>        ( - -1.296e+05 1 0))INFO: dtree.c(1315): Comp split 7
INFO: dtree.c(1439): stop. leaf nodes are specific
INFO: dtree.c(1478): Final simple tree
|( QUESTION2_3_L -1 -1.074e+05 3.464e+02 5.051e+02
|    ( - -7.445e+04 2 0)
|    ( - -3.261e+04 1 0))
s>    ( QUESTION2_3_L -1 -1.074e+05 3.464e+02 5.051e+02
s>        ( - -7.445e+04 2 0)
s>        ( - -3.261e+04 1 0))INFO: dtree.c(1439): stop. leaf nodes are specific
INFO: dtree.c(1478): Final simple tree
|( QUESTION14 -1 -2.524e+05 6.047e+02 1.181e+03
|    ( - -4.001e+04 1 0)
|    ( QUESTION2_9_L -1 -2.118e+05 5.002e+02 9.856e+02
|        ( QUESTION11 -1 -1.756e+05 3.974e+02 8.138e+02
|            ( - -6.999e+04 1 0)
|            ( - -1.052e+05 1 0))
|        ( - -3.568e+04 1 0)))
s>    ( QUESTION14 -1 -2.524e+05 6.047e+02 1.181e+03
s>        ( - -4.001e+04 1 0)
s>        ( QUESTION2_9_L -1 -2.118e+05 5.002e+02 9.856e+02
s>            ( QUESTION11 -1 -1.756e+05 3.974e+02 8.138e+02
s>                ( - -6.999e+04 1 0)
s>                ( - -1.052e+05 1 0))
s>            ( - -3.568e+04 1 0)))INFO: dtree.c(1315): Comp split 8
INFO: dtree.c(1315): Comp split 9
INFO: dtree.c(1315): Comp split 10
INFO: dtree.c(1439): stop. leaf nodes are specific
INFO: dtree.c(1478): Final simple tree
|( QUESTION12 -1 -3.550e+04 4.992e+02 1.615e+02
|    ( - -2.034e+04 1 0)
|    ( - -1.466e+04 1 0))
s>    ( QUESTION12 -1 -3.550e+04 4.992e+02 1.615e+02
s>        ( - -2.034e+04 1 0)
s>        ( - -1.466e+04 1 0))INFO: dtree.c(1315): Comp split 11
INFO: dtree.c(1439): stop. leaf nodes are specific
INFO: dtree.c(1478): Final simple tree
|( QUESTION2_9_L -1 -2.118e+05 5.002e+02 9.856e+02
|    ( QUESTION11 -1 -1.756e+05 3.974e+02 8.138e+02
|        ( - -6.999e+04 1 0)
|        ( - -1.052e+05 1 0))
|    ( - -3.568e+04 1 0))
s>    ( QUESTION2_9_L -1 -2.118e+05 5.002e+02 9.856e+02
s>        ( QUESTION11 -1 -1.756e+05 3.974e+02 8.138e+02
s>            ( - -6.999e+04 1 0)
s>            ( - -1.052e+05 1 0))
s>        ( - -3.568e+04 1 0))INFO: dtree.c(1315): Comp split 12
INFO: dtree.c(1315): Comp split 13
INFO: dtree.c(1315): Comp split 14
INFO: dtree.c(1439): stop. leaf nodes are specific
INFO: dtree.c(1478): Final simple tree
|( QUESTION11 -1 -1.756e+05 3.974e+02 8.138e+02
|    ( - -6.999e+04 1 0)
|    ( - -1.052e+05 1 0))
s>    ( QUESTION11 -1 -1.756e+05 3.974e+02 8.138e+02
s>        ( - -6.999e+04 1 0)
s>        ( - -1.052e+05 1 0))INFO: dtree.c(1315): Comp split 15
INFO: dtree.c(1315): Comp split 16
INFO: dtree.c(1315): Comp split 17
INFO: dtree.c(1315): Comp split 18
INFO: dtree.c(1318): stop. leaf nodes are specific
!!!!!!!!Allocated 67 lines
Mon Nov  3 11:36:22 2014
