INFO: cmd_ln.c(696): Parsing command line:
/usr/local/libexec/sphinxtrain/bldtree \
	-treefn /home/sumu/aammango/trees/aammango.unpruned/aa-2.dtree \
	-moddeffn /home/sumu/aammango/model_architecture/aammango.untied.mdef \
	-mixwfn /home/sumu/aammango/model_parameters/aammango.cd_cont_untied/mixture_weights \
	-ts2cbfn .cont. \
	-mwfloor 1e-08 \
	-psetfn /home/sumu/aammango/model_architecture/aammango.tree_questions \
	-phone aa \
	-state 2 \
	-stwt 1.0,0.05,0.0 \
	-meanfn /home/sumu/aammango/model_parameters/aammango.cd_cont_untied/means \
	-varfn /home/sumu/aammango/model_parameters/aammango.cd_cont_untied/variances \
	-fullvar no \
	-ssplitmin 1 \
	-ssplitmax 7 \
	-ssplitthr 0 \
	-csplitmin 1 \
	-csplitmax 2000 \
	-csplitthr 0 

Current configuration:
[NAME]		[DEFLT]	[VALUE]
-allphones	no	no
-cntthresh	0.00001	1.000000e-05
-csplitmax	100	2000
-csplitmin	1	1
-csplitthr	8e-4	0.000000e+00
-example	no	no
-fullvar	no	no
-help		no	no
-meanfn			/home/sumu/aammango/model_parameters/aammango.cd_cont_untied/means
-mixwfn			/home/sumu/aammango/model_parameters/aammango.cd_cont_untied/mixture_weights
-moddeffn		/home/sumu/aammango/model_architecture/aammango.untied.mdef
-mwfloor	1e-4	1.000000e-08
-phone			aa
-psetfn			/home/sumu/aammango/model_architecture/aammango.tree_questions
-ssplitmax	5	7
-ssplitmin	1	1
-ssplitthr	8e-4	0.000000e+00
-state			2
-stwt			1.0,0.05,0.0,
-treefn			/home/sumu/aammango/trees/aammango.unpruned/aa-2.dtree
-ts2cbfn	.semi.	.cont.
-varfloor	0.00001	1.000000e-05
-varfn			/home/sumu/aammango/model_parameters/aammango.cd_cont_untied/variances

INFO: main.c(223): Reading: /home/sumu/aammango/model_architecture/aammango.untied.mdef
INFO: model_def_io.c(573): Model definition info:
INFO: model_def_io.c(574): 435 total models defined (69 base, 366 tri)
INFO: model_def_io.c(575): 1740 total states
INFO: model_def_io.c(576): 1305 total tied states
INFO: model_def_io.c(577): 207 total tied CI states
INFO: model_def_io.c(578): 69 total tied transition matrices
INFO: model_def_io.c(579): 4 max state/model
INFO: model_def_io.c(580): 4 min state/model
INFO: main.c(242): Building trees for [aa SIL l b] through [aa y n i]
INFO: main.c(269): Covering states |[366 494]| == 129
INFO: main.c(275): Reading: /home/sumu/aammango/model_parameters/aammango.cd_cont_untied/mixture_weights
INFO: s3mixw_io.c(173): Read /home/sumu/aammango/model_parameters/aammango.cd_cont_untied/mixture_weights [129x1x1 array]
INFO: main.c(311): 43 of 43 models have observation count greater than 0.000010
INFO: main.c(95): nrm stwt: 0.000 0.048 0.952 
INFO: s3gau_io.c(169): Read /home/sumu/aammango/model_parameters/aammango.cd_cont_untied/means [1305x1x1 array]
INFO: s3gau_io.c(169): Read /home/sumu/aammango/model_parameters/aammango.cd_cont_untied/variances [1305x1x1 array]
INFO: main.c(549): Reading: /home/sumu/aammango/model_architecture/aammango.tree_questions
INFO: main.c(588): 176 total simple questions (168 phone; 8 word bndry)
INFO: main.c(590): 42 Left Only questions, and 42 Right Only questions
INFO: dtree.c(1478): Final simple tree
|( !QUESTION0_1_R 1 -1.494e+06 1.142e+04 6.854e+03
|    ( QUESTION9 1 -7.290e+05 2.853e+03 3.269e+03
|        ( QUESTION0_10_R 1 -2.348e+05 1.859e+03 1.047e+03
|            ( - -5.752e+04 2 0)
|            ( - -1.754e+05 8 0 QUESTION6 -1 1.152e+03 7.891e+02))
|        ( QUESTION0_4_R 1 -4.914e+05 2.118e+03 2.222e+03
|            ( - -4.425e+04 2 0 QUESTION11 -1 3.443e+02 2.121e+02)
|            ( QUESTION14 1 -4.450e+05 1.570e+03 2.010e+03
|                ( - -1.030e+05 3 0 WDBNDRY_B 0 1.373e+03 4.736e+02)
|                ( QUESTION2 -1 -3.404e+05 1.594e+03 1.536e+03
|                    ( - -2.285e+05 6 0 QUESTION11 1 1.206e+03 1.033e+03)
|                    ( - -1.103e+05 5 0 QUESTION11 1 1.340e+03 5.033e+02)))))
|    ( QUESTION10 -1 -7.536e+05 2.124e+03 3.586e+03
|        ( - -1.961e+05 6 0 QUESTION2_4_L -1 8.452e+02 9.163e+02)
|        ( - -5.554e+05 11 0 QUESTION2_4_L -1 6.027e+02 2.669e+03)))
s>    ( !QUESTION0_1_R 1 -1.494e+06 1.142e+04 6.854e+03
s>        ( QUESTION9 1 -7.290e+05 2.853e+03 3.269e+03
s>            ( QUESTION0_10_R 1 -2.348e+05 1.859e+03 1.047e+03
s>                ( - -5.752e+04 2 0)
s>                ( - -1.754e+05 8 0 QUESTION6 -1 1.152e+03 7.891e+02))
s>            ( QUESTION0_4_R 1 -4.914e+05 2.118e+03 2.222e+03
s>                ( - -4.425e+04 2 0 QUESTION11 -1 3.443e+02 2.121e+02)
s>                ( QUESTION14 1 -4.450e+05 1.570e+03 2.010e+03
s>                    ( - -1.030e+05 3 0 WDBNDRY_B 0 1.373e+03 4.736e+02)
s>                    ( QUESTION2 -1 -3.404e+05 1.594e+03 1.536e+03
s>                        ( - -2.285e+05 6 0 QUESTION11 1 1.206e+03 1.033e+03)
s>                        ( - -1.103e+05 5 0 QUESTION11 1 1.340e+03 5.033e+02)))))
s>        ( QUESTION10 -1 -7.536e+05 2.124e+03 3.586e+03
s>            ( - -1.961e+05 6 0 QUESTION2_4_L -1 8.452e+02 9.163e+02)
s>            ( - -5.554e+05 11 0 QUESTION2_4_L -1 6.027e+02 2.669e+03)))INFO: dtree.c(1315): Comp split 0
INFO: dtree.c(1478): Final simple tree
|( QUESTION9 1 -7.290e+05 2.853e+03 3.269e+03
|    ( QUESTION0_10_R 1 -2.348e+05 1.859e+03 1.047e+03
|        ( - -5.752e+04 2 0)
|        ( - -1.754e+05 8 0 QUESTION6 -1 1.152e+03 7.891e+02))
|    ( QUESTION0_4_R 1 -4.914e+05 2.118e+03 2.222e+03
|        ( - -4.425e+04 2 0 QUESTION11 -1 3.443e+02 2.121e+02)
|        ( QUESTION14 1 -4.450e+05 1.570e+03 2.010e+03
|            ( WDBNDRY_B 0 -1.030e+05 1.373e+03 4.736e+02
|                ( - -4.633e+04 1 0)
|                ( - -5.535e+04 2 0 QUESTION0_11_R 1 9.185e+02 2.496e+02))
|            ( QUESTION2 -1 -3.404e+05 1.594e+03 1.536e+03
|                ( - -2.285e+05 6 0 QUESTION11 1 1.206e+03 1.033e+03)
|                ( QUESTION11 1 -1.103e+05 1.340e+03 5.033e+02
|                    ( - -5.383e+04 3 0 QUESTION9 -1 1.007e+03 2.521e+02)
|                    ( - -5.508e+04 2 0 WDBNDRY_B 0 5.297e+02 2.512e+02))))))
s>    ( QUESTION9 1 -7.290e+05 2.853e+03 3.269e+03
s>        ( QUESTION0_10_R 1 -2.348e+05 1.859e+03 1.047e+03
s>            ( - -5.752e+04 2 0)
s>            ( - -1.754e+05 8 0 QUESTION6 -1 1.152e+03 7.891e+02))
s>        ( QUESTION0_4_R 1 -4.914e+05 2.118e+03 2.222e+03
s>            ( - -4.425e+04 2 0 QUESTION11 -1 3.443e+02 2.121e+02)
s>            ( QUESTION14 1 -4.450e+05 1.570e+03 2.010e+03
s>                ( WDBNDRY_B 0 -1.030e+05 1.373e+03 4.736e+02
s>                    ( - -4.633e+04 1 0)
s>                    ( - -5.535e+04 2 0 QUESTION0_11_R 1 9.185e+02 2.496e+02))
s>                ( QUESTION2 -1 -3.404e+05 1.594e+03 1.536e+03
s>                    ( - -2.285e+05 6 0 QUESTION11 1 1.206e+03 1.033e+03)
s>                    ( QUESTION11 1 -1.103e+05 1.340e+03 5.033e+02
s>                        ( - -5.383e+04 3 0 QUESTION9 -1 1.007e+03 2.521e+02)
s>                        ( - -5.508e+04 2 0 WDBNDRY_B 0 5.297e+02 2.512e+02))))))INFO: dtree.c(1478): Final simple tree
|( QUESTION10 -1 -7.536e+05 2.124e+03 3.586e+03
|    ( QUESTION2_4_L -1 -1.961e+05 8.452e+02 9.163e+02
|        ( - -2.365e+04 2 0)
|        ( QUESTION12 -1 -1.716e+05 5.432e+02 8.037e+02
|            ( QUESTION2_3_L -1 -6.748e+04 3.874e+02 3.207e+02
|                ( - -2.749e+04 1 0)
|                ( - -3.960e+04 1 0))
|            ( QUESTION11 -1 -1.036e+05 4.056e+02 4.830e+02
|                ( - -1.100e+04 1 0)
|                ( - -9.219e+04 1 0))))
|    ( QUESTION2_4_L -1 -5.554e+05 6.027e+02 2.669e+03
|        ( QUESTION2_6_L -1 -7.475e+04 4.180e+02 3.670e+02
|            ( - -5.120e+04 2 0)
|            ( - -2.312e+04 1 0))
|        ( - -4.800e+05 8 0 QUESTION2_2_L -1 3.479e+02 2.302e+03)))
s>    ( QUESTION10 -1 -7.536e+05 2.124e+03 3.586e+03
s>        ( QUESTION2_4_L -1 -1.961e+05 8.452e+02 9.163e+02
s>            ( - -2.365e+04 2 0)
s>            ( QUESTION12 -1 -1.716e+05 5.432e+02 8.037e+02
s>                ( QUESTION2_3_L -1 -6.748e+04 3.874e+02 3.207e+02
s>                    ( - -2.749e+04 1 0)
s>                    ( - -3.960e+04 1 0))
s>                ( QUESTION11 -1 -1.036e+05 4.056e+02 4.830e+02
s>                    ( - -1.100e+04 1 0)
s>                    ( - -9.219e+04 1 0))))
s>        ( QUESTION2_4_L -1 -5.554e+05 6.027e+02 2.669e+03
s>            ( QUESTION2_6_L -1 -7.475e+04 4.180e+02 3.670e+02
s>                ( - -5.120e+04 2 0)
s>                ( - -2.312e+04 1 0))
s>            ( - -4.800e+05 8 0 QUESTION2_2_L -1 3.479e+02 2.302e+03)))INFO: dtree.c(1315): Comp split 1
INFO: dtree.c(1478): Final simple tree
|( QUESTION0_10_R 1 -3.483e+05 2.166e+03 1.547e+03
|    ( QUESTION0_13_R 1 -1.143e+05 1.425e+03 5.071e+02
|        ( - -5.752e+04 2 0)
|        ( QUESTION0_11_R 1 -5.535e+04 9.185e+02 2.496e+02
|            ( - -1.769e+04 1 0)
|            ( - -3.674e+04 1 0)))
|    ( QUESTION9 1 -2.318e+05 1.321e+03 1.040e+03
|        ( QUESTION6 -1 -1.754e+05 1.152e+03 7.891e+02
|            ( - -2.245e+04 1 0)
|            ( QUESTION2_2_L -1 -1.518e+05 1.000e+03 6.895e+02
|                ( - -2.913e+04 2 0 QUESTION0_0_R 1 4.846e+02 1.333e+02)
|                ( QUESTION9 -1 -1.217e+05 6.459e+02 5.561e+02
|                    ( - -7.510e+04 3 0)
|                    ( - -4.595e+04 2 0 QUESTION0_0_R 1 6.284e+02 2.089e+02))))
|        ( - -5.508e+04 2 0 WDBNDRY_B 0 5.297e+02 2.512e+02)))
s>    ( QUESTION0_10_R 1 -3.483e+05 2.166e+03 1.547e+03
s>        ( QUESTION0_13_R 1 -1.143e+05 1.425e+03 5.071e+02
s>            ( - -5.752e+04 2 0)
s>            ( QUESTION0_11_R 1 -5.535e+04 9.185e+02 2.496e+02
s>                ( - -1.769e+04 1 0)
s>                ( - -3.674e+04 1 0)))
s>        ( QUESTION9 1 -2.318e+05 1.321e+03 1.040e+03
s>            ( QUESTION6 -1 -1.754e+05 1.152e+03 7.891e+02
s>                ( - -2.245e+04 1 0)
s>                ( QUESTION2_2_L -1 -1.518e+05 1.000e+03 6.895e+02
s>                    ( - -2.913e+04 2 0 QUESTION0_0_R 1 4.846e+02 1.333e+02)
s>                    ( QUESTION9 -1 -1.217e+05 6.459e+02 5.561e+02
s>                        ( - -7.510e+04 3 0)
s>                        ( - -4.595e+04 2 0 QUESTION0_0_R 1 6.284e+02 2.089e+02))))
s>            ( - -5.508e+04 2 0 WDBNDRY_B 0 5.297e+02 2.512e+02)))INFO: dtree.c(1478): Final simple tree
|( QUESTION11 1 -3.772e+05 2.063e+03 1.721e+03
|    ( QUESTION4 -1 -1.969e+05 1.612e+03 9.096e+02
|        ( - -3.514e+04 1 0)
|        ( WDBNDRY_B 0 -1.601e+05 1.366e+03 7.490e+02
|            ( - -4.633e+04 1 0)
|            ( QUESTION0_4_R 1 -1.124e+05 9.846e+02 5.250e+02
|                ( - -4.425e+04 2 0 QUESTION11 -1 3.443e+02 2.121e+02)
|                ( QUESTION10 -1 -6.720e+04 1.288e+03 3.128e+02
|                    ( - -2.526e+04 1 0)
|                    ( !QUESTION0_0_R 1 -4.066e+04 1.292e+03 1.875e+02
|                        ( - -2.387e+04 2 0 QUESTION2 -1 2.129e+02 1.154e+02)
|                        ( - -1.550e+04 1 0))))))
|    ( QUESTION2 1 -1.782e+05 9.495e+02 8.116e+02
|        ( - -3.564e+04 1 0)
|        ( - -1.416e+05 3 0 QUESTION4 -1 6.097e+02 6.473e+02)))
s>    ( QUESTION11 1 -3.772e+05 2.063e+03 1.721e+03
s>        ( QUESTION4 -1 -1.969e+05 1.612e+03 9.096e+02
s>            ( - -3.514e+04 1 0)
s>            ( WDBNDRY_B 0 -1.601e+05 1.366e+03 7.490e+02
s>                ( - -4.633e+04 1 0)
s>                ( QUESTION0_4_R 1 -1.124e+05 9.846e+02 5.250e+02
s>                    ( - -4.425e+04 2 0 QUESTION11 -1 3.443e+02 2.121e+02)
s>                    ( QUESTION10 -1 -6.720e+04 1.288e+03 3.128e+02
s>                        ( - -2.526e+04 1 0)
s>                        ( !QUESTION0_0_R 1 -4.066e+04 1.292e+03 1.875e+02
s>                            ( - -2.387e+04 2 0 QUESTION2 -1 2.129e+02 1.154e+02)
s>                            ( - -1.550e+04 1 0))))))
s>        ( QUESTION2 1 -1.782e+05 9.495e+02 8.116e+02
s>            ( - -3.564e+04 1 0)
s>            ( - -1.416e+05 3 0 QUESTION4 -1 6.097e+02 6.473e+02)))INFO: dtree.c(1315): Comp split 2
INFO: dtree.c(1439): stop. leaf nodes are specific
INFO: dtree.c(1478): Final simple tree
|( QUESTION0_0_R 1 -6.912e+04 1.011e+03 3.275e+02
|    ( QUESTION11 -1 -4.425e+04 3.443e+02 2.121e+02
|        ( - -1.930e+04 1 0)
|        ( - -2.460e+04 1 0))
|    ( QUESTION2 -1 -2.387e+04 2.129e+02 1.154e+02
|        ( - -1.255e+04 1 0)
|        ( - -1.110e+04 1 0)))
s>    ( QUESTION0_0_R 1 -6.912e+04 1.011e+03 3.275e+02
s>        ( QUESTION11 -1 -4.425e+04 3.443e+02 2.121e+02
s>            ( - -1.930e+04 1 0)
s>            ( - -2.460e+04 1 0))
s>        ( QUESTION2 -1 -2.387e+04 2.129e+02 1.154e+02
s>            ( - -1.255e+04 1 0)
s>            ( - -1.110e+04 1 0)))INFO: dtree.c(1439): stop. leaf nodes are specific
INFO: dtree.c(1478): Final simple tree
|( QUESTION2 -1 -3.042e+05 1.423e+03 1.394e+03
|    ( QUESTION5 -1 -2.144e+05 1.023e+03 9.722e+02
|        ( - -3.514e+04 1 0)
|        ( QUESTION2 1 -1.782e+05 9.495e+02 8.116e+02
|            ( - -3.564e+04 1 0)
|            ( QUESTION4 -1 -1.416e+05 6.097e+02 6.473e+02
|                ( - -3.660e+04 1 0)
|                ( - -1.044e+05 2 0))))
|    ( WDBNDRY_B 0 -8.839e+04 7.378e+02 4.215e+02
|        ( - -4.633e+04 1 0)
|        ( QUESTION0_0_R 1 -4.132e+04 5.658e+02 1.975e+02
|            ( - -1.550e+04 1 0)
|            ( - -2.526e+04 1 0))))
s>    ( QUESTION2 -1 -3.042e+05 1.423e+03 1.394e+03
s>        ( QUESTION5 -1 -2.144e+05 1.023e+03 9.722e+02
s>            ( - -3.514e+04 1 0)
s>            ( QUESTION2 1 -1.782e+05 9.495e+02 8.116e+02
s>                ( - -3.564e+04 1 0)
s>                ( QUESTION4 -1 -1.416e+05 6.097e+02 6.473e+02
s>                    ( - -3.660e+04 1 0)
s>                    ( - -1.044e+05 2 0))))
s>        ( WDBNDRY_B 0 -8.839e+04 7.378e+02 4.215e+02
s>            ( - -4.633e+04 1 0)
s>            ( QUESTION0_0_R 1 -4.132e+04 5.658e+02 1.975e+02
s>                ( - -1.550e+04 1 0)
s>                ( - -2.526e+04 1 0))))INFO: dtree.c(1315): Comp split 3
INFO: dtree.c(1478): Final simple tree
|( QUESTION19 1 -2.459e+05 1.419e+03 1.110e+03
|    ( WDBNDRY_B 0 -5.508e+04 5.297e+02 2.512e+02
|        ( - -2.657e+04 1 0)
|        ( - -2.798e+04 1 0))
|    ( QUESTION2_2_L -1 -1.894e+05 1.107e+03 8.585e+02
|        ( QUESTION0_0_R 1 -2.913e+04 4.846e+02 1.333e+02
|            ( - -1.505e+04 1 0)
|            ( - -1.360e+04 1 0))
|        ( QUESTION2 -1 -1.592e+05 7.902e+02 7.252e+02
|            ( !QUESTION0_10_R 1 -6.272e+04 5.638e+02 2.867e+02
|                ( - -2.542e+04 1 0)
|                ( - -3.674e+04 1 0))
|            ( QUESTION0_0_R 1 -9.564e+04 6.405e+02 4.385e+02
|                ( - -1.990e+04 1 0)
|                ( - -7.510e+04 3 0)))))
s>    ( QUESTION19 1 -2.459e+05 1.419e+03 1.110e+03
s>        ( WDBNDRY_B 0 -5.508e+04 5.297e+02 2.512e+02
s>            ( - -2.657e+04 1 0)
s>            ( - -2.798e+04 1 0))
s>        ( QUESTION2_2_L -1 -1.894e+05 1.107e+03 8.585e+02
s>            ( QUESTION0_0_R 1 -2.913e+04 4.846e+02 1.333e+02
s>                ( - -1.505e+04 1 0)
s>                ( - -1.360e+04 1 0))
s>            ( QUESTION2 -1 -1.592e+05 7.902e+02 7.252e+02
s>                ( !QUESTION0_10_R 1 -6.272e+04 5.638e+02 2.867e+02
s>                    ( - -2.542e+04 1 0)
s>                    ( - -3.674e+04 1 0))
s>                ( QUESTION0_0_R 1 -9.564e+04 6.405e+02 4.385e+02
s>                    ( - -1.990e+04 1 0)
s>                    ( - -7.510e+04 3 0)))))INFO: dtree.c(1439): stop. leaf nodes are specific
INFO: dtree.c(1478): Final simple tree
|( QUESTION0_11_R 1 -9.932e+04 1.132e+03 4.377e+02
|    ( - -1.769e+04 1 0)
|    ( QUESTION0_10_R 1 -8.050e+04 5.334e+02 3.571e+02
|        ( - -5.752e+04 2 0)
|        ( - -2.245e+04 1 0)))
s>    ( QUESTION0_11_R 1 -9.932e+04 1.132e+03 4.377e+02
s>        ( - -1.769e+04 1 0)
s>        ( QUESTION0_10_R 1 -8.050e+04 5.334e+02 3.571e+02
s>            ( - -5.752e+04 2 0)
s>            ( - -2.245e+04 1 0)))INFO: dtree.c(1315): Comp split 4
INFO: dtree.c(1478): Final simple tree
|( QUESTION2_4_L -1 -6.232e+05 6.072e+02 2.990e+03
|    ( QUESTION2_6_L -1 -7.475e+04 4.180e+02 3.670e+02
|        ( - -5.120e+04 2 0)
|        ( - -2.312e+04 1 0))
|    ( QUESTION2_11_L -1 -5.479e+05 4.080e+02 2.623e+03
|        ( - -2.749e+04 1 0)
|        ( QUESTION2_3_L -1 -5.200e+05 3.564e+02 2.492e+03
|            ( - -6.601e+04 1 0)
|            ( QUESTION10 -1 -4.536e+05 2.947e+02 2.173e+03
|                ( - -3.960e+04 1 0)
|                ( !QUESTION2_2_L -1 -4.137e+05 2.783e+02 1.983e+03
|                    ( QUESTION2 -1 -1.945e+05 3.352e+02 9.346e+02
|                        ( - -7.900e+04 1 0)
|                        ( - -1.151e+05 3 0))
|                    ( - -2.190e+05 3 0))))))
s>    ( QUESTION2_4_L -1 -6.232e+05 6.072e+02 2.990e+03
s>        ( QUESTION2_6_L -1 -7.475e+04 4.180e+02 3.670e+02
s>            ( - -5.120e+04 2 0)
s>            ( - -2.312e+04 1 0))
s>        ( QUESTION2_11_L -1 -5.479e+05 4.080e+02 2.623e+03
s>            ( - -2.749e+04 1 0)
s>            ( QUESTION2_3_L -1 -5.200e+05 3.564e+02 2.492e+03
s>                ( - -6.601e+04 1 0)
s>                ( QUESTION10 -1 -4.536e+05 2.947e+02 2.173e+03
s>                    ( - -3.960e+04 1 0)
s>                    ( !QUESTION2_2_L -1 -4.137e+05 2.783e+02 1.983e+03
s>                        ( QUESTION2 -1 -1.945e+05 3.352e+02 9.346e+02
s>                            ( - -7.900e+04 1 0)
s>                            ( - -1.151e+05 3 0))
s>                        ( - -2.190e+05 3 0))))))INFO: dtree.c(1439): stop. leaf nodes are specific
INFO: dtree.c(1478): Final simple tree
|( QUESTION2_3_L -1 -1.279e+05 8.012e+02 5.956e+02
|    ( QUESTION11 -1 -3.495e+04 3.046e+02 1.638e+02
|        ( - -1.100e+04 1 0)
|        ( - -2.365e+04 2 0))
|    ( - -9.219e+04 1 0))
s>    ( QUESTION2_3_L -1 -1.279e+05 8.012e+02 5.956e+02
s>        ( QUESTION11 -1 -3.495e+04 3.046e+02 1.638e+02
s>            ( - -1.100e+04 1 0)
s>            ( - -2.365e+04 2 0))
s>        ( - -9.219e+04 1 0))INFO: dtree.c(1315): Comp split 5
INFO: dtree.c(1439): stop. leaf nodes are specific
INFO: dtree.c(1478): Final simple tree
|( QUESTION2 -1 -1.386e+05 8.016e+02 6.339e+02
|    ( !QUESTION0_10_R 1 -6.272e+04 5.638e+02 2.867e+02
|        ( - -2.542e+04 1 0)
|        ( - -3.674e+04 1 0))
|    ( - -7.510e+04 3 0))
s>    ( QUESTION2 -1 -1.386e+05 8.016e+02 6.339e+02
s>        ( !QUESTION0_10_R 1 -6.272e+04 5.638e+02 2.867e+02
s>            ( - -2.542e+04 1 0)
s>            ( - -3.674e+04 1 0))
s>        ( - -7.510e+04 3 0))INFO: dtree.c(1439): stop. leaf nodes are specific
INFO: dtree.c(1478): Final simple tree
|( QUESTION9 1 -1.056e+05 9.547e+02 4.758e+02
|    ( QUESTION0_0_R 1 -4.956e+04 5.636e+02 2.246e+02
|        ( QUESTION9 -1 -3.540e+04 4.469e+02 1.622e+02
|            ( - -1.505e+04 1 0)
|            ( - -1.990e+04 1 0))
|        ( - -1.360e+04 1 0))
|    ( WDBNDRY_B 0 -5.508e+04 5.297e+02 2.512e+02
|        ( - -2.657e+04 1 0)
|        ( - -2.798e+04 1 0)))
s>    ( QUESTION9 1 -1.056e+05 9.547e+02 4.758e+02
s>        ( QUESTION0_0_R 1 -4.956e+04 5.636e+02 2.246e+02
s>            ( QUESTION9 -1 -3.540e+04 4.469e+02 1.622e+02
s>                ( - -1.505e+04 1 0)
s>                ( - -1.990e+04 1 0))
s>            ( - -1.360e+04 1 0))
s>        ( WDBNDRY_B 0 -5.508e+04 5.297e+02 2.512e+02
s>            ( - -2.657e+04 1 0)
s>            ( - -2.798e+04 1 0)))INFO: dtree.c(1315): Comp split 6
INFO: dtree.c(1439): stop. leaf nodes are specific
INFO: dtree.c(1478): Final simple tree
|( QUESTION5 -1 -2.303e+05 1.017e+03 1.044e+03
|    ( - -3.514e+04 1 0)
|    ( QUESTION2 1 -1.941e+05 9.719e+02 8.837e+02
|        ( - -3.564e+04 1 0)
|        ( QUESTION4 -1 -1.575e+05 6.068e+02 7.194e+02
|            ( - -3.660e+04 1 0)
|            ( QUESTION0_0_R 1 -1.203e+05 3.759e+02 5.491e+02
|                ( - -1.550e+04 1 0)
|                ( - -1.044e+05 2 0)))))
s>    ( QUESTION5 -1 -2.303e+05 1.017e+03 1.044e+03
s>        ( - -3.514e+04 1 0)
s>        ( QUESTION2 1 -1.941e+05 9.719e+02 8.837e+02
s>            ( - -3.564e+04 1 0)
s>            ( QUESTION4 -1 -1.575e+05 6.068e+02 7.194e+02
s>                ( - -3.660e+04 1 0)
s>                ( QUESTION0_0_R 1 -1.203e+05 3.759e+02 5.491e+02
s>                    ( - -1.550e+04 1 0)
s>                    ( - -1.044e+05 2 0)))))INFO: dtree.c(1439): stop. leaf nodes are specific
INFO: dtree.c(1478): Final simple tree
|( WDBNDRY_B 0 -7.236e+04 7.781e+02 3.493e+02
|    ( - -4.633e+04 1 0)
|    ( - -2.526e+04 1 0))
s>    ( WDBNDRY_B 0 -7.236e+04 7.781e+02 3.493e+02
s>        ( - -4.633e+04 1 0)
s>        ( - -2.526e+04 1 0))INFO: dtree.c(1315): Comp split 7
INFO: dtree.c(1439): stop. leaf nodes are specific
INFO: dtree.c(1478): Final simple tree
|( QUESTION0_10_R 1 -8.050e+04 5.334e+02 3.571e+02
|    ( - -5.752e+04 2 0)
|    ( - -2.245e+04 1 0))
s>    ( QUESTION0_10_R 1 -8.050e+04 5.334e+02 3.571e+02
s>        ( - -5.752e+04 2 0)
s>        ( - -2.245e+04 1 0))INFO: dtree.c(1315): Comp split 8
INFO: dtree.c(1439): stop. leaf nodes are specific
INFO: dtree.c(1478): Final simple tree
|( QUESTION2 1 -1.941e+05 9.719e+02 8.837e+02
|    ( - -3.564e+04 1 0)
|    ( QUESTION4 -1 -1.575e+05 6.068e+02 7.194e+02
|        ( - -3.660e+04 1 0)
|        ( QUESTION0_0_R 1 -1.203e+05 3.759e+02 5.491e+02
|            ( - -1.550e+04 1 0)
|            ( - -1.044e+05 2 0))))
s>    ( QUESTION2 1 -1.941e+05 9.719e+02 8.837e+02
s>        ( - -3.564e+04 1 0)
s>        ( QUESTION4 -1 -1.575e+05 6.068e+02 7.194e+02
s>            ( - -3.660e+04 1 0)
s>            ( QUESTION0_0_R 1 -1.203e+05 3.759e+02 5.491e+02
s>                ( - -1.550e+04 1 0)
s>                ( - -1.044e+05 2 0))))INFO: dtree.c(1315): Comp split 9
INFO: dtree.c(1439): stop. leaf nodes are specific
INFO: dtree.c(1478): Final simple tree
|( QUESTION2 -1 -2.387e+04 2.129e+02 1.154e+02
|    ( - -1.255e+04 1 0)
|    ( - -1.110e+04 1 0))
s>    ( QUESTION2 -1 -2.387e+04 2.129e+02 1.154e+02
s>        ( - -1.255e+04 1 0)
s>        ( - -1.110e+04 1 0))INFO: dtree.c(1439): stop. leaf nodes are specific
INFO: dtree.c(1478): Final simple tree
|( QUESTION11 -1 -4.425e+04 3.443e+02 2.121e+02
|    ( - -1.930e+04 1 0)
|    ( - -2.460e+04 1 0))
s>    ( QUESTION11 -1 -4.425e+04 3.443e+02 2.121e+02
s>        ( - -1.930e+04 1 0)
s>        ( - -2.460e+04 1 0))INFO: dtree.c(1315): Comp split 10
INFO: dtree.c(1439): stop. leaf nodes are specific
INFO: dtree.c(1478): Final simple tree
|( QUESTION4 -1 -1.575e+05 6.068e+02 7.194e+02
|    ( - -3.660e+04 1 0)
|    ( QUESTION0_0_R 1 -1.203e+05 3.759e+02 5.491e+02
|        ( - -1.550e+04 1 0)
|        ( - -1.044e+05 2 0)))
s>    ( QUESTION4 -1 -1.575e+05 6.068e+02 7.194e+02
s>        ( - -3.660e+04 1 0)
s>        ( QUESTION0_0_R 1 -1.203e+05 3.759e+02 5.491e+02
s>            ( - -1.550e+04 1 0)
s>            ( - -1.044e+05 2 0)))INFO: dtree.c(1315): Comp split 11
INFO: dtree.c(1439): stop. leaf nodes are specific
INFO: dtree.c(1478): Final simple tree
|( WDBNDRY_B 0 -5.508e+04 5.297e+02 2.512e+02
|    ( - -2.657e+04 1 0)
|    ( - -2.798e+04 1 0))
s>    ( WDBNDRY_B 0 -5.508e+04 5.297e+02 2.512e+02
s>        ( - -2.657e+04 1 0)
s>        ( - -2.798e+04 1 0))INFO: dtree.c(1439): stop. leaf nodes are specific
INFO: dtree.c(1478): Final simple tree
|( QUESTION0_0_R 1 -4.956e+04 5.636e+02 2.246e+02
|    ( QUESTION9 -1 -3.540e+04 4.469e+02 1.622e+02
|        ( - -1.505e+04 1 0)
|        ( - -1.990e+04 1 0))
|    ( - -1.360e+04 1 0))
s>    ( QUESTION0_0_R 1 -4.956e+04 5.636e+02 2.246e+02
s>        ( QUESTION9 -1 -3.540e+04 4.469e+02 1.622e+02
s>            ( - -1.505e+04 1 0)
s>            ( - -1.990e+04 1 0))
s>        ( - -1.360e+04 1 0))INFO: dtree.c(1315): Comp split 12
INFO: dtree.c(1439): stop. leaf nodes are specific
INFO: dtree.c(1478): Final simple tree
|( !QUESTION0_10_R 1 -6.272e+04 5.638e+02 2.867e+02
|    ( - -2.542e+04 1 0)
|    ( - -3.674e+04 1 0))
s>    ( !QUESTION0_10_R 1 -6.272e+04 5.638e+02 2.867e+02
s>        ( - -2.542e+04 1 0)
s>        ( - -3.674e+04 1 0))INFO: dtree.c(1315): Comp split 13
INFO: dtree.c(1439): stop. leaf nodes are specific
INFO: dtree.c(1478): Final simple tree
|( QUESTION11 -1 -3.495e+04 3.046e+02 1.638e+02
|    ( - -1.100e+04 1 0)
|    ( - -2.365e+04 2 0))
s>    ( QUESTION11 -1 -3.495e+04 3.046e+02 1.638e+02
s>        ( - -1.100e+04 1 0)
s>        ( - -2.365e+04 2 0))INFO: dtree.c(1315): Comp split 14
INFO: dtree.c(1315): Comp split 15
INFO: dtree.c(1439): stop. leaf nodes are specific
INFO: dtree.c(1478): Final simple tree
|( QUESTION2_11_L -1 -5.479e+05 4.080e+02 2.623e+03
|    ( - -2.749e+04 1 0)
|    ( QUESTION2_3_L -1 -5.200e+05 3.564e+02 2.492e+03
|        ( - -6.601e+04 1 0)
|        ( QUESTION10 -1 -4.536e+05 2.947e+02 2.173e+03
|            ( - -3.960e+04 1 0)
|            ( !QUESTION2_2_L -1 -4.137e+05 2.783e+02 1.983e+03
|                ( QUESTION2 -1 -1.945e+05 3.352e+02 9.346e+02
|                    ( - -7.900e+04 1 0)
|                    ( - -1.151e+05 3 0))
|                ( - -2.190e+05 3 0)))))
s>    ( QUESTION2_11_L -1 -5.479e+05 4.080e+02 2.623e+03
s>        ( - -2.749e+04 1 0)
s>        ( QUESTION2_3_L -1 -5.200e+05 3.564e+02 2.492e+03
s>            ( - -6.601e+04 1 0)
s>            ( QUESTION10 -1 -4.536e+05 2.947e+02 2.173e+03
s>                ( - -3.960e+04 1 0)
s>                ( !QUESTION2_2_L -1 -4.137e+05 2.783e+02 1.983e+03
s>                    ( QUESTION2 -1 -1.945e+05 3.352e+02 9.346e+02
s>                        ( - -7.900e+04 1 0)
s>                        ( - -1.151e+05 3 0))
s>                    ( - -2.190e+05 3 0)))))INFO: dtree.c(1439): stop. leaf nodes are specific
INFO: dtree.c(1478): Final simple tree
|( QUESTION2_6_L -1 -7.475e+04 4.180e+02 3.670e+02
|    ( - -5.120e+04 2 0)
|    ( - -2.312e+04 1 0))
s>    ( QUESTION2_6_L -1 -7.475e+04 4.180e+02 3.670e+02
s>        ( - -5.120e+04 2 0)
s>        ( - -2.312e+04 1 0))INFO: dtree.c(1315): Comp split 16
INFO: dtree.c(1439): stop. leaf nodes are specific
INFO: dtree.c(1478): Final simple tree
|( QUESTION0_0_R 1 -1.203e+05 3.759e+02 5.491e+02
|    ( - -1.550e+04 1 0)
|    ( - -1.044e+05 2 0))
s>    ( QUESTION0_0_R 1 -1.203e+05 3.759e+02 5.491e+02
s>        ( - -1.550e+04 1 0)
s>        ( - -1.044e+05 2 0))INFO: dtree.c(1315): Comp split 17
INFO: dtree.c(1315): Comp split 18
INFO: dtree.c(1439): stop. leaf nodes are specific
INFO: dtree.c(1478): Final simple tree
|( QUESTION9 -1 -3.540e+04 4.469e+02 1.622e+02
|    ( - -1.505e+04 1 0)
|    ( - -1.990e+04 1 0))
s>    ( QUESTION9 -1 -3.540e+04 4.469e+02 1.622e+02
s>        ( - -1.505e+04 1 0)
s>        ( - -1.990e+04 1 0))INFO: dtree.c(1315): Comp split 19
INFO: dtree.c(1315): Comp split 20
INFO: dtree.c(1315): Comp split 21
INFO: dtree.c(1439): stop. leaf nodes are specific
INFO: dtree.c(1478): Final simple tree
|( QUESTION9 -1 -1.550e+05 2.691e+02 7.478e+02
|    ( - -1.151e+05 3 0)
|    ( - -3.960e+04 1 0))
s>    ( QUESTION9 -1 -1.550e+05 2.691e+02 7.478e+02
s>        ( - -1.151e+05 3 0)
s>        ( - -3.960e+04 1 0))INFO: dtree.c(1439): stop. leaf nodes are specific
INFO: dtree.c(1478): Final simple tree
|( !QUESTION10 -1 -3.924e+05 3.783e+02 1.875e+03
|    ( QUESTION2_3_L -1 -3.645e+05 3.028e+02 1.745e+03
|        ( - -6.601e+04 1 0)
|        ( QUESTION2 -1 -2.982e+05 2.474e+02 1.425e+03
|            ( - -7.900e+04 1 0)
|            ( - -2.190e+05 3 0)))
|    ( - -2.749e+04 1 0))
s>    ( !QUESTION10 -1 -3.924e+05 3.783e+02 1.875e+03
s>        ( QUESTION2_3_L -1 -3.645e+05 3.028e+02 1.745e+03
s>            ( - -6.601e+04 1 0)
s>            ( QUESTION2 -1 -2.982e+05 2.474e+02 1.425e+03
s>                ( - -7.900e+04 1 0)
s>                ( - -2.190e+05 3 0)))
s>        ( - -2.749e+04 1 0))INFO: dtree.c(1315): Comp split 22
INFO: dtree.c(1315): Comp split 23
INFO: dtree.c(1315): Comp split 24
INFO: dtree.c(1439): stop. leaf nodes are specific
INFO: dtree.c(1478): Final simple tree
|( QUESTION2_3_L -1 -3.645e+05 3.028e+02 1.745e+03
|    ( - -6.601e+04 1 0)
|    ( QUESTION2 -1 -2.982e+05 2.474e+02 1.425e+03
|        ( - -7.900e+04 1 0)
|        ( - -2.190e+05 3 0)))
s>    ( QUESTION2_3_L -1 -3.645e+05 3.028e+02 1.745e+03
s>        ( - -6.601e+04 1 0)
s>        ( QUESTION2 -1 -2.982e+05 2.474e+02 1.425e+03
s>            ( - -7.900e+04 1 0)
s>            ( - -2.190e+05 3 0)))INFO: dtree.c(1315): Comp split 25
INFO: dtree.c(1315): Comp split 26
INFO: dtree.c(1315): Comp split 27
INFO: dtree.c(1315): Comp split 28
INFO: dtree.c(1439): stop. leaf nodes are specific
INFO: dtree.c(1478): Final simple tree
|( QUESTION2 -1 -2.982e+05 2.474e+02 1.425e+03
|    ( - -7.900e+04 1 0)
|    ( - -2.190e+05 3 0))
s>    ( QUESTION2 -1 -2.982e+05 2.474e+02 1.425e+03
s>        ( - -7.900e+04 1 0)
s>        ( - -2.190e+05 3 0))INFO: dtree.c(1315): Comp split 29
INFO: dtree.c(1315): Comp split 30
INFO: dtree.c(1315): Comp split 31
INFO: dtree.c(1315): Comp split 32
INFO: dtree.c(1318): stop. leaf nodes are specific
!!!!!!!!Allocated 67 lines
Mon Nov  3 11:36:22 2014
