INFO: cmd_ln.c(696): Parsing command line:
/usr/local/libexec/sphinxtrain/bldtree \
	-treefn /home/sumu/aammango/trees/aammango.unpruned/uu-2.dtree \
	-moddeffn /home/sumu/aammango/model_architecture/aammango.untied.mdef \
	-mixwfn /home/sumu/aammango/model_parameters/aammango.cd_cont_untied/mixture_weights \
	-ts2cbfn .cont. \
	-mwfloor 1e-08 \
	-psetfn /home/sumu/aammango/model_architecture/aammango.tree_questions \
	-phone uu \
	-state 2 \
	-stwt 1.0,0.05,0.0 \
	-meanfn /home/sumu/aammango/model_parameters/aammango.cd_cont_untied/means \
	-varfn /home/sumu/aammango/model_parameters/aammango.cd_cont_untied/variances \
	-fullvar no \
	-ssplitmin 1 \
	-ssplitmax 7 \
	-ssplitthr 0 \
	-csplitmin 1 \
	-csplitmax 2000 \
	-csplitthr 0 

Current configuration:
[NAME]		[DEFLT]	[VALUE]
-allphones	no	no
-cntthresh	0.00001	1.000000e-05
-csplitmax	100	2000
-csplitmin	1	1
-csplitthr	8e-4	0.000000e+00
-example	no	no
-fullvar	no	no
-help		no	no
-meanfn			/home/sumu/aammango/model_parameters/aammango.cd_cont_untied/means
-mixwfn			/home/sumu/aammango/model_parameters/aammango.cd_cont_untied/mixture_weights
-moddeffn		/home/sumu/aammango/model_architecture/aammango.untied.mdef
-mwfloor	1e-4	1.000000e-08
-phone			uu
-psetfn			/home/sumu/aammango/model_architecture/aammango.tree_questions
-ssplitmax	5	7
-ssplitmin	1	1
-ssplitthr	8e-4	0.000000e+00
-state			2
-stwt			1.0,0.05,0.0,
-treefn			/home/sumu/aammango/trees/aammango.unpruned/uu-2.dtree
-ts2cbfn	.semi.	.cont.
-varfloor	0.00001	1.000000e-05
-varfn			/home/sumu/aammango/model_parameters/aammango.cd_cont_untied/variances

INFO: main.c(223): Reading: /home/sumu/aammango/model_architecture/aammango.untied.mdef
INFO: model_def_io.c(573): Model definition info:
INFO: model_def_io.c(574): 435 total models defined (69 base, 366 tri)
INFO: model_def_io.c(575): 1740 total states
INFO: model_def_io.c(576): 1305 total tied states
INFO: model_def_io.c(577): 207 total tied CI states
INFO: model_def_io.c(578): 69 total tied transition matrices
INFO: model_def_io.c(579): 4 max state/model
INFO: model_def_io.c(580): 4 min state/model
INFO: main.c(242): Building trees for [uu g l i] through [uu t r i]
INFO: main.c(269): Covering states |[1242 1262]| == 21
INFO: main.c(275): Reading: /home/sumu/aammango/model_parameters/aammango.cd_cont_untied/mixture_weights
INFO: s3mixw_io.c(173): Read /home/sumu/aammango/model_parameters/aammango.cd_cont_untied/mixture_weights [21x1x1 array]
INFO: main.c(311): 7 of 7 models have observation count greater than 0.000010
INFO: main.c(95): nrm stwt: 0.000 0.048 0.952 
INFO: s3gau_io.c(169): Read /home/sumu/aammango/model_parameters/aammango.cd_cont_untied/means [1305x1x1 array]
INFO: s3gau_io.c(169): Read /home/sumu/aammango/model_parameters/aammango.cd_cont_untied/variances [1305x1x1 array]
INFO: main.c(549): Reading: /home/sumu/aammango/model_architecture/aammango.tree_questions
INFO: main.c(588): 176 total simple questions (168 phone; 8 word bndry)
INFO: main.c(590): 42 Left Only questions, and 42 Right Only questions
INFO: dtree.c(1439): stop. leaf nodes are specific
INFO: dtree.c(1478): Final simple tree
|( QUESTION0_0_R 1 -1.493e+05 4.198e+03 6.741e+02
|    ( QUESTION0_1_R 1 -9.380e+04 7.343e+02 4.450e+02
|        ( QUESTION9 -1 -7.933e+04 3.121e+02 3.815e+02
|            ( - -2.986e+04 1 0)
|            ( - -4.916e+04 1 0))
|        ( - -1.374e+04 1 0))
|    ( QUESTION9 1 -5.131e+04 1.625e+03 2.290e+02
|        ( QUESTION7 -1 -3.832e+04 4.946e+02 1.710e+02
|            ( - -1.066e+04 1 0)
|            ( QUESTION2 -1 -2.717e+04 4.317e+02 1.207e+02
|                ( - -1.472e+04 1 0)
|                ( - -1.202e+04 1 0)))
|        ( - -1.137e+04 1 0)))
s>    ( QUESTION0_0_R 1 -1.493e+05 4.198e+03 6.741e+02
s>        ( QUESTION0_1_R 1 -9.380e+04 7.343e+02 4.450e+02
s>            ( QUESTION9 -1 -7.933e+04 3.121e+02 3.815e+02
s>                ( - -2.986e+04 1 0)
s>                ( - -4.916e+04 1 0))
s>            ( - -1.374e+04 1 0))
s>        ( QUESTION9 1 -5.131e+04 1.625e+03 2.290e+02
s>            ( QUESTION7 -1 -3.832e+04 4.946e+02 1.710e+02
s>                ( - -1.066e+04 1 0)
s>                ( QUESTION2 -1 -2.717e+04 4.317e+02 1.207e+02
s>                    ( - -1.472e+04 1 0)
s>                    ( - -1.202e+04 1 0)))
s>            ( - -1.137e+04 1 0)))INFO: dtree.c(1315): Comp split 0
INFO: dtree.c(1439): stop. leaf nodes are specific
INFO: dtree.c(1478): Final simple tree
|( QUESTION9 1 -5.131e+04 1.625e+03 2.290e+02
|    ( QUESTION7 -1 -3.832e+04 4.946e+02 1.710e+02
|        ( - -1.066e+04 1 0)
|        ( QUESTION2 -1 -2.717e+04 4.317e+02 1.207e+02
|            ( - -1.472e+04 1 0)
|            ( - -1.202e+04 1 0)))
|    ( - -1.137e+04 1 0))
s>    ( QUESTION9 1 -5.131e+04 1.625e+03 2.290e+02
s>        ( QUESTION7 -1 -3.832e+04 4.946e+02 1.710e+02
s>            ( - -1.066e+04 1 0)
s>            ( QUESTION2 -1 -2.717e+04 4.317e+02 1.207e+02
s>                ( - -1.472e+04 1 0)
s>                ( - -1.202e+04 1 0)))
s>        ( - -1.137e+04 1 0))INFO: dtree.c(1439): stop. leaf nodes are specific
INFO: dtree.c(1478): Final simple tree
|( QUESTION0_1_R 1 -9.380e+04 7.343e+02 4.450e+02
|    ( QUESTION9 -1 -7.933e+04 3.121e+02 3.815e+02
|        ( - -2.986e+04 1 0)
|        ( - -4.916e+04 1 0))
|    ( - -1.374e+04 1 0))
s>    ( QUESTION0_1_R 1 -9.380e+04 7.343e+02 4.450e+02
s>        ( QUESTION9 -1 -7.933e+04 3.121e+02 3.815e+02
s>            ( - -2.986e+04 1 0)
s>            ( - -4.916e+04 1 0))
s>        ( - -1.374e+04 1 0))INFO: dtree.c(1315): Comp split 1
INFO: dtree.c(1439): stop. leaf nodes are specific
INFO: dtree.c(1478): Final simple tree
|( QUESTION7 -1 -3.832e+04 4.946e+02 1.710e+02
|    ( - -1.066e+04 1 0)
|    ( QUESTION2 -1 -2.717e+04 4.317e+02 1.207e+02
|        ( - -1.472e+04 1 0)
|        ( - -1.202e+04 1 0)))
s>    ( QUESTION7 -1 -3.832e+04 4.946e+02 1.710e+02
s>        ( - -1.066e+04 1 0)
s>        ( QUESTION2 -1 -2.717e+04 4.317e+02 1.207e+02
s>            ( - -1.472e+04 1 0)
s>            ( - -1.202e+04 1 0)))INFO: dtree.c(1315): Comp split 2
INFO: dtree.c(1439): stop. leaf nodes are specific
INFO: dtree.c(1478): Final simple tree
|( QUESTION9 -1 -7.933e+04 3.121e+02 3.815e+02
|    ( - -2.986e+04 1 0)
|    ( - -4.916e+04 1 0))
s>    ( QUESTION9 -1 -7.933e+04 3.121e+02 3.815e+02
s>        ( - -2.986e+04 1 0)
s>        ( - -4.916e+04 1 0))INFO: dtree.c(1315): Comp split 3
INFO: dtree.c(1439): stop. leaf nodes are specific
INFO: dtree.c(1478): Final simple tree
|( QUESTION2 -1 -2.717e+04 4.317e+02 1.207e+02
|    ( - -1.472e+04 1 0)
|    ( - -1.202e+04 1 0))
s>    ( QUESTION2 -1 -2.717e+04 4.317e+02 1.207e+02
s>        ( - -1.472e+04 1 0)
s>        ( - -1.202e+04 1 0))INFO: dtree.c(1315): Comp split 4
INFO: dtree.c(1315): Comp split 5
INFO: dtree.c(1315): Comp split 6
INFO: dtree.c(1318): stop. leaf nodes are specific
!!!!!!!!Allocated 67 lines
Mon Nov  3 11:36:25 2014
