INFO: cmd_ln.c(696): Parsing command line:
/usr/local/libexec/sphinxtrain/bldtree \
	-treefn /home/sumu/aammango/trees/aammango.unpruned/b-2.dtree \
	-moddeffn /home/sumu/aammango/model_architecture/aammango.untied.mdef \
	-mixwfn /home/sumu/aammango/model_parameters/aammango.cd_cont_untied/mixture_weights \
	-ts2cbfn .cont. \
	-mwfloor 1e-08 \
	-psetfn /home/sumu/aammango/model_architecture/aammango.tree_questions \
	-phone b \
	-state 2 \
	-stwt 1.0,0.05,0.0 \
	-meanfn /home/sumu/aammango/model_parameters/aammango.cd_cont_untied/means \
	-varfn /home/sumu/aammango/model_parameters/aammango.cd_cont_untied/variances \
	-fullvar no \
	-ssplitmin 1 \
	-ssplitmax 7 \
	-ssplitthr 0 \
	-csplitmin 1 \
	-csplitmax 2000 \
	-csplitthr 0 

Current configuration:
[NAME]		[DEFLT]	[VALUE]
-allphones	no	no
-cntthresh	0.00001	1.000000e-05
-csplitmax	100	2000
-csplitmin	1	1
-csplitthr	8e-4	0.000000e+00
-example	no	no
-fullvar	no	no
-help		no	no
-meanfn			/home/sumu/aammango/model_parameters/aammango.cd_cont_untied/means
-mixwfn			/home/sumu/aammango/model_parameters/aammango.cd_cont_untied/mixture_weights
-moddeffn		/home/sumu/aammango/model_architecture/aammango.untied.mdef
-mwfloor	1e-4	1.000000e-08
-phone			b
-psetfn			/home/sumu/aammango/model_architecture/aammango.tree_questions
-ssplitmax	5	7
-ssplitmin	1	1
-ssplitthr	8e-4	0.000000e+00
-state			2
-stwt			1.0,0.05,0.0,
-treefn			/home/sumu/aammango/trees/aammango.unpruned/b-2.dtree
-ts2cbfn	.semi.	.cont.
-varfloor	0.00001	1.000000e-05
-varfn			/home/sumu/aammango/model_parameters/aammango.cd_cont_untied/variances

INFO: main.c(223): Reading: /home/sumu/aammango/model_architecture/aammango.untied.mdef
INFO: model_def_io.c(573): Model definition info:
INFO: model_def_io.c(574): 435 total models defined (69 base, 366 tri)
INFO: model_def_io.c(575): 1740 total states
INFO: model_def_io.c(576): 1305 total tied states
INFO: model_def_io.c(577): 207 total tied CI states
INFO: model_def_io.c(578): 69 total tied transition matrices
INFO: model_def_io.c(579): 4 max state/model
INFO: model_def_io.c(580): 4 min state/model
INFO: main.c(242): Building trees for [b SIL a b] through [b o ii i]
INFO: main.c(269): Covering states |[519 548]| == 30
INFO: main.c(275): Reading: /home/sumu/aammango/model_parameters/aammango.cd_cont_untied/mixture_weights
INFO: s3mixw_io.c(173): Read /home/sumu/aammango/model_parameters/aammango.cd_cont_untied/mixture_weights [30x1x1 array]
INFO: main.c(311): 10 of 10 models have observation count greater than 0.000010
INFO: main.c(95): nrm stwt: 0.000 0.048 0.952 
INFO: s3gau_io.c(169): Read /home/sumu/aammango/model_parameters/aammango.cd_cont_untied/means [1305x1x1 array]
INFO: s3gau_io.c(169): Read /home/sumu/aammango/model_parameters/aammango.cd_cont_untied/variances [1305x1x1 array]
INFO: main.c(549): Reading: /home/sumu/aammango/model_architecture/aammango.tree_questions
INFO: main.c(588): 176 total simple questions (168 phone; 8 word bndry)
INFO: main.c(590): 42 Left Only questions, and 42 Right Only questions
INFO: dtree.c(1478): Final simple tree
|( QUESTION2 1 -2.924e+05 2.916e+03 1.349e+03
|    ( - -1.431e+05 1 0)
|    ( QUESTION0_8_R 1 -1.464e+05 2.281e+03 6.685e+02
|        ( WDBNDRY_B 0 -6.122e+04 5.226e+02 2.913e+02
|            ( - -2.818e+04 2 0 QUESTION11 1 3.595e+02 1.330e+02)
|            ( - -3.252e+04 2 0 !QUESTION12 -1 2.826e+02 1.582e+02))
|        ( !QUESTION19 1 -8.290e+04 1.034e+03 3.772e+02
|            ( QUESTION2_17_L -1 -6.538e+04 1.060e+03 3.003e+02
|                ( QUESTION0_0_R 1 -1.879e+04 5.236e+02 8.923e+01
|                    ( - -1.251e+04 1 0)
|                    ( - -5.761e+03 1 0))
|                ( WDBNDRY_B 0 -4.553e+04 4.954e+02 2.111e+02
|                    ( - -3.066e+04 1 0)
|                    ( - -1.437e+04 1 0)))
|            ( - -1.649e+04 1 0))))
s>    ( QUESTION2 1 -2.924e+05 2.916e+03 1.349e+03
s>        ( - -1.431e+05 1 0)
s>        ( QUESTION0_8_R 1 -1.464e+05 2.281e+03 6.685e+02
s>            ( WDBNDRY_B 0 -6.122e+04 5.226e+02 2.913e+02
s>                ( - -2.818e+04 2 0 QUESTION11 1 3.595e+02 1.330e+02)
s>                ( - -3.252e+04 2 0 !QUESTION12 -1 2.826e+02 1.582e+02))
s>            ( !QUESTION19 1 -8.290e+04 1.034e+03 3.772e+02
s>                ( QUESTION2_17_L -1 -6.538e+04 1.060e+03 3.003e+02
s>                    ( QUESTION0_0_R 1 -1.879e+04 5.236e+02 8.923e+01
s>                        ( - -1.251e+04 1 0)
s>                        ( - -5.761e+03 1 0))
s>                    ( WDBNDRY_B 0 -4.553e+04 4.954e+02 2.111e+02
s>                        ( - -3.066e+04 1 0)
s>                        ( - -1.437e+04 1 0)))
s>                ( - -1.649e+04 1 0))))INFO: dtree.c(1315): Comp split 0
INFO: dtree.c(1478): Final simple tree
|( QUESTION0_8_R 1 -1.464e+05 2.281e+03 6.685e+02
|    ( WDBNDRY_B 0 -6.122e+04 5.226e+02 2.913e+02
|        ( QUESTION11 1 -2.818e+04 3.595e+02 1.330e+02
|            ( - -1.541e+04 1 0)
|            ( - -1.242e+04 1 0))
|        ( - -3.252e+04 2 0 !QUESTION12 -1 2.826e+02 1.582e+02))
|    ( !QUESTION19 1 -8.290e+04 1.034e+03 3.772e+02
|        ( QUESTION2_17_L -1 -6.538e+04 1.060e+03 3.003e+02
|            ( QUESTION0_0_R 1 -1.879e+04 5.236e+02 8.923e+01
|                ( - -1.251e+04 1 0)
|                ( - -5.761e+03 1 0))
|            ( WDBNDRY_B 0 -4.553e+04 4.954e+02 2.111e+02
|                ( - -3.066e+04 1 0)
|                ( - -1.437e+04 1 0)))
|        ( - -1.649e+04 1 0)))
s>    ( QUESTION0_8_R 1 -1.464e+05 2.281e+03 6.685e+02
s>        ( WDBNDRY_B 0 -6.122e+04 5.226e+02 2.913e+02
s>            ( QUESTION11 1 -2.818e+04 3.595e+02 1.330e+02
s>                ( - -1.541e+04 1 0)
s>                ( - -1.242e+04 1 0))
s>            ( - -3.252e+04 2 0 !QUESTION12 -1 2.826e+02 1.582e+02))
s>        ( !QUESTION19 1 -8.290e+04 1.034e+03 3.772e+02
s>            ( QUESTION2_17_L -1 -6.538e+04 1.060e+03 3.003e+02
s>                ( QUESTION0_0_R 1 -1.879e+04 5.236e+02 8.923e+01
s>                    ( - -1.251e+04 1 0)
s>                    ( - -5.761e+03 1 0))
s>                ( WDBNDRY_B 0 -4.553e+04 4.954e+02 2.111e+02
s>                    ( - -3.066e+04 1 0)
s>                    ( - -1.437e+04 1 0)))
s>            ( - -1.649e+04 1 0)))INFO: dtree.c(1315): Comp split 1
INFO: dtree.c(1439): stop. leaf nodes are specific
INFO: dtree.c(1478): Final simple tree
|( !QUESTION8 -1 -5.895e+04 9.143e+02 2.729e+02
|    ( WDBNDRY_B 0 -4.553e+04 4.954e+02 2.111e+02
|        ( - -3.066e+04 1 0)
|        ( - -1.437e+04 1 0))
|    ( - -1.251e+04 1 0))
s>    ( !QUESTION8 -1 -5.895e+04 9.143e+02 2.729e+02
s>        ( WDBNDRY_B 0 -4.553e+04 4.954e+02 2.111e+02
s>            ( - -3.066e+04 1 0)
s>            ( - -1.437e+04 1 0))
s>        ( - -1.251e+04 1 0))INFO: dtree.c(1439): stop. leaf nodes are specific
INFO: dtree.c(1478): Final simple tree
|( QUESTION0_0_R 1 -8.488e+04 8.410e+02 3.956e+02
|    ( WDBNDRY_B 0 -6.122e+04 5.226e+02 2.913e+02
|        ( QUESTION11 1 -2.818e+04 3.595e+02 1.330e+02
|            ( - -1.541e+04 1 0)
|            ( - -1.242e+04 1 0))
|        ( !QUESTION12 -1 -3.252e+04 2.826e+02 1.582e+02
|            ( - -1.597e+04 1 0)
|            ( - -1.626e+04 1 0)))
|    ( WDBNDRY_B 0 -2.282e+04 5.678e+02 1.043e+02
|        ( - -1.649e+04 1 0)
|        ( - -5.761e+03 1 0)))
s>    ( QUESTION0_0_R 1 -8.488e+04 8.410e+02 3.956e+02
s>        ( WDBNDRY_B 0 -6.122e+04 5.226e+02 2.913e+02
s>            ( QUESTION11 1 -2.818e+04 3.595e+02 1.330e+02
s>                ( - -1.541e+04 1 0)
s>                ( - -1.242e+04 1 0))
s>            ( !QUESTION12 -1 -3.252e+04 2.826e+02 1.582e+02
s>                ( - -1.597e+04 1 0)
s>                ( - -1.626e+04 1 0)))
s>        ( WDBNDRY_B 0 -2.282e+04 5.678e+02 1.043e+02
s>            ( - -1.649e+04 1 0)
s>            ( - -5.761e+03 1 0)))INFO: dtree.c(1315): Comp split 2
INFO: dtree.c(1439): stop. leaf nodes are specific
INFO: dtree.c(1478): Final simple tree
|( WDBNDRY_B 0 -4.553e+04 4.954e+02 2.111e+02
|    ( - -3.066e+04 1 0)
|    ( - -1.437e+04 1 0))
s>    ( WDBNDRY_B 0 -4.553e+04 4.954e+02 2.111e+02
s>        ( - -3.066e+04 1 0)
s>        ( - -1.437e+04 1 0))INFO: dtree.c(1315): Comp split 3
INFO: dtree.c(1439): stop. leaf nodes are specific
INFO: dtree.c(1478): Final simple tree
|( WDBNDRY_B 0 -6.122e+04 5.226e+02 2.913e+02
|    ( QUESTION11 1 -2.818e+04 3.595e+02 1.330e+02
|        ( - -1.541e+04 1 0)
|        ( - -1.242e+04 1 0))
|    ( !QUESTION12 -1 -3.252e+04 2.826e+02 1.582e+02
|        ( - -1.597e+04 1 0)
|        ( - -1.626e+04 1 0)))
s>    ( WDBNDRY_B 0 -6.122e+04 5.226e+02 2.913e+02
s>        ( QUESTION11 1 -2.818e+04 3.595e+02 1.330e+02
s>            ( - -1.541e+04 1 0)
s>            ( - -1.242e+04 1 0))
s>        ( !QUESTION12 -1 -3.252e+04 2.826e+02 1.582e+02
s>            ( - -1.597e+04 1 0)
s>            ( - -1.626e+04 1 0)))INFO: dtree.c(1439): stop. leaf nodes are specific
INFO: dtree.c(1478): Final simple tree
|( WDBNDRY_B 0 -2.282e+04 5.678e+02 1.043e+02
|    ( - -1.649e+04 1 0)
|    ( - -5.761e+03 1 0))
s>    ( WDBNDRY_B 0 -2.282e+04 5.678e+02 1.043e+02
s>        ( - -1.649e+04 1 0)
s>        ( - -5.761e+03 1 0))INFO: dtree.c(1315): Comp split 4
INFO: dtree.c(1315): Comp split 5
INFO: dtree.c(1439): stop. leaf nodes are specific
INFO: dtree.c(1478): Final simple tree
|( !QUESTION12 -1 -3.252e+04 2.826e+02 1.582e+02
|    ( - -1.597e+04 1 0)
|    ( - -1.626e+04 1 0))
s>    ( !QUESTION12 -1 -3.252e+04 2.826e+02 1.582e+02
s>        ( - -1.597e+04 1 0)
s>        ( - -1.626e+04 1 0))INFO: dtree.c(1439): stop. leaf nodes are specific
INFO: dtree.c(1478): Final simple tree
|( QUESTION11 1 -2.818e+04 3.595e+02 1.330e+02
|    ( - -1.541e+04 1 0)
|    ( - -1.242e+04 1 0))
s>    ( QUESTION11 1 -2.818e+04 3.595e+02 1.330e+02
s>        ( - -1.541e+04 1 0)
s>        ( - -1.242e+04 1 0))INFO: dtree.c(1315): Comp split 6
INFO: dtree.c(1315): Comp split 7
INFO: dtree.c(1315): Comp split 8
INFO: dtree.c(1315): Comp split 9
INFO: dtree.c(1318): stop. leaf nodes are specific
!!!!!!!!Allocated 67 lines
Mon Nov  3 11:36:26 2014
