INFO: cmd_ln.c(696): Parsing command line:
/usr/local/libexec/sphinxtrain/bldtree \
	-treefn /home/sumu/aammango/trees/aammango.unpruned/m-2.dtree \
	-moddeffn /home/sumu/aammango/model_architecture/aammango.untied.mdef \
	-mixwfn /home/sumu/aammango/model_parameters/aammango.cd_cont_untied/mixture_weights \
	-ts2cbfn .cont. \
	-mwfloor 1e-08 \
	-psetfn /home/sumu/aammango/model_architecture/aammango.tree_questions \
	-phone m \
	-state 2 \
	-stwt 1.0,0.05,0.0 \
	-meanfn /home/sumu/aammango/model_parameters/aammango.cd_cont_untied/means \
	-varfn /home/sumu/aammango/model_parameters/aammango.cd_cont_untied/variances \
	-fullvar no \
	-ssplitmin 1 \
	-ssplitmax 7 \
	-ssplitthr 0 \
	-csplitmin 1 \
	-csplitmax 2000 \
	-csplitthr 0 

Current configuration:
[NAME]		[DEFLT]	[VALUE]
-allphones	no	no
-cntthresh	0.00001	1.000000e-05
-csplitmax	100	2000
-csplitmin	1	1
-csplitthr	8e-4	0.000000e+00
-example	no	no
-fullvar	no	no
-help		no	no
-meanfn			/home/sumu/aammango/model_parameters/aammango.cd_cont_untied/means
-mixwfn			/home/sumu/aammango/model_parameters/aammango.cd_cont_untied/mixture_weights
-moddeffn		/home/sumu/aammango/model_architecture/aammango.untied.mdef
-mwfloor	1e-4	1.000000e-08
-phone			m
-psetfn			/home/sumu/aammango/model_architecture/aammango.tree_questions
-ssplitmax	5	7
-ssplitmin	1	1
-ssplitthr	8e-4	0.000000e+00
-state			2
-stwt			1.0,0.05,0.0,
-treefn			/home/sumu/aammango/trees/aammango.unpruned/m-2.dtree
-ts2cbfn	.semi.	.cont.
-varfloor	0.00001	1.000000e-05
-varfn			/home/sumu/aammango/model_parameters/aammango.cd_cont_untied/variances

INFO: main.c(223): Reading: /home/sumu/aammango/model_architecture/aammango.untied.mdef
INFO: model_def_io.c(573): Model definition info:
INFO: model_def_io.c(574): 435 total models defined (69 base, 366 tri)
INFO: model_def_io.c(575): 1740 total states
INFO: model_def_io.c(576): 1305 total tied states
INFO: model_def_io.c(577): 207 total tied CI states
INFO: model_def_io.c(578): 69 total tied transition matrices
INFO: model_def_io.c(579): 4 max state/model
INFO: model_def_io.c(580): 4 min state/model
INFO: main.c(242): Building trees for [m SIL a b] through [m ii aa i]
INFO: main.c(269): Covering states |[828 851]| == 24
INFO: main.c(275): Reading: /home/sumu/aammango/model_parameters/aammango.cd_cont_untied/mixture_weights
INFO: s3mixw_io.c(173): Read /home/sumu/aammango/model_parameters/aammango.cd_cont_untied/mixture_weights [24x1x1 array]
INFO: main.c(311): 8 of 8 models have observation count greater than 0.000010
INFO: main.c(95): nrm stwt: 0.000 0.048 0.952 
INFO: s3gau_io.c(169): Read /home/sumu/aammango/model_parameters/aammango.cd_cont_untied/means [1305x1x1 array]
INFO: s3gau_io.c(169): Read /home/sumu/aammango/model_parameters/aammango.cd_cont_untied/variances [1305x1x1 array]
INFO: main.c(549): Reading: /home/sumu/aammango/model_architecture/aammango.tree_questions
INFO: main.c(588): 176 total simple questions (168 phone; 8 word bndry)
INFO: main.c(590): 42 Left Only questions, and 42 Right Only questions
INFO: dtree.c(1439): stop. leaf nodes are specific
INFO: dtree.c(1478): Final simple tree
|( QUESTION0_1_R 1 -2.281e+05 3.798e+03 1.034e+03
|    ( - -6.835e+04 1 0)
|    ( QUESTION0_8_R 1 -1.559e+05 1.742e+03 7.005e+02
|        ( QUESTION11 -1 -3.201e+04 3.691e+02 1.590e+02
|            ( - -1.902e+04 1 0)
|            ( - -1.262e+04 1 0))
|        ( !QUESTION2 1 -1.222e+05 8.404e+02 5.414e+02
|            ( !QUESTION0_0_R 1 -1.058e+05 6.096e+02 4.740e+02
|                ( !WDBNDRY_B 0 -9.331e+04 5.194e+02 4.178e+02
|                    ( - -1.064e+04 1 0)
|                    ( - -8.215e+04 2 0))
|                ( - -1.185e+04 1 0))
|            ( - -1.555e+04 1 0))))
s>    ( QUESTION0_1_R 1 -2.281e+05 3.798e+03 1.034e+03
s>        ( - -6.835e+04 1 0)
s>        ( QUESTION0_8_R 1 -1.559e+05 1.742e+03 7.005e+02
s>            ( QUESTION11 -1 -3.201e+04 3.691e+02 1.590e+02
s>                ( - -1.902e+04 1 0)
s>                ( - -1.262e+04 1 0))
s>            ( !QUESTION2 1 -1.222e+05 8.404e+02 5.414e+02
s>                ( !QUESTION0_0_R 1 -1.058e+05 6.096e+02 4.740e+02
s>                    ( !WDBNDRY_B 0 -9.331e+04 5.194e+02 4.178e+02
s>                        ( - -1.064e+04 1 0)
s>                        ( - -8.215e+04 2 0))
s>                    ( - -1.185e+04 1 0))
s>                ( - -1.555e+04 1 0))))INFO: dtree.c(1315): Comp split 0
INFO: dtree.c(1439): stop. leaf nodes are specific
INFO: dtree.c(1478): Final simple tree
|( QUESTION0_8_R 1 -1.559e+05 1.742e+03 7.005e+02
|    ( QUESTION11 -1 -3.201e+04 3.691e+02 1.590e+02
|        ( - -1.902e+04 1 0)
|        ( - -1.262e+04 1 0))
|    ( !QUESTION2 1 -1.222e+05 8.404e+02 5.414e+02
|        ( !QUESTION0_0_R 1 -1.058e+05 6.096e+02 4.740e+02
|            ( !WDBNDRY_B 0 -9.331e+04 5.194e+02 4.178e+02
|                ( - -1.064e+04 1 0)
|                ( - -8.215e+04 2 0))
|            ( - -1.185e+04 1 0))
|        ( - -1.555e+04 1 0)))
s>    ( QUESTION0_8_R 1 -1.559e+05 1.742e+03 7.005e+02
s>        ( QUESTION11 -1 -3.201e+04 3.691e+02 1.590e+02
s>            ( - -1.902e+04 1 0)
s>            ( - -1.262e+04 1 0))
s>        ( !QUESTION2 1 -1.222e+05 8.404e+02 5.414e+02
s>            ( !QUESTION0_0_R 1 -1.058e+05 6.096e+02 4.740e+02
s>                ( !WDBNDRY_B 0 -9.331e+04 5.194e+02 4.178e+02
s>                    ( - -1.064e+04 1 0)
s>                    ( - -8.215e+04 2 0))
s>                ( - -1.185e+04 1 0))
s>            ( - -1.555e+04 1 0)))INFO: dtree.c(1315): Comp split 1
INFO: dtree.c(1439): stop. leaf nodes are specific
INFO: dtree.c(1478): Final simple tree
|( !QUESTION2 1 -1.222e+05 8.404e+02 5.414e+02
|    ( !QUESTION0_0_R 1 -1.058e+05 6.096e+02 4.740e+02
|        ( !WDBNDRY_B 0 -9.331e+04 5.194e+02 4.178e+02
|            ( - -1.064e+04 1 0)
|            ( - -8.215e+04 2 0))
|        ( - -1.185e+04 1 0))
|    ( - -1.555e+04 1 0))
s>    ( !QUESTION2 1 -1.222e+05 8.404e+02 5.414e+02
s>        ( !QUESTION0_0_R 1 -1.058e+05 6.096e+02 4.740e+02
s>            ( !WDBNDRY_B 0 -9.331e+04 5.194e+02 4.178e+02
s>                ( - -1.064e+04 1 0)
s>                ( - -8.215e+04 2 0))
s>            ( - -1.185e+04 1 0))
s>        ( - -1.555e+04 1 0))INFO: dtree.c(1439): stop. leaf nodes are specific
INFO: dtree.c(1478): Final simple tree
|( QUESTION11 -1 -3.201e+04 3.691e+02 1.590e+02
|    ( - -1.902e+04 1 0)
|    ( - -1.262e+04 1 0))
s>    ( QUESTION11 -1 -3.201e+04 3.691e+02 1.590e+02
s>        ( - -1.902e+04 1 0)
s>        ( - -1.262e+04 1 0))INFO: dtree.c(1315): Comp split 2
INFO: dtree.c(1439): stop. leaf nodes are specific
INFO: dtree.c(1478): Final simple tree
|( !QUESTION0_0_R 1 -1.058e+05 6.096e+02 4.740e+02
|    ( !WDBNDRY_B 0 -9.331e+04 5.194e+02 4.178e+02
|        ( - -1.064e+04 1 0)
|        ( - -8.215e+04 2 0))
|    ( - -1.185e+04 1 0))
s>    ( !QUESTION0_0_R 1 -1.058e+05 6.096e+02 4.740e+02
s>        ( !WDBNDRY_B 0 -9.331e+04 5.194e+02 4.178e+02
s>            ( - -1.064e+04 1 0)
s>            ( - -8.215e+04 2 0))
s>        ( - -1.185e+04 1 0))INFO: dtree.c(1315): Comp split 3
INFO: dtree.c(1439): stop. leaf nodes are specific
INFO: dtree.c(1478): Final simple tree
|( !WDBNDRY_B 0 -9.331e+04 5.194e+02 4.178e+02
|    ( - -1.064e+04 1 0)
|    ( - -8.215e+04 2 0))
s>    ( !WDBNDRY_B 0 -9.331e+04 5.194e+02 4.178e+02
s>        ( - -1.064e+04 1 0)
s>        ( - -8.215e+04 2 0))INFO: dtree.c(1315): Comp split 4
INFO: dtree.c(1315): Comp split 5
INFO: dtree.c(1315): Comp split 6
INFO: dtree.c(1318): stop. leaf nodes are specific
!!!!!!!!Allocated 67 lines
Mon Nov  3 11:36:33 2014
