INFO: cmd_ln.c(696): Parsing command line:
/usr/local/libexec/sphinxtrain/bldtree \
	-treefn /home/sumu/aammango/trees/aammango.unpruned/o-1.dtree \
	-moddeffn /home/sumu/aammango/model_architecture/aammango.untied.mdef \
	-mixwfn /home/sumu/aammango/model_parameters/aammango.cd_cont_untied/mixture_weights \
	-ts2cbfn .cont. \
	-mwfloor 1e-08 \
	-psetfn /home/sumu/aammango/model_architecture/aammango.tree_questions \
	-phone o \
	-state 1 \
	-stwt 1.0,0.05,0.0 \
	-meanfn /home/sumu/aammango/model_parameters/aammango.cd_cont_untied/means \
	-varfn /home/sumu/aammango/model_parameters/aammango.cd_cont_untied/variances \
	-fullvar no \
	-ssplitmin 1 \
	-ssplitmax 7 \
	-ssplitthr 0 \
	-csplitmin 1 \
	-csplitmax 2000 \
	-csplitthr 0 

Current configuration:
[NAME]		[DEFLT]	[VALUE]
-allphones	no	no
-cntthresh	0.00001	1.000000e-05
-csplitmax	100	2000
-csplitmin	1	1
-csplitthr	8e-4	0.000000e+00
-example	no	no
-fullvar	no	no
-help		no	no
-meanfn			/home/sumu/aammango/model_parameters/aammango.cd_cont_untied/means
-mixwfn			/home/sumu/aammango/model_parameters/aammango.cd_cont_untied/mixture_weights
-moddeffn		/home/sumu/aammango/model_architecture/aammango.untied.mdef
-mwfloor	1e-4	1.000000e-08
-phone			o
-psetfn			/home/sumu/aammango/model_architecture/aammango.tree_questions
-ssplitmax	5	7
-ssplitmin	1	1
-ssplitthr	8e-4	0.000000e+00
-state			1
-stwt			1.0,0.05,0.0,
-treefn			/home/sumu/aammango/trees/aammango.unpruned/o-1.dtree
-ts2cbfn	.semi.	.cont.
-varfloor	0.00001	1.000000e-05
-varfn			/home/sumu/aammango/model_parameters/aammango.cd_cont_untied/variances

INFO: main.c(223): Reading: /home/sumu/aammango/model_architecture/aammango.untied.mdef
INFO: model_def_io.c(573): Model definition info:
INFO: model_def_io.c(574): 435 total models defined (69 base, 366 tri)
INFO: model_def_io.c(575): 1740 total states
INFO: model_def_io.c(576): 1305 total tied states
INFO: model_def_io.c(577): 207 total tied CI states
INFO: model_def_io.c(578): 69 total tied transition matrices
INFO: model_def_io.c(579): 4 max state/model
INFO: model_def_io.c(580): 4 min state/model
INFO: main.c(242): Building trees for [o b nd. i] through [o r t i]
INFO: main.c(269): Covering states |[930 968]| == 39
INFO: main.c(275): Reading: /home/sumu/aammango/model_parameters/aammango.cd_cont_untied/mixture_weights
INFO: s3mixw_io.c(173): Read /home/sumu/aammango/model_parameters/aammango.cd_cont_untied/mixture_weights [39x1x1 array]
INFO: main.c(311): 13 of 13 models have observation count greater than 0.000010
INFO: main.c(95): nrm stwt: 0.045 0.909 0.045 
INFO: s3gau_io.c(169): Read /home/sumu/aammango/model_parameters/aammango.cd_cont_untied/means [1305x1x1 array]
INFO: s3gau_io.c(169): Read /home/sumu/aammango/model_parameters/aammango.cd_cont_untied/variances [1305x1x1 array]
INFO: main.c(549): Reading: /home/sumu/aammango/model_architecture/aammango.tree_questions
INFO: main.c(588): 176 total simple questions (168 phone; 8 word bndry)
INFO: main.c(590): 42 Left Only questions, and 42 Right Only questions
INFO: dtree.c(1478): Final simple tree
|( QUESTION0_10_R 1 -2.154e+05 2.414e+03 8.727e+02
|    ( QUESTION0_11_R 1 -6.183e+04 6.860e+02 2.608e+02
|        ( - -3.973e+04 2 0 QUESTION2_2_L -1 2.594e+02 1.731e+02)
|        ( - -2.141e+04 1 0))
|    ( !QUESTION0_2_R 1 -1.512e+05 1.767e+03 6.119e+02
|        ( QUESTION2_2_L -1 -1.208e+05 1.260e+03 4.927e+02
|            ( QUESTION2 1 -4.617e+04 6.148e+02 1.952e+02
|                ( - -1.055e+04 1 0)
|                ( - -3.501e+04 2 0))
|            ( QUESTION2 -1 -7.340e+04 1.009e+03 2.974e+02
|                ( - -3.060e+04 2 0)
|                ( QUESTION9 1 -4.179e+04 1.092e+03 1.669e+02
|                    ( - -1.883e+04 1 0)
|                    ( - -2.187e+04 2 0 QUESTION0_0_R 1 6.141e+02 8.848e+01))))
|        ( - -2.858e+04 2 0 QUESTION0_3_R 1 5.886e+02 1.193e+02)))
s>    ( QUESTION0_10_R 1 -2.154e+05 2.414e+03 8.727e+02
s>        ( QUESTION0_11_R 1 -6.183e+04 6.860e+02 2.608e+02
s>            ( - -3.973e+04 2 0 QUESTION2_2_L -1 2.594e+02 1.731e+02)
s>            ( - -2.141e+04 1 0))
s>        ( !QUESTION0_2_R 1 -1.512e+05 1.767e+03 6.119e+02
s>            ( QUESTION2_2_L -1 -1.208e+05 1.260e+03 4.927e+02
s>                ( QUESTION2 1 -4.617e+04 6.148e+02 1.952e+02
s>                    ( - -1.055e+04 1 0)
s>                    ( - -3.501e+04 2 0))
s>                ( QUESTION2 -1 -7.340e+04 1.009e+03 2.974e+02
s>                    ( - -3.060e+04 2 0)
s>                    ( QUESTION9 1 -4.179e+04 1.092e+03 1.669e+02
s>                        ( - -1.883e+04 1 0)
s>                        ( - -2.187e+04 2 0 QUESTION0_0_R 1 6.141e+02 8.848e+01))))
s>            ( - -2.858e+04 2 0 QUESTION0_3_R 1 5.886e+02 1.193e+02)))INFO: dtree.c(1315): Comp split 0
INFO: dtree.c(1439): stop. leaf nodes are specific
INFO: dtree.c(1478): Final simple tree
|( !QUESTION0_0_R 1 -4.856e+04 1.144e+03 1.977e+02
|    ( - -1.883e+04 1 0)
|    ( QUESTION0_3_R 1 -2.858e+04 5.886e+02 1.193e+02
|        ( - -1.296e+04 1 0)
|        ( - -1.503e+04 1 0)))
s>    ( !QUESTION0_0_R 1 -4.856e+04 1.144e+03 1.977e+02
s>        ( - -1.883e+04 1 0)
s>        ( QUESTION0_3_R 1 -2.858e+04 5.886e+02 1.193e+02
s>            ( - -1.296e+04 1 0)
s>            ( - -1.503e+04 1 0)))INFO: dtree.c(1478): Final simple tree
|( QUESTION0_10_R 1 -1.634e+05 1.622e+03 6.750e+02
|    ( QUESTION0_11_R 1 -6.183e+04 6.860e+02 2.608e+02
|        ( QUESTION2_2_L -1 -3.973e+04 2.594e+02 1.731e+02
|            ( - -1.883e+04 1 0)
|            ( - -2.064e+04 1 0))
|        ( - -2.141e+04 1 0))
|    ( QUESTION10 1 -9.994e+04 9.101e+02 4.142e+02
|        ( - -8.692e+03 1 0)
|        ( QUESTION2 -1 -9.033e+04 5.896e+02 3.768e+02
|            ( - -3.060e+04 2 0)
|            ( QUESTION2 1 -5.914e+04 5.879e+02 2.463e+02
|                ( - -1.055e+04 1 0)
|                ( QUESTION0_0_R 1 -4.800e+04 4.357e+02 1.976e+02
|                    ( - -1.256e+04 1 0)
|                    ( - -3.501e+04 2 0))))))
s>    ( QUESTION0_10_R 1 -1.634e+05 1.622e+03 6.750e+02
s>        ( QUESTION0_11_R 1 -6.183e+04 6.860e+02 2.608e+02
s>            ( QUESTION2_2_L -1 -3.973e+04 2.594e+02 1.731e+02
s>                ( - -1.883e+04 1 0)
s>                ( - -2.064e+04 1 0))
s>            ( - -2.141e+04 1 0))
s>        ( QUESTION10 1 -9.994e+04 9.101e+02 4.142e+02
s>            ( - -8.692e+03 1 0)
s>            ( QUESTION2 -1 -9.033e+04 5.896e+02 3.768e+02
s>                ( - -3.060e+04 2 0)
s>                ( QUESTION2 1 -5.914e+04 5.879e+02 2.463e+02
s>                    ( - -1.055e+04 1 0)
s>                    ( QUESTION0_0_R 1 -4.800e+04 4.357e+02 1.976e+02
s>                        ( - -1.256e+04 1 0)
s>                        ( - -3.501e+04 2 0))))))INFO: dtree.c(1315): Comp split 1
INFO: dtree.c(1439): stop. leaf nodes are specific
INFO: dtree.c(1478): Final simple tree
|( QUESTION10 1 -9.994e+04 9.101e+02 4.142e+02
|    ( - -8.692e+03 1 0)
|    ( QUESTION2 -1 -9.033e+04 5.896e+02 3.768e+02
|        ( - -3.060e+04 2 0)
|        ( QUESTION2 1 -5.914e+04 5.879e+02 2.463e+02
|            ( - -1.055e+04 1 0)
|            ( QUESTION0_0_R 1 -4.800e+04 4.357e+02 1.976e+02
|                ( - -1.256e+04 1 0)
|                ( - -3.501e+04 2 0)))))
s>    ( QUESTION10 1 -9.994e+04 9.101e+02 4.142e+02
s>        ( - -8.692e+03 1 0)
s>        ( QUESTION2 -1 -9.033e+04 5.896e+02 3.768e+02
s>            ( - -3.060e+04 2 0)
s>            ( QUESTION2 1 -5.914e+04 5.879e+02 2.463e+02
s>                ( - -1.055e+04 1 0)
s>                ( QUESTION0_0_R 1 -4.800e+04 4.357e+02 1.976e+02
s>                    ( - -1.256e+04 1 0)
s>                    ( - -3.501e+04 2 0)))))INFO: dtree.c(1439): stop. leaf nodes are specific
INFO: dtree.c(1478): Final simple tree
|( QUESTION0_11_R 1 -6.183e+04 6.860e+02 2.608e+02
|    ( QUESTION2_2_L -1 -3.973e+04 2.594e+02 1.731e+02
|        ( - -1.883e+04 1 0)
|        ( - -2.064e+04 1 0))
|    ( - -2.141e+04 1 0))
s>    ( QUESTION0_11_R 1 -6.183e+04 6.860e+02 2.608e+02
s>        ( QUESTION2_2_L -1 -3.973e+04 2.594e+02 1.731e+02
s>            ( - -1.883e+04 1 0)
s>            ( - -2.064e+04 1 0))
s>        ( - -2.141e+04 1 0))INFO: dtree.c(1315): Comp split 2
INFO: dtree.c(1439): stop. leaf nodes are specific
INFO: dtree.c(1478): Final simple tree
|( QUESTION0_3_R 1 -2.858e+04 5.886e+02 1.193e+02
|    ( - -1.296e+04 1 0)
|    ( - -1.503e+04 1 0))
s>    ( QUESTION0_3_R 1 -2.858e+04 5.886e+02 1.193e+02
s>        ( - -1.296e+04 1 0)
s>        ( - -1.503e+04 1 0))INFO: dtree.c(1315): Comp split 3
INFO: dtree.c(1439): stop. leaf nodes are specific
INFO: dtree.c(1478): Final simple tree
|( QUESTION2 -1 -9.033e+04 5.896e+02 3.768e+02
|    ( - -3.060e+04 2 0)
|    ( QUESTION2 1 -5.914e+04 5.879e+02 2.463e+02
|        ( - -1.055e+04 1 0)
|        ( QUESTION0_0_R 1 -4.800e+04 4.357e+02 1.976e+02
|            ( - -1.256e+04 1 0)
|            ( - -3.501e+04 2 0))))
s>    ( QUESTION2 -1 -9.033e+04 5.896e+02 3.768e+02
s>        ( - -3.060e+04 2 0)
s>        ( QUESTION2 1 -5.914e+04 5.879e+02 2.463e+02
s>            ( - -1.055e+04 1 0)
s>            ( QUESTION0_0_R 1 -4.800e+04 4.357e+02 1.976e+02
s>                ( - -1.256e+04 1 0)
s>                ( - -3.501e+04 2 0))))INFO: dtree.c(1315): Comp split 4
INFO: dtree.c(1439): stop. leaf nodes are specific
INFO: dtree.c(1478): Final simple tree
|( QUESTION2_2_L -1 -3.973e+04 2.594e+02 1.731e+02
|    ( - -1.883e+04 1 0)
|    ( - -2.064e+04 1 0))
s>    ( QUESTION2_2_L -1 -3.973e+04 2.594e+02 1.731e+02
s>        ( - -1.883e+04 1 0)
s>        ( - -2.064e+04 1 0))INFO: dtree.c(1315): Comp split 5
INFO: dtree.c(1439): stop. leaf nodes are specific
INFO: dtree.c(1478): Final simple tree
|( QUESTION0_0_R 1 -4.800e+04 4.357e+02 1.976e+02
|    ( - -1.256e+04 1 0)
|    ( - -3.501e+04 2 0))
s>    ( QUESTION0_0_R 1 -4.800e+04 4.357e+02 1.976e+02
s>        ( - -1.256e+04 1 0)
s>        ( - -3.501e+04 2 0))INFO: dtree.c(1439): stop. leaf nodes are specific
INFO: dtree.c(1478): Final simple tree
|( QUESTION2 -1 -4.166e+04 5.027e+02 1.792e+02
|    ( - -3.060e+04 2 0)
|    ( - -1.055e+04 1 0))
s>    ( QUESTION2 -1 -4.166e+04 5.027e+02 1.792e+02
s>        ( - -3.060e+04 2 0)
s>        ( - -1.055e+04 1 0))INFO: dtree.c(1315): Comp split 6
INFO: dtree.c(1315): Comp split 7
INFO: dtree.c(1315): Comp split 8
INFO: dtree.c(1315): Comp split 9
INFO: dtree.c(1315): Comp split 10
INFO: dtree.c(1318): stop. leaf nodes are specific
!!!!!!!!Allocated 67 lines
Mon Nov  3 11:36:29 2014
