INFO: cmd_ln.c(696): Parsing command line:
/usr/local/libexec/sphinxtrain/mk_mdef_gen \
	-phnlstfn /home/sumu/aammango/model_architecture/aammango.phonelist \
	-oalltphnmdef /home/sumu/aammango/model_architecture/aammango.alltriphones.mdef \
	-dictfn /home/sumu/aammango/etc/aammango.dic \
	-fdictfn /home/sumu/aammango/etc/aammango.filler \
	-n_state_pm 3 

Current configuration:
[NAME]		[DEFLT]	[VALUE]
-dictfn			/home/sumu/aammango/etc/aammango.dic
-example	no	no
-fdictfn		/home/sumu/aammango/etc/aammango.filler
-help		no	no
-ignorewpos	no	no
-inCDmdef		
-inCImdef		
-lsnfn			
-maxtriphones	100000	100000
-minocc		1	1
-n_state_pm	3	3
-oalltphnmdef		/home/sumu/aammango/model_architecture/aammango.alltriphones.mdef
-ocimdef		
-ocountfn		
-ountiedmdef		
-phnlstfn		/home/sumu/aammango/model_architecture/aammango.phonelist
-triphnlstfn		

INFO: main.c(94): Will write alltriphone mdef file /home/sumu/aammango/model_architecture/aammango.alltriphones.mdef
INFO: mk_mdef_gen.c(189): 0 single word triphones in input phone list
INFO: mk_mdef_gen.c(190): 0 word beginning triphones in input phone list
INFO: mk_mdef_gen.c(191): 0 word internal triphones in input phone list
INFO: mk_mdef_gen.c(192): 0 word ending triphones in input phone list
INFO: mk_mdef_gen.c(280): Reading dict /home/sumu/aammango/etc/aammango.dic
INFO: mk_mdef_gen.c(322): 84 words in dict /home/sumu/aammango/etc/aammango.dic
INFO: mk_mdef_gen.c(280): Reading dict /home/sumu/aammango/etc/aammango.filler
INFO: mk_mdef_gen.c(322): 3 words in dict /home/sumu/aammango/etc/aammango.filler
INFO: mk_mdef_gen.c(442): 87 words in dictionary
INFO: mk_mdef_gen.c(443): 0 unique single word triphones in dictionary
INFO: mk_mdef_gen.c(444): 124 unique word beginning triphones in dictionary
INFO: mk_mdef_gen.c(445): 278 unique word internal triphones in dictionary
INFO: mk_mdef_gen.c(446): 754 unique word ending triphones in dictionary
INFO: mk_mdef_gen.c(897): 69 n_base, 1156 n_tri
INFO: mk_mdef_gen.c(969): Wrote mdef file /home/sumu/aammango/model_architecture/aammango.alltriphones.mdef
Mon Nov  3 11:36:39 2014
