INFO: cmd_ln.c(696): Parsing command line:
/usr/local/libexec/sphinxtrain/tiestate \
	-imoddeffn /home/sumu/aammango/model_architecture/aammango.alltriphones.mdef \
	-omoddeffn /home/sumu/aammango/model_architecture/aammango.200.mdef \
	-treedir /home/sumu/aammango/trees/aammango.200 \
	-psetfn /home/sumu/aammango/model_architecture/aammango.tree_questions 

Current configuration:
[NAME]		[DEFLT]	[VALUE]
-allphones	no	no
-example	no	no
-help		no	no
-imoddeffn		/home/sumu/aammango/model_architecture/aammango.alltriphones.mdef
-omoddeffn		/home/sumu/aammango/model_architecture/aammango.200.mdef
-psetfn			/home/sumu/aammango/model_architecture/aammango.tree_questions
-treedir		/home/sumu/aammango/trees/aammango.200

INFO: model_def_io.c(573): Model definition info:
INFO: model_def_io.c(574): 1225 total models defined (69 base, 1156 tri)
INFO: model_def_io.c(575): 4900 total states
INFO: model_def_io.c(576): 3675 total tied states
INFO: model_def_io.c(577): 207 total tied CI states
INFO: model_def_io.c(578): 69 total tied transition matrices
INFO: model_def_io.c(579): 4 max state/model
INFO: model_def_io.c(580): 4 min state/model
INFO: main.c(93): Reading: /home/sumu/aammango/model_architecture/aammango.tree_questions
INFO: main.c(124): I-0: offset 207
INFO: main.c(124): I-1: offset 208
INFO: main.c(124): I-2: offset 209
INFO: main.c(124): a-0: offset 210
INFO: main.c(124): a-1: offset 211
INFO: main.c(124): a-2: offset 212
INFO: main.c(124): aa-0: offset 213
INFO: main.c(124): aa-1: offset 214
INFO: main.c(124): aa-2: offset 215
INFO: main.c(124): aaa-0: offset 216
INFO: main.c(124): aaa-1: offset 217
INFO: main.c(124): aaa-2: offset 218
INFO: main.c(124): aam-0: offset 219
INFO: main.c(124): aam-1: offset 220
INFO: main.c(124): aam-2: offset 221
INFO: main.c(124): ach-0: offset 222
INFO: main.c(124): ach-1: offset 223
INFO: main.c(124): ach-2: offset 224
INFO: main.c(124): ae-0: offset 225
INFO: main.c(124): ae-1: offset 226
INFO: main.c(124): ae-2: offset 227
INFO: main.c(124): ap-0: offset 228
INFO: main.c(124): ap-1: offset 229
INFO: main.c(124): ap-2: offset 230
INFO: main.c(124): as-0: offset 231
INFO: main.c(124): as-1: offset 232
INFO: main.c(124): as-2: offset 233
INFO: main.c(124): au-0: offset 234
INFO: main.c(124): au-1: offset 235
INFO: main.c(124): au-2: offset 236
INFO: main.c(124): b-0: offset 237
INFO: main.c(124): b-1: offset 238
INFO: main.c(124): b-2: offset 239
INFO: main.c(124): b:h-0: offset 240
INFO: main.c(124): b:h-1: offset 241
INFO: main.c(124): b:h-2: offset 242
INFO: main.c(124): c:h-0: offset 243
INFO: main.c(124): c:h-1: offset 244
INFO: main.c(124): c:h-2: offset 245
INFO: main.c(124): ch-0: offset 246
INFO: main.c(124): ch-1: offset 247
INFO: main.c(124): ch-2: offset 248
INFO: main.c(124): ch:-0: offset 249
INFO: main.c(124): ch:-1: offset 250
INFO: main.c(124): ch:-2: offset 251
INFO: main.c(124): d-0: offset 252
INFO: main.c(124): d-1: offset 253
INFO: main.c(124): d-2: offset 254
INFO: main.c(124): d.-0: offset 255
INFO: main.c(124): d.-1: offset 256
INFO: main.c(124): d.-2: offset 257
INFO: main.c(124): e-0: offset 258
INFO: main.c(124): e-1: offset 259
INFO: main.c(124): e-2: offset 260
INFO: main.c(124): et-0: offset 261
INFO: main.c(124): et-1: offset 262
INFO: main.c(124): et-2: offset 263
INFO: main.c(124): g-0: offset 264
INFO: main.c(124): g-1: offset 265
INFO: main.c(124): g-2: offset 266
INFO: main.c(124): h-0: offset 267
INFO: main.c(124): h-1: offset 268
INFO: main.c(124): h-2: offset 269
INFO: main.c(124): i-0: offset 270
INFO: main.c(124): i-1: offset 271
INFO: main.c(124): i-2: offset 272
INFO: main.c(124): ii-0: offset 273
INFO: main.c(124): ii-1: offset 274
INFO: main.c(124): ii-2: offset 275
INFO: main.c(124): ik-0: offset 276
INFO: main.c(124): ik-1: offset 277
INFO: main.c(124): ik-2: offset 278
INFO: main.c(124): in:-0: offset 279
INFO: main.c(124): in:-1: offset 280
INFO: main.c(124): in:-2: offset 281
INFO: main.c(124): j-0: offset 282
INFO: main.c(124): j-1: offset 283
INFO: main.c(124): j-2: offset 284
INFO: main.c(124): k-0: offset 285
INFO: main.c(124): k-1: offset 286
INFO: main.c(124): k-2: offset 287
INFO: main.c(124): k:h-0: offset 288
INFO: main.c(124): k:h-1: offset 289
INFO: main.c(124): k:h-2: offset 290
INFO: main.c(124): l-0: offset 291
INFO: main.c(124): l-1: offset 292
INFO: main.c(124): l-2: offset 293
INFO: main.c(124): m-0: offset 294
INFO: main.c(124): m-1: offset 295
INFO: main.c(124): m-2: offset 296
INFO: main.c(124): m:b-0: offset 297
INFO: main.c(124): m:b-1: offset 298
INFO: main.c(124): m:b-2: offset 299
INFO: main.c(124): n-0: offset 300
INFO: main.c(124): n-1: offset 301
INFO: main.c(124): n-2: offset 302
INFO: main.c(124): n:ch-0: offset 303
INFO: main.c(124): n:ch-1: offset 304
INFO: main.c(124): n:ch-2: offset 305
INFO: main.c(124): n:d-0: offset 306
INFO: main.c(124): n:d-1: offset 307
INFO: main.c(124): n:d-2: offset 308
INFO: main.c(124): n:d.-0: offset 309
INFO: main.c(124): n:d.-1: offset 310
INFO: main.c(124): n:d.-2: offset 311
INFO: main.c(124): n:g-0: offset 312
INFO: main.c(124): n:g-1: offset 313
INFO: main.c(124): n:g-2: offset 314
INFO: main.c(124): n:p-0: offset 315
INFO: main.c(124): n:p-1: offset 316
INFO: main.c(124): n:p-2: offset 317
INFO: main.c(124): nch-0: offset 318
INFO: main.c(124): nch-1: offset 319
INFO: main.c(124): nch-2: offset 320
INFO: main.c(124): nd-0: offset 321
INFO: main.c(124): nd-1: offset 322
INFO: main.c(124): nd-2: offset 323
INFO: main.c(124): nd.-0: offset 324
INFO: main.c(124): nd.-1: offset 325
INFO: main.c(124): nd.-2: offset 326
INFO: main.c(124): nt:h-0: offset 327
INFO: main.c(124): nt:h-1: offset 328
INFO: main.c(124): nt:h-2: offset 329
INFO: main.c(124): o-0: offset 330
INFO: main.c(124): o-1: offset 331
INFO: main.c(124): o-2: offset 332
INFO: main.c(124): oo-0: offset 333
INFO: main.c(124): oo-1: offset 334
INFO: main.c(124): oo-2: offset 335
INFO: main.c(124): p-0: offset 336
INFO: main.c(124): p-1: offset 337
INFO: main.c(124): p-2: offset 338
INFO: main.c(124): ph-0: offset 339
INFO: main.c(124): ph-1: offset 340
INFO: main.c(124): ph-2: offset 341
INFO: main.c(124): phth-0: offset 342
INFO: main.c(124): phth-1: offset 343
INFO: main.c(124): phth-2: offset 344
INFO: main.c(124): py-0: offset 345
INFO: main.c(124): py-1: offset 346
INFO: main.c(124): py-2: offset 347
INFO: main.c(124): r-0: offset 348
INFO: main.c(124): r-1: offset 349
INFO: main.c(124): r-2: offset 350
INFO: main.c(124): r.-0: offset 351
INFO: main.c(124): r.-1: offset 352
INFO: main.c(124): r.-2: offset 353
INFO: main.c(124): r:e-0: offset 354
INFO: main.c(124): r:e-1: offset 355
INFO: main.c(124): r:e-2: offset 356
INFO: main.c(124): r:g-0: offset 357
INFO: main.c(124): r:g-1: offset 358
INFO: main.c(124): r:g-2: offset 359
INFO: main.c(124): rm-0: offset 360
INFO: main.c(124): rm-1: offset 361
INFO: main.c(124): rm-2: offset 362
INFO: main.c(124): s-0: offset 363
INFO: main.c(124): s-1: offset 364
INFO: main.c(124): s-2: offset 365
INFO: main.c(124): sh-0: offset 366
INFO: main.c(124): sh-1: offset 367
INFO: main.c(124): sh-2: offset 368
INFO: main.c(124): shth-0: offset 369
INFO: main.c(124): shth-1: offset 370
INFO: main.c(124): shth-2: offset 371
INFO: main.c(124): sp-0: offset 372
INFO: main.c(124): sp-1: offset 373
INFO: main.c(124): sp-2: offset 374
INFO: main.c(124): t-0: offset 375
INFO: main.c(124): t-1: offset 376
INFO: main.c(124): t-2: offset 377
INFO: main.c(124): t:h-0: offset 378
INFO: main.c(124): t:h-1: offset 379
INFO: main.c(124): t:h-2: offset 380
INFO: main.c(124): th-0: offset 381
INFO: main.c(124): th-1: offset 382
INFO: main.c(124): th-2: offset 383
INFO: main.c(124): ti-0: offset 384
INFO: main.c(124): ti-1: offset 385
INFO: main.c(124): ti-2: offset 386
INFO: main.c(124): u-0: offset 387
INFO: main.c(124): u-1: offset 388
INFO: main.c(124): u-2: offset 389
INFO: main.c(124): ul-0: offset 390
INFO: main.c(124): ul-1: offset 391
INFO: main.c(124): ul-2: offset 392
INFO: main.c(124): uth-0: offset 393
INFO: main.c(124): uth-1: offset 394
INFO: main.c(124): uth-2: offset 395
INFO: main.c(124): uu-0: offset 396
INFO: main.c(124): uu-1: offset 397
INFO: main.c(124): uu-2: offset 398
INFO: main.c(124): v-0: offset 399
INFO: main.c(124): v-1: offset 400
INFO: main.c(124): v-2: offset 401
INFO: main.c(124): w-0: offset 402
INFO: main.c(124): w-1: offset 403
INFO: main.c(124): w-2: offset 404
INFO: main.c(124): y-0: offset 405
INFO: main.c(124): y-1: offset 406
INFO: main.c(124): y-2: offset 407
INFO: main.c(124): z-0: offset 408
INFO: main.c(124): z-1: offset 409
INFO: main.c(124): z-2: offset 410
INFO: main.c(145): n_seno= 411
!!!!!!!!Allocated 67 lines
Mon Nov  3 11:36:39 2014
