INFO: cmd_ln.c(696): Parsing command line:
/usr/local/libexec/sphinxtrain/init_mixw \
	-src_moddeffn /home/sumu/aammango/model_architecture/aammango.ci.mdef \
	-src_ts2cbfn .cont. \
	-src_mixwfn /home/sumu/aammango/model_parameters/aammango.ci_cont/mixture_weights \
	-src_meanfn /home/sumu/aammango/model_parameters/aammango.ci_cont/means \
	-src_varfn /home/sumu/aammango/model_parameters/aammango.ci_cont/variances \
	-src_tmatfn /home/sumu/aammango/model_parameters/aammango.ci_cont/transition_matrices \
	-dest_moddeffn /home/sumu/aammango/model_architecture/aammango.untied.mdef \
	-dest_ts2cbfn .cont. \
	-dest_mixwfn /home/sumu/aammango/model_parameters/aammango.cd_cont_untied/mixture_weights \
	-dest_meanfn /home/sumu/aammango/model_parameters/aammango.cd_cont_untied/means \
	-dest_varfn /home/sumu/aammango/model_parameters/aammango.cd_cont_untied/variances \
	-dest_tmatfn /home/sumu/aammango/model_parameters/aammango.cd_cont_untied/transition_matrices \
	-fullvar no 

Current configuration:
[NAME]		[DEFLT]	[VALUE]
-dest_meanfn		/home/sumu/aammango/model_parameters/aammango.cd_cont_untied/means
-dest_mixwfn		/home/sumu/aammango/model_parameters/aammango.cd_cont_untied/mixture_weights
-dest_moddeffn		/home/sumu/aammango/model_architecture/aammango.untied.mdef
-dest_tmatfn		/home/sumu/aammango/model_parameters/aammango.cd_cont_untied/transition_matrices
-dest_ts2cbfn		.cont.
-dest_varfn		/home/sumu/aammango/model_parameters/aammango.cd_cont_untied/variances
-example	no	no
-fullvar	no	no
-help		no	no
-src_meanfn		/home/sumu/aammango/model_parameters/aammango.ci_cont/means
-src_mixwfn		/home/sumu/aammango/model_parameters/aammango.ci_cont/mixture_weights
-src_moddeffn		/home/sumu/aammango/model_architecture/aammango.ci.mdef
-src_tmatfn		/home/sumu/aammango/model_parameters/aammango.ci_cont/transition_matrices
-src_ts2cbfn		.cont.
-src_varfn		/home/sumu/aammango/model_parameters/aammango.ci_cont/variances

INFO: main.c(262): Reading src /home/sumu/aammango/model_architecture/aammango.ci.mdef
INFO: model_def_io.c(573): Model definition info:
INFO: model_def_io.c(574): 69 total models defined (69 base, 0 tri)
INFO: model_def_io.c(575): 276 total states
INFO: model_def_io.c(576): 207 total tied states
INFO: model_def_io.c(577): 207 total tied CI states
INFO: model_def_io.c(578): 69 total tied transition matrices
INFO: model_def_io.c(579): 4 max state/model
INFO: model_def_io.c(580): 4 min state/model
INFO: main.c(279): Generating continous ts2cb mapping
INFO: main.c(300): Reading src /home/sumu/aammango/model_parameters/aammango.ci_cont/mixture_weights
INFO: s3mixw_io.c(117): Read /home/sumu/aammango/model_parameters/aammango.ci_cont/mixture_weights [207x1x1 array]
INFO: main.c(310): Reading src /home/sumu/aammango/model_parameters/aammango.ci_cont/transition_matrices
INFO: s3tmat_io.c(118): Read /home/sumu/aammango/model_parameters/aammango.ci_cont/transition_matrices [69x3x4 array]
INFO: main.c(319): Reading src /home/sumu/aammango/model_parameters/aammango.ci_cont/means
INFO: s3gau_io.c(169): Read /home/sumu/aammango/model_parameters/aammango.ci_cont/means [207x1x1 array]
INFO: main.c(343): Reading src /home/sumu/aammango/model_parameters/aammango.ci_cont/variances
INFO: s3gau_io.c(169): Read /home/sumu/aammango/model_parameters/aammango.ci_cont/variances [207x1x1 array]
INFO: main.c(392): Reading dest /home/sumu/aammango/model_architecture/aammango.untied.mdef
INFO: model_def_io.c(573): Model definition info:
INFO: model_def_io.c(574): 435 total models defined (69 base, 366 tri)
INFO: model_def_io.c(575): 1740 total states
INFO: model_def_io.c(576): 1305 total tied states
INFO: model_def_io.c(577): 207 total tied CI states
INFO: model_def_io.c(578): 69 total tied transition matrices
INFO: model_def_io.c(579): 4 max state/model
INFO: model_def_io.c(580): 4 min state/model
INFO: main.c(408): Generating continous ts2cb mapping
INFO: main.c(432): Calculating initial model parameters
INFO: main.c(440): Alloc 69x3x4 dest tmat
INFO: main.c(451): Alloc 1305x1x1 dest mixw
INFO: main.c(464): Alloc 1305x1x1 dest mean and var
         I <- I         : [tm     0 +=     0]
[mx     0(0) +=     0] [mg     0(0) <-     0] [mx     1(1) +=     1] [mg     1(1) <-     1] [mx     2(2) +=     2] [mg     2(2) <-     2] 
       SIL <- SIL       : [tm     1 +=     1]
[mx     3(0) +=     3] [mg     3(0) <-     3] [mx     4(1) +=     4] [mg     4(1) <-     4] [mx     5(2) +=     5] [mg     5(2) <-     5] 
         a <- a         : [tm     2 +=     2]
[mx     6(0) +=     6] [mg     6(0) <-     6] [mx     7(1) +=     7] [mg     7(1) <-     7] [mx     8(2) +=     8] [mg     8(2) <-     8] 
        aa <- aa        : [tm     3 +=     3]
[mx     9(0) +=     9] [mg     9(0) <-     9] [mx    10(1) +=    10] [mg    10(1) <-    10] [mx    11(2) +=    11] [mg    11(2) <-    11] 
       aaa <- aaa       : [tm     4 +=     4]
[mx    12(0) +=    12] [mg    12(0) <-    12] [mx    13(1) +=    13] [mg    13(1) <-    13] [mx    14(2) +=    14] [mg    14(2) <-    14] 
       aam <- aam       : [tm     5 +=     5]
[mx    15(0) +=    15] [mg    15(0) <-    15] [mx    16(1) +=    16] [mg    16(1) <-    16] [mx    17(2) +=    17] [mg    17(2) <-    17] 
       ach <- ach       : [tm     6 +=     6]
[mx    18(0) +=    18] [mg    18(0) <-    18] [mx    19(1) +=    19] [mg    19(1) <-    19] [mx    20(2) +=    20] [mg    20(2) <-    20] 
        ae <- ae        : [tm     7 +=     7]
[mx    21(0) +=    21] [mg    21(0) <-    21] [mx    22(1) +=    22] [mg    22(1) <-    22] [mx    23(2) +=    23] [mg    23(2) <-    23] 
        ap <- ap        : [tm     8 +=     8]
[mx    24(0) +=    24] [mg    24(0) <-    24] [mx    25(1) +=    25] [mg    25(1) <-    25] [mx    26(2) +=    26] [mg    26(2) <-    26] 
        as <- as        : [tm     9 +=     9]
[mx    27(0) +=    27] [mg    27(0) <-    27] [mx    28(1) +=    28] [mg    28(1) <-    28] [mx    29(2) +=    29] [mg    29(2) <-    29] 
        au <- au        : [tm    10 +=    10]
[mx    30(0) +=    30] [mg    30(0) <-    30] [mx    31(1) +=    31] [mg    31(1) <-    31] [mx    32(2) +=    32] [mg    32(2) <-    32] 
         b <- b         : [tm    11 +=    11]
[mx    33(0) +=    33] [mg    33(0) <-    33] [mx    34(1) +=    34] [mg    34(1) <-    34] [mx    35(2) +=    35] [mg    35(2) <-    35] 
       b:h <- b:h       : [tm    12 +=    12]
[mx    36(0) +=    36] [mg    36(0) <-    36] [mx    37(1) +=    37] [mg    37(1) <-    37] [mx    38(2) +=    38] [mg    38(2) <-    38] 
       c:h <- c:h       : [tm    13 +=    13]
[mx    39(0) +=    39] [mg    39(0) <-    39] [mx    40(1) +=    40] [mg    40(1) <-    40] [mx    41(2) +=    41] [mg    41(2) <-    41] 
        ch <- ch        : [tm    14 +=    14]
[mx    42(0) +=    42] [mg    42(0) <-    42] [mx    43(1) +=    43] [mg    43(1) <-    43] [mx    44(2) +=    44] [mg    44(2) <-    44] 
       ch: <- ch:       : [tm    15 +=    15]
[mx    45(0) +=    45] [mg    45(0) <-    45] [mx    46(1) +=    46] [mg    46(1) <-    46] [mx    47(2) +=    47] [mg    47(2) <-    47] 
         d <- d         : [tm    16 +=    16]
[mx    48(0) +=    48] [mg    48(0) <-    48] [mx    49(1) +=    49] [mg    49(1) <-    49] [mx    50(2) +=    50] [mg    50(2) <-    50] 
        d. <- d.        : [tm    17 +=    17]
[mx    51(0) +=    51] [mg    51(0) <-    51] [mx    52(1) +=    52] [mg    52(1) <-    52] [mx    53(2) +=    53] [mg    53(2) <-    53] 
         e <- e         : [tm    18 +=    18]
[mx    54(0) +=    54] [mg    54(0) <-    54] [mx    55(1) +=    55] [mg    55(1) <-    55] [mx    56(2) +=    56] [mg    56(2) <-    56] 
        et <- et        : [tm    19 +=    19]
[mx    57(0) +=    57] [mg    57(0) <-    57] [mx    58(1) +=    58] [mg    58(1) <-    58] [mx    59(2) +=    59] [mg    59(2) <-    59] 
         g <- g         : [tm    20 +=    20]
[mx    60(0) +=    60] [mg    60(0) <-    60] [mx    61(1) +=    61] [mg    61(1) <-    61] [mx    62(2) +=    62] [mg    62(2) <-    62] 
         h <- h         : [tm    21 +=    21]
[mx    63(0) +=    63] [mg    63(0) <-    63] [mx    64(1) +=    64] [mg    64(1) <-    64] [mx    65(2) +=    65] [mg    65(2) <-    65] 
         i <- i         : [tm    22 +=    22]
[mx    66(0) +=    66] [mg    66(0) <-    66] [mx    67(1) +=    67] [mg    67(1) <-    67] [mx    68(2) +=    68] [mg    68(2) <-    68] 
        ii <- ii        : [tm    23 +=    23]
[mx    69(0) +=    69] [mg    69(0) <-    69] [mx    70(1) +=    70] [mg    70(1) <-    70] [mx    71(2) +=    71] [mg    71(2) <-    71] 
        ik <- ik        : [tm    24 +=    24]
[mx    72(0) +=    72] [mg    72(0) <-    72] [mx    73(1) +=    73] [mg    73(1) <-    73] [mx    74(2) +=    74] [mg    74(2) <-    74] 
       in: <- in:       : [tm    25 +=    25]
[mx    75(0) +=    75] [mg    75(0) <-    75] [mx    76(1) +=    76] [mg    76(1) <-    76] [mx    77(2) +=    77] [mg    77(2) <-    77] 
         j <- j         : [tm    26 +=    26]
[mx    78(0) +=    78] [mg    78(0) <-    78] [mx    79(1) +=    79] [mg    79(1) <-    79] [mx    80(2) +=    80] [mg    80(2) <-    80] 
         k <- k         : [tm    27 +=    27]
[mx    81(0) +=    81] [mg    81(0) <-    81] [mx    82(1) +=    82] [mg    82(1) <-    82] [mx    83(2) +=    83] [mg    83(2) <-    83] 
       k:h <- k:h       : [tm    28 +=    28]
[mx    84(0) +=    84] [mg    84(0) <-    84] [mx    85(1) +=    85] [mg    85(1) <-    85] [mx    86(2) +=    86] [mg    86(2) <-    86] 
         l <- l         : [tm    29 +=    29]
[mx    87(0) +=    87] [mg    87(0) <-    87] [mx    88(1) +=    88] [mg    88(1) <-    88] [mx    89(2) +=    89] [mg    89(2) <-    89] 
         m <- m         : [tm    30 +=    30]
[mx    90(0) +=    90] [mg    90(0) <-    90] [mx    91(1) +=    91] [mg    91(1) <-    91] [mx    92(2) +=    92] [mg    92(2) <-    92] 
       m:b <- m:b       : [tm    31 +=    31]
[mx    93(0) +=    93] [mg    93(0) <-    93] [mx    94(1) +=    94] [mg    94(1) <-    94] [mx    95(2) +=    95] [mg    95(2) <-    95] 
         n <- n         : [tm    32 +=    32]
[mx    96(0) +=    96] [mg    96(0) <-    96] [mx    97(1) +=    97] [mg    97(1) <-    97] [mx    98(2) +=    98] [mg    98(2) <-    98] 
      n:ch <- n:ch      : [tm    33 +=    33]
[mx    99(0) +=    99] [mg    99(0) <-    99] [mx   100(1) +=   100] [mg   100(1) <-   100] [mx   101(2) +=   101] [mg   101(2) <-   101] 
       n:d <- n:d       : [tm    34 +=    34]
[mx   102(0) +=   102] [mg   102(0) <-   102] [mx   103(1) +=   103] [mg   103(1) <-   103] [mx   104(2) +=   104] [mg   104(2) <-   104] 
      n:d. <- n:d.      : [tm    35 +=    35]
[mx   105(0) +=   105] [mg   105(0) <-   105] [mx   106(1) +=   106] [mg   106(1) <-   106] [mx   107(2) +=   107] [mg   107(2) <-   107] 
       n:g <- n:g       : [tm    36 +=    36]
[mx   108(0) +=   108] [mg   108(0) <-   108] [mx   109(1) +=   109] [mg   109(1) <-   109] [mx   110(2) +=   110] [mg   110(2) <-   110] 
       n:p <- n:p       : [tm    37 +=    37]
[mx   111(0) +=   111] [mg   111(0) <-   111] [mx   112(1) +=   112] [mg   112(1) <-   112] [mx   113(2) +=   113] [mg   113(2) <-   113] 
       nch <- nch       : [tm    38 +=    38]
[mx   114(0) +=   114] [mg   114(0) <-   114] [mx   115(1) +=   115] [mg   115(1) <-   115] [mx   116(2) +=   116] [mg   116(2) <-   116] 
        nd <- nd        : [tm    39 +=    39]
[mx   117(0) +=   117] [mg   117(0) <-   117] [mx   118(1) +=   118] [mg   118(1) <-   118] [mx   119(2) +=   119] [mg   119(2) <-   119] 
       nd. <- nd.       : [tm    40 +=    40]
[mx   120(0) +=   120] [mg   120(0) <-   120] [mx   121(1) +=   121] [mg   121(1) <-   121] [mx   122(2) +=   122] [mg   122(2) <-   122] 
      nt:h <- nt:h      : [tm    41 +=    41]
[mx   123(0) +=   123] [mg   123(0) <-   123] [mx   124(1) +=   124] [mg   124(1) <-   124] [mx   125(2) +=   125] [mg   125(2) <-   125] 
         o <- o         : [tm    42 +=    42]
[mx   126(0) +=   126] [mg   126(0) <-   126] [mx   127(1) +=   127] [mg   127(1) <-   127] [mx   128(2) +=   128] [mg   128(2) <-   128] 
        oo <- oo        : [tm    43 +=    43]
[mx   129(0) +=   129] [mg   129(0) <-   129] [mx   130(1) +=   130] [mg   130(1) <-   130] [mx   131(2) +=   131] [mg   131(2) <-   131] 
         p <- p         : [tm    44 +=    44]
[mx   132(0) +=   132] [mg   132(0) <-   132] [mx   133(1) +=   133] [mg   133(1) <-   133] [mx   134(2) +=   134] [mg   134(2) <-   134] 
        ph <- ph        : [tm    45 +=    45]
[mx   135(0) +=   135] [mg   135(0) <-   135] [mx   136(1) +=   136] [mg   136(1) <-   136] [mx   137(2) +=   137] [mg   137(2) <-   137] 
      phth <- phth      : [tm    46 +=    46]
[mx   138(0) +=   138] [mg   138(0) <-   138] [mx   139(1) +=   139] [mg   139(1) <-   139] [mx   140(2) +=   140] [mg   140(2) <-   140] 
        py <- py        : [tm    47 +=    47]
[mx   141(0) +=   141] [mg   141(0) <-   141] [mx   142(1) +=   142] [mg   142(1) <-   142] [mx   143(2) +=   143] [mg   143(2) <-   143] 
         r <- r         : [tm    48 +=    48]
[mx   144(0) +=   144] [mg   144(0) <-   144] [mx   145(1) +=   145] [mg   145(1) <-   145] [mx   146(2) +=   146] [mg   146(2) <-   146] 
        r. <- r.        : [tm    49 +=    49]
[mx   147(0) +=   147] [mg   147(0) <-   147] [mx   148(1) +=   148] [mg   148(1) <-   148] [mx   149(2) +=   149] [mg   149(2) <-   149] 
       r:e <- r:e       : [tm    50 +=    50]
[mx   150(0) +=   150] [mg   150(0) <-   150] [mx   151(1) +=   151] [mg   151(1) <-   151] [mx   152(2) +=   152] [mg   152(2) <-   152] 
       r:g <- r:g       : [tm    51 +=    51]
[mx   153(0) +=   153] [mg   153(0) <-   153] [mx   154(1) +=   154] [mg   154(1) <-   154] [mx   155(2) +=   155] [mg   155(2) <-   155] 
        rm <- rm        : [tm    52 +=    52]
[mx   156(0) +=   156] [mg   156(0) <-   156] [mx   157(1) +=   157] [mg   157(1) <-   157] [mx   158(2) +=   158] [mg   158(2) <-   158] 
         s <- s         : [tm    53 +=    53]
[mx   159(0) +=   159] [mg   159(0) <-   159] [mx   160(1) +=   160] [mg   160(1) <-   160] [mx   161(2) +=   161] [mg   161(2) <-   161] 
        sh <- sh        : [tm    54 +=    54]
[mx   162(0) +=   162] [mg   162(0) <-   162] [mx   163(1) +=   163] [mg   163(1) <-   163] [mx   164(2) +=   164] [mg   164(2) <-   164] 
      shth <- shth      : [tm    55 +=    55]
[mx   165(0) +=   165] [mg   165(0) <-   165] [mx   166(1) +=   166] [mg   166(1) <-   166] [mx   167(2) +=   167] [mg   167(2) <-   167] 
        sp <- sp        : [tm    56 +=    56]
[mx   168(0) +=   168] [mg   168(0) <-   168] [mx   169(1) +=   169] [mg   169(1) <-   169] [mx   170(2) +=   170] [mg   170(2) <-   170] 
         t <- t         : [tm    57 +=    57]
[mx   171(0) +=   171] [mg   171(0) <-   171] [mx   172(1) +=   172] [mg   172(1) <-   172] [mx   173(2) +=   173] [mg   173(2) <-   173] 
       t:h <- t:h       : [tm    58 +=    58]
[mx   174(0) +=   174] [mg   174(0) <-   174] [mx   175(1) +=   175] [mg   175(1) <-   175] [mx   176(2) +=   176] [mg   176(2) <-   176] 
        th <- th        : [tm    59 +=    59]
[mx   177(0) +=   177] [mg   177(0) <-   177] [mx   178(1) +=   178] [mg   178(1) <-   178] [mx   179(2) +=   179] [mg   179(2) <-   179] 
        ti <- ti        : [tm    60 +=    60]
[mx   180(0) +=   180] [mg   180(0) <-   180] [mx   181(1) +=   181] [mg   181(1) <-   181] [mx   182(2) +=   182] [mg   182(2) <-   182] 
         u <- u         : [tm    61 +=    61]
[mx   183(0) +=   183] [mg   183(0) <-   183] [mx   184(1) +=   184] [mg   184(1) <-   184] [mx   185(2) +=   185] [mg   185(2) <-   185] 
        ul <- ul        : [tm    62 +=    62]
[mx   186(0) +=   186] [mg   186(0) <-   186] [mx   187(1) +=   187] [mg   187(1) <-   187] [mx   188(2) +=   188] [mg   188(2) <-   188] 
       uth <- uth       : [tm    63 +=    63]
[mx   189(0) +=   189] [mg   189(0) <-   189] [mx   190(1) +=   190] [mg   190(1) <-   190] [mx   191(2) +=   191] [mg   191(2) <-   191] 
        uu <- uu        : [tm    64 +=    64]
[mx   192(0) +=   192] [mg   192(0) <-   192] [mx   193(1) +=   193] [mg   193(1) <-   193] [mx   194(2) +=   194] [mg   194(2) <-   194] 
         v <- v         : [tm    65 +=    65]
[mx   195(0) +=   195] [mg   195(0) <-   195] [mx   196(1) +=   196] [mg   196(1) <-   196] [mx   197(2) +=   197] [mg   197(2) <-   197] 
         w <- w         : [tm    66 +=    66]
[mx   198(0) +=   198] [mg   198(0) <-   198] [mx   199(1) +=   199] [mg   199(1) <-   199] [mx   200(2) +=   200] [mg   200(2) <-   200] 
         y <- y         : [tm    67 +=    67]
[mx   201(0) +=   201] [mg   201(0) <-   201] [mx   202(1) +=   202] [mg   202(1) <-   202] [mx   203(2) +=   203] [mg   203(2) <-   203] 
         z <- z         : [tm    68 +=    68]
[mx   204(0) +=   204] [mg   204(0) <-   204] [mx   205(1) +=   205] [mg   205(1) <-   205] [mx   206(2) +=   206] [mg   206(2) <-   206] 
I SIL d. b <- I         : [mx   207(0) +=     0] [mg   207(0) <-     0] [mx   208(1) +=     1] [mg   208(1) <-     1] [mx   209(2) +=     2] [mg   209(2) <-     2] 
a SIL ch b <- a         : [mx   210(0) +=     6] [mg   210(0) <-     6] [mx   211(1) +=     7] [mg   211(1) <-     7] [mx   212(2) +=     8] [mg   212(2) <-     8] 
a SIL d. b <- a         : [mx   213(0) +=     6] [mg   213(0) <-     6] [mx   214(1) +=     7] [mg   214(1) <-     7] [mx   215(2) +=     8] [mg   215(2) <-     8] 
 a SIL v b <- a         : [mx   216(0) +=     6] [mg   216(0) <-     6] [mx   217(1) +=     7] [mg   217(1) <-     7] [mx   218(2) +=     8] [mg   218(2) <-     8] 
   a b g i <- a         : [mx   219(0) +=     6] [mg   219(0) <-     6] [mx   220(1) +=     7] [mg   220(1) <-     7] [mx   221(2) +=     8] [mg   221(2) <-     8] 
 a b:h r i <- a         : [mx   222(0) +=     6] [mg   222(0) <-     6] [mx   223(1) +=     7] [mg   223(1) <-     7] [mx   224(2) +=     8] [mg   224(2) <-     8] 
 a b:h t i <- a         : [mx   225(0) +=     6] [mg   225(0) <-     6] [mx   226(1) +=     7] [mg   226(1) <-     7] [mx   227(2) +=     8] [mg   227(2) <-     8] 
  a ch n i <- a         : [mx   228(0) +=     6] [mg   228(0) <-     6] [mx   229(1) +=     7] [mg   229(1) <-     7] [mx   230(2) +=     8] [mg   230(2) <-     8] 
   a d h i <- a         : [mx   231(0) +=     6] [mg   231(0) <-     6] [mx   232(1) +=     7] [mg   232(1) <-     7] [mx   233(2) +=     8] [mg   233(2) <-     8] 
   a d s i <- a         : [mx   234(0) +=     6] [mg   234(0) <-     6] [mx   235(1) +=     7] [mg   235(1) <-     7] [mx   236(2) +=     8] [mg   236(2) <-     8] 
  a d. l i <- a         : [mx   237(0) +=     6] [mg   237(0) <-     6] [mx   238(1) +=     7] [mg   238(1) <-     7] [mx   239(2) +=     8] [mg   239(2) <-     8] 
   a h l i <- a         : [mx   240(0) +=     6] [mg   240(0) <-     6] [mx   241(1) +=     7] [mg   241(1) <-     7] [mx   242(2) +=     8] [mg   242(2) <-     8] 
   a j l i <- a         : [mx   243(0) +=     6] [mg   243(0) <-     6] [mx   244(1) +=     7] [mg   244(1) <-     7] [mx   245(2) +=     8] [mg   245(2) <-     8] 
   a j r i <- a         : [mx   246(0) +=     6] [mg   246(0) <-     6] [mx   247(1) +=     7] [mg   247(1) <-     7] [mx   248(2) +=     8] [mg   248(2) <-     8] 
  a k r. i <- a         : [mx   249(0) +=     6] [mg   249(0) <-     6] [mx   250(1) +=     7] [mg   250(1) <-     7] [mx   251(2) +=     8] [mg   251(2) <-     8] 
 a k:h n i <- a         : [mx   252(0) +=     6] [mg   252(0) <-     6] [mx   253(1) +=     7] [mg   253(1) <-     7] [mx   254(2) +=     8] [mg   254(2) <-     8] 
  a l ii i <- a         : [mx   255(0) +=     6] [mg   255(0) <-     6] [mx   256(1) +=     7] [mg   256(1) <-     7] [mx   257(2) +=     8] [mg   257(2) <-     8] 
   a l k i <- a         : [mx   258(0) +=     6] [mg   258(0) <-     6] [mx   259(1) +=     7] [mg   259(1) <-     7] [mx   260(2) +=     8] [mg   260(2) <-     8] 
   a l w i <- a         : [mx   261(0) +=     6] [mg   261(0) <-     6] [mx   262(1) +=     7] [mg   262(1) <-     7] [mx   263(2) +=     8] [mg   263(2) <-     8] 
 a m k:h i <- a         : [mx   264(0) +=     6] [mg   264(0) <-     6] [mx   265(1) +=     7] [mg   265(1) <-     7] [mx   266(2) +=     8] [mg   266(2) <-     8] 
   a m l i <- a         : [mx   267(0) +=     6] [mg   267(0) <-     6] [mx   268(1) +=     7] [mg   268(1) <-     7] [mx   269(2) +=     8] [mg   269(2) <-     8] 
 a m nch i <- a         : [mx   270(0) +=     6] [mg   270(0) <-     6] [mx   271(1) +=     7] [mg   271(1) <-     7] [mx   272(2) +=     8] [mg   272(2) <-     8] 
   a m t i <- a         : [mx   273(0) +=     6] [mg   273(0) <-     6] [mx   274(1) +=     7] [mg   274(1) <-     7] [mx   275(2) +=     8] [mg   275(2) <-     8] 
 a n n:d i <- a         : [mx   276(0) +=     6] [mg   276(0) <-     6] [mx   277(1) +=     7] [mg   277(1) <-     7] [mx   278(2) +=     8] [mg   278(2) <-     8] 
   a n v i <- a         : [mx   279(0) +=     6] [mg   279(0) <-     6] [mx   280(1) +=     7] [mg   280(1) <-     7] [mx   281(2) +=     8] [mg   281(2) <-     8] 
 a n:g l i <- a         : [mx   282(0) +=     6] [mg   282(0) <-     6] [mx   283(1) +=     7] [mg   283(1) <-     7] [mx   284(2) +=     8] [mg   284(2) <-     8] 
 a n:g n i <- a         : [mx   285(0) +=     6] [mg   285(0) <-     6] [mx   286(1) +=     7] [mg   286(1) <-     7] [mx   287(2) +=     8] [mg   287(2) <-     8] 
   a p k i <- a         : [mx   288(0) +=     6] [mg   288(0) <-     6] [mx   289(1) +=     7] [mg   289(1) <-     7] [mx   290(2) +=     8] [mg   290(2) <-     8] 
   a p m i <- a         : [mx   291(0) +=     6] [mg   291(0) <-     6] [mx   292(1) +=     7] [mg   292(1) <-     7] [mx   293(2) +=     8] [mg   293(2) <-     8] 
   a p r i <- a         : [mx   294(0) +=     6] [mg   294(0) <-     6] [mx   295(1) +=     7] [mg   295(1) <-     7] [mx   296(2) +=     8] [mg   296(2) <-     8] 
  a p r. i <- a         : [mx   297(0) +=     6] [mg   297(0) <-     6] [mx   298(1) +=     7] [mg   298(1) <-     7] [mx   299(2) +=     8] [mg   299(2) <-     8] 
   a p s i <- a         : [mx   300(0) +=     6] [mg   300(0) <-     6] [mx   301(1) +=     7] [mg   301(1) <-     7] [mx   302(2) +=     8] [mg   302(2) <-     8] 
   a r s i <- a         : [mx   303(0) +=     6] [mg   303(0) <-     6] [mx   304(1) +=     7] [mg   304(1) <-     7] [mx   305(2) +=     8] [mg   305(2) <-     8] 
  a r th i <- a         : [mx   306(0) +=     6] [mg   306(0) <-     6] [mx   307(1) +=     7] [mg   307(1) <-     7] [mx   308(2) +=     8] [mg   308(2) <-     8] 
   a r v i <- a         : [mx   309(0) +=     6] [mg   309(0) <-     6] [mx   310(1) +=     7] [mg   310(1) <-     7] [mx   311(2) +=     8] [mg   311(2) <-     8] 
   a r y i <- a         : [mx   312(0) +=     6] [mg   312(0) <-     6] [mx   313(1) +=     7] [mg   313(1) <-     7] [mx   314(2) +=     8] [mg   314(2) <-     8] 
  a r. k i <- a         : [mx   315(0) +=     6] [mg   315(0) <-     6] [mx   316(1) +=     7] [mg   316(1) <-     7] [mx   317(2) +=     8] [mg   317(2) <-     8] 
   a s m i <- a         : [mx   318(0) +=     6] [mg   318(0) <-     6] [mx   319(1) +=     7] [mg   319(1) <-     7] [mx   320(2) +=     8] [mg   320(2) <-     8] 
 a s m:b i <- a         : [mx   321(0) +=     6] [mg   321(0) <-     6] [mx   322(1) +=     7] [mg   322(1) <-     7] [mx   323(2) +=     8] [mg   323(2) <-     8] 
  a s nd i <- a         : [mx   324(0) +=     6] [mg   324(0) <-     6] [mx   325(1) +=     7] [mg   325(1) <-     7] [mx   326(2) +=     8] [mg   326(2) <-     8] 
 a t n:d i <- a         : [mx   327(0) +=     6] [mg   327(0) <-     6] [mx   328(1) +=     7] [mg   328(1) <-     7] [mx   329(2) +=     8] [mg   329(2) <-     8] 
 a t n:g i <- a         : [mx   330(0) +=     6] [mg   330(0) <-     6] [mx   331(1) +=     7] [mg   331(1) <-     7] [mx   332(2) +=     8] [mg   332(2) <-     8] 
   a t r i <- a         : [mx   333(0) +=     6] [mg   333(0) <-     6] [mx   334(1) +=     7] [mg   334(1) <-     7] [mx   335(2) +=     8] [mg   335(2) <-     8] 
  a th n i <- a         : [mx   336(0) +=     6] [mg   336(0) <-     6] [mx   337(1) +=     7] [mg   337(1) <-     7] [mx   338(2) +=     8] [mg   338(2) <-     8] 
 a th r. i <- a         : [mx   339(0) +=     6] [mg   339(0) <-     6] [mx   340(1) +=     7] [mg   340(1) <-     7] [mx   341(2) +=     8] [mg   341(2) <-     8] 
 a ul ch i <- a         : [mx   342(0) +=     6] [mg   342(0) <-     6] [mx   343(1) +=     7] [mg   343(1) <-     7] [mx   344(2) +=     8] [mg   344(2) <-     8] 
  a v d. i <- a         : [mx   345(0) +=     6] [mg   345(0) <-     6] [mx   346(1) +=     7] [mg   346(1) <-     7] [mx   347(2) +=     8] [mg   347(2) <-     8] 
 a v n:g i <- a         : [mx   348(0) +=     6] [mg   348(0) <-     6] [mx   349(1) +=     7] [mg   349(1) <-     7] [mx   350(2) +=     8] [mg   350(2) <-     8] 
   a v r i <- a         : [mx   351(0) +=     6] [mg   351(0) <-     6] [mx   352(1) +=     7] [mg   352(1) <-     7] [mx   353(2) +=     8] [mg   353(2) <-     8] 
   a y l i <- a         : [mx   354(0) +=     6] [mg   354(0) <-     6] [mx   355(1) +=     7] [mg   355(1) <-     7] [mx   356(2) +=     8] [mg   356(2) <-     8] 
   a y n i <- a         : [mx   357(0) +=     6] [mg   357(0) <-     6] [mx   358(1) +=     7] [mg   358(1) <-     7] [mx   359(2) +=     8] [mg   359(2) <-     8] 
   a y s i <- a         : [mx   360(0) +=     6] [mg   360(0) <-     6] [mx   361(1) +=     7] [mg   361(1) <-     7] [mx   362(2) +=     8] [mg   362(2) <-     8] 
  a y th i <- a         : [mx   363(0) +=     6] [mg   363(0) <-     6] [mx   364(1) +=     7] [mg   364(1) <-     7] [mx   365(2) +=     8] [mg   365(2) <-     8] 
aa SIL l b <- aa        : [mx   366(0) +=     9] [mg   366(0) <-     9] [mx   367(1) +=    10] [mg   367(1) <-    10] [mx   368(2) +=    11] [mg   368(2) <-    11] 
aa SIL t:h b <- aa        : [mx   369(0) +=     9] [mg   369(0) <-     9] [mx   370(1) +=    10] [mg   370(1) <-    10] [mx   371(2) +=    11] [mg   371(2) <-    11] 
  aa b d i <- aa        : [mx   372(0) +=     9] [mg   372(0) <-     9] [mx   373(1) +=    10] [mg   373(1) <-    10] [mx   374(2) +=    11] [mg   374(2) <-    11] 
 aa b th i <- aa        : [mx   375(0) +=     9] [mg   375(0) <-     9] [mx   376(1) +=    10] [mg   376(1) <-    10] [mx   377(2) +=    11] [mg   377(2) <-    11] 
 aa ch r i <- aa        : [mx   378(0) +=     9] [mg   378(0) <-     9] [mx   379(1) +=    10] [mg   379(1) <-    10] [mx   380(2) +=    11] [mg   380(2) <-    11] 
aa ch sp i <- aa        : [mx   381(0) +=     9] [mg   381(0) <-     9] [mx   382(1) +=    10] [mg   382(1) <-    10] [mx   383(2) +=    11] [mg   383(2) <-    11] 
aa ch: sp i <- aa        : [mx   384(0) +=     9] [mg   384(0) <-     9] [mx   385(1) +=    10] [mg   385(1) <-    10] [mx   386(2) +=    11] [mg   386(2) <-    11] 
  aa d l i <- aa        : [mx   387(0) +=     9] [mg   387(0) <-     9] [mx   388(1) +=    10] [mg   388(1) <-    10] [mx   389(2) +=    11] [mg   389(2) <-    11] 
aa d. sp i <- aa        : [mx   390(0) +=     9] [mg   390(0) <-     9] [mx   391(1) +=    10] [mg   391(1) <-    10] [mx   392(2) +=    11] [mg   392(2) <-    11] 
  aa g j i <- aa        : [mx   393(0) +=     9] [mg   393(0) <-     9] [mx   394(1) +=    10] [mg   394(1) <-    10] [mx   395(2) +=    11] [mg   395(2) <-    11] 
  aa g r i <- aa        : [mx   396(0) +=     9] [mg   396(0) <-     9] [mx   397(1) +=    10] [mg   397(1) <-    10] [mx   398(2) +=    11] [mg   398(2) <-    11] 
  aa j m i <- aa        : [mx   399(0) +=     9] [mg   399(0) <-     9] [mx   400(1) +=    10] [mg   400(1) <-    10] [mx   401(2) +=    11] [mg   401(2) <-    11] 
  aa k j i <- aa        : [mx   402(0) +=     9] [mg   402(0) <-     9] [mx   403(1) +=    10] [mg   403(1) <-    10] [mx   404(2) +=    11] [mg   404(2) <-    11] 
 aa k sp i <- aa        : [mx   405(0) +=     9] [mg   405(0) <-     9] [mx   406(1) +=    10] [mg   406(1) <-    10] [mx   407(2) +=    11] [mg   407(2) <-    11] 
 aa l ii i <- aa        : [mx   408(0) +=     9] [mg   408(0) <-     9] [mx   409(1) +=    10] [mg   409(1) <-    10] [mx   410(2) +=    11] [mg   410(2) <-    11] 
  aa l w i <- aa        : [mx   411(0) +=     9] [mg   411(0) <-     9] [mx   412(1) +=    10] [mg   412(1) <-    10] [mx   413(2) +=    11] [mg   413(2) <-    11] 
 aa m sp i <- aa        : [mx   414(0) +=     9] [mg   414(0) <-     9] [mx   415(1) +=    10] [mg   415(1) <-    10] [mx   416(2) +=    11] [mg   416(2) <-    11] 
aa m:b r i <- aa        : [mx   417(0) +=     9] [mg   417(0) <-     9] [mx   418(1) +=    10] [mg   418(1) <-    10] [mx   419(2) +=    11] [mg   419(2) <-    11] 
  aa n n i <- aa        : [mx   420(0) +=     9] [mg   420(0) <-     9] [mx   421(1) +=    10] [mg   421(1) <-    10] [mx   422(2) +=    11] [mg   422(2) <-    11] 
 aa n sp i <- aa        : [mx   423(0) +=     9] [mg   423(0) <-     9] [mx   424(1) +=    10] [mg   424(1) <-    10] [mx   425(2) +=    11] [mg   425(2) <-    11] 
aa nd sp i <- aa        : [mx   426(0) +=     9] [mg   426(0) <-     9] [mx   427(1) +=    10] [mg   427(1) <-    10] [mx   428(2) +=    11] [mg   428(2) <-    11] 
aa nd. sp i <- aa        : [mx   429(0) +=     9] [mg   429(0) <-     9] [mx   430(1) +=    10] [mg   430(1) <-    10] [mx   431(2) +=    11] [mg   431(2) <-    11] 
aa nt:h sp i <- aa        : [mx   432(0) +=     9] [mg   432(0) <-     9] [mx   433(1) +=    10] [mg   433(1) <-    10] [mx   434(2) +=    11] [mg   434(2) <-    11] 
  aa p l i <- aa        : [mx   435(0) +=     9] [mg   435(0) <-     9] [mx   436(1) +=    10] [mg   436(1) <-    10] [mx   437(2) +=    11] [mg   437(2) <-    11] 
aa p n:ch i <- aa        : [mx   438(0) +=     9] [mg   438(0) <-     9] [mx   439(1) +=    10] [mg   439(1) <-    10] [mx   440(2) +=    11] [mg   440(2) <-    11] 
  aa p p i <- aa        : [mx   441(0) +=     9] [mg   441(0) <-     9] [mx   442(1) +=    10] [mg   442(1) <-    10] [mx   443(2) +=    11] [mg   443(2) <-    11] 
  aa p y i <- aa        : [mx   444(0) +=     9] [mg   444(0) <-     9] [mx   445(1) +=    10] [mg   445(1) <-    10] [mx   446(2) +=    11] [mg   446(2) <-    11] 
aa phth sp i <- aa        : [mx   447(0) +=     9] [mg   447(0) <-     9] [mx   448(1) +=    10] [mg   448(1) <-    10] [mx   449(2) +=    11] [mg   449(2) <-    11] 
 aa py z i <- aa        : [mx   450(0) +=     9] [mg   450(0) <-     9] [mx   451(1) +=    10] [mg   451(1) <-    10] [mx   452(2) +=    11] [mg   452(2) <-    11] 
aa r nt:h i <- aa        : [mx   453(0) +=     9] [mg   453(0) <-     9] [mx   454(1) +=    10] [mg   454(1) <-    10] [mx   455(2) +=    11] [mg   455(2) <-    11] 
 aa r sp i <- aa        : [mx   456(0) +=     9] [mg   456(0) <-     9] [mx   457(1) +=    10] [mg   457(1) <-    10] [mx   458(2) +=    11] [mg   458(2) <-    11] 
  aa r y i <- aa        : [mx   459(0) +=     9] [mg   459(0) <-     9] [mx   460(1) +=    10] [mg   460(1) <-    10] [mx   461(2) +=    11] [mg   461(2) <-    11] 
aa r. ii i <- aa        : [mx   462(0) +=     9] [mg   462(0) <-     9] [mx   463(1) +=    10] [mg   463(1) <-    10] [mx   464(2) +=    11] [mg   464(2) <-    11] 
aa r. sp i <- aa        : [mx   465(0) +=     9] [mg   465(0) <-     9] [mx   466(1) +=    10] [mg   466(1) <-    10] [mx   467(2) +=    11] [mg   467(2) <-    11] 
aa rm sp i <- aa        : [mx   468(0) +=     9] [mg   468(0) <-     9] [mx   469(1) +=    10] [mg   469(1) <-    10] [mx   470(2) +=    11] [mg   470(2) <-    11] 
  aa s g i <- aa        : [mx   471(0) +=     9] [mg   471(0) <-     9] [mx   472(1) +=    10] [mg   472(1) <-    10] [mx   473(2) +=    11] [mg   473(2) <-    11] 
 aa s sp i <- aa        : [mx   474(0) +=     9] [mg   474(0) <-     9] [mx   475(1) +=    10] [mg   475(1) <-    10] [mx   476(2) +=    11] [mg   476(2) <-    11] 
 aa s th i <- aa        : [mx   477(0) +=     9] [mg   477(0) <-     9] [mx   478(1) +=    10] [mg   478(1) <-    10] [mx   479(2) +=    11] [mg   479(2) <-    11] 
 aa sh h i <- aa        : [mx   480(0) +=     9] [mg   480(0) <-     9] [mx   481(1) +=    10] [mg   481(1) <-    10] [mx   482(2) +=    11] [mg   482(2) <-    11] 
aa th sp i <- aa        : [mx   483(0) +=     9] [mg   483(0) <-     9] [mx   484(1) +=    10] [mg   484(1) <-    10] [mx   485(2) +=    11] [mg   485(2) <-    11] 
 aa v sp i <- aa        : [mx   486(0) +=     9] [mg   486(0) <-     9] [mx   487(1) +=    10] [mg   487(1) <-    10] [mx   488(2) +=    11] [mg   488(2) <-    11] 
 aa w sp i <- aa        : [mx   489(0) +=     9] [mg   489(0) <-     9] [mx   490(1) +=    10] [mg   490(1) <-    10] [mx   491(2) +=    11] [mg   491(2) <-    11] 
  aa y n i <- aa        : [mx   492(0) +=     9] [mg   492(0) <-     9] [mx   493(1) +=    10] [mg   493(1) <-    10] [mx   494(2) +=    11] [mg   494(2) <-    11] 
 aaa l b i <- aaa       : [mx   495(0) +=    12] [mg   495(0) <-    12] [mx   496(1) +=    13] [mg   496(1) <-    13] [mx   497(2) +=    14] [mg   497(2) <-    14] 
aam d sp i <- aam       : [mx   498(0) +=    15] [mg   498(0) <-    15] [mx   499(1) +=    16] [mg   499(1) <-    16] [mx   500(2) +=    17] [mg   500(2) <-    17] 
ach l ch: i <- ach       : [mx   501(0) +=    18] [mg   501(0) <-    18] [mx   502(1) +=    19] [mg   502(1) <-    19] [mx   503(2) +=    20] [mg   503(2) <-    20] 
ae b n:g i <- ae        : [mx   504(0) +=    21] [mg   504(0) <-    21] [mx   505(1) +=    22] [mg   505(1) <-    22] [mx   506(2) +=    23] [mg   506(2) <-    23] 
ae d. sp i <- ae        : [mx   507(0) +=    21] [mg   507(0) <-    21] [mx   508(1) +=    22] [mg   508(1) <-    22] [mx   509(2) +=    23] [mg   509(2) <-    23] 
 ap th p i <- ap        : [mx   510(0) +=    24] [mg   510(0) <-    24] [mx   511(1) +=    25] [mg   511(1) <-    25] [mx   512(2) +=    26] [mg   512(2) <-    26] 
  as l s i <- as        : [mx   513(0) +=    27] [mg   513(0) <-    27] [mx   514(1) +=    28] [mg   514(1) <-    28] [mx   515(2) +=    29] [mg   515(2) <-    29] 
 au n sp i <- au        : [mx   516(0) +=    30] [mg   516(0) <-    30] [mx   517(1) +=    31] [mg   517(1) <-    31] [mx   518(2) +=    32] [mg   518(2) <-    32] 
 b SIL a b <- b         : [mx   519(0) +=    33] [mg   519(0) <-    33] [mx   520(1) +=    34] [mg   520(1) <-    34] [mx   521(2) +=    35] [mg   521(2) <-    35] 
b SIL aa b <- b         : [mx   522(0) +=    33] [mg   522(0) <-    33] [mx   523(1) +=    34] [mg   523(1) <-    34] [mx   524(2) +=    35] [mg   524(2) <-    35] 
b SIL ae b <- b         : [mx   525(0) +=    33] [mg   525(0) <-    33] [mx   526(1) +=    34] [mg   526(1) <-    34] [mx   527(2) +=    35] [mg   527(2) <-    35] 
 b SIL i b <- b         : [mx   528(0) +=    33] [mg   528(0) <-    33] [mx   529(1) +=    34] [mg   529(1) <-    34] [mx   530(2) +=    35] [mg   530(2) <-    35] 
 b SIL o b <- b         : [mx   531(0) +=    33] [mg   531(0) <-    33] [mx   532(1) +=    34] [mg   532(1) <-    34] [mx   533(2) +=    35] [mg   533(2) <-    35] 
 b aaa j i <- b         : [mx   534(0) +=    33] [mg   534(0) <-    33] [mx   535(1) +=    34] [mg   535(1) <-    34] [mx   536(2) +=    35] [mg   536(2) <-    35] 
  b e aa i <- b         : [mx   537(0) +=    33] [mg   537(0) <-    33] [mx   538(1) +=    34] [mg   538(1) <-    34] [mx   539(2) +=    35] [mg   539(2) <-    35] 
   b i e i <- b         : [mx   540(0) +=    33] [mg   540(0) <-    33] [mx   541(1) +=    34] [mg   541(1) <-    34] [mx   542(2) +=    35] [mg   542(2) <-    35] 
 b ii aa i <- b         : [mx   543(0) +=    33] [mg   543(0) <-    33] [mx   544(1) +=    34] [mg   544(1) <-    34] [mx   545(2) +=    35] [mg   545(2) <-    35] 
  b o ii i <- b         : [mx   546(0) +=    33] [mg   546(0) <-    33] [mx   547(1) +=    34] [mg   547(1) <-    34] [mx   548(2) +=    35] [mg   548(2) <-    35] 
b:h SIL a b <- b:h       : [mx   549(0) +=    36] [mg   549(0) <-    36] [mx   550(1) +=    37] [mg   550(1) <-    37] [mx   551(2) +=    38] [mg   551(2) <-    38] 
b:h SIL i b <- b:h       : [mx   552(0) +=    36] [mg   552(0) <-    36] [mx   553(1) +=    37] [mg   553(1) <-    37] [mx   554(2) +=    38] [mg   554(2) <-    38] 
c:h SIL o b <- c:h       : [mx   555(0) +=    39] [mg   555(0) <-    39] [mx   556(1) +=    40] [mg   556(1) <-    40] [mx   557(2) +=    41] [mg   557(2) <-    41] 
ch SIL a b <- ch        : [mx   558(0) +=    42] [mg   558(0) <-    42] [mx   559(1) +=    43] [mg   559(1) <-    43] [mx   560(2) +=    44] [mg   560(2) <-    44] 
ch SIL aa b <- ch        : [mx   561(0) +=    42] [mg   561(0) <-    42] [mx   562(1) +=    43] [mg   562(1) <-    43] [mx   563(2) +=    44] [mg   563(2) <-    44] 
ch SIL et b <- ch        : [mx   564(0) +=    42] [mg   564(0) <-    42] [mx   565(1) +=    43] [mg   565(1) <-    43] [mx   566(2) +=    44] [mg   566(2) <-    44] 
ch SIL h b <- ch        : [mx   567(0) +=    42] [mg   567(0) <-    42] [mx   568(1) +=    43] [mg   568(1) <-    43] [mx   569(2) +=    44] [mg   569(2) <-    44] 
 ch a aa i <- ch        : [mx   570(0) +=    42] [mg   570(0) <-    42] [mx   571(1) +=    43] [mg   571(1) <-    43] [mx   572(2) +=    44] [mg   572(2) <-    44] 
ch: ach aa i <- ch:       : [mx   573(0) +=    45] [mg   573(0) <-    45] [mx   574(1) +=    46] [mg   574(1) <-    46] [mx   575(2) +=    47] [mg   575(2) <-    47] 
 d SIL a b <- d         : [mx   576(0) +=    48] [mg   576(0) <-    48] [mx   577(1) +=    49] [mg   577(1) <-    49] [mx   578(2) +=    50] [mg   578(2) <-    50] 
d SIL aa b <- d         : [mx   579(0) +=    48] [mg   579(0) <-    48] [mx   580(1) +=    49] [mg   580(1) <-    49] [mx   581(2) +=    50] [mg   581(2) <-    50] 
 d SIL o b <- d         : [mx   582(0) +=    48] [mg   582(0) <-    48] [mx   583(1) +=    49] [mg   583(1) <-    49] [mx   584(2) +=    50] [mg   584(2) <-    50] 
d aa aam i <- d         : [mx   585(0) +=    48] [mg   585(0) <-    48] [mx   586(1) +=    49] [mg   586(1) <-    49] [mx   587(2) +=    50] [mg   587(2) <-    50] 
d in: aa i <- d         : [mx   588(0) +=    48] [mg   588(0) <-    48] [mx   589(1) +=    49] [mg   589(1) <-    49] [mx   590(2) +=    50] [mg   590(2) <-    50] 
  d u ii i <- d         : [mx   591(0) +=    48] [mg   591(0) <-    48] [mx   592(1) +=    49] [mg   592(1) <-    49] [mx   593(2) +=    50] [mg   593(2) <-    50] 
  d. I a i <- d.        : [mx   594(0) +=    51] [mg   594(0) <-    51] [mx   595(1) +=    52] [mg   595(1) <-    52] [mx   596(2) +=    53] [mg   596(2) <-    53] 
d. SIL o b <- d.        : [mx   597(0) +=    51] [mg   597(0) <-    51] [mx   598(1) +=    52] [mg   598(1) <-    52] [mx   599(2) +=    53] [mg   599(2) <-    53] 
 d. a aa i <- d.        : [mx   600(0) +=    51] [mg   600(0) <-    51] [mx   601(1) +=    52] [mg   601(1) <-    52] [mx   602(2) +=    53] [mg   602(2) <-    53] 
 d. a ae i <- d.        : [mx   603(0) +=    51] [mg   603(0) <-    51] [mx   604(1) +=    52] [mg   604(1) <-    52] [mx   605(2) +=    53] [mg   605(2) <-    53] 
 e SIL k b <- e         : [mx   606(0) +=    54] [mg   606(0) <-    54] [mx   607(1) +=    55] [mg   607(1) <-    55] [mx   608(2) +=    56] [mg   608(2) <-    56] 
   e b l i <- e         : [mx   609(0) +=    54] [mg   609(0) <-    54] [mx   610(1) +=    55] [mg   610(1) <-    55] [mx   611(2) +=    56] [mg   611(2) <-    56] 
   e l b i <- e         : [mx   612(0) +=    54] [mg   612(0) <-    54] [mx   613(1) +=    55] [mg   613(1) <-    55] [mx   614(2) +=    56] [mg   614(2) <-    56] 
  e l sp i <- e         : [mx   615(0) +=    54] [mg   615(0) <-    54] [mx   616(1) +=    55] [mg   616(1) <-    55] [mx   617(2) +=    56] [mg   617(2) <-    56] 
 e v n:p i <- e         : [mx   618(0) +=    54] [mg   618(0) <-    54] [mx   619(1) +=    55] [mg   619(1) <-    55] [mx   620(2) +=    56] [mg   620(2) <-    56] 
et ch ti i <- et        : [mx   621(0) +=    57] [mg   621(0) <-    57] [mx   622(1) +=    58] [mg   622(1) <-    58] [mx   623(2) +=    59] [mg   623(2) <-    59] 
g SIL aa b <- g         : [mx   624(0) +=    60] [mg   624(0) <-    60] [mx   625(1) +=    61] [mg   625(1) <-    61] [mx   626(2) +=    62] [mg   626(2) <-    62] 
 g SIL o b <- g         : [mx   627(0) +=    60] [mg   627(0) <-    60] [mx   628(1) +=    61] [mg   628(1) <-    61] [mx   629(2) +=    62] [mg   629(2) <-    62] 
g SIL uu b <- g         : [mx   630(0) +=    60] [mg   630(0) <-    60] [mx   631(1) +=    61] [mg   631(1) <-    61] [mx   632(2) +=    62] [mg   632(2) <-    62] 
  g a aa i <- g         : [mx   633(0) +=    60] [mg   633(0) <-    60] [mx   634(1) +=    61] [mg   634(1) <-    61] [mx   635(2) +=    62] [mg   635(2) <-    62] 
 g aa sp i <- g         : [mx   636(0) +=    60] [mg   636(0) <-    60] [mx   637(1) +=    61] [mg   637(1) <-    61] [mx   638(2) +=    62] [mg   638(2) <-    62] 
 h SIL a b <- h         : [mx   639(0) +=    63] [mg   639(0) <-    63] [mx   640(1) +=    64] [mg   640(1) <-    64] [mx   641(2) +=    65] [mg   641(2) <-    65] 
  h a ii i <- h         : [mx   642(0) +=    63] [mg   642(0) <-    63] [mx   643(1) +=    64] [mg   643(1) <-    64] [mx   644(2) +=    65] [mg   644(2) <-    65] 
 h aa ii i <- h         : [mx   645(0) +=    63] [mg   645(0) <-    63] [mx   646(1) +=    64] [mg   646(1) <-    64] [mx   647(2) +=    65] [mg   647(2) <-    65] 
 h ch sp i <- h         : [mx   648(0) +=    63] [mg   648(0) <-    63] [mx   649(1) +=    64] [mg   649(1) <-    64] [mx   650(2) +=    65] [mg   650(2) <-    65] 
   i b r i <- i         : [mx   651(0) +=    66] [mg   651(0) <-    66] [mx   652(1) +=    67] [mg   652(1) <-    67] [mx   653(2) +=    68] [mg   653(2) <-    68] 
   i b s i <- i         : [mx   654(0) +=    66] [mg   654(0) <-    66] [mx   655(1) +=    67] [mg   655(1) <-    67] [mx   656(2) +=    68] [mg   656(2) <-    68] 
i b:h n:d. i <- i         : [mx   657(0) +=    66] [mg   657(0) <-    66] [mx   658(1) +=    67] [mg   658(1) <-    67] [mx   659(2) +=    68] [mg   659(2) <-    68] 
   i r y i <- i         : [mx   660(0) +=    66] [mg   660(0) <-    66] [mx   661(1) +=    67] [mg   661(1) <-    67] [mx   662(2) +=    68] [mg   662(2) <-    68] 
   i s b i <- i         : [mx   663(0) +=    66] [mg   663(0) <-    66] [mx   664(1) +=    67] [mg   664(1) <-    67] [mx   665(2) +=    68] [mg   665(2) <-    68] 
 ii a sp i <- ii        : [mx   666(0) +=    69] [mg   666(0) <-    69] [mx   667(1) +=    70] [mg   667(1) <-    70] [mx   668(2) +=    71] [mg   668(2) <-    71] 
ii aa sp i <- ii        : [mx   669(0) +=    69] [mg   669(0) <-    69] [mx   670(1) +=    70] [mg   670(1) <-    70] [mx   671(2) +=    71] [mg   671(2) <-    71] 
 ii b sp i <- ii        : [mx   672(0) +=    69] [mg   672(0) <-    69] [mx   673(1) +=    70] [mg   673(1) <-    70] [mx   674(2) +=    71] [mg   674(2) <-    71] 
  ii d n i <- ii        : [mx   675(0) +=    69] [mg   675(0) <-    69] [mx   676(1) +=    70] [mg   676(1) <-    70] [mx   677(2) +=    71] [mg   677(2) <-    71] 
 ii h sp i <- ii        : [mx   678(0) +=    69] [mg   678(0) <-    69] [mx   679(1) +=    70] [mg   679(1) <-    70] [mx   680(2) +=    71] [mg   680(2) <-    71] 
  ii k m i <- ii        : [mx   681(0) +=    69] [mg   681(0) <-    69] [mx   682(1) +=    70] [mg   682(1) <-    70] [mx   683(2) +=    71] [mg   683(2) <-    71] 
ii k:h r i <- ii        : [mx   684(0) +=    69] [mg   684(0) <-    69] [mx   685(1) +=    70] [mg   685(1) <-    70] [mx   686(2) +=    71] [mg   686(2) <-    71] 
 ii l sp i <- ii        : [mx   687(0) +=    69] [mg   687(0) <-    69] [mx   688(1) +=    70] [mg   688(1) <-    70] [mx   689(2) +=    71] [mg   689(2) <-    71] 
 ii n sp i <- ii        : [mx   690(0) +=    69] [mg   690(0) <-    69] [mx   691(1) +=    70] [mg   691(1) <-    70] [mx   692(2) +=    71] [mg   692(2) <-    71] 
ii n:d. sp i <- ii        : [mx   693(0) +=    69] [mg   693(0) <-    69] [mx   694(1) +=    70] [mg   694(1) <-    70] [mx   695(2) +=    71] [mg   695(2) <-    71] 
ii n:g b i <- ii        : [mx   696(0) +=    69] [mg   696(0) <-    69] [mx   697(1) +=    70] [mg   697(1) <-    70] [mx   698(2) +=    71] [mg   698(2) <-    71] 
ii ph sp i <- ii        : [mx   699(0) +=    69] [mg   699(0) <-    69] [mx   700(1) +=    70] [mg   700(1) <-    70] [mx   701(2) +=    71] [mg   701(2) <-    71] 
 ii r sp i <- ii        : [mx   702(0) +=    69] [mg   702(0) <-    69] [mx   703(1) +=    70] [mg   703(1) <-    70] [mx   704(2) +=    71] [mg   704(2) <-    71] 
ii r. sp i <- ii        : [mx   705(0) +=    69] [mg   705(0) <-    69] [mx   706(1) +=    70] [mg   706(1) <-    70] [mx   707(2) +=    71] [mg   707(2) <-    71] 
ii s k:h i <- ii        : [mx   708(0) +=    69] [mg   708(0) <-    69] [mx   709(1) +=    70] [mg   709(1) <-    70] [mx   710(2) +=    71] [mg   710(2) <-    71] 
 ii s sp i <- ii        : [mx   711(0) +=    69] [mg   711(0) <-    69] [mx   712(1) +=    70] [mg   712(1) <-    70] [mx   713(2) +=    71] [mg   713(2) <-    71] 
 ii t sp i <- ii        : [mx   714(0) +=    69] [mg   714(0) <-    69] [mx   715(1) +=    70] [mg   715(1) <-    70] [mx   716(2) +=    71] [mg   716(2) <-    71] 
 ii th n i <- ii        : [mx   717(0) +=    69] [mg   717(0) <-    69] [mx   718(1) +=    70] [mg   718(1) <-    70] [mx   719(2) +=    71] [mg   719(2) <-    71] 
  ii v y i <- ii        : [mx   720(0) +=    69] [mg   720(0) <-    69] [mx   721(1) +=    70] [mg   721(1) <-    70] [mx   722(2) +=    71] [mg   722(2) <-    71] 
 ii z sp i <- ii        : [mx   723(0) +=    69] [mg   723(0) <-    69] [mx   724(1) +=    70] [mg   724(1) <-    70] [mx   725(2) +=    71] [mg   725(2) <-    71] 
  ik t k i <- ik        : [mx   726(0) +=    72] [mg   726(0) <-    72] [mx   727(1) +=    73] [mg   727(1) <-    73] [mx   728(2) +=    74] [mg   728(2) <-    74] 
 in: w d i <- in:       : [mx   729(0) +=    75] [mg   729(0) <-    75] [mx   730(1) +=    76] [mg   730(1) <-    76] [mx   731(2) +=    77] [mg   731(2) <-    77] 
 j SIL a b <- j         : [mx   732(0) +=    78] [mg   732(0) <-    78] [mx   733(1) +=    79] [mg   733(1) <-    79] [mx   734(2) +=    80] [mg   734(2) <-    80] 
  j aa a i <- j         : [mx   735(0) +=    78] [mg   735(0) <-    78] [mx   736(1) +=    79] [mg   736(1) <-    79] [mx   737(2) +=    80] [mg   737(2) <-    80] 
 j aa uu i <- j         : [mx   738(0) +=    78] [mg   738(0) <-    78] [mx   739(1) +=    79] [mg   739(1) <-    79] [mx   740(2) +=    80] [mg   740(2) <-    80] 
  j b aa i <- j         : [mx   741(0) +=    78] [mg   741(0) <-    78] [mx   742(1) +=    79] [mg   742(1) <-    79] [mx   743(2) +=    80] [mg   743(2) <-    80] 
 k SIL a b <- k         : [mx   744(0) +=    81] [mg   744(0) <-    81] [mx   745(1) +=    82] [mg   745(1) <-    82] [mx   746(2) +=    83] [mg   746(2) <-    83] 
k SIL aa b <- k         : [mx   747(0) +=    81] [mg   747(0) <-    81] [mx   748(1) +=    82] [mg   748(1) <-    82] [mx   749(2) +=    83] [mg   749(2) <-    83] 
k SIL ii b <- k         : [mx   750(0) +=    81] [mg   750(0) <-    81] [mx   751(1) +=    82] [mg   751(1) <-    82] [mx   752(2) +=    83] [mg   752(2) <-    83] 
 k SIL o b <- k         : [mx   753(0) +=    81] [mg   753(0) <-    81] [mx   754(1) +=    82] [mg   754(1) <-    82] [mx   755(2) +=    83] [mg   755(2) <-    83] 
k SIL oo b <- k         : [mx   756(0) +=    81] [mg   756(0) <-    81] [mx   757(1) +=    82] [mg   757(1) <-    82] [mx   758(2) +=    83] [mg   758(2) <-    83] 
k SIL ul b <- k         : [mx   759(0) +=    81] [mg   759(0) <-    81] [mx   760(1) +=    82] [mg   760(1) <-    82] [mx   761(2) +=    83] [mg   761(2) <-    83] 
  k a aa i <- k         : [mx   762(0) +=    81] [mg   762(0) <-    81] [mx   763(1) +=    82] [mg   763(1) <-    82] [mx   764(2) +=    83] [mg   764(2) <-    83] 
   k a o i <- k         : [mx   765(0) +=    81] [mg   765(0) <-    81] [mx   766(1) +=    82] [mg   766(1) <-    82] [mx   767(2) +=    83] [mg   767(2) <-    83] 
  k a sp i <- k         : [mx   768(0) +=    81] [mg   768(0) <-    81] [mx   769(1) +=    82] [mg   769(1) <-    82] [mx   770(2) +=    83] [mg   770(2) <-    83] 
  k e sp i <- k         : [mx   771(0) +=    81] [mg   771(0) <-    81] [mx   772(1) +=    82] [mg   772(1) <-    82] [mx   773(2) +=    83] [mg   773(2) <-    83] 
 k ik aa i <- k         : [mx   774(0) +=    81] [mg   774(0) <-    81] [mx   775(1) +=    82] [mg   775(1) <-    82] [mx   776(2) +=    83] [mg   776(2) <-    83] 
k:h SIL ii b <- k:h       : [mx   777(0) +=    84] [mg   777(0) <-    84] [mx   778(1) +=    85] [mg   778(1) <-    85] [mx   779(2) +=    86] [mg   779(2) <-    86] 
 k:h a a i <- k:h       : [mx   780(0) +=    84] [mg   780(0) <-    84] [mx   781(1) +=    85] [mg   781(1) <-    85] [mx   782(2) +=    86] [mg   782(2) <-    86] 
k:h ii sp i <- k:h       : [mx   783(0) +=    84] [mg   783(0) <-    84] [mx   784(1) +=    85] [mg   784(1) <-    85] [mx   785(2) +=    86] [mg   785(2) <-    86] 
l SIL ach b <- l         : [mx   786(0) +=    87] [mg   786(0) <-    87] [mx   787(1) +=    88] [mg   787(1) <-    88] [mx   788(2) +=    89] [mg   788(2) <-    89] 
l SIL as b <- l         : [mx   789(0) +=    87] [mg   789(0) <-    87] [mx   790(1) +=    88] [mg   790(1) <-    88] [mx   791(2) +=    89] [mg   791(2) <-    89] 
   l a a i <- l         : [mx   792(0) +=    87] [mg   792(0) <-    87] [mx   793(1) +=    88] [mg   793(1) <-    88] [mx   794(2) +=    89] [mg   794(2) <-    89] 
  l a aa i <- l         : [mx   795(0) +=    87] [mg   795(0) <-    87] [mx   796(1) +=    88] [mg   796(1) <-    88] [mx   797(2) +=    89] [mg   797(2) <-    89] 
  l a ii i <- l         : [mx   798(0) +=    87] [mg   798(0) <-    87] [mx   799(1) +=    88] [mg   799(1) <-    88] [mx   800(2) +=    89] [mg   800(2) <-    89] 
  l a ph i <- l         : [mx   801(0) +=    87] [mg   801(0) <-    87] [mx   802(1) +=    88] [mg   802(1) <-    88] [mx   803(2) +=    89] [mg   803(2) <-    89] 
  l a sp i <- l         : [mx   804(0) +=    87] [mg   804(0) <-    87] [mx   805(1) +=    88] [mg   805(1) <-    88] [mx   806(2) +=    89] [mg   806(2) <-    89] 
  l aa a i <- l         : [mx   807(0) +=    87] [mg   807(0) <-    87] [mx   808(1) +=    88] [mg   808(1) <-    88] [mx   809(2) +=    89] [mg   809(2) <-    89] 
 l aa sp i <- l         : [mx   810(0) +=    87] [mg   810(0) <-    87] [mx   811(1) +=    88] [mg   811(1) <-    88] [mx   812(2) +=    89] [mg   812(2) <-    89] 
 l aa uu i <- l         : [mx   813(0) +=    87] [mg   813(0) <-    87] [mx   814(1) +=    88] [mg   814(1) <-    88] [mx   815(2) +=    89] [mg   815(2) <-    89] 
   l e e i <- l         : [mx   816(0) +=    87] [mg   816(0) <-    87] [mx   817(1) +=    88] [mg   817(1) <-    88] [mx   818(2) +=    89] [mg   818(2) <-    89] 
   l o e i <- l         : [mx   819(0) +=    87] [mg   819(0) <-    87] [mx   820(1) +=    88] [mg   820(1) <-    88] [mx   821(2) +=    89] [mg   821(2) <-    89] 
  l u aa i <- l         : [mx   822(0) +=    87] [mg   822(0) <-    87] [mx   823(1) +=    88] [mg   823(1) <-    88] [mx   824(2) +=    89] [mg   824(2) <-    89] 
l uu aaa i <- l         : [mx   825(0) +=    87] [mg   825(0) <-    87] [mx   826(1) +=    88] [mg   826(1) <-    88] [mx   827(2) +=    89] [mg   827(2) <-    89] 
 m SIL a b <- m         : [mx   828(0) +=    90] [mg   828(0) <-    90] [mx   829(1) +=    91] [mg   829(1) <-    91] [mx   830(2) +=    92] [mg   830(2) <-    92] 
 m SIL u b <- m         : [mx   831(0) +=    90] [mg   831(0) <-    90] [mx   832(1) +=    91] [mg   832(1) <-    91] [mx   833(2) +=    92] [mg   833(2) <-    92] 
   m a a i <- m         : [mx   834(0) +=    90] [mg   834(0) <-    90] [mx   835(1) +=    91] [mg   835(1) <-    91] [mx   836(2) +=    92] [mg   836(2) <-    92] 
  m a aa i <- m         : [mx   837(0) +=    90] [mg   837(0) <-    90] [mx   838(1) +=    91] [mg   838(1) <-    91] [mx   839(2) +=    92] [mg   839(2) <-    92] 
   m a o i <- m         : [mx   840(0) +=    90] [mg   840(0) <-    90] [mx   841(1) +=    91] [mg   841(1) <-    91] [mx   842(2) +=    92] [mg   842(2) <-    92] 
  m a sp i <- m         : [mx   843(0) +=    90] [mg   843(0) <-    90] [mx   844(1) +=    91] [mg   844(1) <-    91] [mx   845(2) +=    92] [mg   845(2) <-    92] 
 m aa uu i <- m         : [mx   846(0) +=    90] [mg   846(0) <-    90] [mx   847(1) +=    91] [mg   847(1) <-    91] [mx   848(2) +=    92] [mg   848(2) <-    92] 
 m ii aa i <- m         : [mx   849(0) +=    90] [mg   849(0) <-    90] [mx   850(1) +=    91] [mg   850(1) <-    91] [mx   851(2) +=    92] [mg   851(2) <-    92] 
m:b a aa i <- m:b       : [mx   852(0) +=    93] [mg   852(0) <-    93] [mx   853(1) +=    94] [mg   853(1) <-    94] [mx   854(2) +=    95] [mg   854(2) <-    95] 
 n SIL a b <- n         : [mx   855(0) +=    96] [mg   855(0) <-    96] [mx   856(1) +=    97] [mg   856(1) <-    97] [mx   857(2) +=    98] [mg   857(2) <-    98] 
n SIL aa b <- n         : [mx   858(0) +=    96] [mg   858(0) <-    96] [mx   859(1) +=    97] [mg   859(1) <-    97] [mx   860(2) +=    98] [mg   860(2) <-    98] 
n SIL au b <- n         : [mx   861(0) +=    96] [mg   861(0) <-    96] [mx   862(1) +=    97] [mg   862(1) <-    97] [mx   863(2) +=    98] [mg   863(2) <-    98] 
  n a aa i <- n         : [mx   864(0) +=    96] [mg   864(0) <-    96] [mx   865(1) +=    97] [mg   865(1) <-    97] [mx   866(2) +=    98] [mg   866(2) <-    98] 
  n a ii i <- n         : [mx   867(0) +=    96] [mg   867(0) <-    96] [mx   868(1) +=    97] [mg   868(1) <-    97] [mx   869(2) +=    98] [mg   869(2) <-    98] 
  n a sp i <- n         : [mx   870(0) +=    96] [mg   870(0) <-    96] [mx   871(1) +=    97] [mg   871(1) <-    97] [mx   872(2) +=    98] [mg   872(2) <-    98] 
 n aa ii i <- n         : [mx   873(0) +=    96] [mg   873(0) <-    96] [mx   874(1) +=    97] [mg   874(1) <-    97] [mx   875(2) +=    98] [mg   875(2) <-    98] 
 n aa sp i <- n         : [mx   876(0) +=    96] [mg   876(0) <-    96] [mx   877(1) +=    97] [mg   877(1) <-    97] [mx   878(2) +=    98] [mg   878(2) <-    98] 
 n ii aa i <- n         : [mx   879(0) +=    96] [mg   879(0) <-    96] [mx   880(1) +=    97] [mg   880(1) <-    97] [mx   881(2) +=    98] [mg   881(2) <-    98] 
 n ii sp i <- n         : [mx   882(0) +=    96] [mg   882(0) <-    96] [mx   883(1) +=    97] [mg   883(1) <-    97] [mx   884(2) +=    98] [mg   884(2) <-    98] 
  n ti a i <- n         : [mx   885(0) +=    96] [mg   885(0) <-    96] [mx   886(1) +=    97] [mg   886(1) <-    97] [mx   887(2) +=    98] [mg   887(2) <-    98] 
 n uu sp i <- n         : [mx   888(0) +=    96] [mg   888(0) <-    96] [mx   889(1) +=    97] [mg   889(1) <-    97] [mx   890(2) +=    98] [mg   890(2) <-    98] 
n:ch aa sp i <- n:ch      : [mx   891(0) +=    99] [mg   891(0) <-    99] [mx   892(1) +=   100] [mg   892(1) <-   100] [mx   893(2) +=   101] [mg   893(2) <-   101] 
n:d a oo i <- n:d       : [mx   894(0) +=   102] [mg   894(0) <-   102] [mx   895(1) +=   103] [mg   895(1) <-   103] [mx   896(2) +=   104] [mg   896(2) <-   104] 
n:d a sp i <- n:d       : [mx   897(0) +=   102] [mg   897(0) <-   102] [mx   898(1) +=   103] [mg   898(1) <-   103] [mx   899(2) +=   104] [mg   899(2) <-   104] 
n:d. i ii i <- n:d.      : [mx   900(0) +=   105] [mg   900(0) <-   105] [mx   901(1) +=   106] [mg   901(1) <-   106] [mx   902(2) +=   107] [mg   902(2) <-   107] 
n:g a ii i <- n:g       : [mx   903(0) +=   108] [mg   903(0) <-   108] [mx   904(1) +=   109] [mg   904(1) <-   109] [mx   905(2) +=   110] [mg   905(2) <-   110] 
n:g a r. i <- n:g       : [mx   906(0) +=   108] [mg   906(0) <-   108] [mx   907(1) +=   109] [mg   907(1) <-   109] [mx   908(2) +=   110] [mg   908(2) <-   110] 
n:g ae a i <- n:g       : [mx   909(0) +=   108] [mg   909(0) <-   108] [mx   910(1) +=   109] [mg   910(1) <-   109] [mx   911(2) +=   110] [mg   911(2) <-   110] 
 n:g o a i <- n:g       : [mx   912(0) +=   108] [mg   912(0) <-   108] [mx   913(1) +=   109] [mg   913(1) <-   109] [mx   914(2) +=   110] [mg   914(2) <-   110] 
 n:p e o i <- n:p       : [mx   915(0) +=   111] [mg   915(0) <-   111] [mx   916(1) +=   112] [mg   916(1) <-   112] [mx   917(2) +=   113] [mg   917(2) <-   113] 
nch a uu i <- nch       : [mx   918(0) +=   114] [mg   918(0) <-   114] [mx   919(1) +=   115] [mg   919(1) <-   115] [mx   920(2) +=   116] [mg   920(2) <-   116] 
 nd a aa i <- nd        : [mx   921(0) +=   117] [mg   921(0) <-   117] [mx   922(1) +=   118] [mg   922(1) <-   118] [mx   923(2) +=   119] [mg   923(2) <-   119] 
nd. o aa i <- nd.       : [mx   924(0) +=   120] [mg   924(0) <-   120] [mx   925(1) +=   121] [mg   925(1) <-   121] [mx   926(2) +=   122] [mg   926(2) <-   122] 
nt:h aa aa i <- nt:h      : [mx   927(0) +=   123] [mg   927(0) <-   123] [mx   928(1) +=   124] [mg   928(1) <-   124] [mx   929(2) +=   125] [mg   929(2) <-   125] 
 o b nd. i <- o         : [mx   930(0) +=   126] [mg   930(0) <-   126] [mx   931(1) +=   127] [mg   931(1) <-   127] [mx   932(2) +=   128] [mg   932(2) <-   128] 
   o b t i <- o         : [mx   933(0) +=   126] [mg   933(0) <-   126] [mx   934(1) +=   127] [mg   934(1) <-   127] [mx   935(2) +=   128] [mg   935(2) <-   128] 
 o c:h l i <- o         : [mx   936(0) +=   126] [mg   936(0) <-   126] [mx   937(1) +=   127] [mg   937(1) <-   127] [mx   938(2) +=   128] [mg   938(2) <-   128] 
  o d py i <- o         : [mx   939(0) +=   126] [mg   939(0) <-   126] [mx   940(1) +=   127] [mg   940(1) <-   127] [mx   941(2) +=   128] [mg   941(2) <-   128] 
  o d sp i <- o         : [mx   942(0) +=   126] [mg   942(0) <-   126] [mx   943(1) +=   127] [mg   943(1) <-   127] [mx   944(2) +=   128] [mg   944(2) <-   128] 
  o d. s i <- o         : [mx   945(0) +=   126] [mg   945(0) <-   126] [mx   946(1) +=   127] [mg   946(1) <-   127] [mx   947(2) +=   128] [mg   947(2) <-   128] 
   o g b i <- o         : [mx   948(0) +=   126] [mg   948(0) <-   126] [mx   949(1) +=   127] [mg   949(1) <-   127] [mx   950(2) +=   128] [mg   950(2) <-   128] 
o g shth i <- o         : [mx   951(0) +=   126] [mg   951(0) <-   126] [mx   952(1) +=   127] [mg   952(1) <-   127] [mx   953(2) +=   128] [mg   953(2) <-   128] 
o k phth i <- o         : [mx   954(0) +=   126] [mg   954(0) <-   126] [mx   955(1) +=   127] [mg   955(1) <-   127] [mx   956(2) +=   128] [mg   956(2) <-   128] 
  o k r. i <- o         : [mx   957(0) +=   126] [mg   957(0) <-   126] [mx   958(1) +=   127] [mg   958(1) <-   127] [mx   959(2) +=   128] [mg   959(2) <-   128] 
   o m s i <- o         : [mx   960(0) +=   126] [mg   960(0) <-   126] [mx   961(1) +=   127] [mg   961(1) <-   127] [mx   962(2) +=   128] [mg   962(2) <-   128] 
o n:p n:g i <- o         : [mx   963(0) +=   126] [mg   963(0) <-   126] [mx   964(1) +=   127] [mg   964(1) <-   127] [mx   965(2) +=   128] [mg   965(2) <-   128] 
   o r t i <- o         : [mx   966(0) +=   126] [mg   966(0) <-   126] [mx   967(1) +=   127] [mg   967(1) <-   127] [mx   968(2) +=   128] [mg   968(2) <-   128] 
 oo k rm i <- oo        : [mx   969(0) +=   129] [mg   969(0) <-   129] [mx   970(1) +=   130] [mg   970(1) <-   130] [mx   971(2) +=   131] [mg   971(2) <-   131] 
oo n:d r i <- oo        : [mx   972(0) +=   129] [mg   972(0) <-   129] [mx   973(1) +=   130] [mg   973(1) <-   130] [mx   974(2) +=   131] [mg   974(2) <-   131] 
 p SIL a b <- p         : [mx   975(0) +=   132] [mg   975(0) <-   132] [mx   976(1) +=   133] [mg   976(1) <-   133] [mx   977(2) +=   134] [mg   977(2) <-   134] 
p SIL aa b <- p         : [mx   978(0) +=   132] [mg   978(0) <-   132] [mx   979(1) +=   133] [mg   979(1) <-   133] [mx   980(2) +=   134] [mg   980(2) <-   134] 
 p SIL u b <- p         : [mx   981(0) +=   132] [mg   981(0) <-   132] [mx   982(1) +=   133] [mg   982(1) <-   133] [mx   983(2) +=   134] [mg   983(2) <-   134] 
p SIL uu b <- p         : [mx   984(0) +=   132] [mg   984(0) <-   132] [mx   985(1) +=   133] [mg   985(1) <-   133] [mx   986(2) +=   134] [mg   986(2) <-   134] 
  p aa a i <- p         : [mx   987(0) +=   132] [mg   987(0) <-   132] [mx   988(1) +=   133] [mg   988(1) <-   133] [mx   989(2) +=   134] [mg   989(2) <-   134] 
  p ap a i <- p         : [mx   990(0) +=   132] [mg   990(0) <-   132] [mx   991(1) +=   133] [mg   991(1) <-   133] [mx   992(2) +=   134] [mg   992(2) <-   134] 
   p u a i <- p         : [mx   993(0) +=   132] [mg   993(0) <-   132] [mx   994(1) +=   133] [mg   994(1) <-   133] [mx   995(2) +=   134] [mg   995(2) <-   134] 
ph l r:e i <- ph        : [mx   996(0) +=   135] [mg   996(0) <-   135] [mx   997(1) +=   136] [mg   997(1) <-   136] [mx   998(2) +=   137] [mg   998(2) <-   137] 
ph ul ii i <- ph        : [mx   999(0) +=   135] [mg   999(0) <-   135] [mx  1000(1) +=   136] [mg  1000(1) <-   136] [mx  1001(2) +=   137] [mg  1001(2) <-   137] 
phth o aa i <- phth      : [mx  1002(0) +=   138] [mg  1002(0) <-   138] [mx  1003(1) +=   139] [mg  1003(1) <-   139] [mx  1004(2) +=   140] [mg  1004(2) <-   140] 
 py o aa i <- py        : [mx  1005(0) +=   141] [mg  1005(0) <-   141] [mx  1006(1) +=   142] [mg  1006(1) <-   142] [mx  1007(2) +=   143] [mg  1007(2) <-   143] 
 r SIL a b <- r         : [mx  1008(0) +=   144] [mg  1008(0) <-   144] [mx  1009(1) +=   145] [mg  1009(1) <-   145] [mx  1010(2) +=   146] [mg  1010(2) <-   146] 
r SIL aa b <- r         : [mx  1011(0) +=   144] [mg  1011(0) <-   144] [mx  1012(1) +=   145] [mg  1012(1) <-   145] [mx  1013(2) +=   146] [mg  1013(2) <-   146] 
 r SIL o b <- r         : [mx  1014(0) +=   144] [mg  1014(0) <-   144] [mx  1015(1) +=   145] [mg  1015(1) <-   145] [mx  1016(2) +=   146] [mg  1016(2) <-   146] 
   r a a i <- r         : [mx  1017(0) +=   144] [mg  1017(0) <-   144] [mx  1018(1) +=   145] [mg  1018(1) <-   145] [mx  1019(2) +=   146] [mg  1019(2) <-   146] 
  r a aa i <- r         : [mx  1020(0) +=   144] [mg  1020(0) <-   144] [mx  1021(1) +=   145] [mg  1021(1) <-   145] [mx  1022(2) +=   146] [mg  1022(2) <-   146] 
  r a sp i <- r         : [mx  1023(0) +=   144] [mg  1023(0) <-   144] [mx  1024(1) +=   145] [mg  1024(1) <-   145] [mx  1025(2) +=   146] [mg  1025(2) <-   146] 
 r aa aa i <- r         : [mx  1026(0) +=   144] [mg  1026(0) <-   144] [mx  1027(1) +=   145] [mg  1027(1) <-   145] [mx  1028(2) +=   146] [mg  1028(2) <-   146] 
 r aa sp i <- r         : [mx  1029(0) +=   144] [mg  1029(0) <-   144] [mx  1030(1) +=   145] [mg  1030(1) <-   145] [mx  1031(2) +=   146] [mg  1031(2) <-   146] 
   r i a i <- r         : [mx  1032(0) +=   144] [mg  1032(0) <-   144] [mx  1033(1) +=   145] [mg  1033(1) <-   145] [mx  1034(2) +=   146] [mg  1034(2) <-   146] 
 r ii sp i <- r         : [mx  1035(0) +=   144] [mg  1035(0) <-   144] [mx  1036(1) +=   145] [mg  1036(1) <-   145] [mx  1037(2) +=   146] [mg  1037(2) <-   146] 
 r oo sp i <- r         : [mx  1038(0) +=   144] [mg  1038(0) <-   144] [mx  1039(1) +=   145] [mg  1039(1) <-   145] [mx  1040(2) +=   146] [mg  1040(2) <-   146] 
 r uu aa i <- r         : [mx  1041(0) +=   144] [mg  1041(0) <-   144] [mx  1042(1) +=   145] [mg  1042(1) <-   145] [mx  1043(2) +=   146] [mg  1043(2) <-   146] 
  r uu i i <- r         : [mx  1044(0) +=   144] [mg  1044(0) <-   144] [mx  1045(1) +=   145] [mg  1045(1) <-   145] [mx  1046(2) +=   146] [mg  1046(2) <-   146] 
 r uu ii i <- r         : [mx  1047(0) +=   144] [mg  1047(0) <-   144] [mx  1048(1) +=   145] [mg  1048(1) <-   145] [mx  1049(2) +=   146] [mg  1049(2) <-   146] 
  r. a a i <- r.        : [mx  1050(0) +=   147] [mg  1050(0) <-   147] [mx  1051(1) +=   148] [mg  1051(1) <-   148] [mx  1052(2) +=   149] [mg  1052(2) <-   149] 
 r. a aa i <- r.        : [mx  1053(0) +=   147] [mg  1053(0) <-   147] [mx  1054(1) +=   148] [mg  1054(1) <-   148] [mx  1055(2) +=   149] [mg  1055(2) <-   149] 
 r. a sp i <- r.        : [mx  1056(0) +=   147] [mg  1056(0) <-   147] [mx  1057(1) +=   148] [mg  1057(1) <-   148] [mx  1058(2) +=   149] [mg  1058(2) <-   149] 
r. n:g ii i <- r.        : [mx  1059(0) +=   147] [mg  1059(0) <-   147] [mx  1060(1) +=   148] [mg  1060(1) <-   148] [mx  1061(2) +=   149] [mg  1061(2) <-   149] 
 r. o aa i <- r.        : [mx  1062(0) +=   147] [mg  1062(0) <-   147] [mx  1063(1) +=   148] [mg  1063(1) <-   148] [mx  1064(2) +=   149] [mg  1064(2) <-   149] 
r:e ph z i <- r:e       : [mx  1065(0) +=   150] [mg  1065(0) <-   150] [mx  1066(1) +=   151] [mg  1066(1) <-   151] [mx  1067(2) +=   152] [mg  1067(2) <-   152] 
r:g u sp i <- r:g       : [mx  1068(0) +=   153] [mg  1068(0) <-   153] [mx  1069(1) +=   154] [mg  1069(1) <-   154] [mx  1070(2) +=   155] [mg  1070(2) <-   155] 
rm oo aa i <- rm        : [mx  1071(0) +=   156] [mg  1071(0) <-   156] [mx  1072(1) +=   157] [mg  1072(1) <-   157] [mx  1073(2) +=   158] [mg  1073(2) <-   158] 
 s SIL a b <- s         : [mx  1074(0) +=   159] [mg  1074(0) <-   159] [mx  1075(1) +=   160] [mg  1075(1) <-   160] [mx  1076(2) +=   161] [mg  1076(2) <-   161] 
s SIL aa b <- s         : [mx  1077(0) +=   159] [mg  1077(0) <-   159] [mx  1078(1) +=   160] [mg  1078(1) <-   160] [mx  1079(2) +=   161] [mg  1079(2) <-   161] 
s SIL ii b <- s         : [mx  1080(0) +=   159] [mg  1080(0) <-   159] [mx  1081(1) +=   160] [mg  1081(1) <-   160] [mx  1082(2) +=   161] [mg  1082(2) <-   161] 
   s a a i <- s         : [mx  1083(0) +=   159] [mg  1083(0) <-   159] [mx  1084(1) +=   160] [mg  1084(1) <-   160] [mx  1085(2) +=   161] [mg  1085(2) <-   161] 
  s a sp i <- s         : [mx  1086(0) +=   159] [mg  1086(0) <-   159] [mx  1087(1) +=   160] [mg  1087(1) <-   160] [mx  1088(2) +=   161] [mg  1088(2) <-   161] 
 s as ii i <- s         : [mx  1089(0) +=   159] [mg  1089(0) <-   159] [mx  1090(1) +=   160] [mg  1090(1) <-   160] [mx  1091(2) +=   161] [mg  1091(2) <-   161] 
   s i i i <- s         : [mx  1092(0) +=   159] [mg  1092(0) <-   159] [mx  1093(1) +=   160] [mg  1093(1) <-   160] [mx  1094(2) +=   161] [mg  1094(2) <-   161] 
  s o aa i <- s         : [mx  1095(0) +=   159] [mg  1095(0) <-   159] [mx  1096(1) +=   160] [mg  1096(1) <-   160] [mx  1097(2) +=   161] [mg  1097(2) <-   161] 
sh SIL aa b <- sh        : [mx  1098(0) +=   162] [mg  1098(0) <-   162] [mx  1099(1) +=   163] [mg  1099(1) <-   163] [mx  1100(2) +=   164] [mg  1100(2) <-   164] 
shth o sp i <- shth      : [mx  1101(0) +=   165] [mg  1101(0) <-   165] [mx  1102(1) +=   166] [mg  1102(1) <-   166] [mx  1103(2) +=   167] [mg  1103(2) <-   167] 
sp aa SIL e <- sp        : [mx  1104(0) +=   168] [mg  1104(0) <-   168] [mx  1105(1) +=   169] [mg  1105(1) <-   169] [mx  1106(2) +=   170] [mg  1106(2) <-   170] 
sp aam SIL e <- sp        : [mx  1107(0) +=   168] [mg  1107(0) <-   168] [mx  1108(1) +=   169] [mg  1108(1) <-   169] [mx  1109(2) +=   170] [mg  1109(2) <-   170] 
sp ae SIL e <- sp        : [mx  1110(0) +=   168] [mg  1110(0) <-   168] [mx  1111(1) +=   169] [mg  1111(1) <-   169] [mx  1112(2) +=   170] [mg  1112(2) <-   170] 
sp au SIL e <- sp        : [mx  1113(0) +=   168] [mg  1113(0) <-   168] [mx  1114(1) +=   169] [mg  1114(1) <-   169] [mx  1115(2) +=   170] [mg  1115(2) <-   170] 
sp e SIL e <- sp        : [mx  1116(0) +=   168] [mg  1116(0) <-   168] [mx  1117(1) +=   169] [mg  1117(1) <-   169] [mx  1118(2) +=   170] [mg  1118(2) <-   170] 
sp g SIL e <- sp        : [mx  1119(0) +=   168] [mg  1119(0) <-   168] [mx  1120(1) +=   169] [mg  1120(1) <-   169] [mx  1121(2) +=   170] [mg  1121(2) <-   170] 
sp h SIL e <- sp        : [mx  1122(0) +=   168] [mg  1122(0) <-   168] [mx  1123(1) +=   169] [mg  1123(1) <-   169] [mx  1124(2) +=   170] [mg  1124(2) <-   170] 
sp ii SIL e <- sp        : [mx  1125(0) +=   168] [mg  1125(0) <-   168] [mx  1126(1) +=   169] [mg  1126(1) <-   169] [mx  1127(2) +=   170] [mg  1127(2) <-   170] 
sp k SIL e <- sp        : [mx  1128(0) +=   168] [mg  1128(0) <-   168] [mx  1129(1) +=   169] [mg  1129(1) <-   169] [mx  1130(2) +=   170] [mg  1130(2) <-   170] 
sp k:h SIL e <- sp        : [mx  1131(0) +=   168] [mg  1131(0) <-   168] [mx  1132(1) +=   169] [mg  1132(1) <-   169] [mx  1133(2) +=   170] [mg  1133(2) <-   170] 
sp l SIL e <- sp        : [mx  1134(0) +=   168] [mg  1134(0) <-   168] [mx  1135(1) +=   169] [mg  1135(1) <-   169] [mx  1136(2) +=   170] [mg  1136(2) <-   170] 
sp m SIL e <- sp        : [mx  1137(0) +=   168] [mg  1137(0) <-   168] [mx  1138(1) +=   169] [mg  1138(1) <-   169] [mx  1139(2) +=   170] [mg  1139(2) <-   170] 
sp n SIL e <- sp        : [mx  1140(0) +=   168] [mg  1140(0) <-   168] [mx  1141(1) +=   169] [mg  1141(1) <-   169] [mx  1142(2) +=   170] [mg  1142(2) <-   170] 
sp n:ch SIL e <- sp        : [mx  1143(0) +=   168] [mg  1143(0) <-   168] [mx  1144(1) +=   169] [mg  1144(1) <-   169] [mx  1145(2) +=   170] [mg  1145(2) <-   170] 
sp n:d SIL e <- sp        : [mx  1146(0) +=   168] [mg  1146(0) <-   168] [mx  1147(1) +=   169] [mg  1147(1) <-   169] [mx  1148(2) +=   170] [mg  1148(2) <-   170] 
sp o SIL e <- sp        : [mx  1149(0) +=   168] [mg  1149(0) <-   168] [mx  1150(1) +=   169] [mg  1150(1) <-   169] [mx  1151(2) +=   170] [mg  1151(2) <-   170] 
sp r SIL e <- sp        : [mx  1152(0) +=   168] [mg  1152(0) <-   168] [mx  1153(1) +=   169] [mg  1153(1) <-   169] [mx  1154(2) +=   170] [mg  1154(2) <-   170] 
sp r. SIL e <- sp        : [mx  1155(0) +=   168] [mg  1155(0) <-   168] [mx  1156(1) +=   169] [mg  1156(1) <-   169] [mx  1157(2) +=   170] [mg  1157(2) <-   170] 
sp r:g SIL e <- sp        : [mx  1158(0) +=   168] [mg  1158(0) <-   168] [mx  1159(1) +=   169] [mg  1159(1) <-   169] [mx  1160(2) +=   170] [mg  1160(2) <-   170] 
sp s SIL e <- sp        : [mx  1161(0) +=   168] [mg  1161(0) <-   168] [mx  1162(1) +=   169] [mg  1162(1) <-   169] [mx  1163(2) +=   170] [mg  1163(2) <-   170] 
sp shth SIL e <- sp        : [mx  1164(0) +=   168] [mg  1164(0) <-   168] [mx  1165(1) +=   169] [mg  1165(1) <-   169] [mx  1166(2) +=   170] [mg  1166(2) <-   170] 
sp t:h SIL e <- sp        : [mx  1167(0) +=   168] [mg  1167(0) <-   168] [mx  1168(1) +=   169] [mg  1168(1) <-   169] [mx  1169(2) +=   170] [mg  1169(2) <-   170] 
sp th SIL e <- sp        : [mx  1170(0) +=   168] [mg  1170(0) <-   168] [mx  1171(1) +=   169] [mg  1171(1) <-   169] [mx  1172(2) +=   170] [mg  1172(2) <-   170] 
sp uu SIL e <- sp        : [mx  1173(0) +=   168] [mg  1173(0) <-   168] [mx  1174(1) +=   169] [mg  1174(1) <-   169] [mx  1175(2) +=   170] [mg  1175(2) <-   170] 
sp w SIL e <- sp        : [mx  1176(0) +=   168] [mg  1176(0) <-   168] [mx  1177(1) +=   169] [mg  1177(1) <-   169] [mx  1178(2) +=   170] [mg  1178(2) <-   170] 
sp z SIL e <- sp        : [mx  1179(0) +=   168] [mg  1179(0) <-   168] [mx  1180(1) +=   169] [mg  1180(1) <-   169] [mx  1181(2) +=   170] [mg  1181(2) <-   170] 
 t SIL a b <- t         : [mx  1182(0) +=   171] [mg  1182(0) <-   171] [mx  1183(1) +=   172] [mg  1183(1) <-   172] [mx  1184(2) +=   173] [mg  1184(2) <-   173] 
t SIL ik b <- t         : [mx  1185(0) +=   171] [mg  1185(0) <-   171] [mx  1186(1) +=   172] [mg  1186(1) <-   172] [mx  1187(2) +=   173] [mg  1187(2) <-   173] 
   t a a i <- t         : [mx  1188(0) +=   171] [mg  1188(0) <-   171] [mx  1189(1) +=   172] [mg  1189(1) <-   172] [mx  1190(2) +=   173] [mg  1190(2) <-   173] 
  t a uu i <- t         : [mx  1191(0) +=   171] [mg  1191(0) <-   171] [mx  1192(1) +=   172] [mg  1192(1) <-   172] [mx  1193(2) +=   173] [mg  1193(2) <-   173] 
  t o ii i <- t         : [mx  1194(0) +=   171] [mg  1194(0) <-   171] [mx  1195(1) +=   172] [mg  1195(1) <-   172] [mx  1196(2) +=   173] [mg  1196(2) <-   173] 
t:h aa sp i <- t:h       : [mx  1197(0) +=   174] [mg  1197(0) <-   174] [mx  1198(1) +=   175] [mg  1198(1) <-   175] [mx  1199(2) +=   176] [mg  1199(2) <-   176] 
th SIL a b <- th        : [mx  1200(0) +=   177] [mg  1200(0) <-   177] [mx  1201(1) +=   178] [mg  1201(1) <-   178] [mx  1202(2) +=   179] [mg  1202(2) <-   179] 
th SIL ii b <- th        : [mx  1203(0) +=   177] [mg  1203(0) <-   177] [mx  1204(1) +=   178] [mg  1204(1) <-   178] [mx  1205(2) +=   179] [mg  1205(2) <-   179] 
  th a a i <- th        : [mx  1206(0) +=   177] [mg  1206(0) <-   177] [mx  1207(1) +=   178] [mg  1207(1) <-   178] [mx  1208(2) +=   179] [mg  1208(2) <-   179] 
 th a aa i <- th        : [mx  1209(0) +=   177] [mg  1209(0) <-   177] [mx  1210(1) +=   178] [mg  1210(1) <-   178] [mx  1211(2) +=   179] [mg  1211(2) <-   179] 
th aa sp i <- th        : [mx  1212(0) +=   177] [mg  1212(0) <-   177] [mx  1213(1) +=   178] [mg  1213(1) <-   178] [mx  1214(2) +=   179] [mg  1214(2) <-   179] 
th uth ap i <- th        : [mx  1215(0) +=   177] [mg  1215(0) <-   177] [mx  1216(1) +=   178] [mg  1216(1) <-   178] [mx  1217(2) +=   179] [mg  1217(2) <-   179] 
 ti et n i <- ti        : [mx  1218(0) +=   180] [mg  1218(0) <-   180] [mx  1219(1) +=   181] [mg  1219(1) <-   181] [mx  1220(2) +=   182] [mg  1220(2) <-   182] 
 u SIL p b <- u         : [mx  1221(0) +=   183] [mg  1221(0) <-   183] [mx  1222(1) +=   184] [mg  1222(1) <-   184] [mx  1223(2) +=   185] [mg  1223(2) <-   185] 
 u m r:g i <- u         : [mx  1224(0) +=   183] [mg  1224(0) <-   183] [mx  1225(1) +=   184] [mg  1225(1) <-   184] [mx  1226(2) +=   185] [mg  1226(2) <-   185] 
   u p d i <- u         : [mx  1227(0) +=   183] [mg  1227(0) <-   183] [mx  1228(1) +=   184] [mg  1228(1) <-   184] [mx  1229(2) +=   185] [mg  1229(2) <-   185] 
   u p l i <- u         : [mx  1230(0) +=   183] [mg  1230(0) <-   183] [mx  1231(1) +=   184] [mg  1231(1) <-   184] [mx  1232(2) +=   185] [mg  1232(2) <-   185] 
  ul k a i <- ul        : [mx  1233(0) +=   186] [mg  1233(0) <-   186] [mx  1234(1) +=   187] [mg  1234(1) <-   187] [mx  1235(2) +=   188] [mg  1235(2) <-   188] 
 ul k ph i <- ul        : [mx  1236(0) +=   186] [mg  1236(0) <-   186] [mx  1237(1) +=   187] [mg  1237(1) <-   187] [mx  1238(2) +=   188] [mg  1238(2) <-   188] 
uth SIL th b <- uth       : [mx  1239(0) +=   189] [mg  1239(0) <-   189] [mx  1240(1) +=   190] [mg  1240(1) <-   190] [mx  1241(2) +=   191] [mg  1241(2) <-   191] 
  uu g l i <- uu        : [mx  1242(0) +=   192] [mg  1242(0) <-   192] [mx  1243(1) +=   193] [mg  1243(1) <-   193] [mx  1244(2) +=   194] [mg  1244(2) <-   194] 
 uu j sp i <- uu        : [mx  1245(0) +=   192] [mg  1245(0) <-   192] [mx  1246(1) +=   193] [mg  1246(1) <-   193] [mx  1247(2) +=   194] [mg  1247(2) <-   194] 
 uu l sp i <- uu        : [mx  1248(0) +=   192] [mg  1248(0) <-   192] [mx  1249(1) +=   193] [mg  1249(1) <-   193] [mx  1250(2) +=   194] [mg  1250(2) <-   194] 
  uu m n i <- uu        : [mx  1251(0) +=   192] [mg  1251(0) <-   192] [mx  1252(1) +=   193] [mg  1252(1) <-   193] [mx  1253(2) +=   194] [mg  1253(2) <-   194] 
uu nch r i <- uu        : [mx  1254(0) +=   192] [mg  1254(0) <-   192] [mx  1255(1) +=   193] [mg  1255(1) <-   193] [mx  1256(2) +=   194] [mg  1256(2) <-   194] 
  uu p r i <- uu        : [mx  1257(0) +=   192] [mg  1257(0) <-   192] [mx  1258(1) +=   193] [mg  1258(1) <-   193] [mx  1259(2) +=   194] [mg  1259(2) <-   194] 
  uu t r i <- uu        : [mx  1260(0) +=   192] [mg  1260(0) <-   192] [mx  1261(1) +=   193] [mg  1261(1) <-   193] [mx  1262(2) +=   194] [mg  1262(2) <-   194] 
 v SIL a b <- v         : [mx  1263(0) +=   195] [mg  1263(0) <-   195] [mx  1264(1) +=   196] [mg  1264(1) <-   196] [mx  1265(2) +=   197] [mg  1265(2) <-   197] 
 v SIL e b <- v         : [mx  1266(0) +=   195] [mg  1266(0) <-   195] [mx  1267(1) +=   196] [mg  1267(1) <-   196] [mx  1268(2) +=   197] [mg  1268(2) <-   197] 
   v a a i <- v         : [mx  1269(0) +=   195] [mg  1269(0) <-   195] [mx  1270(1) +=   196] [mg  1270(1) <-   196] [mx  1271(2) +=   197] [mg  1271(2) <-   197] 
  v a aa i <- v         : [mx  1272(0) +=   195] [mg  1272(0) <-   195] [mx  1273(1) +=   196] [mg  1273(1) <-   196] [mx  1274(2) +=   197] [mg  1274(2) <-   197] 
  v a ii i <- v         : [mx  1275(0) +=   195] [mg  1275(0) <-   195] [mx  1276(1) +=   196] [mg  1276(1) <-   196] [mx  1277(2) +=   197] [mg  1277(2) <-   197] 
w SIL in: b <- w         : [mx  1278(0) +=   198] [mg  1278(0) <-   198] [mx  1279(1) +=   199] [mg  1279(1) <-   199] [mx  1280(2) +=   200] [mg  1280(2) <-   200] 
  w a aa i <- w         : [mx  1281(0) +=   198] [mg  1281(0) <-   198] [mx  1282(1) +=   199] [mg  1282(1) <-   199] [mx  1283(2) +=   200] [mg  1283(2) <-   200] 
 w aa sp i <- w         : [mx  1284(0) +=   198] [mg  1284(0) <-   198] [mx  1285(1) +=   199] [mg  1285(1) <-   199] [mx  1286(2) +=   200] [mg  1286(2) <-   200] 
  y a aa i <- y         : [mx  1287(0) +=   201] [mg  1287(0) <-   201] [mx  1288(1) +=   202] [mg  1288(1) <-   202] [mx  1289(2) +=   203] [mg  1289(2) <-   203] 
  y aa a i <- y         : [mx  1290(0) +=   201] [mg  1290(0) <-   201] [mx  1291(1) +=   202] [mg  1291(1) <-   202] [mx  1292(2) +=   203] [mg  1292(2) <-   203] 
   y i a i <- y         : [mx  1293(0) +=   201] [mg  1293(0) <-   201] [mx  1294(1) +=   202] [mg  1294(1) <-   202] [mx  1295(2) +=   203] [mg  1295(2) <-   203] 
  y ii a i <- y         : [mx  1296(0) +=   201] [mg  1296(0) <-   201] [mx  1297(1) +=   202] [mg  1297(1) <-   202] [mx  1298(2) +=   203] [mg  1298(2) <-   203] 
 z aa sp i <- z         : [mx  1299(0) +=   204] [mg  1299(0) <-   204] [mx  1300(1) +=   205] [mg  1300(1) <-   205] [mx  1301(2) +=   206] [mg  1301(2) <-   206] 
z r:e ii i <- z         : INFO: main.c(530): Writing dest /home/sumu/aammango/model_parameters/aammango.cd_cont_untied/transition_matrices
INFO: s3tmat_io.c(176): Wrote /home/sumu/aammango/model_parameters/aammango.cd_cont_untied/transition_matrices [69x3x4 array]
INFO: main.c(541): Writing dest /home/sumu/aammango/model_parameters/aammango.cd_cont_untied/mixture_weights
INFO: s3mixw_io.c(233): Wrote /home/sumu/aammango/model_parameters/aammango.cd_cont_untied/mixture_weights [1305x1x1 array]
INFO: main.c(550): Writing dest /home/sumu/aammango/model_parameters/aammango.cd_cont_untied/means
INFO: s3gau_io.c(228): Wrote /home/sumu/aammango/model_parameters/aammango.cd_cont_untied/means [1305x1x1 array]
INFO: main.c(562): Writing dest /home/sumu/aammango/model_parameters/aammango.cd_cont_untied/variances
INFO: s3gau_io.c(228): Wrote /home/sumu/aammango/model_parameters/aammango.cd_cont_untied/variances [1305x1x1 array]
[mx  1302(0) +=   204] [mg  1302(0) <-   204] [mx  1303(1) +=   205] [mg  1303(1) <-   205] [mx  1304(2) +=   206] [mg  1304(2) <-   206] 
Mon Nov  3 11:35:57 2014
