INFO: cmd_ln.c(696): Parsing command line:
/usr/local/libexec/sphinxtrain/norm \
	-accumdir /home/sumu/aammango/bwaccumdir/aammango_buff_1 \
	-mixwfn /home/sumu/aammango/model_parameters/aammango.cd_cont_untied/mixture_weights \
	-tmatfn /home/sumu/aammango/model_parameters/aammango.cd_cont_untied/transition_matrices \
	-meanfn /home/sumu/aammango/model_parameters/aammango.cd_cont_untied/means \
	-varfn /home/sumu/aammango/model_parameters/aammango.cd_cont_untied/variances \
	-fullvar no 

Current configuration:
[NAME]		[DEFLT]	[VALUE]
-accumdir		/home/sumu/aammango/bwaccumdir/aammango_buff_1,
-constE		3.0	3.000000e+00
-dcountfn		
-example	no	no
-fullvar	no	no
-help		no	no
-inmeanfn		
-inmixwfn		
-invarfn		
-meanfn			/home/sumu/aammango/model_parameters/aammango.cd_cont_untied/means
-mixwfn			/home/sumu/aammango/model_parameters/aammango.cd_cont_untied/mixture_weights
-mmie		no	no
-oaccumdir		
-regmatfn		
-tiedvar	no	no
-tmatfn			/home/sumu/aammango/model_parameters/aammango.cd_cont_untied/transition_matrices
-varfn			/home/sumu/aammango/model_parameters/aammango.cd_cont_untied/variances

INFO: main.c(207): Reading and accumulating counts from /home/sumu/aammango/bwaccumdir/aammango_buff_1
INFO: s3mixw_io.c(117): Read /home/sumu/aammango/bwaccumdir/aammango_buff_1/mixw_counts [1305x1x1 array]
INFO: s3tmat_io.c(118): Read /home/sumu/aammango/bwaccumdir/aammango_buff_1/tmat_counts [69x3x4 array]
INFO: s3gau_io.c(386): Read /home/sumu/aammango/bwaccumdir/aammango_buff_1/gauden_counts with means with vars (2pass) [1305x1x1 vector arrays]
INFO: main.c(321): -2passvar yes
INFO: main.c(391): Normalizing mean for n_mgau= 1305, n_stream= 1, n_density= 1
INFO: main.c(414): Normalizing var
INFO: s3mixw_io.c(233): Wrote /home/sumu/aammango/model_parameters/aammango.cd_cont_untied/mixture_weights [1305x1x1 array]
INFO: s3tmat_io.c(176): Wrote /home/sumu/aammango/model_parameters/aammango.cd_cont_untied/transition_matrices [69x3x4 array]
INFO: s3gau_io.c(228): Wrote /home/sumu/aammango/model_parameters/aammango.cd_cont_untied/means [1305x1x1 array]
INFO: s3gau_io.c(228): Wrote /home/sumu/aammango/model_parameters/aammango.cd_cont_untied/variances [1305x1x1 array]
Mon Nov  3 11:36:09 2014
Current Overall Likelihood Per Frame = -146.658081805605
Convergence ratio = 0.498385988114904
