INFO: cmd_ln.c(696): Parsing command line:
/usr/local/libexec/sphinxtrain/inc_comp \
	-ninc 2 \
	-dcountfn /home/sumu/aammango/model_parameters/aammango.cd_cont_200/mixture_weights \
	-inmixwfn /home/sumu/aammango/model_parameters/aammango.cd_cont_200/mixture_weights \
	-outmixwfn /home/sumu/aammango/model_parameters/aammango.cd_cont_initial/mixture_weights \
	-inmeanfn /home/sumu/aammango/model_parameters/aammango.cd_cont_200/means \
	-outmeanfn /home/sumu/aammango/model_parameters/aammango.cd_cont_initial/means \
	-invarfn /home/sumu/aammango/model_parameters/aammango.cd_cont_200/variances \
	-outvarfn /home/sumu/aammango/model_parameters/aammango.cd_cont_initial/variances \
	-fullvar no 

Current configuration:
[NAME]		[DEFLT]	[VALUE]
-dcountfn		/home/sumu/aammango/model_parameters/aammango.cd_cont_200/mixture_weights
-example	no	no
-fullvar	no	no
-help		no	no
-inmeanfn		/home/sumu/aammango/model_parameters/aammango.cd_cont_200/means
-inmixwfn		/home/sumu/aammango/model_parameters/aammango.cd_cont_200/mixture_weights
-invarfn		/home/sumu/aammango/model_parameters/aammango.cd_cont_200/variances
-ninc		1	2
-outmeanfn		/home/sumu/aammango/model_parameters/aammango.cd_cont_initial/means
-outmixwfn		/home/sumu/aammango/model_parameters/aammango.cd_cont_initial/mixture_weights
-outvarfn		/home/sumu/aammango/model_parameters/aammango.cd_cont_initial/variances

INFO: main.c(86): Reading mixing weight file /home/sumu/aammango/model_parameters/aammango.cd_cont_200/mixture_weights.
INFO: s3mixw_io.c(117): Read /home/sumu/aammango/model_parameters/aammango.cd_cont_200/mixture_weights [411x1x2 array]
INFO: s3gau_io.c(169): Read /home/sumu/aammango/model_parameters/aammango.cd_cont_200/means [411x1x2 array]
INFO: s3gau_io.c(169): Read /home/sumu/aammango/model_parameters/aammango.cd_cont_200/variances [411x1x2 array]
INFO: s3gau_io.c(553): Read /home/sumu/aammango/model_parameters/aammango.cd_cont_200/mixture_weights [411x1x2 array]
INFO: main.c(151): output n_density == 4
0:0(1.24e+02)1(1.14e+02)
1:0(1.49e+02)1(6.80e+01)
2:0(6.83e+01)1(6.32e+01)
3:1(1.82e+04)0(9.58e+03)
4:1(3.11e+03)0(2.72e+03)
5:0(3.69e+03)1(2.97e+03)
6:0(2.50e+03)1(5.56e+02)
7:0(1.60e+03)1(1.04e+03)
8:0(2.30e+03)1(1.92e+03)
9:1(4.46e+03)0(3.48e+03)
10:1(2.90e+03)0(2.55e+03)
11:0(3.55e+03)1(3.26e+03)
12:0(1.02e+02)1(5.28e+01)
13:1(4.39e+01)0(3.57e+01)
14:0(3.24e+01)1(3.00e+01)
15:0(1.04e+02)1(8.51e+01)
16:1(1.19e+02)0(8.79e+01)
17:0(1.44e+02)1(7.20e+01)
18:1(9.51e+01)0(7.63e+01)
19:0(7.20e+01)1(5.26e+01)
20:1(4.85e+01)0(2.79e+01)
21:1(3.02e+02)0(1.90e+02)
22:1(2.23e+02)0(1.85e+02)
23:0(1.64e+02)1(1.35e+02)
24:0(9.45e+01)1(7.13e+01)
25:0(6.85e+01)1(5.86e+01)
26:1(5.04e+01)0(4.44e+01)
27:0(1.99e+02)1(1.63e+02)
28:0(7.36e+01)1(5.44e+01)
29:1(1.25e+02)0(6.29e+01)
30:0(1.91e+02)1(1.16e+02)
31:0(1.12e+02)1(9.19e+01)
32:1(1.08e+02)0(1.03e+02)
33:0(4.11e+02)1(3.89e+02)
34:0(2.77e+02)1(2.54e+02)
35:0(5.81e+02)1(5.55e+02)
36:1(2.50e+02)0(1.37e+02)
37:1(3.31e+02)0(2.86e+02)
38:0(1.01e+02)1(8.03e+01)
39:1(1.63e+02)0(1.13e+02)
40:0(1.20e+02)1(1.18e+02)
41:0(8.39e+01)1(5.46e+01)
42:0(7.12e+02)1(3.90e+02)
43:1(2.53e+02)0(2.10e+02)
44:1(3.46e+02)0(3.30e+02)
45:1(6.40e+01)0(6.09e+01)
46:0(6.37e+01)1(6.16e+01)
47:1(5.86e+01)0(5.21e+01)
48:1(3.47e+02)0(3.46e+02)
49:0(6.14e+02)1(6.08e+02)
50:0(4.17e+02)1(3.97e+02)
51:0(2.01e+02)1(1.01e+02)
52:1(1.76e+02)0(1.46e+02)
53:1(1.32e+02)0(9.83e+01)
54:1(4.84e+02)0(4.55e+02)
55:0(4.22e+02)1(3.71e+02)
56:0(3.67e+02)1(1.88e+02)
57:1(2.13e+02)0(8.73e+01)
58:1(6.49e+01)0(4.17e+01)
59:0(6.82e+01)1(4.96e+01)
60:1(3.38e+02)0(2.85e+02)
61:0(4.88e+02)1(4.87e+02)
62:0(3.13e+02)1(2.70e+02)
63:1(3.01e+02)0(2.48e+02)
64:1(2.56e+02)0(2.47e+02)
65:0(2.01e+02)1(1.58e+02)
66:0(1.81e+02)1(1.73e+02)
67:1(2.31e+02)0(1.04e+02)
68:0(1.80e+02)1(1.02e+02)
69:1(2.00e+03)0(1.71e+03)
70:1(1.56e+03)0(1.49e+03)
71:1(1.25e+03)0(6.15e+02)
72:0(1.02e+02)1(7.51e+01)
73:0(5.24e+01)1(4.80e+01)
74:1(9.74e+01)0(6.50e+01)
75:0(4.68e+01)1(3.26e+01)
76:0(4.39e+01)1(3.57e+01)
77:0(7.97e+01)1(6.35e+01)
78:0(3.60e+02)1(2.34e+02)
79:1(1.71e+02)0(1.33e+02)
80:1(2.75e+02)0(1.86e+02)
81:1(5.90e+02)0(5.35e+02)
82:1(6.16e+02)0(4.71e+02)
83:0(4.77e+02)1(4.43e+02)
84:0(3.20e+02)1(2.55e+02)
85:1(2.32e+02)0(1.26e+02)
86:1(2.27e+02)0(1.88e+02)
87:0(9.92e+02)1(8.06e+02)
88:0(6.36e+02)1(5.22e+02)
89:0(7.57e+02)1(5.77e+02)
90:0(7.43e+02)1(4.04e+02)
91:0(7.12e+02)1(4.67e+02)
92:0(5.35e+02)1(3.77e+02)
93:0(7.49e+01)1(5.32e+01)
94:1(1.09e+02)0(5.67e+01)
95:1(6.91e+01)0(5.41e+01)
96:0(7.69e+02)1(7.22e+02)
97:0(7.23e+02)1(6.52e+02)
98:0(8.65e+02)1(4.84e+02)
99:1(1.08e+02)0(7.38e+01)
100:1(1.86e+02)0(1.75e+02)
101:0(2.58e+02)1(1.77e+02)
102:1(1.96e+02)0(1.21e+02)
103:0(9.54e+01)1(9.04e+01)
104:1(1.14e+02)0(7.66e+01)
105:0(1.09e+02)1(7.66e+01)
106:0(6.25e+01)1(4.77e+01)
107:1(7.92e+01)0(7.80e+01)
108:1(2.21e+02)0(1.57e+02)
109:1(1.35e+02)0(1.21e+02)
110:0(2.68e+02)1(1.61e+02)
111:1(8.16e+01)0(4.91e+01)
112:0(1.25e+02)1(6.77e+01)
113:0(1.24e+02)1(9.72e+01)
114:1(1.01e+02)0(9.25e+01)
115:1(7.13e+01)0(6.19e+01)
116:0(5.87e+01)1(2.37e+01)
117:1(1.24e+02)0(1.10e+02)
118:1(7.39e+01)0(4.27e+01)
119:0(6.54e+01)1(4.75e+01)
120:1(5.58e+01)0(4.24e+01)
121:1(7.04e+01)0(5.30e+01)
122:0(5.22e+01)1(4.27e+01)
123:1(5.80e+01)0(3.97e+01)
124:1(6.72e+01)0(6.04e+01)
125:0(2.30e+02)1(7.32e+01)
126:0(6.42e+02)1(3.67e+02)
127:1(3.35e+02)0(2.90e+02)
128:0(5.65e+02)1(5.16e+02)
129:0(1.72e+02)1(1.16e+02)
130:0(6.25e+01)1(4.51e+01)
131:1(1.08e+02)0(1.01e+02)
132:1(3.69e+02)0(2.90e+02)
133:1(2.94e+02)0(1.87e+02)
134:0(6.46e+02)1(4.63e+02)
135:0(1.77e+02)1(1.52e+02)
136:0(1.54e+02)1(1.48e+02)
137:0(1.19e+02)1(1.03e+02)
138:1(2.11e+02)0(9.33e+01)
139:0(7.54e+01)1(7.31e+01)
140:0(9.34e+01)1(3.93e+01)
141:0(1.04e+02)1(8.00e+01)
142:0(1.56e+02)1(7.88e+01)
143:1(5.32e+01)0(4.69e+01)
144:1(8.24e+02)0(5.89e+02)
145:1(6.98e+02)0(4.99e+02)
146:1(1.01e+03)0(5.57e+02)
147:1(3.20e+02)0(1.63e+02)
148:1(1.18e+02)0(5.29e+01)
149:1(1.38e+02)0(1.01e+02)
150:0(1.57e+02)1(7.60e+01)
151:0(1.16e+02)1(6.02e+01)
152:0(6.47e+01)1(4.22e+01)
153:1(1.47e+02)0(7.66e+01)
154:0(1.35e+02)1(8.58e+01)
155:0(2.82e+02)1(1.57e+02)
156:1(9.65e+01)0(9.37e+01)
157:0(6.94e+01)1(5.45e+01)
158:0(5.70e+01)1(2.85e+01)
159:1(2.30e+03)0(1.09e+03)
160:0(7.42e+02)1(5.28e+02)
161:1(9.99e+02)0(6.75e+02)
162:1(2.34e+02)0(1.06e+02)
163:1(5.14e+01)0(4.38e+01)
164:1(9.87e+01)0(6.82e+01)
165:0(3.80e+02)1(1.40e+02)
166:1(8.40e+01)0(7.51e+01)
167:1(1.16e+02)0(7.42e+01)
168:0(7.36e+03)1(4.87e+03)
169:0(1.18e+04)1(1.09e+04)
170:0(1.64e+04)1(1.60e+04)
171:1(3.99e+02)0(3.77e+02)
172:0(4.53e+02)1(3.61e+02)
173:0(4.64e+02)1(3.37e+02)
174:1(7.64e+01)0(7.58e+01)
175:0(1.05e+02)1(8.25e+01)
176:1(2.33e+02)0(9.47e+01)
177:0(4.59e+02)1(3.76e+02)
178:1(3.10e+02)0(2.97e+02)
179:0(3.79e+02)1(2.90e+02)
180:1(7.99e+01)0(4.12e+01)
181:0(5.47e+01)1(4.54e+01)
182:1(8.19e+01)0(8.04e+01)
183:0(2.42e+02)1(1.09e+02)
184:1(2.89e+02)0(2.37e+02)
185:1(2.51e+02)0(1.75e+02)
186:0(2.09e+02)1(5.50e+01)
187:1(2.50e+02)0(5.26e+01)
188:0(8.34e+01)1(4.35e+01)
189:1(1.28e+02)0(1.01e+02)
190:1(1.06e+02)0(5.46e+01)
191:1(3.23e+01)0(2.76e+01)
192:1(5.16e+02)0(3.59e+02)
193:1(4.65e+02)0(2.60e+02)
194:1(4.17e+02)0(2.68e+02)
195:1(2.24e+02)0(1.63e+02)
196:0(3.74e+02)1(2.74e+02)
197:1(2.14e+02)0(1.79e+02)
198:1(1.44e+02)0(1.35e+02)
199:1(1.92e+02)0(1.78e+02)
200:0(1.35e+02)1(7.43e+01)
201:1(3.55e+02)0(3.14e+02)
202:1(2.03e+02)0(1.55e+02)
203:1(2.34e+02)0(9.93e+01)
204:1(1.96e+02)0(1.16e+02)
205:1(7.76e+01)0(4.46e+01)
206:0(6.89e+01)1(5.50e+01)
207:0(1.24e+02)1(1.14e+02)
208:0(1.49e+02)1(6.80e+01)
209:0(6.83e+01)1(6.32e+01)
210:0(2.50e+03)1(5.56e+02)
211:0(1.60e+03)1(1.04e+03)
212:0(2.30e+03)1(1.92e+03)
213:1(4.46e+03)0(3.48e+03)
214:1(2.90e+03)0(2.55e+03)
215:0(3.55e+03)1(3.26e+03)
216:0(1.02e+02)1(5.28e+01)
217:1(4.39e+01)0(3.57e+01)
218:0(3.24e+01)1(3.00e+01)
219:0(1.04e+02)1(8.51e+01)
220:1(1.19e+02)0(8.79e+01)
221:0(1.44e+02)1(7.20e+01)
222:1(9.51e+01)0(7.63e+01)
223:0(7.20e+01)1(5.26e+01)
224:1(4.85e+01)0(2.79e+01)
225:1(3.02e+02)0(1.90e+02)
226:1(2.23e+02)0(1.85e+02)
227:0(1.64e+02)1(1.35e+02)
228:0(9.45e+01)1(7.13e+01)
229:0(6.85e+01)1(5.86e+01)
230:1(5.04e+01)0(4.44e+01)
231:0(1.99e+02)1(1.63e+02)
232:0(7.36e+01)1(5.44e+01)
233:1(1.25e+02)0(6.29e+01)
234:0(1.91e+02)1(1.16e+02)
235:0(1.12e+02)1(9.19e+01)
236:1(1.08e+02)0(1.03e+02)
237:0(4.11e+02)1(3.89e+02)
238:0(2.77e+02)1(2.54e+02)
239:0(5.81e+02)1(5.55e+02)
240:1(2.50e+02)0(1.37e+02)
241:1(3.31e+02)0(2.86e+02)
242:0(1.01e+02)1(8.03e+01)
243:1(1.63e+02)0(1.13e+02)
244:0(1.20e+02)1(1.18e+02)
245:0(8.39e+01)1(5.46e+01)
246:0(7.12e+02)1(3.90e+02)
247:1(2.53e+02)0(2.10e+02)
248:1(3.46e+02)0(3.30e+02)
249:1(6.40e+01)0(6.09e+01)
250:0(6.37e+01)1(6.16e+01)
251:1(5.86e+01)0(5.21e+01)
252:1(3.47e+02)0(3.46e+02)
253:0(6.14e+02)1(6.08e+02)
254:0(4.17e+02)1(3.97e+02)
255:0(2.01e+02)1(1.01e+02)
256:1(1.76e+02)0(1.46e+02)
257:1(1.32e+02)0(9.83e+01)
258:1(4.84e+02)0(4.55e+02)
259:0(4.22e+02)1(3.71e+02)
260:0(3.67e+02)1(1.88e+02)
261:1(2.13e+02)0(8.73e+01)
262:1(6.49e+01)0(4.17e+01)
263:0(6.82e+01)1(4.96e+01)
264:1(3.38e+02)0(2.85e+02)
265:0(4.88e+02)1(4.87e+02)
266:0(3.13e+02)1(2.70e+02)
267:1(3.01e+02)0(2.48e+02)
268:1(2.56e+02)0(2.47e+02)
269:0(2.01e+02)1(1.58e+02)
270:0(1.81e+02)1(1.73e+02)
271:1(2.31e+02)0(1.04e+02)
272:0(1.80e+02)1(1.02e+02)
273:1(2.00e+03)0(1.71e+03)
274:1(1.56e+03)0(1.49e+03)
275:1(1.25e+03)0(6.15e+02)
276:0(1.02e+02)1(7.51e+01)
277:0(5.24e+01)1(4.80e+01)
278:1(9.74e+01)0(6.50e+01)
279:0(4.68e+01)1(3.26e+01)
280:0(4.39e+01)1(3.57e+01)
281:0(7.97e+01)1(6.35e+01)
282:0(3.60e+02)1(2.34e+02)
283:1(1.71e+02)0(1.33e+02)
284:1(2.75e+02)0(1.86e+02)
285:1(5.90e+02)0(5.35e+02)
286:1(6.16e+02)0(4.71e+02)
287:0(4.77e+02)1(4.43e+02)
288:0(3.20e+02)1(2.55e+02)
289:1(2.32e+02)0(1.26e+02)
290:1(2.27e+02)0(1.88e+02)
291:0(9.92e+02)1(8.06e+02)
292:0(6.36e+02)1(5.22e+02)
293:0(7.57e+02)1(5.77e+02)
294:0(7.43e+02)1(4.04e+02)
295:0(7.12e+02)1(4.67e+02)
296:0(5.35e+02)1(3.77e+02)
297:0(7.49e+01)1(5.32e+01)
298:1(1.09e+02)0(5.67e+01)
299:1(6.91e+01)0(5.41e+01)
300:0(7.69e+02)1(7.22e+02)
301:0(7.23e+02)1(6.52e+02)
302:0(8.65e+02)1(4.84e+02)
303:1(1.08e+02)0(7.38e+01)
304:1(1.86e+02)0(1.75e+02)
305:0(2.58e+02)1(1.77e+02)
306:1(1.96e+02)0(1.21e+02)
307:0(9.54e+01)1(9.04e+01)
308:1(1.14e+02)0(7.66e+01)
309:0(1.09e+02)1(7.66e+01)
310:0(6.25e+01)1(4.77e+01)
311:1(7.92e+01)0(7.80e+01)
312:1(2.21e+02)0(1.57e+02)
313:1(1.35e+02)0(1.21e+02)
314:0(2.68e+02)1(1.61e+02)
315:1(8.16e+01)0(4.91e+01)
316:0(1.25e+02)1(6.77e+01)
317:0(1.24e+02)1(9.72e+01)
318:1(1.01e+02)0(9.25e+01)
319:1(7.13e+01)0(6.19e+01)
320:0(5.87e+01)1(2.37e+01)
321:1(1.24e+02)0(1.10e+02)
322:1(7.39e+01)0(4.27e+01)
323:0(6.54e+01)1(4.75e+01)
324:1(5.58e+01)0(4.24e+01)
325:1(7.04e+01)0(5.30e+01)
326:0(5.22e+01)1(4.27e+01)
327:1(5.80e+01)0(3.97e+01)
328:1(6.72e+01)0(6.04e+01)
329:0(2.30e+02)1(7.32e+01)
330:0(6.42e+02)1(3.67e+02)
331:1(3.35e+02)0(2.90e+02)
332:0(5.65e+02)1(5.16e+02)
333:0(1.72e+02)1(1.16e+02)
334:0(6.25e+01)1(4.51e+01)
335:1(1.08e+02)0(1.01e+02)
336:1(3.69e+02)0(2.90e+02)
337:1(2.94e+02)0(1.87e+02)
338:0(6.46e+02)1(4.63e+02)
339:0(1.77e+02)1(1.52e+02)
340:0(1.54e+02)1(1.48e+02)
341:0(1.19e+02)1(1.03e+02)
342:1(2.11e+02)0(9.33e+01)
343:0(7.54e+01)1(7.31e+01)
344:0(9.34e+01)1(3.93e+01)
345:0(1.04e+02)1(8.00e+01)
346:0(1.56e+02)1(7.88e+01)
347:1(5.32e+01)0(4.69e+01)
348:1(8.24e+02)0(5.89e+02)
349:1(6.98e+02)0(4.99e+02)
350:1(1.01e+03)0(5.57e+02)
351:1(3.20e+02)0(1.63e+02)
352:1(1.18e+02)0(5.29e+01)
353:1(1.38e+02)0(1.01e+02)
354:0(1.57e+02)1(7.60e+01)
355:0(1.16e+02)1(6.02e+01)
356:0(6.47e+01)1(4.22e+01)
357:1(1.47e+02)0(7.66e+01)
358:0(1.35e+02)1(8.58e+01)
359:0(2.82e+02)1(1.57e+02)
360:1(9.65e+01)0(9.37e+01)
361:0(6.94e+01)1(5.45e+01)
362:0(5.70e+01)1(2.85e+01)
363:1(2.30e+03)0(1.09e+03)
364:0(7.42e+02)1(5.28e+02)
365:1(9.99e+02)0(6.75e+02)
366:1(2.34e+02)0(1.06e+02)
367:1(5.14e+01)0(4.38e+01)
368:1(9.87e+01)0(6.82e+01)
369:0(3.80e+02)1(1.40e+02)
370:1(8.40e+01)0(7.51e+01)
371:1(1.16e+02)0(7.42e+01)
372:0(7.36e+03)1(4.87e+03)
373:0(1.18e+04)1(1.09e+04)
374:0(1.64e+04)1(1.60e+04)
375:1(3.99e+02)0(3.77e+02)
376:0(4.53e+02)1(3.61e+02)
377:0(4.64e+02)1(3.37e+02)
378:1(7.64e+01)0(7.58e+01)
379:0(1.05e+02)1(8.25e+01)
380:1(2.33e+02)0(9.47e+01)
381:0(4.59e+02)1(3.76e+02)
382:1(3.10e+02)0(2.97e+02)
383:0(3.79e+02)1(2.90e+02)
384:1(7.99e+01)0(4.12e+01)
385:0(5.47e+01)1(4.54e+01)
386:1(8.19e+01)0(8.04e+01)
387:0(2.42e+02)1(1.09e+02)
388:1(2.89e+02)0(2.37e+02)
389:1(2.51e+02)0(1.75e+02)
390:0(2.09e+02)1(5.50e+01)
391:1(2.50e+02)0(5.26e+01)
392:0(8.34e+01)1(4.35e+01)
393:1(1.28e+02)0(1.01e+02)
394:1(1.06e+02)0(5.46e+01)
395:1(3.23e+01)0(2.76e+01)
396:1(5.16e+02)0(3.59e+02)
397:1(4.65e+02)0(2.60e+02)
398:1(4.17e+02)0(2.68e+02)
399:1(2.24e+02)0(1.63e+02)
400:0(3.74e+02)1(2.74e+02)
401:1(2.14e+02)0(1.79e+02)
402:1(1.44e+02)0(1.35e+02)
403:1(1.92e+02)0(1.78e+02)
404:0(1.35e+02)1(7.43e+01)
405:1(3.55e+02)0(3.14e+02)
406:1(2.03e+02)0(1.55e+02)
407:1(2.34e+02)0(9.93e+01)
408:1(1.96e+02)0(1.16e+02)
409:1(7.76e+01)0(4.46e+01)
410:0(6.89e+01)1(5.50e+01)INFO: s3mixw_io.c(233): Wrote /home/sumu/aammango/model_parameters/aammango.cd_cont_initial/mixture_weights [411x1x4 array]
INFO: s3gau_io.c(228): Wrote /home/sumu/aammango/model_parameters/aammango.cd_cont_initial/means [411x1x4 array]
INFO: s3gau_io.c(228): Wrote /home/sumu/aammango/model_parameters/aammango.cd_cont_initial/variances [411x1x4 array]

Mon Nov  3 11:37:16 2014
