INFO: cmd_ln.c(696): Parsing command line:
/usr/local/libexec/sphinxtrain/inc_comp \
	-ninc 4 \
	-dcountfn /home/sumu/aammango/model_parameters/aammango.cd_cont_200/mixture_weights \
	-inmixwfn /home/sumu/aammango/model_parameters/aammango.cd_cont_200/mixture_weights \
	-outmixwfn /home/sumu/aammango/model_parameters/aammango.cd_cont_initial/mixture_weights \
	-inmeanfn /home/sumu/aammango/model_parameters/aammango.cd_cont_200/means \
	-outmeanfn /home/sumu/aammango/model_parameters/aammango.cd_cont_initial/means \
	-invarfn /home/sumu/aammango/model_parameters/aammango.cd_cont_200/variances \
	-outvarfn /home/sumu/aammango/model_parameters/aammango.cd_cont_initial/variances \
	-fullvar no 

Current configuration:
[NAME]		[DEFLT]	[VALUE]
-dcountfn		/home/sumu/aammango/model_parameters/aammango.cd_cont_200/mixture_weights
-example	no	no
-fullvar	no	no
-help		no	no
-inmeanfn		/home/sumu/aammango/model_parameters/aammango.cd_cont_200/means
-inmixwfn		/home/sumu/aammango/model_parameters/aammango.cd_cont_200/mixture_weights
-invarfn		/home/sumu/aammango/model_parameters/aammango.cd_cont_200/variances
-ninc		1	4
-outmeanfn		/home/sumu/aammango/model_parameters/aammango.cd_cont_initial/means
-outmixwfn		/home/sumu/aammango/model_parameters/aammango.cd_cont_initial/mixture_weights
-outvarfn		/home/sumu/aammango/model_parameters/aammango.cd_cont_initial/variances

INFO: main.c(86): Reading mixing weight file /home/sumu/aammango/model_parameters/aammango.cd_cont_200/mixture_weights.
INFO: s3mixw_io.c(117): Read /home/sumu/aammango/model_parameters/aammango.cd_cont_200/mixture_weights [411x1x4 array]
INFO: s3gau_io.c(169): Read /home/sumu/aammango/model_parameters/aammango.cd_cont_200/means [411x1x4 array]
INFO: s3gau_io.c(169): Read /home/sumu/aammango/model_parameters/aammango.cd_cont_200/variances [411x1x4 array]
INFO: s3gau_io.c(553): Read /home/sumu/aammango/model_parameters/aammango.cd_cont_200/mixture_weights [411x1x4 array]
INFO: main.c(151): output n_density == 8
0:3(6.51e+01)2(5.97e+01)1(5.46e+01)0(4.63e+01)
1:2(8.40e+01)0(5.34e+01)1(4.77e+01)3(3.89e+01)
2:0(3.74e+01)1(3.31e+01)2(3.22e+01)3(2.98e+01)
3:2(1.15e+04)1(7.47e+03)3(4.94e+03)0(4.01e+03)
4:2(1.93e+03)3(1.62e+03)1(1.33e+03)0(7.50e+02)
5:2(1.92e+03)0(1.74e+03)1(1.44e+03)3(1.37e+03)
6:2(1.49e+03)0(1.02e+03)3(3.46e+02)1(3.01e+02)
7:2(8.29e+02)0(7.51e+02)3(6.25e+02)1(6.24e+02)
8:0(1.24e+03)2(1.13e+03)1(8.93e+02)3(8.37e+02)
9:1(2.81e+03)3(1.86e+03)2(1.72e+03)0(1.58e+03)
10:0(1.52e+03)1(1.43e+03)2(1.09e+03)3(1.06e+03)
11:0(2.06e+03)1(1.86e+03)2(1.70e+03)3(1.43e+03)
12:2(8.81e+01)0(5.13e+01)1(4.90e+01)3(3.64e+01)
13:1(3.41e+01)3(2.08e+01)0(1.49e+01)2(1.00e+01)
14:2(1.84e+01)0(1.58e+01)1(1.49e+01)3(1.41e+01)
15:0(8.76e+01)2(7.54e+01)3(4.09e+01)1(4.00e+01)
16:1(6.22e+01)0(5.53e+01)2(5.26e+01)3(4.36e+01)
17:2(8.35e+01)0(5.97e+01)3(5.45e+01)1(2.73e+01)
18:2(1.05e+02)0(3.97e+01)1(3.93e+01)3(3.21e+01)
19:2(5.29e+01)3(4.30e+01)1(3.20e+01)0(3.03e+01)
20:2(2.00e+01)1(2.00e+01)3(1.70e+01)0(1.50e+01)
21:1(1.64e+02)2(1.23e+02)3(1.18e+02)0(8.47e+01)
22:2(1.22e+02)3(1.16e+02)1(1.15e+02)0(6.65e+01)
23:2(1.05e+02)3(7.75e+01)1(6.55e+01)0(5.61e+01)
24:0(4.95e+01)3(4.75e+01)1(4.66e+01)2(4.05e+01)
25:1(3.33e+01)2(3.28e+01)3(3.07e+01)0(2.70e+01)
26:2(2.90e+01)3(2.42e+01)1(2.17e+01)0(2.10e+01)
27:3(1.34e+02)0(9.08e+01)2(8.14e+01)1(6.46e+01)
28:2(5.28e+01)0(3.57e+01)3(2.75e+01)1(2.61e+01)
29:1(8.76e+01)2(3.97e+01)0(3.04e+01)3(2.90e+01)
30:0(1.46e+02)2(8.22e+01)1(5.97e+01)3(4.55e+01)
31:1(5.51e+01)2(5.34e+01)3(4.29e+01)0(4.25e+01)
32:0(9.54e+01)1(8.70e+01)3(6.34e+01)2(5.21e+01)
33:2(2.91e+02)1(2.07e+02)0(1.87e+02)3(1.78e+02)
34:0(1.42e+02)3(1.38e+02)1(1.37e+02)2(1.23e+02)
35:1(3.30e+02)3(3.17e+02)0(2.59e+02)2(2.26e+02)
36:2(1.40e+02)1(1.09e+02)0(8.48e+01)3(7.09e+01)
37:1(1.56e+02)3(1.56e+02)2(1.50e+02)0(1.25e+02)
38:2(6.22e+01)1(5.34e+01)0(5.33e+01)3(2.96e+01)
39:1(8.18e+01)3(7.46e+01)2(6.61e+01)0(5.41e+01)
40:1(6.43e+01)0(5.88e+01)3(5.56e+01)2(5.29e+01)
41:2(5.37e+01)0(3.53e+01)3(3.09e+01)1(1.77e+01)
42:0(3.44e+02)2(2.87e+02)1(2.45e+02)3(1.87e+02)
43:2(1.35e+02)3(1.12e+02)1(1.01e+02)0(9.94e+01)
44:2(2.21e+02)0(1.79e+02)1(1.56e+02)3(1.37e+02)
45:1(3.21e+01)2(3.14e+01)3(3.12e+01)0(2.90e+01)
46:2(3.72e+01)0(3.31e+01)1(3.15e+01)3(3.08e+01)
47:1(4.27e+01)3(3.53e+01)2(2.18e+01)0(2.12e+01)
48:2(1.98e+02)3(1.94e+02)0(1.44e+02)1(1.37e+02)
49:0(3.53e+02)1(2.70e+02)3(2.37e+02)2(2.29e+02)
50:2(2.54e+02)0(2.18e+02)3(2.05e+02)1(1.53e+02)
51:2(1.13e+02)0(1.03e+02)3(4.79e+01)1(3.75e+01)
52:3(1.03e+02)1(1.02e+02)2(5.95e+01)0(5.30e+01)
53:2(1.00e+02)3(6.06e+01)1(4.91e+01)0(3.38e+01)
54:1(2.68e+02)3(2.61e+02)2(2.16e+02)0(2.14e+02)
55:2(2.02e+02)3(1.78e+02)0(1.71e+02)1(1.53e+02)
56:0(2.19e+02)2(1.94e+02)1(1.21e+02)3(6.86e+01)
57:2(1.09e+02)1(8.91e+01)3(5.35e+01)0(4.53e+01)
58:2(3.75e+01)1(2.88e+01)0(2.43e+01)3(2.36e+01)
59:2(3.77e+01)3(3.00e+01)0(2.99e+01)1(2.41e+01)
60:0(1.56e+02)3(1.46e+02)1(1.31e+02)2(1.20e+02)
61:1(2.50e+02)2(2.45e+02)0(2.31e+02)3(2.22e+02)
62:2(1.80e+02)0(1.63e+02)1(1.14e+02)3(1.05e+02)
63:0(2.00e+02)1(1.66e+02)3(9.36e+01)2(7.80e+01)
64:1(1.30e+02)2(1.30e+02)3(1.28e+02)0(9.30e+01)
65:0(1.16e+02)2(1.16e+02)1(9.82e+01)3(7.55e+01)
66:2(1.13e+02)3(8.39e+01)0(6.52e+01)1(5.87e+01)
67:1(1.10e+02)2(9.64e+01)0(7.46e+01)3(5.21e+01)
68:0(1.07e+02)2(9.89e+01)3(7.09e+01)1(6.87e+01)
69:1(1.07e+03)3(9.58e+02)0(8.83e+02)2(7.91e+02)
70:3(9.55e+02)1(8.73e+02)2(7.91e+02)0(6.21e+02)
71:1(6.42e+02)2(6.35e+02)3(3.23e+02)0(2.75e+02)
72:2(6.01e+01)1(5.97e+01)0(4.07e+01)3(2.63e+01)
73:1(3.33e+01)3(2.78e+01)2(2.65e+01)0(2.34e+01)
74:1(7.05e+01)2(4.74e+01)3(3.42e+01)0(2.67e+01)
75:0(2.12e+01)2(2.09e+01)3(1.78e+01)1(1.50e+01)
76:3(1.99e+01)0(1.85e+01)1(1.81e+01)2(1.50e+01)
77:0(4.41e+01)1(3.54e+01)2(3.26e+01)3(2.75e+01)
78:2(2.04e+02)0(1.70e+02)3(1.19e+02)1(1.03e+02)
79:2(9.74e+01)1(8.07e+01)0(7.88e+01)3(6.22e+01)
80:2(1.48e+02)1(1.27e+02)0(9.01e+01)3(8.28e+01)
81:1(3.37e+02)3(2.65e+02)0(2.34e+02)2(2.16e+02)
82:3(3.57e+02)2(2.52e+02)1(1.67e+02)0(1.41e+02)
83:2(2.96e+02)0(2.49e+02)1(2.41e+02)3(1.82e+02)
84:2(1.76e+02)1(1.52e+02)3(1.36e+02)0(1.27e+02)
85:2(1.26e+02)1(1.09e+02)3(9.06e+01)0(5.91e+01)
86:2(1.18e+02)0(1.09e+02)1(1.02e+02)3(7.03e+01)
87:2(5.02e+02)0(4.61e+02)3(4.38e+02)1(3.44e+02)
88:2(4.33e+02)1(3.58e+02)0(2.45e+02)3(1.68e+02)
89:3(4.25e+02)2(3.65e+02)0(3.64e+02)1(2.86e+02)
90:0(5.33e+02)2(3.30e+02)1(2.01e+02)3(1.27e+02)
91:0(3.95e+02)2(2.90e+02)1(2.59e+02)3(2.08e+02)
92:2(3.78e+02)3(2.62e+02)0(2.51e+02)1(1.72e+02)
93:2(5.82e+01)0(3.42e+01)1(3.03e+01)3(1.68e+01)
94:2(5.96e+01)1(5.02e+01)0(3.52e+01)3(2.67e+01)
95:3(3.73e+01)2(3.22e+01)1(2.56e+01)0(1.79e+01)
96:0(5.15e+02)3(4.04e+02)2(3.23e+02)1(2.88e+02)
97:0(5.07e+02)2(3.23e+02)1(2.94e+02)3(2.50e+02)
98:2(5.75e+02)1(3.60e+02)3(3.32e+02)0(2.34e+02)
99:1(7.44e+01)3(5.80e+01)0(4.05e+01)2(2.84e+01)
100:3(1.27e+02)1(7.70e+01)2(7.63e+01)0(5.87e+01)
101:2(2.10e+02)1(1.10e+02)0(1.03e+02)3(7.61e+01)
102:1(1.03e+02)2(8.56e+01)0(7.21e+01)3(6.45e+01)
103:2(5.98e+01)3(5.47e+01)1(5.19e+01)0(2.58e+01)
104:3(6.72e+01)2(6.67e+01)1(3.76e+01)0(3.01e+01)
105:2(5.11e+01)3(4.62e+01)1(4.21e+01)0(3.90e+01)
106:0(3.94e+01)1(3.49e+01)3(2.45e+01)2(2.21e+01)
107:1(5.04e+01)0(3.98e+01)2(3.94e+01)3(3.32e+01)
108:3(1.40e+02)1(8.91e+01)2(8.24e+01)0(5.34e+01)
109:1(9.04e+01)2(7.86e+01)0(6.15e+01)3(6.12e+01)
110:2(1.70e+02)1(9.20e+01)0(7.40e+01)3(7.01e+01)
111:1(4.71e+01)2(3.71e+01)3(2.68e+01)0(1.98e+01)
112:0(7.35e+01)2(6.40e+01)1(4.21e+01)3(3.06e+01)
113:2(6.33e+01)0(4.89e+01)1(4.68e+01)3(4.47e+01)
114:3(6.56e+01)1(5.18e+01)2(4.79e+01)0(4.27e+01)
115:1(4.32e+01)3(3.74e+01)2(3.13e+01)0(1.86e+01)
116:0(4.90e+01)2(3.61e+01)1(1.79e+01)3(1.30e+01)
117:0(6.43e+01)2(5.73e+01)1(5.68e+01)3(4.69e+01)
118:2(3.84e+01)3(3.25e+01)1(2.89e+01)0(2.10e+01)
119:2(4.28e+01)0(3.62e+01)1(1.89e+01)3(1.85e+01)
120:2(4.43e+01)1(3.65e+01)3(2.10e+01)0(1.70e+01)
121:2(3.99e+01)3(3.41e+01)1(3.39e+01)0(2.36e+01)
122:2(3.64e+01)0(3.14e+01)3(2.18e+01)1(1.99e+01)
123:1(3.38e+01)2(3.01e+01)3(2.44e+01)0(1.41e+01)
124:1(4.04e+01)3(3.66e+01)0(2.56e+01)2(2.40e+01)
125:0(1.28e+02)2(1.08e+02)3(5.07e+01)1(2.20e+01)
126:2(3.28e+02)0(2.76e+02)3(1.49e+02)1(6.96e+01)
127:0(2.27e+02)1(1.95e+02)2(1.57e+02)3(1.24e+02)
128:3(3.91e+02)2(3.36e+02)0(2.36e+02)1(2.21e+02)
129:2(9.44e+01)3(8.12e+01)0(7.86e+01)1(5.70e+01)
130:3(4.18e+01)2(3.71e+01)1(2.53e+01)0(2.23e+01)
131:0(5.91e+01)1(4.38e+01)3(4.30e+01)2(4.18e+01)
132:3(1.86e+02)1(1.85e+02)2(1.62e+02)0(9.91e+01)
133:1(1.73e+02)2(1.67e+02)0(1.02e+02)3(9.01e+01)
134:2(3.25e+02)0(3.14e+02)1(2.50e+02)3(1.65e+02)
135:0(1.67e+02)3(9.20e+01)2(8.96e+01)1(7.25e+01)
136:1(7.63e+01)0(7.48e+01)2(7.20e+01)3(4.86e+01)
137:2(1.27e+02)3(6.21e+01)0(5.53e+01)1(3.83e+01)
138:2(1.22e+02)1(1.13e+02)3(5.04e+01)0(2.98e+01)
139:0(4.42e+01)3(3.54e+01)2(3.49e+01)1(3.10e+01)
140:2(5.06e+01)3(4.62e+01)0(3.14e+01)1(2.62e+01)
141:2(7.08e+01)1(4.83e+01)0(4.64e+01)3(2.49e+01)
142:2(8.65e+01)0(6.97e+01)1(4.67e+01)3(2.78e+01)
143:3(3.91e+01)1(3.21e+01)0(2.70e+01)2(1.64e+01)
144:2(4.51e+02)1(3.53e+02)0(2.47e+02)3(2.36e+02)
145:1(5.46e+02)3(2.66e+02)2(2.10e+02)0(1.35e+02)
146:1(6.20e+02)2(4.85e+02)3(3.18e+02)0(2.41e+02)
147:1(1.56e+02)2(1.40e+02)3(7.68e+01)0(5.50e+01)
148:1(9.38e+01)2(7.84e+01)0(3.16e+01)3(2.78e+01)
149:1(1.24e+02)2(6.74e+01)0(5.65e+01)3(4.17e+01)
150:2(8.89e+01)0(6.18e+01)1(5.05e+01)3(3.45e+01)
151:0(5.86e+01)2(5.69e+01)3(2.99e+01)1(2.21e+01)
152:0(3.24e+01)1(2.87e+01)3(2.68e+01)2(2.27e+01)
153:2(9.12e+01)1(6.61e+01)3(4.07e+01)0(3.47e+01)
154:3(7.21e+01)2(5.42e+01)0(4.86e+01)1(3.69e+01)
155:0(1.56e+02)2(1.53e+02)1(8.47e+01)3(7.52e+01)
156:0(5.89e+01)2(4.99e+01)1(4.89e+01)3(2.79e+01)
157:0(4.00e+01)3(3.60e+01)2(3.21e+01)1(2.11e+01)
158:0(4.05e+01)2(3.42e+01)3(1.71e+01)1(1.51e+01)
159:1(1.20e+03)2(1.05e+03)0(6.21e+02)3(4.38e+02)
160:0(3.67e+02)2(3.35e+02)3(2.95e+02)1(2.14e+02)
161:2(5.05e+02)1(4.07e+02)0(3.38e+02)3(3.31e+02)
162:1(1.25e+02)2(1.13e+02)3(6.29e+01)0(3.85e+01)
163:3(2.62e+01)0(2.59e+01)2(2.22e+01)1(2.01e+01)
164:2(8.68e+01)3(3.82e+01)1(3.21e+01)0(2.64e+01)
165:2(2.13e+02)0(1.95e+02)3(7.37e+01)1(5.67e+01)
166:1(5.36e+01)3(4.03e+01)2(3.20e+01)0(3.05e+01)
167:1(6.91e+01)3(5.89e+01)2(4.76e+01)0(2.69e+01)
168:2(3.76e+03)0(3.59e+03)3(1.94e+03)1(1.65e+03)
169:2(8.15e+03)1(5.92e+03)0(5.48e+03)3(4.57e+03)
170:2(9.72e+03)1(9.47e+03)0(6.12e+03)3(5.80e+03)
171:1(2.06e+02)3(1.72e+02)0(1.57e+02)2(1.49e+02)
172:2(2.19e+02)0(2.08e+02)3(1.56e+02)1(1.41e+02)
173:2(2.59e+02)3(1.99e+02)0(1.98e+02)1(1.34e+02)
174:1(4.94e+01)2(4.45e+01)3(3.99e+01)0(3.59e+01)
175:0(4.86e+01)2(4.70e+01)1(4.61e+01)3(3.57e+01)
176:1(1.52e+02)2(1.40e+02)3(4.44e+01)0(3.74e+01)
177:1(2.61e+02)0(2.35e+02)2(2.30e+02)3(1.71e+02)
178:3(2.27e+02)0(1.72e+02)1(1.45e+02)2(1.39e+02)
179:1(2.00e+02)2(1.65e+02)0(1.42e+02)3(1.16e+02)
180:1(4.43e+01)2(3.86e+01)0(1.70e+01)3(1.51e+01)
181:2(3.01e+01)0(2.81e+01)1(2.71e+01)3(1.65e+01)
182:1(7.06e+01)0(4.39e+01)3(4.18e+01)2(3.92e+01)
183:0(1.38e+02)2(1.16e+02)3(8.64e+01)1(4.63e+01)
184:2(1.50e+02)1(1.28e+02)3(1.21e+02)0(1.04e+02)
185:2(1.96e+02)0(8.41e+01)3(8.01e+01)1(7.39e+01)
186:2(1.22e+02)0(9.19e+01)3(6.14e+01)1(5.78e+01)
187:2(1.57e+02)1(8.41e+01)3(4.46e+01)0(2.59e+01)
188:2(5.81e+01)0(4.52e+01)1(2.58e+01)3(1.62e+01)
189:2(7.21e+01)3(5.76e+01)1(5.72e+01)0(4.35e+01)
190:1(5.31e+01)2(4.95e+01)3(3.45e+01)0(2.35e+01)
191:1(1.80e+01)3(1.79e+01)2(1.40e+01)0(1.20e+01)
192:2(2.88e+02)1(2.58e+02)0(1.70e+02)3(1.60e+02)
193:1(2.51e+02)2(2.15e+02)3(1.77e+02)0(8.86e+01)
194:1(2.77e+02)0(1.74e+02)2(1.73e+02)3(1.22e+02)
195:2(1.48e+02)3(1.09e+02)1(8.71e+01)0(7.37e+01)
196:2(1.72e+02)0(1.38e+02)1(1.38e+02)3(1.33e+02)
197:2(1.22e+02)0(9.80e+01)3(9.38e+01)1(9.25e+01)
198:0(9.29e+01)3(7.28e+01)1(7.23e+01)2(5.19e+01)
199:2(1.07e+02)0(1.06e+02)1(6.96e+01)3(6.68e+01)
200:0(1.16e+02)2(7.23e+01)3(6.36e+01)1(3.79e+01)
201:3(1.72e+02)0(1.69e+02)2(1.32e+02)1(1.27e+02)
202:1(1.47e+02)0(9.51e+01)2(8.92e+01)3(7.29e+01)
203:2(1.38e+02)1(1.04e+02)0(8.59e+01)3(4.86e+01)
204:2(1.02e+02)0(7.59e+01)1(6.90e+01)3(6.40e+01)
205:2(4.65e+01)3(3.49e+01)1(3.39e+01)0(1.99e+01)
206:3(4.66e+01)2(4.61e+01)1(4.12e+01)0(3.08e+01)
207:3(6.51e+01)2(5.97e+01)1(5.46e+01)0(4.63e+01)
208:2(8.40e+01)0(5.34e+01)1(4.77e+01)3(3.89e+01)
209:0(3.74e+01)1(3.31e+01)2(3.22e+01)3(2.98e+01)
210:2(1.49e+03)0(1.02e+03)3(3.46e+02)1(3.01e+02)
211:2(8.29e+02)0(7.51e+02)3(6.25e+02)1(6.24e+02)
212:0(1.24e+03)2(1.13e+03)1(8.93e+02)3(8.37e+02)
213:1(2.81e+03)3(1.86e+03)2(1.72e+03)0(1.58e+03)
214:0(1.52e+03)1(1.43e+03)2(1.09e+03)3(1.06e+03)
215:0(2.06e+03)1(1.86e+03)2(1.70e+03)3(1.43e+03)
216:2(8.81e+01)0(5.13e+01)1(4.90e+01)3(3.64e+01)
217:1(3.41e+01)3(2.08e+01)0(1.49e+01)2(1.00e+01)
218:2(1.84e+01)0(1.58e+01)1(1.49e+01)3(1.41e+01)
219:0(8.76e+01)2(7.54e+01)3(4.09e+01)1(4.00e+01)
220:1(6.22e+01)0(5.53e+01)2(5.26e+01)3(4.36e+01)
221:2(8.35e+01)0(5.97e+01)3(5.45e+01)1(2.73e+01)
222:2(1.05e+02)0(3.97e+01)1(3.93e+01)3(3.21e+01)
223:2(5.29e+01)3(4.30e+01)1(3.20e+01)0(3.03e+01)
224:2(2.00e+01)1(2.00e+01)3(1.70e+01)0(1.50e+01)
225:1(1.64e+02)2(1.23e+02)3(1.18e+02)0(8.47e+01)
226:2(1.22e+02)3(1.16e+02)1(1.15e+02)0(6.65e+01)
227:2(1.05e+02)3(7.75e+01)1(6.55e+01)0(5.61e+01)
228:0(4.95e+01)3(4.75e+01)1(4.66e+01)2(4.05e+01)
229:1(3.33e+01)2(3.28e+01)3(3.07e+01)0(2.70e+01)
230:2(2.90e+01)3(2.42e+01)1(2.17e+01)0(2.10e+01)
231:3(1.34e+02)0(9.08e+01)2(8.14e+01)1(6.46e+01)
232:2(5.28e+01)0(3.57e+01)3(2.75e+01)1(2.61e+01)
233:1(8.76e+01)2(3.97e+01)0(3.04e+01)3(2.90e+01)
234:0(1.46e+02)2(8.22e+01)1(5.97e+01)3(4.55e+01)
235:1(5.51e+01)2(5.34e+01)3(4.29e+01)0(4.25e+01)
236:0(9.54e+01)1(8.70e+01)3(6.34e+01)2(5.21e+01)
237:2(2.91e+02)1(2.07e+02)0(1.87e+02)3(1.78e+02)
238:0(1.42e+02)3(1.38e+02)1(1.37e+02)2(1.23e+02)
239:1(3.30e+02)3(3.17e+02)0(2.59e+02)2(2.26e+02)
240:2(1.40e+02)1(1.09e+02)0(8.48e+01)3(7.09e+01)
241:1(1.56e+02)3(1.56e+02)2(1.50e+02)0(1.25e+02)
242:2(6.22e+01)1(5.34e+01)0(5.33e+01)3(2.96e+01)
243:1(8.18e+01)3(7.46e+01)2(6.61e+01)0(5.41e+01)
244:1(6.43e+01)0(5.88e+01)3(5.56e+01)2(5.29e+01)
245:2(5.37e+01)0(3.53e+01)3(3.09e+01)1(1.77e+01)
246:0(3.44e+02)2(2.87e+02)1(2.45e+02)3(1.87e+02)
247:2(1.35e+02)3(1.12e+02)1(1.01e+02)0(9.94e+01)
248:2(2.21e+02)0(1.79e+02)1(1.56e+02)3(1.37e+02)
249:1(3.21e+01)2(3.14e+01)3(3.12e+01)0(2.90e+01)
250:2(3.72e+01)0(3.31e+01)1(3.15e+01)3(3.08e+01)
251:1(4.27e+01)3(3.53e+01)2(2.18e+01)0(2.12e+01)
252:2(1.98e+02)3(1.94e+02)0(1.44e+02)1(1.37e+02)
253:0(3.53e+02)1(2.70e+02)3(2.37e+02)2(2.29e+02)
254:2(2.54e+02)0(2.18e+02)3(2.05e+02)1(1.53e+02)
255:2(1.13e+02)0(1.03e+02)3(4.79e+01)1(3.75e+01)
256:3(1.03e+02)1(1.02e+02)2(5.95e+01)0(5.30e+01)
257:2(1.00e+02)3(6.06e+01)1(4.91e+01)0(3.38e+01)
258:1(2.68e+02)3(2.61e+02)2(2.16e+02)0(2.14e+02)
259:2(2.02e+02)3(1.78e+02)0(1.71e+02)1(1.53e+02)
260:0(2.19e+02)2(1.94e+02)1(1.21e+02)3(6.86e+01)
261:2(1.09e+02)1(8.91e+01)3(5.35e+01)0(4.53e+01)
262:2(3.75e+01)1(2.88e+01)0(2.43e+01)3(2.36e+01)
263:2(3.77e+01)3(3.00e+01)0(2.99e+01)1(2.41e+01)
264:0(1.56e+02)3(1.46e+02)1(1.31e+02)2(1.20e+02)
265:1(2.50e+02)2(2.45e+02)0(2.31e+02)3(2.22e+02)
266:2(1.80e+02)0(1.63e+02)1(1.14e+02)3(1.05e+02)
267:0(2.00e+02)1(1.66e+02)3(9.36e+01)2(7.80e+01)
268:1(1.30e+02)2(1.30e+02)3(1.28e+02)0(9.30e+01)
269:0(1.16e+02)2(1.16e+02)1(9.82e+01)3(7.55e+01)
270:2(1.13e+02)3(8.39e+01)0(6.52e+01)1(5.87e+01)
271:1(1.10e+02)2(9.64e+01)0(7.46e+01)3(5.21e+01)
272:0(1.07e+02)2(9.89e+01)3(7.09e+01)1(6.87e+01)
273:1(1.07e+03)3(9.58e+02)0(8.83e+02)2(7.91e+02)
274:3(9.55e+02)1(8.73e+02)2(7.91e+02)0(6.21e+02)
275:1(6.42e+02)2(6.35e+02)3(3.23e+02)0(2.75e+02)
276:2(6.01e+01)1(5.97e+01)0(4.07e+01)3(2.63e+01)
277:1(3.33e+01)3(2.78e+01)2(2.65e+01)0(2.34e+01)
278:1(7.05e+01)2(4.74e+01)3(3.42e+01)0(2.67e+01)
279:0(2.12e+01)2(2.09e+01)3(1.78e+01)1(1.50e+01)
280:3(1.99e+01)0(1.85e+01)1(1.81e+01)2(1.50e+01)
281:0(4.41e+01)1(3.54e+01)2(3.26e+01)3(2.75e+01)
282:2(2.04e+02)0(1.70e+02)3(1.19e+02)1(1.03e+02)
283:2(9.74e+01)1(8.07e+01)0(7.88e+01)3(6.22e+01)
284:2(1.48e+02)1(1.27e+02)0(9.01e+01)3(8.28e+01)
285:1(3.37e+02)3(2.65e+02)0(2.34e+02)2(2.16e+02)
286:3(3.57e+02)2(2.52e+02)1(1.67e+02)0(1.41e+02)
287:2(2.96e+02)0(2.49e+02)1(2.41e+02)3(1.82e+02)
288:2(1.76e+02)1(1.52e+02)3(1.36e+02)0(1.27e+02)
289:2(1.26e+02)1(1.09e+02)3(9.06e+01)0(5.91e+01)
290:2(1.18e+02)0(1.09e+02)1(1.02e+02)3(7.03e+01)
291:2(5.02e+02)0(4.61e+02)3(4.38e+02)1(3.44e+02)
292:2(4.33e+02)1(3.58e+02)0(2.45e+02)3(1.68e+02)
293:3(4.25e+02)2(3.65e+02)0(3.64e+02)1(2.86e+02)
294:0(5.33e+02)2(3.30e+02)1(2.01e+02)3(1.27e+02)
295:0(3.95e+02)2(2.90e+02)1(2.59e+02)3(2.08e+02)
296:2(3.78e+02)3(2.62e+02)0(2.51e+02)1(1.72e+02)
297:2(5.82e+01)0(3.42e+01)1(3.03e+01)3(1.68e+01)
298:2(5.96e+01)1(5.02e+01)0(3.52e+01)3(2.67e+01)
299:3(3.73e+01)2(3.22e+01)1(2.56e+01)0(1.79e+01)
300:0(5.15e+02)3(4.04e+02)2(3.23e+02)1(2.88e+02)
301:0(5.07e+02)2(3.23e+02)1(2.94e+02)3(2.50e+02)
302:2(5.75e+02)1(3.60e+02)3(3.32e+02)0(2.34e+02)
303:1(7.44e+01)3(5.80e+01)0(4.05e+01)2(2.84e+01)
304:3(1.27e+02)1(7.70e+01)2(7.63e+01)0(5.87e+01)
305:2(2.10e+02)1(1.10e+02)0(1.03e+02)3(7.61e+01)
306:1(1.03e+02)2(8.56e+01)0(7.21e+01)3(6.45e+01)
307:2(5.98e+01)3(5.47e+01)1(5.19e+01)0(2.58e+01)
308:3(6.72e+01)2(6.67e+01)1(3.76e+01)0(3.01e+01)
309:2(5.11e+01)3(4.62e+01)1(4.21e+01)0(3.90e+01)
310:0(3.94e+01)1(3.49e+01)3(2.45e+01)2(2.21e+01)
311:1(5.04e+01)0(3.98e+01)2(3.94e+01)3(3.32e+01)
312:3(1.40e+02)1(8.91e+01)2(8.24e+01)0(5.34e+01)
313:1(9.04e+01)2(7.86e+01)0(6.15e+01)3(6.12e+01)
314:2(1.70e+02)1(9.20e+01)0(7.40e+01)3(7.01e+01)
315:1(4.71e+01)2(3.71e+01)3(2.68e+01)0(1.98e+01)
316:0(7.35e+01)2(6.40e+01)1(4.21e+01)3(3.06e+01)
317:2(6.33e+01)0(4.89e+01)1(4.68e+01)3(4.47e+01)
318:3(6.56e+01)1(5.18e+01)2(4.79e+01)0(4.27e+01)
319:1(4.32e+01)3(3.74e+01)2(3.13e+01)0(1.86e+01)
320:0(4.90e+01)2(3.61e+01)1(1.79e+01)3(1.30e+01)
321:0(6.43e+01)2(5.73e+01)1(5.68e+01)3(4.69e+01)
322:2(3.84e+01)3(3.25e+01)1(2.89e+01)0(2.10e+01)
323:2(4.28e+01)0(3.62e+01)1(1.89e+01)3(1.85e+01)
324:2(4.43e+01)1(3.65e+01)3(2.10e+01)0(1.70e+01)
325:2(3.99e+01)3(3.41e+01)1(3.39e+01)0(2.36e+01)
326:2(3.64e+01)0(3.14e+01)3(2.18e+01)1(1.99e+01)
327:1(3.38e+01)2(3.01e+01)3(2.44e+01)0(1.41e+01)
328:1(4.04e+01)3(3.66e+01)0(2.56e+01)2(2.40e+01)
329:0(1.28e+02)2(1.08e+02)3(5.07e+01)1(2.20e+01)
330:2(3.28e+02)0(2.76e+02)3(1.49e+02)1(6.96e+01)
331:0(2.27e+02)1(1.95e+02)2(1.57e+02)3(1.24e+02)
332:3(3.91e+02)2(3.36e+02)0(2.36e+02)1(2.21e+02)
333:2(9.44e+01)3(8.12e+01)0(7.86e+01)1(5.70e+01)
334:3(4.18e+01)2(3.71e+01)1(2.53e+01)0(2.23e+01)
335:0(5.91e+01)1(4.38e+01)3(4.30e+01)2(4.18e+01)
336:3(1.86e+02)1(1.85e+02)2(1.62e+02)0(9.91e+01)
337:1(1.73e+02)2(1.67e+02)0(1.02e+02)3(9.01e+01)
338:2(3.25e+02)0(3.14e+02)1(2.50e+02)3(1.65e+02)
339:0(1.67e+02)3(9.20e+01)2(8.96e+01)1(7.25e+01)
340:1(7.63e+01)0(7.48e+01)2(7.20e+01)3(4.86e+01)
341:2(1.27e+02)3(6.21e+01)0(5.53e+01)1(3.83e+01)
342:2(1.22e+02)1(1.13e+02)3(5.04e+01)0(2.98e+01)
343:0(4.42e+01)3(3.54e+01)2(3.49e+01)1(3.10e+01)
344:2(5.06e+01)3(4.62e+01)0(3.14e+01)1(2.62e+01)
345:2(7.08e+01)1(4.83e+01)0(4.64e+01)3(2.49e+01)
346:2(8.65e+01)0(6.97e+01)1(4.67e+01)3(2.78e+01)
347:3(3.91e+01)1(3.21e+01)0(2.70e+01)2(1.64e+01)
348:2(4.51e+02)1(3.53e+02)0(2.47e+02)3(2.36e+02)
349:1(5.46e+02)3(2.66e+02)2(2.10e+02)0(1.35e+02)
350:1(6.20e+02)2(4.85e+02)3(3.18e+02)0(2.41e+02)
351:1(1.56e+02)2(1.40e+02)3(7.68e+01)0(5.50e+01)
352:1(9.38e+01)2(7.84e+01)0(3.16e+01)3(2.78e+01)
353:1(1.24e+02)2(6.74e+01)0(5.65e+01)3(4.17e+01)
354:2(8.89e+01)0(6.18e+01)1(5.05e+01)3(3.45e+01)
355:0(5.86e+01)2(5.69e+01)3(2.99e+01)1(2.21e+01)
356:0(3.24e+01)1(2.87e+01)3(2.68e+01)2(2.27e+01)
357:2(9.12e+01)1(6.61e+01)3(4.07e+01)0(3.47e+01)
358:3(7.21e+01)2(5.42e+01)0(4.86e+01)1(3.69e+01)
359:0(1.56e+02)2(1.53e+02)1(8.47e+01)3(7.52e+01)
360:0(5.89e+01)2(4.99e+01)1(4.89e+01)3(2.79e+01)
361:0(4.00e+01)3(3.60e+01)2(3.21e+01)1(2.11e+01)
362:0(4.05e+01)2(3.42e+01)3(1.71e+01)1(1.51e+01)
363:1(1.20e+03)2(1.05e+03)0(6.21e+02)3(4.38e+02)
364:0(3.67e+02)2(3.35e+02)3(2.95e+02)1(2.14e+02)
365:2(5.05e+02)1(4.07e+02)0(3.38e+02)3(3.31e+02)
366:1(1.25e+02)2(1.13e+02)3(6.29e+01)0(3.85e+01)
367:3(2.62e+01)0(2.59e+01)2(2.22e+01)1(2.01e+01)
368:2(8.68e+01)3(3.82e+01)1(3.21e+01)0(2.64e+01)
369:2(2.13e+02)0(1.95e+02)3(7.37e+01)1(5.67e+01)
370:1(5.36e+01)3(4.03e+01)2(3.20e+01)0(3.05e+01)
371:1(6.91e+01)3(5.89e+01)2(4.76e+01)0(2.69e+01)
372:2(3.76e+03)0(3.59e+03)3(1.94e+03)1(1.65e+03)
373:2(8.15e+03)1(5.92e+03)0(5.48e+03)3(4.57e+03)
374:2(9.72e+03)1(9.47e+03)0(6.12e+03)3(5.80e+03)
375:1(2.06e+02)3(1.72e+02)0(1.57e+02)2(1.49e+02)
376:2(2.19e+02)0(2.08e+02)3(1.56e+02)1(1.41e+02)
377:2(2.59e+02)3(1.99e+02)0(1.98e+02)1(1.34e+02)
378:1(4.94e+01)2(4.45e+01)3(3.99e+01)0(3.59e+01)
379:0(4.86e+01)2(4.70e+01)1(4.61e+01)3(3.57e+01)
380:1(1.52e+02)2(1.40e+02)3(4.44e+01)0(3.74e+01)
381:1(2.61e+02)0(2.35e+02)2(2.30e+02)3(1.71e+02)
382:3(2.27e+02)0(1.72e+02)1(1.45e+02)2(1.39e+02)
383:1(2.00e+02)2(1.65e+02)0(1.42e+02)3(1.16e+02)
384:1(4.43e+01)2(3.86e+01)0(1.70e+01)3(1.51e+01)
385:2(3.01e+01)0(2.81e+01)1(2.71e+01)3(1.65e+01)
386:1(7.06e+01)0(4.39e+01)3(4.18e+01)2(3.92e+01)
387:0(1.38e+02)2(1.16e+02)3(8.64e+01)1(4.63e+01)
388:2(1.50e+02)1(1.28e+02)3(1.21e+02)0(1.04e+02)
389:2(1.96e+02)0(8.41e+01)3(8.01e+01)1(7.39e+01)
390:2(1.22e+02)0(9.19e+01)3(6.14e+01)1(5.78e+01)
391:2(1.57e+02)1(8.41e+01)3(4.46e+01)0(2.59e+01)
392:2(5.81e+01)0(4.52e+01)1(2.58e+01)3(1.62e+01)
393:2(7.21e+01)3(5.76e+01)1(5.72e+01)0(4.35e+01)
394:1(5.31e+01)2(4.95e+01)3(3.45e+01)0(2.35e+01)
395:1(1.80e+01)3(1.79e+01)2(1.40e+01)0(1.20e+01)
396:2(2.88e+02)1(2.58e+02)0(1.70e+02)3(1.60e+02)
397:1(2.51e+02)2(2.15e+02)3(1.77e+02)0(8.86e+01)
398:1(2.77e+02)0(1.74e+02)2(1.73e+02)3(1.22e+02)
399:2(1.48e+02)3(1.09e+02)1(8.71e+01)0(7.37e+01)
400:2(1.72e+02)0(1.38e+02)1(1.38e+02)3(1.33e+02)
401:2(1.22e+02)0(9.80e+01)3(9.38e+01)1(9.25e+01)
402:0(9.29e+01)3(7.28e+01)1(7.23e+01)2(5.19e+01)
403:2(1.07e+02)0(1.06e+02)1(6.96e+01)3(6.68e+01)
404:0(1.16e+02)2(7.23e+01)3(6.36e+01)1(3.79e+01)
405:3(1.72e+02)0(1.69e+02)2(1.32e+02)1(1.27e+02)
406:1(1.47e+02)0(9.51e+01)2(8.92e+01)3(7.29e+01)
407:2(1.38e+02)1(1.04e+02)0(8.59e+01)3(4.86e+01)
408:2(1.02e+02)0(7.59e+01)1(6.90e+01)3(6.40e+01)
409:2(4.65e+01)3(3.49e+01)1(3.39e+01)0(1.99e+01)
410:3(4.66e+01)2(4.61e+01)1(4.12e+01)0(3.08e+01)INFO: s3mixw_io.c(233): Wrote /home/sumu/aammango/model_parameters/aammango.cd_cont_initial/mixture_weights [411x1x8 array]
INFO: s3gau_io.c(228): Wrote /home/sumu/aammango/model_parameters/aammango.cd_cont_initial/means [411x1x8 array]
INFO: s3gau_io.c(228): Wrote /home/sumu/aammango/model_parameters/aammango.cd_cont_initial/variances [411x1x8 array]

Mon Nov  3 11:37:55 2014
