INFO: cmd_ln.c(696): Parsing command line:
/usr/local/libexec/sphinxtrain/inc_comp \
	-ninc 1 \
	-dcountfn /home/sumu/aammango/model_parameters/aammango.cd_cont_200/mixture_weights \
	-inmixwfn /home/sumu/aammango/model_parameters/aammango.cd_cont_200/mixture_weights \
	-outmixwfn /home/sumu/aammango/model_parameters/aammango.cd_cont_initial/mixture_weights \
	-inmeanfn /home/sumu/aammango/model_parameters/aammango.cd_cont_200/means \
	-outmeanfn /home/sumu/aammango/model_parameters/aammango.cd_cont_initial/means \
	-invarfn /home/sumu/aammango/model_parameters/aammango.cd_cont_200/variances \
	-outvarfn /home/sumu/aammango/model_parameters/aammango.cd_cont_initial/variances \
	-fullvar no 

Current configuration:
[NAME]		[DEFLT]	[VALUE]
-dcountfn		/home/sumu/aammango/model_parameters/aammango.cd_cont_200/mixture_weights
-example	no	no
-fullvar	no	no
-help		no	no
-inmeanfn		/home/sumu/aammango/model_parameters/aammango.cd_cont_200/means
-inmixwfn		/home/sumu/aammango/model_parameters/aammango.cd_cont_200/mixture_weights
-invarfn		/home/sumu/aammango/model_parameters/aammango.cd_cont_200/variances
-ninc		1	1
-outmeanfn		/home/sumu/aammango/model_parameters/aammango.cd_cont_initial/means
-outmixwfn		/home/sumu/aammango/model_parameters/aammango.cd_cont_initial/mixture_weights
-outvarfn		/home/sumu/aammango/model_parameters/aammango.cd_cont_initial/variances

INFO: main.c(86): Reading mixing weight file /home/sumu/aammango/model_parameters/aammango.cd_cont_200/mixture_weights.
INFO: s3mixw_io.c(117): Read /home/sumu/aammango/model_parameters/aammango.cd_cont_200/mixture_weights [411x1x1 array]
INFO: s3gau_io.c(169): Read /home/sumu/aammango/model_parameters/aammango.cd_cont_200/means [411x1x1 array]
INFO: s3gau_io.c(169): Read /home/sumu/aammango/model_parameters/aammango.cd_cont_200/variances [411x1x1 array]
INFO: s3gau_io.c(553): Read /home/sumu/aammango/model_parameters/aammango.cd_cont_200/mixture_weights [411x1x1 array]
INFO: main.c(151): output n_density == 2
0:0(2.33e+02)
1:0(2.21e+02)
2:0(1.47e+02)
3:0(1.96e+04)
4:0(8.68e+03)
5:0(7.10e+03)
6:0(3.38e+03)
7:0(2.22e+03)
8:0(3.46e+03)
9:0(8.33e+03)
10:0(5.97e+03)
11:0(5.83e+03)
12:0(1.15e+02)
13:0(8.22e+01)
14:0(5.64e+01)
15:0(1.90e+02)
16:0(1.96e+02)
17:0(2.16e+02)
18:0(1.69e+02)
19:0(1.25e+02)
20:0(6.99e+01)
21:0(5.12e+02)
22:0(4.10e+02)
23:0(2.54e+02)
24:0(1.71e+02)
25:0(1.22e+02)
26:0(1.12e+02)
27:0(3.09e+02)
28:0(1.29e+02)
29:0(1.75e+02)
30:0(3.06e+02)
31:0(2.09e+02)
32:0(2.08e+02)
33:0(7.90e+02)
34:0(5.52e+02)
35:0(1.17e+03)
36:0(4.10e+02)
37:0(6.08e+02)
38:0(1.67e+02)
39:0(2.74e+02)
40:0(2.36e+02)
41:0(1.64e+02)
42:0(1.12e+03)
43:0(6.29e+02)
44:0(8.18e+02)
45:0(1.05e+02)
46:0(1.37e+02)
47:0(1.08e+02)
48:0(7.09e+02)
49:0(1.36e+03)
50:0(8.56e+02)
51:0(2.09e+02)
52:0(2.70e+02)
53:0(2.07e+02)
54:0(8.53e+02)
55:0(9.15e+02)
56:0(4.19e+02)
57:0(2.38e+02)
58:0(9.25e+01)
59:0(1.24e+02)
60:0(7.94e+02)
61:0(9.38e+02)
62:0(6.20e+02)
63:0(5.49e+02)
64:0(4.76e+02)
65:0(3.76e+02)
66:0(3.60e+02)
67:0(3.08e+02)
68:0(4.15e+02)
69:0(3.77e+03)
70:0(2.76e+03)
71:0(1.71e+03)
72:0(1.86e+02)
73:0(8.95e+01)
74:0(1.79e+02)
75:0(7.64e+01)
76:0(7.85e+01)
77:0(1.42e+02)
78:0(6.23e+02)
79:0(3.20e+02)
80:0(4.91e+02)
81:0(1.20e+03)
82:0(1.36e+03)
83:0(9.72e+02)
84:0(6.26e+02)
85:0(3.45e+02)
86:0(4.81e+02)
87:0(1.92e+03)
88:0(1.03e+03)
89:0(1.35e+03)
90:0(1.11e+03)
91:0(1.09e+03)
92:0(1.07e+03)
93:0(1.38e+02)
94:0(1.74e+02)
95:0(1.24e+02)
96:0(1.05e+03)
97:0(1.43e+03)
98:0(1.36e+03)
99:0(1.67e+02)
100:0(3.72e+02)
101:0(3.27e+02)
102:0(3.33e+02)
103:0(1.29e+02)
104:0(1.87e+02)
105:0(1.86e+02)
106:0(9.36e+01)
107:0(2.12e+02)
108:0(4.84e+02)
109:0(2.39e+02)
110:0(3.82e+02)
111:0(1.27e+02)
112:0(1.49e+02)
113:0(2.81e+02)
114:0(1.90e+02)
115:0(1.41e+02)
116:0(1.04e+02)
117:0(2.42e+02)
118:0(1.34e+02)
119:0(1.18e+02)
120:0(1.15e+02)
121:0(1.14e+02)
122:0(9.23e+01)
123:0(9.72e+01)
124:0(1.24e+02)
125:0(3.33e+02)
126:0(1.04e+03)
127:0(6.77e+02)
128:0(1.26e+03)
129:0(3.07e+02)
130:0(9.59e+01)
131:0(1.94e+02)
132:0(8.32e+02)
133:0(5.84e+02)
134:0(1.16e+03)
135:0(2.97e+02)
136:0(3.54e+02)
137:0(2.06e+02)
138:0(2.75e+02)
139:0(1.76e+02)
140:0(1.29e+02)
141:0(1.70e+02)
142:0(2.66e+02)
143:0(1.17e+02)
144:0(1.71e+03)
145:0(1.25e+03)
146:0(1.24e+03)
147:0(3.80e+02)
148:0(1.50e+02)
149:0(1.82e+02)
150:0(2.62e+02)
151:0(1.60e+02)
152:0(1.39e+02)
153:0(1.92e+02)
154:0(2.22e+02)
155:0(2.77e+02)
156:0(1.94e+02)
157:0(1.40e+02)
158:0(7.77e+01)
159:0(3.33e+03)
160:0(1.15e+03)
161:0(1.72e+03)
162:0(3.47e+02)
163:0(1.01e+02)
164:0(1.84e+02)
165:0(4.10e+02)
166:0(1.20e+02)
167:0(2.03e+02)
168:0(1.40e+04)
169:0(2.41e+04)
170:0(3.44e+04)
171:0(8.79e+02)
172:0(1.05e+03)
173:0(6.74e+02)
174:0(1.51e+02)
175:0(1.72e+02)
176:0(2.20e+02)
177:0(9.62e+02)
178:0(6.08e+02)
179:0(6.07e+02)
180:0(1.11e+02)
181:0(1.06e+02)
182:0(1.52e+02)
183:0(4.18e+02)
184:0(5.00e+02)
185:0(4.13e+02)
186:0(3.34e+02)
187:0(2.28e+02)
188:0(1.16e+02)
189:0(2.36e+02)
190:0(1.43e+02)
191:0(8.15e+01)
192:0(1.06e+03)
193:0(6.51e+02)
194:0(5.22e+02)
195:0(4.72e+02)
196:0(6.85e+02)
197:0(5.00e+02)
198:0(2.35e+02)
199:0(3.53e+02)
200:0(2.86e+02)
201:0(6.91e+02)
202:0(3.15e+02)
203:0(2.94e+02)
204:0(3.01e+02)
205:0(1.09e+02)
206:0(1.23e+02)
207:0(2.33e+02)
208:0(2.21e+02)
209:0(1.47e+02)
210:0(3.38e+03)
211:0(2.22e+03)
212:0(3.46e+03)
213:0(8.33e+03)
214:0(5.97e+03)
215:0(5.83e+03)
216:0(1.15e+02)
217:0(8.22e+01)
218:0(5.64e+01)
219:0(1.90e+02)
220:0(1.96e+02)
221:0(2.16e+02)
222:0(1.69e+02)
223:0(1.25e+02)
224:0(6.99e+01)
225:0(5.12e+02)
226:0(4.10e+02)
227:0(2.54e+02)
228:0(1.71e+02)
229:0(1.22e+02)
230:0(1.12e+02)
231:0(3.09e+02)
232:0(1.29e+02)
233:0(1.75e+02)
234:0(3.06e+02)
235:0(2.09e+02)
236:0(2.08e+02)
237:0(7.90e+02)
238:0(5.52e+02)
239:0(1.17e+03)
240:0(4.10e+02)
241:0(6.08e+02)
242:0(1.67e+02)
243:0(2.74e+02)
244:0(2.36e+02)
245:0(1.64e+02)
246:0(1.12e+03)
247:0(6.29e+02)
248:0(8.18e+02)
249:0(1.05e+02)
250:0(1.37e+02)
251:0(1.08e+02)
252:0(7.09e+02)
253:0(1.36e+03)
254:0(8.56e+02)
255:0(2.09e+02)
256:0(2.70e+02)
257:0(2.07e+02)
258:0(8.53e+02)
259:0(9.15e+02)
260:0(4.19e+02)
261:0(2.38e+02)
262:0(9.25e+01)
263:0(1.24e+02)
264:0(7.94e+02)
265:0(9.38e+02)
266:0(6.20e+02)
267:0(5.49e+02)
268:0(4.76e+02)
269:0(3.76e+02)
270:0(3.60e+02)
271:0(3.08e+02)
272:0(4.15e+02)
273:0(3.77e+03)
274:0(2.76e+03)
275:0(1.71e+03)
276:0(1.86e+02)
277:0(8.95e+01)
278:0(1.79e+02)
279:0(7.64e+01)
280:0(7.85e+01)
281:0(1.42e+02)
282:0(6.23e+02)
283:0(3.20e+02)
284:0(4.91e+02)
285:0(1.20e+03)
286:0(1.36e+03)
287:0(9.72e+02)
288:0(6.26e+02)
289:0(3.45e+02)
290:0(4.81e+02)
291:0(1.92e+03)
292:0(1.03e+03)
293:0(1.35e+03)
294:0(1.11e+03)
295:0(1.09e+03)
296:0(1.07e+03)
297:0(1.38e+02)
298:0(1.74e+02)
299:0(1.24e+02)
300:0(1.05e+03)
301:0(1.43e+03)
302:0(1.36e+03)
303:0(1.67e+02)
304:0(3.72e+02)
305:0(3.27e+02)
306:0(3.33e+02)
307:0(1.29e+02)
308:0(1.87e+02)
309:0(1.86e+02)
310:0(9.36e+01)
311:0(2.12e+02)
312:0(4.84e+02)
313:0(2.39e+02)
314:0(3.82e+02)
315:0(1.27e+02)
316:0(1.49e+02)
317:0(2.81e+02)
318:0(1.90e+02)
319:0(1.41e+02)
320:0(1.04e+02)
321:0(2.42e+02)
322:0(1.34e+02)
323:0(1.18e+02)
324:0(1.15e+02)
325:0(1.14e+02)
326:0(9.23e+01)
327:0(9.72e+01)
328:0(1.24e+02)
329:0(3.33e+02)
330:0(1.04e+03)
331:0(6.77e+02)
332:0(1.26e+03)
333:0(3.07e+02)
334:0(9.59e+01)
335:0(1.94e+02)
336:0(8.32e+02)
337:0(5.84e+02)
338:0(1.16e+03)
339:0(2.97e+02)
340:0(3.54e+02)
341:0(2.06e+02)
342:0(2.75e+02)
343:0(1.76e+02)
344:0(1.29e+02)
345:0(1.70e+02)
346:0(2.66e+02)
347:0(1.17e+02)
348:0(1.71e+03)
349:0(1.25e+03)
350:0(1.24e+03)
351:0(3.80e+02)
352:0(1.50e+02)
353:0(1.82e+02)
354:0(2.62e+02)
355:0(1.60e+02)
356:0(1.39e+02)
357:0(1.92e+02)
358:0(2.22e+02)
359:0(2.77e+02)
360:0(1.94e+02)
361:0(1.40e+02)
362:0(7.77e+01)
363:0(3.33e+03)
364:0(1.15e+03)
365:0(1.72e+03)
366:0(3.47e+02)
367:0(1.01e+02)
368:0(1.84e+02)
369:0(4.10e+02)
370:0(1.20e+02)
371:0(2.03e+02)
372:0(1.40e+04)
373:0(2.41e+04)
374:0(3.44e+04)
375:0(8.79e+02)
376:0(1.05e+03)
377:0(6.74e+02)
378:0(1.51e+02)
379:0(1.72e+02)
380:0(2.20e+02)
381:0(9.62e+02)
382:0(6.08e+02)
383:0(6.07e+02)
384:0(1.11e+02)
385:0(1.06e+02)
386:0(1.52e+02)
387:0(4.18e+02)
388:0(5.00e+02)
389:0(4.13e+02)
390:0(3.34e+02)
391:0(2.28e+02)
392:0(1.16e+02)
393:0(2.36e+02)
394:0(1.43e+02)
395:0(8.15e+01)
396:0(1.06e+03)
397:0(6.51e+02)
398:0(5.22e+02)
399:0(4.72e+02)
400:0(6.85e+02)
401:0(5.00e+02)
402:0(2.35e+02)
403:0(3.53e+02)
404:0(2.86e+02)
405:0(6.91e+02)
406:0(3.15e+02)
407:0(2.94e+02)
408:0(3.01e+02)
409:0(1.09e+02)
410:0(1.23e+02)INFO: s3mixw_io.c(233): Wrote /home/sumu/aammango/model_parameters/aammango.cd_cont_initial/mixture_weights [411x1x2 array]
INFO: s3gau_io.c(228): Wrote /home/sumu/aammango/model_parameters/aammango.cd_cont_initial/means [411x1x2 array]
INFO: s3gau_io.c(228): Wrote /home/sumu/aammango/model_parameters/aammango.cd_cont_initial/variances [411x1x2 array]

Mon Nov  3 11:36:47 2014
